2024-03-05 14:27:36,032 [INFO] McuFinderGlobals:63 - Set McuFinder mode to 2 (CubeIDE integrated)
2024-03-05 14:27:36,377 [INFO] MainUpdater:2873 - connection check result : 10
2024-03-05 14:27:36,389 [INFO] MainUpdater:2873 - connection check result : 10
2024-03-05 14:27:36,874 [INFO] MicroXplorer:468 - Change Database Path : 
2024-03-05 14:27:36,875 [INFO] MicroXplorer:498 - Change Database Version : DB.6.0.100
2024-03-05 14:27:36,888 [WARN] ThirdParty:871 - waiting for thirdparty lock release [close project]
2024-03-05 14:27:36,888 [INFO] ThirdParty:873 - entering critical section [close project]
2024-03-05 14:27:36,936 [INFO] ThirdParty:883 - exiting critical section [close project]
2024-03-05 14:27:36,946 [INFO] PinOutPanel:1499 - setPackage(No Configuration,No Configuration)
2024-03-05 14:27:36,959 [INFO] UtilMem:75 - Begin LoadConfig() Used Memory: 657838728 Bytes (864026624)
2024-03-05 14:27:40,222 [INFO] MicroXplorer:468 - Change Database Path : 
2024-03-05 14:27:40,222 [INFO] MicroXplorer:498 - Change Database Version : DB.6.0.100
2024-03-05 14:27:40,223 [INFO] OpenFileManager:312 - Change cursor
2024-03-05 14:27:40,384 [INFO] Mcu:2016 - Initializing MCU STM32F746ZGTx STM32F746ZGTx STM32F746ZGT6
2024-03-05 14:27:43,588 [INFO] Context:659 - Trying to add GPIOservice into a context  which must be forbidden
2024-03-05 14:27:44,877 [INFO] RtosManager:555 - Registered RTOS mode: class=CMSIS, group=RTOS, mode=CMSIS_V1, owner=FREERTOS
2024-03-05 14:27:44,877 [INFO] RtosManager:555 - Registered RTOS mode: class=CMSIS, group=RTOS2, mode=CMSIS_V2, owner=FREERTOS
2024-03-05 14:27:44,878 [INFO] RtosManager:555 - Registered RTOS mode: class=RTOS, group=Core, mode=CMSIS_V1, owner=FREERTOS
2024-03-05 14:27:44,878 [INFO] RtosManager:555 - Registered RTOS mode: class=RTOS, group=Core, mode=CMSIS_V2, owner=FREERTOS
2024-03-05 14:27:44,878 [WARN] ModelIntegratedComponent:184 - Missing modes for component STMicroelectronics:FreeRTOS:0.0.1:STMicroelectronics:RTOS:FreeRTOS:Core:::10.2.0:
2024-03-05 14:27:44,895 [WARN] ModelIntegratedComponent:63 - No mode defined for component null
2024-03-05 14:27:44,895 [WARN] ModelIntegratedComponent:63 - No mode defined for component null
2024-03-05 14:27:44,895 [WARN] ModelIntegratedComponent:63 - No mode defined for component null
2024-03-05 14:27:44,895 [WARN] ModelIntegratedComponent:63 - No mode defined for component null
2024-03-05 14:27:44,895 [WARN] ModelIntegratedComponent:63 - No mode defined for component null
2024-03-05 14:27:44,895 [WARN] ModelIntegratedComponent:63 - No mode defined for component null
2024-03-05 14:27:44,895 [WARN] ModelIntegratedComponent:63 - No mode defined for component null
2024-03-05 14:27:44,895 [WARN] ModelIntegratedComponent:63 - No mode defined for component null
2024-03-05 14:27:44,895 [WARN] ModelIntegratedComponent:63 - No mode defined for component null
2024-03-05 14:27:44,896 [WARN] ModelIntegratedComponent:63 - No mode defined for component null
2024-03-05 14:27:44,896 [WARN] ModelIntegratedComponent:63 - No mode defined for component null
2024-03-05 14:27:44,896 [WARN] ModelIntegratedComponent:63 - No mode defined for component null
2024-03-05 14:27:44,896 [WARN] ModelIntegratedComponent:63 - No mode defined for component null
2024-03-05 14:27:44,896 [WARN] ModelIntegratedComponent:63 - No mode defined for component null
2024-03-05 14:27:44,896 [WARN] ModelIntegratedComponent:63 - No mode defined for component null
2024-03-05 14:27:44,896 [WARN] ModelIntegratedComponent:63 - No mode defined for component null
2024-03-05 14:27:44,896 [WARN] ModelIntegratedComponent:63 - No mode defined for component null
2024-03-05 14:27:44,896 [WARN] ModelIntegratedComponent:63 - No mode defined for component null
2024-03-05 14:27:44,896 [WARN] ModelIntegratedComponent:63 - No mode defined for component null
2024-03-05 14:27:44,896 [WARN] ModelIntegratedComponent:63 - No mode defined for component null
2024-03-05 14:27:44,897 [WARN] ModelIntegratedComponent:63 - No mode defined for component null
2024-03-05 14:27:44,897 [WARN] ModelIntegratedComponent:63 - No mode defined for component null
2024-03-05 14:27:44,897 [WARN] ModelIntegratedComponent:63 - No mode defined for component null
2024-03-05 14:27:44,897 [WARN] ModelIntegratedComponent:63 - No mode defined for component null
2024-03-05 14:27:44,897 [WARN] ModelIntegratedComponent:63 - No mode defined for component null
2024-03-05 14:27:44,897 [WARN] ModelIntegratedComponent:63 - No mode defined for component null
2024-03-05 14:27:44,897 [WARN] ModelIntegratedComponent:63 - No mode defined for component null
2024-03-05 14:27:44,897 [WARN] ModelIntegratedComponent:63 - No mode defined for component null
2024-03-05 14:27:44,897 [WARN] ModelIntegratedComponent:63 - No mode defined for component null
2024-03-05 14:27:44,898 [WARN] ModelIntegratedComponent:63 - No mode defined for component null
2024-03-05 14:27:44,898 [WARN] ModelIntegratedComponent:63 - No mode defined for component null
2024-03-05 14:27:44,898 [WARN] ModelIntegratedComponent:63 - No mode defined for component null
2024-03-05 14:27:44,898 [WARN] ModelIntegratedComponent:63 - No mode defined for component null
2024-03-05 14:27:45,058 [INFO] ThirdPartyModel:298 - Start build external matchings
2024-03-05 14:27:45,675 [INFO] ThirdPartyModel:316 - End build external matchings
2024-03-05 14:27:45,717 [INFO] ImportTextPane:194 - (OptionalMessage_ERROR) IP (DMA) : Parameter (Instance) has Id (USART2_RX) currently not set
2024-03-05 14:27:45,718 [INFO] ImportTextPane:194 - (OptionalMessage_ERROR) IP (DMA) : Parameter (Channel) has Id (USART2_RX) currently not set
2024-03-05 14:27:45,718 [INFO] ImportTextPane:194 - (OptionalMessage_ERROR) IP (DMA) : Parameter (Direction) has Id (USART2_RX) currently not set
2024-03-05 14:27:45,718 [INFO] ImportTextPane:194 - (OptionalMessage_ERROR) IP (DMA) : Parameter (PeriphInc) has Id (USART2_RX) currently not set
2024-03-05 14:27:45,718 [INFO] ImportTextPane:194 - (OptionalMessage_ERROR) IP (DMA) : Parameter (MemInc) has Id (USART2_RX) currently not set
2024-03-05 14:27:45,718 [INFO] ImportTextPane:194 - (OptionalMessage_ERROR) IP (DMA) : Parameter (PeriphDataAlignment) has Id (USART2_RX) currently not set
2024-03-05 14:27:45,719 [INFO] ImportTextPane:194 - (OptionalMessage_ERROR) IP (DMA) : Parameter (MemDataAlignment) has Id (USART2_RX) currently not set
2024-03-05 14:27:45,719 [INFO] ImportTextPane:194 - (OptionalMessage_ERROR) IP (DMA) : Parameter (Mode) has Id (USART2_RX) currently not set
2024-03-05 14:27:45,719 [INFO] ImportTextPane:194 - (OptionalMessage_ERROR) IP (DMA) : Parameter (Priority) has Id (USART2_RX) currently not set
2024-03-05 14:27:45,719 [INFO] ImportTextPane:194 - (OptionalMessage_ERROR) IP (DMA) : Parameter (FIFOMode) has Id (USART2_RX) currently not set
2024-03-05 14:27:45,719 [INFO] ImportTextPane:194 - (OptionalMessage_ERROR) IP (DMA) : Parameter (Instance) has Id (UART5_RX) currently not set
2024-03-05 14:27:45,719 [INFO] ImportTextPane:194 - (OptionalMessage_ERROR) IP (DMA) : Parameter (Channel) has Id (UART5_RX) currently not set
2024-03-05 14:27:45,719 [INFO] ImportTextPane:194 - (OptionalMessage_ERROR) IP (DMA) : Parameter (Direction) has Id (UART5_RX) currently not set
2024-03-05 14:27:45,720 [INFO] ImportTextPane:194 - (OptionalMessage_ERROR) IP (DMA) : Parameter (PeriphInc) has Id (UART5_RX) currently not set
2024-03-05 14:27:45,720 [INFO] ImportTextPane:194 - (OptionalMessage_ERROR) IP (DMA) : Parameter (MemInc) has Id (UART5_RX) currently not set
2024-03-05 14:27:45,720 [INFO] ImportTextPane:194 - (OptionalMessage_ERROR) IP (DMA) : Parameter (PeriphDataAlignment) has Id (UART5_RX) currently not set
2024-03-05 14:27:45,720 [INFO] ImportTextPane:194 - (OptionalMessage_ERROR) IP (DMA) : Parameter (MemDataAlignment) has Id (UART5_RX) currently not set
2024-03-05 14:27:45,720 [INFO] ImportTextPane:194 - (OptionalMessage_ERROR) IP (DMA) : Parameter (Mode) has Id (UART5_RX) currently not set
2024-03-05 14:27:45,720 [INFO] ImportTextPane:194 - (OptionalMessage_ERROR) IP (DMA) : Parameter (Priority) has Id (UART5_RX) currently not set
2024-03-05 14:27:45,720 [INFO] ImportTextPane:194 - (OptionalMessage_ERROR) IP (DMA) : Parameter (FIFOMode) has Id (UART5_RX) currently not set
2024-03-05 14:27:45,720 [INFO] ImportTextPane:194 - (OptionalMessage_ERROR) IP (DMA) : Parameter (Instance) has Id (SPI1_TX) currently not set
2024-03-05 14:27:45,720 [INFO] ImportTextPane:194 - (OptionalMessage_ERROR) IP (DMA) : Parameter (Channel) has Id (SPI1_TX) currently not set
2024-03-05 14:27:45,720 [INFO] ImportTextPane:194 - (OptionalMessage_ERROR) IP (DMA) : Parameter (Direction) has Id (SPI1_TX) currently not set
2024-03-05 14:27:45,720 [INFO] ImportTextPane:194 - (OptionalMessage_ERROR) IP (DMA) : Parameter (PeriphInc) has Id (SPI1_TX) currently not set
2024-03-05 14:27:45,720 [INFO] ImportTextPane:194 - (OptionalMessage_ERROR) IP (DMA) : Parameter (MemInc) has Id (SPI1_TX) currently not set
2024-03-05 14:27:45,720 [INFO] ImportTextPane:194 - (OptionalMessage_ERROR) IP (DMA) : Parameter (PeriphDataAlignment) has Id (SPI1_TX) currently not set
2024-03-05 14:27:45,721 [INFO] ImportTextPane:194 - (OptionalMessage_ERROR) IP (DMA) : Parameter (MemDataAlignment) has Id (SPI1_TX) currently not set
2024-03-05 14:27:45,721 [INFO] ImportTextPane:194 - (OptionalMessage_ERROR) IP (DMA) : Parameter (Mode) has Id (SPI1_TX) currently not set
2024-03-05 14:27:45,721 [INFO] ImportTextPane:194 - (OptionalMessage_ERROR) IP (DMA) : Parameter (Priority) has Id (SPI1_TX) currently not set
2024-03-05 14:27:45,721 [INFO] ImportTextPane:194 - (OptionalMessage_ERROR) IP (DMA) : Parameter (FIFOMode) has Id (SPI1_TX) currently not set
2024-03-05 14:27:45,721 [INFO] ImportTextPane:194 - (OptionalMessage_ERROR) IP (DMA) : Parameter (Instance) has Id (SPI2_TX) currently not set
2024-03-05 14:27:45,721 [INFO] ImportTextPane:194 - (OptionalMessage_ERROR) IP (DMA) : Parameter (Channel) has Id (SPI2_TX) currently not set
2024-03-05 14:27:45,721 [INFO] ImportTextPane:194 - (OptionalMessage_ERROR) IP (DMA) : Parameter (Direction) has Id (SPI2_TX) currently not set
2024-03-05 14:27:45,722 [INFO] ImportTextPane:194 - (OptionalMessage_ERROR) IP (DMA) : Parameter (PeriphInc) has Id (SPI2_TX) currently not set
2024-03-05 14:27:45,722 [INFO] ImportTextPane:194 - (OptionalMessage_ERROR) IP (DMA) : Parameter (MemInc) has Id (SPI2_TX) currently not set
2024-03-05 14:27:45,722 [INFO] ImportTextPane:194 - (OptionalMessage_ERROR) IP (DMA) : Parameter (PeriphDataAlignment) has Id (SPI2_TX) currently not set
2024-03-05 14:27:45,722 [INFO] ImportTextPane:194 - (OptionalMessage_ERROR) IP (DMA) : Parameter (MemDataAlignment) has Id (SPI2_TX) currently not set
2024-03-05 14:27:45,722 [INFO] ImportTextPane:194 - (OptionalMessage_ERROR) IP (DMA) : Parameter (Mode) has Id (SPI2_TX) currently not set
2024-03-05 14:27:45,722 [INFO] ImportTextPane:194 - (OptionalMessage_ERROR) IP (DMA) : Parameter (Priority) has Id (SPI2_TX) currently not set
2024-03-05 14:27:45,722 [INFO] ImportTextPane:194 - (OptionalMessage_ERROR) IP (DMA) : Parameter (FIFOMode) has Id (SPI2_TX) currently not set
2024-03-05 14:27:45,722 [INFO] ImportTextPane:194 - (OptionalMessage_ERROR) IP (DMA) : Parameter (Instance) has Id (I2C2_TX) currently not set
2024-03-05 14:27:45,722 [INFO] ImportTextPane:194 - (OptionalMessage_ERROR) IP (DMA) : Parameter (Channel) has Id (I2C2_TX) currently not set
2024-03-05 14:27:45,723 [INFO] ImportTextPane:194 - (OptionalMessage_ERROR) IP (DMA) : Parameter (Direction) has Id (I2C2_TX) currently not set
2024-03-05 14:27:45,723 [INFO] ImportTextPane:194 - (OptionalMessage_ERROR) IP (DMA) : Parameter (PeriphInc) has Id (I2C2_TX) currently not set
2024-03-05 14:27:45,723 [INFO] ImportTextPane:194 - (OptionalMessage_ERROR) IP (DMA) : Parameter (MemInc) has Id (I2C2_TX) currently not set
2024-03-05 14:27:45,723 [INFO] ImportTextPane:194 - (OptionalMessage_ERROR) IP (DMA) : Parameter (PeriphDataAlignment) has Id (I2C2_TX) currently not set
2024-03-05 14:27:45,723 [INFO] ImportTextPane:194 - (OptionalMessage_ERROR) IP (DMA) : Parameter (MemDataAlignment) has Id (I2C2_TX) currently not set
2024-03-05 14:27:45,723 [INFO] ImportTextPane:194 - (OptionalMessage_ERROR) IP (DMA) : Parameter (Mode) has Id (I2C2_TX) currently not set
2024-03-05 14:27:45,723 [INFO] ImportTextPane:194 - (OptionalMessage_ERROR) IP (DMA) : Parameter (Priority) has Id (I2C2_TX) currently not set
2024-03-05 14:27:45,723 [INFO] ImportTextPane:194 - (OptionalMessage_ERROR) IP (DMA) : Parameter (FIFOMode) has Id (I2C2_TX) currently not set
2024-03-05 14:27:45,724 [INFO] ImportTextPane:194 - (OptionalMessage_ERROR) IP (ETH) : Invalid parameter (PHY_Name)
2024-03-05 14:27:45,725 [INFO] ImportTextPane:194 - (OptionalMessage_ERROR) IP (ETH) : Invalid parameter (PHY_Value)
2024-03-05 14:27:45,725 [INFO] ImportTextPane:194 - (OptionalMessage_ERROR) IP (ETH) : Invalid parameter (PhyAddress)
2024-03-05 14:27:45,730 [WARN] IP:2119 - CMSIS_VERSION not found: check if there is a RefParameter without a condition.
2024-03-05 14:27:45,741 [WARN] IP:2119 - LWIP_NETIF_HOSTNAME not found: check if there is a RefParameter without a condition.
2024-03-05 14:27:45,792 [INFO] ImportTextPane:194 - (OptionalMessage_ERROR) IP (RCC) : Invalid parameter (48MHZClocksFreq_Value)
2024-03-05 14:27:45,792 [INFO] ImportTextPane:194 - (OptionalMessage_ERROR) IP (RCC) : Invalid parameter (ADC12outputFreq_Value)
2024-03-05 14:27:45,792 [INFO] ImportTextPane:194 - (OptionalMessage_ERROR) IP (RCC) : Invalid parameter (ADC34outputFreq_Value)
2024-03-05 14:27:45,793 [INFO] ImportTextPane:194 - (OptionalMessage_ERROR) IP (RCC) : Invalid parameter (FamilyName)
2024-03-05 14:27:45,793 [INFO] ImportTextPane:194 - (OptionalMessage_ERROR) IP (RCC) : Invalid parameter (I2SClocksFreq_Value)
2024-03-05 14:27:45,795 [INFO] ImportTextPane:194 - (OptionalMessage_ERROR) IP (RCC) : Parameter (LCDTFToutputFreq_Value) has invalid value (96000000)
2024-03-05 14:27:45,795 [INFO] ImportTextPane:194 - (OptionalMessage_ERROR) IP (RCC) : Invalid parameter (MCOFreq_Value)
2024-03-05 14:27:45,796 [INFO] ImportTextPane:194 - (OptionalMessage_ERROR) IP (RCC) : Invalid parameter (PLLMCOFreq_Value)
2024-03-05 14:27:45,797 [INFO] ImportTextPane:194 - (OptionalMessage_ERROR) IP (RCC) : Invalid parameter (PLLMUL)
2024-03-05 14:27:45,797 [INFO] ImportTextPane:194 - (OptionalMessage_ERROR) IP (RCC) : Invalid parameter (PRESCALERUSB)
2024-03-05 14:27:45,797 [INFO] ImportTextPane:194 - (OptionalMessage_ERROR) IP (RCC) : Invalid parameter (RTCHSEDivFreq_Value)
2024-03-05 14:27:45,797 [INFO] ImportTextPane:194 - (OptionalMessage_ERROR) IP (RCC) : Parameter (SDMMCFreq_Value) has invalid value (72000000)
2024-03-05 14:27:45,797 [INFO] ImportTextPane:194 - (OptionalMessage_ERROR) IP (RCC) : Invalid parameter (SYSCLKSourceVirtual)
2024-03-05 14:27:45,797 [INFO] ImportTextPane:194 - (OptionalMessage_ERROR) IP (RCC) : Invalid parameter (TIM15Freq_Value)
2024-03-05 14:27:45,797 [INFO] ImportTextPane:194 - (OptionalMessage_ERROR) IP (RCC) : Invalid parameter (TIM16Freq_Value)
2024-03-05 14:27:45,798 [INFO] ImportTextPane:194 - (OptionalMessage_ERROR) IP (RCC) : Invalid parameter (TIM17Freq_Value)
2024-03-05 14:27:45,798 [INFO] ImportTextPane:194 - (OptionalMessage_ERROR) IP (RCC) : Invalid parameter (TIM1Freq_Value)
2024-03-05 14:27:45,798 [INFO] ImportTextPane:194 - (OptionalMessage_ERROR) IP (RCC) : Invalid parameter (TIM20Freq_Value)
2024-03-05 14:27:45,798 [INFO] ImportTextPane:194 - (OptionalMessage_ERROR) IP (RCC) : Invalid parameter (TIM2Freq_Value)
2024-03-05 14:27:45,798 [INFO] ImportTextPane:194 - (OptionalMessage_ERROR) IP (RCC) : Invalid parameter (TIM3Freq_Value)
2024-03-05 14:27:45,798 [INFO] ImportTextPane:194 - (OptionalMessage_ERROR) IP (RCC) : Invalid parameter (TIM8Freq_Value)
2024-03-05 14:27:45,799 [INFO] ImportTextPane:194 - (OptionalMessage_ERROR) IP (RCC) : Invalid parameter (VCOOutput2Freq_Value)
2024-03-05 14:27:45,799 [INFO] ImportTextPane:194 - (OptionalMessage_ERROR) IP (RCC) : Invalid parameter (VcooutputI2S)
2024-03-05 14:27:46,716 [INFO] UtilMem:75 - End LoadConfig() Used Memory: 352776096 Bytes (864026624)
2024-03-05 14:27:47,618 [INFO] ApiDb:581 - Connected to CubeFinder SQLite database (C:\Users\yarde\.stmcufinder\plugins\mcufinder\mcu\cube-finder-db.db)
2024-03-05 14:27:47,765 [INFO] ApiDb:668 - CubeFinder database Data Model version=2.1
2024-03-05 14:27:47,765 [INFO] ApiDb:669 - CubeFinder database Configuration version=3.0.39
2024-03-05 14:27:47,769 [INFO] ApiDb:670 - CubeFinder database generation date=2024-01-11 (1704964531)
2024-03-05 14:27:47,770 [INFO] ApiDb:671 - CubeFinder database FW Pack versions=[FP-ATR-ASTRA1_V2.0.0, FP-SNS-FLIGHT1_V5.0.1, FP-SNS-FLIGHT1_V5.0.2, FP-SNS-MOTENV1_V4.3.1, FP-SNS-MOTENV1_V4.3.2, FP-SNS-MOTENVWB1_V1.3.1, FP-SNS-SMARTAG2_V1.2.0, STM32Cube_FW_C0_V1.1.0, STM32Cube_FW_F4_V1.28.0, STM32Cube_FW_F7_V1.17.0, STM32Cube_FW_G0_V1.6.2, STM32Cube_FW_G4_V1.5.2, STM32Cube_FW_H5_V0.5.1, STM32Cube_FW_H5_V1.1.1, STM32Cube_FW_H5_V1.2.0RC2, STM32Cube_FW_H7_V1.11.0, STM32Cube_FW_L0_V1.12.2, STM32Cube_FW_L5_V1.5.0, STM32Cube_FW_U5_V1.3.0RC4, STM32Cube_FW_U5_V1.4.0, STM32Cube_FW_WBA_V1.0.0RC1, STM32Cube_FW_WBA_V1.1.0RC1, STM32Cube_FW_WBA_V1.2.0, STM32Cube_FW_WBA_V1.2.0RC2, STM32Cube_FW_WB_V1.15.0RC1, STM32Cube_FW_WB_V1.16.0, STM32Cube_FW_WB_V1.16.0RC2, STM32Cube_FW_WB_V1.18.0, STM32Cube_FW_WL_V1.3.0, X-CUBE-ALGOBUILD_V1.3.0, X-CUBE-ALS_V1.0.1, X-CUBE-AZRTOS-F4_V1.1.0, X-CUBE-AZRTOS-F7_V1.1.0, X-CUBE-AZRTOS-G0_V1.1.0, X-CUBE-AZRTOS-G4_V2.0.0, X-CUBE-AZRTOS-H7_V3.2.0, X-CUBE-AZRTOS-L4_V1.0.0, X-CUBE-AZRTOS-L4_V2.0.0, X-CUBE-AZRTOS-L5_V1.1.0, X-CUBE-AZRTOS-WB_V2.0.0, X-CUBE-AZRTOS-WL_V2.0.0, X-CUBE-BLE1_V7.0.0, X-CUBE-BLE2_V3.3.0, X-CUBE-BLEMGR_V3.0.0, X-CUBE-EEPRMA1_V4.1.0, X-CUBE-EEPRMA1_V4.2.0, X-CUBE-FREERTOS_V1.1.0, X-CUBE-GNSS1_V6.0.0, X-CUBE-MEMS1_V10.0.0, X-CUBE-MEMS1_V9.1.0, X-CUBE-MEMS1_V9.4.0, X-CUBE-MEMS1_V9.6.0, X-CUBE-NFC4_V3.0.0, X-CUBE-NFC7_V1.0.1, X-CUBE-SFXS2LP1_V4.0.0, X-CUBE-SUBG2_V5.0.0, X-CUBE-TOF1_V3.4.0]
2024-03-05 14:27:50,606 [INFO] ApiDb:240 - Found 371 in-development CPN: [B-G473E-ZEST1S, B-WB1M-WPAN1, B-WL5M-SUBG1, NUCLEO-C031C6, NUCLEO-H503RB, NUCLEO-H563ZI, NUCLEO-U545RE-Q, NUCLEO-U5A5ZJ-Q, NUCLEO-WBA52CG, NUCLEO-WBA55CG, STEVAL-MKBOXPRO, STEVAL-PROTEUS1, STEVAL-STWINBX1, STM320518-EVAL, STM32C0116-DK, STM32C011D6Y3TR, STM32C011D6Y6TR, STM32C011F4P3, STM32C011F4P6, STM32C011F4U3, STM32C011F4U6TR, STM32C011F6P3, STM32C011F6P6, STM32C011F6U3, STM32C011F6U6TR, STM32C011J4M3, STM32C011J4M6, STM32C011J6M3, STM32C011J6M6, STM32C0316-DK, STM32C031C4T3, STM32C031C4T6, STM32C031C4U3, STM32C031C4U6, STM32C031C6T3, STM32C031C6T6, STM32C031C6U3, STM32C031C6U6, STM32C031F4P3, STM32C031F4P6, STM32C031F6P3, STM32C031F6P6, STM32C031G4U3, STM32C031G4U6, STM32C031G6U3, STM32C031G6U6, STM32C031K4T3, STM32C031K4T6, STM32C031K4U3, STM32C031K4U6, STM32C031K6T3, STM32C031K6T6, STM32C031K6U3, STM32C031K6U6, STM32G071K8TXN, STM32G071K8UXN, STM32G081GBU6N, STM32G081KBT6N, STM32G081KBUXN, STM32G0B1CCT6N, STM32G0B1KCT6, STM32G0B1NEY6TR, STM32G0B1RCT6N, STM32G0C1CCT6, STM32G0C1CCT6N, STM32G0C1CCU6N, STM32G0C1CET6N, STM32G0C1CEU6N, STM32G0C1KCT6, STM32G0C1NEY6TR, STM32G0C1RCI6N, STM32G0C1RCT6N, STM32G0C1REI6N, STM32G0C1RET6N, STM32G0C1VCI6, STM32G0C1VEI6, STM32G471CCT6, STM32G471CCU6, STM32G471CET3, STM32G471CET6, STM32G471CEU3, STM32G471CEU6, STM32G471MCT6, STM32G471MET3, STM32G471MET6, STM32G471MEY6TR, STM32G471QCT6, STM32G471QET3, STM32G471RCT6, STM32G471RET3, STM32G471RET6, STM32G471VCH6, STM32G471VCI6, STM32G471VCT6, STM32G471VEH3, STM32G471VEH6, STM32G471VEI3, STM32G471VEI6, STM32G471VET3, STM32G471VET6, STM32G474CCT6, STM32H503CBT6, STM32H503CBU6, STM32H503EBY6TR, STM32H503KBU6, STM32H503RBT6, STM32H562AGI6, STM32H562AII6, STM32H562IGK6, STM32H562IGT6, STM32H562IIK6, STM32H562IIT6, STM32H562RGT6, STM32H562RGV6, STM32H562RIT6, STM32H562RIV6, STM32H562VGT6, STM32H562VIT6, STM32H562ZGT6, STM32H562ZIT6, STM32H563AGI6, STM32H563AII3Q, STM32H563AII6, STM32H563IGK6, STM32H563IGT6, STM32H563IIK3Q, STM32H563IIK6, STM32H563IIT3Q, STM32H563IIT6, STM32H563MIY3QTR, STM32H563RGT6, STM32H563RGV6, STM32H563RIT6, STM32H563RIV6, STM32H563VGT6, STM32H563VIT3Q, STM32H563VIT6, STM32H563ZGT6, STM32H563ZIT3Q, STM32H563ZIT6, STM32H573AII3Q, STM32H573AII6, STM32H573I-DK, STM32H573IIK3Q, STM32H573IIK6, STM32H573IIT3Q, STM32H573IIT6, STM32H573MIY3QTR, STM32H573RIT6, STM32H573RIV6, STM32H573VIT3Q, STM32H573VIT6, STM32H573ZIT3Q, STM32H573ZIT6, STM32L4R5QGI6STR, STM32MP131AAE3, STM32MP131AAF3, STM32MP131AAG3, STM32MP131CAE3, STM32MP131CAF3, STM32MP131CAG3, STM32MP131DAE7, STM32MP131DAF7, STM32MP131DAG7, STM32MP131FAE7, STM32MP131FAF7, STM32MP131FAG7, STM32MP133AAE3, STM32MP133AAF3, STM32MP133AAG3, STM32MP133CAE3, STM32MP133CAF3, STM32MP133CAG3, STM32MP133DAE7, STM32MP133DAF7, STM32MP133DAG7, STM32MP133FAE7, STM32MP133FAF7, STM32MP133FAG7, STM32MP135AAE3, STM32MP135AAF3, STM32MP135AAG3, STM32MP135CAE3, STM32MP135CAF3, STM32MP135CAG3, STM32MP135DAE7, STM32MP135DAF7, STM32MP135DAG7, STM32MP135F-DK, STM32MP135FAE7, STM32MP135FAF7, STM32MP135FAF7T, STM32MP135FAF7U, STM32MP135FAG7, STM32U535CBT6, STM32U535CBT6Q, STM32U535CBU6, STM32U535CBU6Q, STM32U535CCT6, STM32U535CCT6Q, STM32U535CCU6, STM32U535CCU6Q, STM32U535CET6, STM32U535CET6Q, STM32U535CEU6, STM32U535CEU6Q, STM32U535JEY6QTR, STM32U535NCY6QTR, STM32U535NEY6QTR, STM32U535RBI6, STM32U535RBI6Q, STM32U535RBT6, STM32U535RBT6Q, STM32U535RCI6, STM32U535RCI6Q, STM32U535RCT6, STM32U535RCT6Q, STM32U535REI6, STM32U535REI6Q, STM32U535RET6, STM32U535RET6Q, STM32U535VCI6, STM32U535VCI6Q, STM32U535VCT6, STM32U535VCT6Q, STM32U535VEI6, STM32U535VEI6Q, STM32U535VET6, STM32U535VET6Q, STM32U545CET6, STM32U545CET6Q, STM32U545CEU6, STM32U545CEU6Q, STM32U545JEY6QTR, STM32U545NEY6QTR, STM32U545REI6, STM32U545REI6Q, STM32U545RET6, STM32U545RET6Q, STM32U545VEI6, STM32U545VEI6Q, STM32U545VET6, STM32U545VET6Q, STM32U595AIH6, STM32U595AIH6Q, STM32U595AJH6, STM32U595AJH6Q, STM32U595QII6, STM32U595QII6Q, STM32U595QJI6, STM32U595QJI6Q, STM32U595RIT6, STM32U595RIT6Q, STM32U595RJT6, STM32U595RJT6Q, STM32U595VIT6, STM32U595VIT6Q, STM32U595VJT6, STM32U595VJT6Q, STM32U595ZIT6, STM32U595ZIT6Q, STM32U595ZIY6QTR, STM32U595ZJT6, STM32U595ZJT6Q, STM32U595ZJY6QTR, STM32U599BJY6QTR, STM32U599NIH6Q, STM32U599NJH6Q, STM32U599VIT6Q, STM32U599VJT6, STM32U599VJT6Q, STM32U599ZIT6Q, STM32U599ZIY6QTR, STM32U599ZJT6Q, STM32U599ZJY6QTR, STM32U5A5AJH6, STM32U5A5AJH6Q, STM32U5A5QJI6, STM32U5A5QJI6Q, STM32U5A5RJT6, STM32U5A5RJT6Q, STM32U5A5VJT6, STM32U5A5VJT6Q, STM32U5A5ZJT6, STM32U5A5ZJT6Q, STM32U5A5ZJY6QTR, STM32U5A9BJY6QTR, STM32U5A9J-DK, STM32U5A9NJH6Q, STM32U5A9VJT6Q, STM32U5A9ZJT6Q, STM32U5A9ZJY6QTR, STM32U5F7VIT6, STM32U5F7VIT6Q, STM32U5F7VJT6, STM32U5F7VJT6Q, STM32U5F9BJY6QTR, STM32U5F9NJH6Q, STM32U5F9VIT6Q, STM32U5F9VJT6Q, STM32U5F9ZIJ6QTR, STM32U5F9ZIT6Q, STM32U5F9ZJJ6QTR, STM32U5F9ZJT6Q, STM32U5G7VJT6, STM32U5G7VJT6Q, STM32U5G9BJY6QTR, STM32U5G9J-DK1, STM32U5G9J-DK2, STM32U5G9NJH6Q, STM32U5G9VJT6Q, STM32U5G9ZJJ6QTR, STM32U5G9ZJT6Q, STM32WB1MMCH6, STM32WBA50KEU6, STM32WBA50KEU6TR, STM32WBA50KGU6, STM32WBA50KGU6TR, STM32WBA52CEU6, STM32WBA52CEU6TR, STM32WBA52CEU7, STM32WBA52CEU7TR, STM32WBA52CGU6, STM32WBA52CGU6TR, STM32WBA52CGU6U, STM32WBA52CGU7, STM32WBA52CGU7TR, STM32WBA52KEU6, STM32WBA52KEU6TR, STM32WBA52KGU6, STM32WBA52KGU6TR, STM32WBA54CEU6, STM32WBA54CEU6TR, STM32WBA54CEU7, STM32WBA54CEU7TR, STM32WBA54CGU6, STM32WBA54CGU6TR, STM32WBA54CGU7, STM32WBA54CGU7TR, STM32WBA54KEU6, STM32WBA54KEU6TR, STM32WBA54KEU7, STM32WBA54KEU7TR, STM32WBA54KGU6, STM32WBA54KGU6TR, STM32WBA54KGU7, STM32WBA54KGU7TR, STM32WBA55CEU6, STM32WBA55CEU6TR, STM32WBA55CEU7, STM32WBA55CEU7TR, STM32WBA55CGU6, STM32WBA55CGU6TR, STM32WBA55CGU6U, STM32WBA55CGU7, STM32WBA55CGU7TR, STM32WBA55G-DK1, STM32WBA55HEF6, STM32WBA55HEF7, STM32WBA55HGF6, STM32WBA55HGF7, STM32WBA55UEI6, STM32WBA55UEI6TR, STM32WBA55UEI7, STM32WBA55UEI7TR, STM32WBA55UGI6, STM32WBA55UGI6TR, STM32WBA55UGI7, STM32WBA55UGI7TR, STM32WL5MOCH6, STM32WL5MOCH6TR]
2024-03-05 14:27:50,609 [INFO] DbMcus:218 - Found 3930 MCUs, 3930 are supported
2024-03-05 14:27:50,610 [INFO] ApiDb:423 - Load user favorites file C:\Users\yarde/.stm32cubeide/favorites.mcus.txt: 0 item(s)
2024-03-05 14:27:50,610 [INFO] ApiDb:427 - User favorites MCUs=[]
2024-03-05 14:27:50,610 [INFO] DbMcus:224 - Set 0 / 0 favorites MCUs
2024-03-05 14:27:51,087 [INFO] MicroXplorer:468 - Change Database Path : 
2024-03-05 14:27:51,087 [INFO] MicroXplorer:498 - Change Database Version : DB.6.0.100
2024-03-05 14:27:51,088 [WARN] ThirdParty:833 - waiting for thirdparty lock release [change project]
2024-03-05 14:27:51,088 [INFO] ThirdParty:835 - entering critical section [change project]
2024-03-05 14:27:51,088 [INFO] ThirdParty:1030 - CMSIS Pack Vendor :STMicroelectronics X-CUBE-ISPU 1.1.0
2024-03-05 14:27:51,088 [INFO] ThirdParty:1030 - CMSIS Pack Vendor :STMicroelectronics USBPD 4.1
2024-03-05 14:27:51,088 [INFO] ThirdParty:1030 - CMSIS Pack Vendor :STMicroelectronics X-CUBE-GNSS1 6.0.0
2024-03-05 14:27:51,088 [INFO] ThirdParty:1030 - CMSIS Pack Vendor :STMicroelectronics USB_HOST 2.0.0
2024-03-05 14:27:51,088 [INFO] ThirdParty:1030 - CMSIS Pack Vendor :STMicroelectronics X-CUBE-AZRTOS-F4 1.1.0
2024-03-05 14:27:51,088 [INFO] ThirdParty:1030 - CMSIS Pack Vendor :STMicroelectronics LIBJPEG 8.0.0
2024-03-05 14:27:51,088 [INFO] ThirdParty:1030 - CMSIS Pack Vendor :wolfSSL I-CUBE-wolfSSL 5.6.3
2024-03-05 14:27:51,088 [INFO] ThirdParty:1030 - CMSIS Pack Vendor :STMicroelectronics X-CUBE-SMBUS 2.1.0
2024-03-05 14:27:51,088 [INFO] ThirdParty:1030 - CMSIS Pack Vendor :STMicroelectronics USB_DEVICE 3.0.0
2024-03-05 14:27:51,088 [INFO] ThirdParty:1030 - CMSIS Pack Vendor :STMicroelectronics X-CUBE-AZRTOS-WB 2.0.0
2024-03-05 14:27:51,089 [INFO] ThirdParty:1030 - CMSIS Pack Vendor :STMicroelectronics X-CUBE-TOUCHGFX 4.23.0
2024-03-05 14:27:51,089 [INFO] ThirdParty:1030 - CMSIS Pack Vendor :STMicroelectronics X-CUBE-AZRTOS-F7 1.1.0
2024-03-05 14:27:51,089 [INFO] ThirdParty:1030 - CMSIS Pack Vendor :STMicroelectronics X-CUBE-AZRTOS-L5 2.0.0
2024-03-05 14:27:51,089 [INFO] ThirdParty:1030 - CMSIS Pack Vendor :STMicroelectronics USB_DEVICE 2.0.0
2024-03-05 14:27:51,089 [INFO] ThirdParty:1030 - CMSIS Pack Vendor :STMicroelectronics X-CUBE-MEMS1 9.6.0
2024-03-05 14:27:51,089 [INFO] ThirdParty:1030 - CMSIS Pack Vendor :STMicroelectronics X-CUBE-EEPRMA1 4.2.0
2024-03-05 14:27:51,089 [INFO] ThirdParty:1030 - CMSIS Pack Vendor :ITTIA_DB I-CUBE-ITTIADB 8.8.0
2024-03-05 14:27:51,089 [INFO] ThirdParty:1030 - CMSIS Pack Vendor :STMicroelectronics FP-SNS-MOTENV1 4.3.2
2024-03-05 14:27:51,089 [INFO] ThirdParty:1030 - CMSIS Pack Vendor :STMicroelectronics X-CUBE-ALGOBUILD 1.3.0
2024-03-05 14:27:51,089 [INFO] ThirdParty:1030 - CMSIS Pack Vendor :STMicroelectronics FreeRTOS 0.0.1
2024-03-05 14:27:51,089 [INFO] ThirdParty:1030 - CMSIS Pack Vendor :STMicroelectronics X-CUBE-AZRTOS-G0 1.1.0
2024-03-05 14:27:51,089 [INFO] ThirdParty:1030 - CMSIS Pack Vendor :STMicroelectronics X-CUBE-BLEMGR 2.0.0
2024-03-05 14:27:51,089 [INFO] ThirdParty:1030 - CMSIS Pack Vendor :STMicroelectronics X-CUBE-NFC4 3.0.0
2024-03-05 14:27:51,089 [INFO] ThirdParty:1030 - CMSIS Pack Vendor :STMicroelectronics X-CUBE-SUBG2 5.0.0
2024-03-05 14:27:51,089 [INFO] ThirdParty:1030 - CMSIS Pack Vendor :STMicroelectronics STM32_WPAN 1.0.0
2024-03-05 14:27:51,089 [INFO] ThirdParty:1030 - CMSIS Pack Vendor :STMicroelectronics lwIP 2.0.3
2024-03-05 14:27:51,089 [INFO] ThirdParty:1030 - CMSIS Pack Vendor :STMicroelectronics FP-SNS-FLIGHT1 5.0.2
2024-03-05 14:27:51,089 [INFO] ThirdParty:1030 - CMSIS Pack Vendor :STMicroelectronics USB_HOST 1.0.0
2024-03-05 14:27:51,089 [INFO] ThirdParty:1030 - CMSIS Pack Vendor :STMicroelectronics X-CUBE-TOF1 3.3.1
2024-03-05 14:27:51,089 [INFO] ThirdParty:1030 - CMSIS Pack Vendor :STMicroelectronics X-CUBE-AZRTOS-G4 2.0.0
2024-03-05 14:27:51,089 [INFO] ThirdParty:1030 - CMSIS Pack Vendor :STMicroelectronics PDM2PCM 3.1.0
2024-03-05 14:27:51,089 [INFO] ThirdParty:1030 - CMSIS Pack Vendor :STMicroelectronics X-CUBE-AZRTOS-H7 3.1.0
2024-03-05 14:27:51,089 [INFO] ThirdParty:1030 - CMSIS Pack Vendor :Infineon AIROC-Wi-Fi-Bluetooth-STM32 1.5.1
2024-03-05 14:27:51,090 [INFO] ThirdParty:1030 - CMSIS Pack Vendor :STMicroelectronics X-CUBE-BLEMGR 3.0.0
2024-03-05 14:27:51,090 [INFO] ThirdParty:1030 - CMSIS Pack Vendor :STMicroelectronics PDM2PCM 3.3.0
2024-03-05 14:27:51,090 [INFO] ThirdParty:1030 - CMSIS Pack Vendor :STMicroelectronics X-CUBE-DISPLAY 3.0.0
2024-03-05 14:27:51,090 [INFO] ThirdParty:1030 - CMSIS Pack Vendor :STMicroelectronics FP-SNS-MOTENVWB1 1.3.0
2024-03-05 14:27:51,090 [INFO] ThirdParty:1030 - CMSIS Pack Vendor :STMicroelectronics FP-SNS-MOTENVWB1 1.3.1
2024-03-05 14:27:51,090 [INFO] ThirdParty:1030 - CMSIS Pack Vendor :STMicroelectronics X-CUBE-BLE1 7.0.0
2024-03-05 14:27:51,090 [INFO] ThirdParty:1030 - CMSIS Pack Vendor :STMicroelectronics FP-ATR-SIGFOX1 3.2.0
2024-03-05 14:27:51,090 [INFO] ThirdParty:1030 - CMSIS Pack Vendor :STMicroelectronics X-CUBE-ISPU 2.0.0
2024-03-05 14:27:51,090 [INFO] ThirdParty:1030 - CMSIS Pack Vendor :STMicroelectronics X-CUBE-EEPRMA1 5.1.0
2024-03-05 14:27:51,090 [INFO] ThirdParty:1030 - CMSIS Pack Vendor :STMicroelectronics HAL Drivers 0.0.0
2024-03-05 14:27:51,090 [INFO] ThirdParty:1030 - CMSIS Pack Vendor :STMicroelectronics MBEDTLS 2.16.2
2024-03-05 14:27:51,090 [INFO] ThirdParty:1030 - CMSIS Pack Vendor :emotas I-CUBE-CANOPEN 1.3.0
2024-03-05 14:27:51,090 [INFO] ThirdParty:1030 - CMSIS Pack Vendor :STMicroelectronics X-CUBE-MEMS1 10.0.0
2024-03-05 14:27:51,090 [INFO] ThirdParty:1030 - CMSIS Pack Vendor :STMicroelectronics X-CUBE-FREERTOS 1.1.0
2024-03-05 14:27:51,090 [INFO] ThirdParty:1030 - CMSIS Pack Vendor :STMicroelectronics X-CUBE-TOUCHGFX 4.22.0
2024-03-05 14:27:51,090 [INFO] ThirdParty:1030 - CMSIS Pack Vendor :STMicroelectronics X-CUBE-NFC7 1.0.1
2024-03-05 14:27:51,090 [INFO] ThirdParty:1030 - CMSIS Pack Vendor :STMicroelectronics MBEDTLS 2.14.1
2024-03-05 14:27:51,090 [INFO] ThirdParty:1030 - CMSIS Pack Vendor :STMicroelectronics X-CUBE-TOUCHGFX 4.22.1
2024-03-05 14:27:51,090 [INFO] ThirdParty:1030 - CMSIS Pack Vendor :STMicroelectronics X-CUBE-NFC6 3.0.0
2024-03-05 14:27:51,090 [INFO] ThirdParty:1030 - CMSIS Pack Vendor :STMicroelectronics X-CUBE-EEPRMA1 4.1.0
2024-03-05 14:27:51,090 [INFO] ThirdParty:1030 - CMSIS Pack Vendor :portGmbH I-Cube-SoM-uGOAL 1.1.0
2024-03-05 14:27:51,091 [INFO] ThirdParty:1030 - CMSIS Pack Vendor :STMicroelectronics X-CUBE-ALS 1.0.1
2024-03-05 14:27:51,091 [INFO] ThirdParty:1030 - CMSIS Pack Vendor :STMicroelectronics ThreadX 1.0.0
2024-03-05 14:27:51,091 [INFO] ThirdParty:1030 - CMSIS Pack Vendor :STMicroelectronics FP-SNS-SMARTAG2 1.2.0
2024-03-05 14:27:51,091 [INFO] ThirdParty:1030 - CMSIS Pack Vendor :STMicroelectronics X-CUBE-AZRTOS-WL 2.0.0
2024-03-05 14:27:51,091 [INFO] ThirdParty:1030 - CMSIS Pack Vendor :SEGGER I-CUBE-embOS 1.3.1
2024-03-05 14:27:51,091 [INFO] ThirdParty:1030 - CMSIS Pack Vendor :STMicroelectronics USB_DEVICE 1.0.0
2024-03-05 14:27:51,091 [INFO] ThirdParty:1030 - CMSIS Pack Vendor :STMicroelectronics X-CUBE-AI 8.1.0
2024-03-05 14:27:51,091 [INFO] ThirdParty:1030 - CMSIS Pack Vendor :STMicroelectronics X-CUBE-AZRTOS-L4 2.0.0
2024-03-05 14:27:51,091 [INFO] ThirdParty:1030 - CMSIS Pack Vendor :STMicroelectronics ThreadX 0.0.2
2024-03-05 14:27:51,091 [INFO] ThirdParty:1030 - CMSIS Pack Vendor :WES I-CUBE-Cesium 1.3.0
2024-03-05 14:27:51,091 [INFO] ThirdParty:1030 - CMSIS Pack Vendor :STMicroelectronics FP-ATR-ASTRA1 2.0.0
2024-03-05 14:27:51,091 [INFO] ThirdParty:1030 - CMSIS Pack Vendor :STMicroelectronics lwIP 2.1.2
2024-03-05 14:27:51,091 [INFO] ThirdParty:1030 - CMSIS Pack Vendor :STMicroelectronics X-CUBE-SFXS2LP1 4.0.0
2024-03-05 14:27:51,091 [INFO] ThirdParty:1030 - CMSIS Pack Vendor :STMicroelectronics X-CUBE-BLE2 3.3.0
2024-03-05 14:27:51,091 [INFO] ThirdParty:1030 - CMSIS Pack Vendor :STMicroelectronics X-CUBE-TOF1 3.4.0
2024-03-05 14:27:51,091 [INFO] ThirdParty:1030 - CMSIS Pack Vendor :STMicroelectronics X-CUBE-AZRTOS-H7 3.2.0
2024-03-05 14:27:51,091 [INFO] ThirdParty:1030 - CMSIS Pack Vendor :STMicroelectronics PDM2PCM 3.2.0
2024-03-05 14:27:51,091 [INFO] ThirdParty:841 - exiting critical section [change project]
2024-03-05 14:27:51,907 [INFO] PinOutPanel:1499 - setPackage(No Configuration,No Configuration)
2024-03-05 14:27:51,913 [INFO] PinOutPanel:1499 - setPackage(STM32F746ZGTx,LQFP144)
2024-03-05 14:27:53,472 [INFO] UtilMem:75 - Before build in PCC Used Memory: 509229656 Bytes (864026624)
2024-03-05 14:27:54,683 [INFO] UtilMem:75 - After build in PCC Used Memory: 630338136 Bytes (864026624)
2024-03-05 14:27:54,870 [INFO] ApiDbMcu:508 - Load IP Config File for LWIP
2024-03-05 14:27:54,932 [INFO] IPUIPlugin:80 - create IPUIPlugin
2024-03-05 14:27:54,933 [INFO] IPUIPlugin:80 - create IPUIPlugin
2024-03-05 14:27:54,933 [INFO] IPUIPlugin:80 - create IPUIPlugin
2024-03-05 14:27:54,933 [INFO] IPUIPlugin:80 - create IPUIPlugin
2024-03-05 14:27:54,933 [INFO] IPUIPlugin:80 - create IPUIPlugin
2024-03-05 14:27:54,934 [INFO] IPUIPlugin:80 - create IPUIPlugin
2024-03-05 14:27:54,934 [INFO] IPUIPlugin:80 - create IPUIPlugin
2024-03-05 14:27:54,935 [INFO] IPUIPlugin:80 - create IPUIPlugin
2024-03-05 14:27:54,935 [INFO] IPUIPlugin:80 - create IPUIPlugin
2024-03-05 14:27:54,935 [INFO] IPUIPlugin:80 - create IPUIPlugin
2024-03-05 14:27:54,935 [INFO] IPUIPlugin:80 - create IPUIPlugin
2024-03-05 14:27:54,936 [INFO] IPUIPlugin:80 - create IPUIPlugin
2024-03-05 14:27:54,936 [INFO] IPUIPlugin:80 - create IPUIPlugin
2024-03-05 14:27:54,937 [INFO] IPUIPlugin:80 - create IPUIPlugin
2024-03-05 14:27:54,937 [INFO] IPUIPlugin:80 - create IPUIPlugin
2024-03-05 14:27:54,938 [INFO] IPUIPlugin:80 - create IPUIPlugin
2024-03-05 14:27:54,938 [INFO] IPUIPlugin:80 - create IPUIPlugin
2024-03-05 14:27:54,939 [INFO] IPUIPlugin:80 - create IPUIPlugin
2024-03-05 14:27:54,939 [INFO] IPUIPlugin:80 - create IPUIPlugin
2024-03-05 14:27:54,939 [INFO] IPUIPlugin:80 - create IPUIPlugin
2024-03-05 14:27:54,939 [INFO] IPUIPlugin:80 - create IPUIPlugin
2024-03-05 14:27:54,939 [INFO] IPUIPlugin:80 - create IPUIPlugin
2024-03-05 14:27:54,940 [INFO] IPUIPlugin:80 - create IPUIPlugin
2024-03-05 14:27:54,940 [INFO] IPUIPlugin:80 - create IPUIPlugin
2024-03-05 14:27:54,940 [INFO] IPUIPlugin:80 - create IPUIPlugin
2024-03-05 14:27:54,941 [INFO] IPUIPlugin:80 - create IPUIPlugin
2024-03-05 14:27:54,941 [INFO] IPUIPlugin:80 - create IPUIPlugin
2024-03-05 14:27:54,941 [INFO] IPUIPlugin:80 - create IPUIPlugin
2024-03-05 14:27:54,942 [INFO] IPUIPlugin:80 - create IPUIPlugin
2024-03-05 14:27:54,942 [INFO] IPUIPlugin:80 - create IPUIPlugin
2024-03-05 14:27:54,942 [INFO] IPUIPlugin:80 - create IPUIPlugin
2024-03-05 14:27:54,943 [INFO] IPUIPlugin:80 - create IPUIPlugin
2024-03-05 14:27:54,943 [INFO] IPUIPlugin:80 - create IPUIPlugin
2024-03-05 14:27:54,944 [INFO] IPUIPlugin:80 - create IPUIPlugin
2024-03-05 14:27:54,945 [INFO] IPUIPlugin:80 - create IPUIPlugin
2024-03-05 14:27:54,945 [INFO] IPUIPlugin:80 - create IPUIPlugin
2024-03-05 14:27:54,945 [INFO] IPUIPlugin:80 - create IPUIPlugin
2024-03-05 14:27:54,945 [INFO] IPUIPlugin:80 - create IPUIPlugin
2024-03-05 14:27:54,946 [INFO] IPUIPlugin:80 - create IPUIPlugin
2024-03-05 14:27:54,946 [INFO] IPUIPlugin:80 - create IPUIPlugin
2024-03-05 14:27:54,946 [INFO] IPUIPlugin:80 - create IPUIPlugin
2024-03-05 14:27:54,947 [INFO] IPUIPlugin:80 - create IPUIPlugin
2024-03-05 14:27:54,947 [INFO] IPUIPlugin:80 - create IPUIPlugin
2024-03-05 14:27:54,947 [INFO] IPUIPlugin:80 - create IPUIPlugin
2024-03-05 14:27:54,947 [INFO] IPUIPlugin:80 - create IPUIPlugin
2024-03-05 14:27:54,948 [INFO] IPUIPlugin:80 - create IPUIPlugin
2024-03-05 14:27:54,948 [INFO] IPUIPlugin:80 - create IPUIPlugin
2024-03-05 14:27:54,948 [INFO] IPUIPlugin:80 - create IPUIPlugin
2024-03-05 14:27:54,948 [INFO] IPUIPlugin:80 - create IPUIPlugin
2024-03-05 14:27:54,949 [INFO] IPUIPlugin:80 - create IPUIPlugin
2024-03-05 14:27:54,949 [INFO] IPUIPlugin:80 - create IPUIPlugin
2024-03-05 14:27:54,949 [INFO] IPUIPlugin:80 - create IPUIPlugin
2024-03-05 14:27:54,949 [INFO] IPUIPlugin:80 - create IPUIPlugin
2024-03-05 14:27:54,950 [INFO] IPUIPlugin:80 - create IPUIPlugin
2024-03-05 14:27:54,950 [INFO] IPUIPlugin:80 - create IPUIPlugin
2024-03-05 14:27:54,950 [INFO] IPUIPlugin:80 - create IPUIPlugin
2024-03-05 14:27:54,950 [INFO] IPUIPlugin:80 - create IPUIPlugin
2024-03-05 14:27:54,951 [INFO] IPUIPlugin:80 - create IPUIPlugin
2024-03-05 14:27:54,952 [INFO] IPUIPlugin:80 - create IPUIPlugin
2024-03-05 14:27:54,953 [INFO] IPUIPlugin:80 - create IPUIPlugin
2024-03-05 14:27:54,953 [INFO] IPUIPlugin:80 - create IPUIPlugin
2024-03-05 14:27:54,955 [INFO] IPUIPlugin:80 - create IPUIPlugin
2024-03-05 14:27:54,955 [INFO] IPUIPlugin:80 - create IPUIPlugin
2024-03-05 14:27:54,956 [INFO] IPUIPlugin:80 - create IPUIPlugin
2024-03-05 14:27:54,956 [INFO] IPUIPlugin:80 - create IPUIPlugin
2024-03-05 14:27:54,956 [INFO] IPUIPlugin:80 - create IPUIPlugin
2024-03-05 14:27:54,957 [INFO] IPUIPlugin:80 - create IPUIPlugin
2024-03-05 14:27:54,957 [INFO] IPUIPlugin:80 - create IPUIPlugin
2024-03-05 14:27:54,957 [INFO] IPUIPlugin:80 - create IPUIPlugin
2024-03-05 14:27:54,958 [INFO] IPUIPlugin:80 - create IPUIPlugin
2024-03-05 14:27:54,959 [INFO] IPUIPlugin:80 - create IPUIPlugin
2024-03-05 14:27:54,959 [INFO] IPUIPlugin:80 - create IPUIPlugin
2024-03-05 14:27:54,960 [INFO] IPUIPlugin:80 - create IPUIPlugin
2024-03-05 14:27:54,961 [INFO] IPUIPlugin:80 - create IPUIPlugin
2024-03-05 14:27:54,997 [INFO] ApiDbMcu:508 - Load IP Config File for PDM2PCM
2024-03-05 14:27:55,399 [INFO] CADModel:165 - CPN selected for project levelSTM32F746ZGT6
2024-03-05 14:27:55,400 [INFO] CADModel:114 - Register for checkConnection events
2024-03-05 14:27:55,465 [INFO] OpenFileManager:343 - Restore cursor
2024-03-05 14:27:55,952 [WARN] IP:2119 - CMSIS_VERSION not found: check if there is a RefParameter without a condition.
2024-03-05 14:27:55,956 [WARN] IP:2119 - LWIP_NETIF_HOSTNAME not found: check if there is a RefParameter without a condition.
2024-03-05 14:27:55,995 [WARN] IP:2119 - CMSIS_VERSION not found: check if there is a RefParameter without a condition.
2024-03-05 14:27:55,999 [WARN] IP:2119 - LWIP_NETIF_HOSTNAME not found: check if there is a RefParameter without a condition.
2024-03-05 14:28:36,723 [INFO] I2cTimingTraitement:330 - 0x00808CD2
2024-03-05 14:28:36,746 [INFO] I2cTimingTraitement:330 - 0x00808CD2
2024-03-05 14:28:36,928 [WARN] IP:2119 - CMSIS_VERSION not found: check if there is a RefParameter without a condition.
2024-03-05 14:28:36,932 [WARN] IP:2119 - LWIP_NETIF_HOSTNAME not found: check if there is a RefParameter without a condition.
2024-03-05 14:28:36,972 [WARN] IP:2119 - CMSIS_VERSION not found: check if there is a RefParameter without a condition.
2024-03-05 14:28:36,976 [WARN] IP:2119 - LWIP_NETIF_HOSTNAME not found: check if there is a RefParameter without a condition.
2024-03-05 14:28:37,377 [WARN] IP:2119 - CMSIS_VERSION not found: check if there is a RefParameter without a condition.
2024-03-05 14:28:37,380 [WARN] IP:2119 - LWIP_NETIF_HOSTNAME not found: check if there is a RefParameter without a condition.
2024-03-05 14:28:37,416 [WARN] IP:2119 - CMSIS_VERSION not found: check if there is a RefParameter without a condition.
2024-03-05 14:28:37,421 [WARN] IP:2119 - LWIP_NETIF_HOSTNAME not found: check if there is a RefParameter without a condition.
2024-03-05 14:28:37,735 [WARN] IP:2119 - CMSIS_VERSION not found: check if there is a RefParameter without a condition.
2024-03-05 14:28:37,738 [WARN] IP:2119 - LWIP_NETIF_HOSTNAME not found: check if there is a RefParameter without a condition.
2024-03-05 14:28:37,770 [WARN] IP:2119 - CMSIS_VERSION not found: check if there is a RefParameter without a condition.
2024-03-05 14:28:37,773 [WARN] IP:2119 - LWIP_NETIF_HOSTNAME not found: check if there is a RefParameter without a condition.
2024-03-05 14:28:38,888 [INFO] I2cTimingTraitement:330 - 0x00808CD2
2024-03-05 14:28:38,907 [INFO] I2cTimingTraitement:330 - 0x00808CD2
2024-03-05 14:28:39,060 [WARN] IP:2119 - CMSIS_VERSION not found: check if there is a RefParameter without a condition.
2024-03-05 14:28:39,063 [WARN] IP:2119 - LWIP_NETIF_HOSTNAME not found: check if there is a RefParameter without a condition.
2024-03-05 14:28:39,091 [WARN] IP:2119 - CMSIS_VERSION not found: check if there is a RefParameter without a condition.
2024-03-05 14:28:39,094 [WARN] IP:2119 - LWIP_NETIF_HOSTNAME not found: check if there is a RefParameter without a condition.
2024-03-05 14:28:39,429 [WARN] IP:2119 - CMSIS_VERSION not found: check if there is a RefParameter without a condition.
2024-03-05 14:28:39,433 [WARN] IP:2119 - LWIP_NETIF_HOSTNAME not found: check if there is a RefParameter without a condition.
2024-03-05 14:28:39,479 [WARN] IP:2119 - CMSIS_VERSION not found: check if there is a RefParameter without a condition.
2024-03-05 14:28:39,497 [WARN] IP:2119 - LWIP_NETIF_HOSTNAME not found: check if there is a RefParameter without a condition.
2024-03-05 14:28:39,853 [WARN] IP:2119 - CMSIS_VERSION not found: check if there is a RefParameter without a condition.
2024-03-05 14:28:39,858 [WARN] IP:2119 - LWIP_NETIF_HOSTNAME not found: check if there is a RefParameter without a condition.
2024-03-05 14:28:39,890 [WARN] IP:2119 - CMSIS_VERSION not found: check if there is a RefParameter without a condition.
2024-03-05 14:28:39,893 [WARN] IP:2119 - LWIP_NETIF_HOSTNAME not found: check if there is a RefParameter without a condition.
2024-03-05 14:29:37,053 [INFO] NvicIntPanel:101 - NVIC parent = com.st.microxplorer.plugins.ip.nvic.MultiNvicIntPanel[,0,0,0x0,invalid,layout=javax.swing.BoxLayout,alignmentX=0.0,alignmentY=0.0,border=,flags=9,maximumSize=,minimumSize=,preferredSize=]
2024-03-05 14:30:01,957 [INFO] NvicIntPanel:101 - NVIC parent = com.st.microxplorer.plugins.ip.nvic.MultiNvicIntPanel[,0,0,450x181,layout=javax.swing.BoxLayout,alignmentX=0.0,alignmentY=0.0,border=,flags=9,maximumSize=,minimumSize=,preferredSize=]
2024-03-05 15:46:21,268 [INFO] NvicIntPanel:101 - NVIC parent = com.st.microxplorer.plugins.ip.nvic.MultiNvicIntPanel[,0,0,0x0,invalid,layout=javax.swing.BoxLayout,alignmentX=0.0,alignmentY=0.0,border=,flags=9,maximumSize=,minimumSize=,preferredSize=]
2024-03-05 16:00:02,323 [INFO] NvicIntPanel:101 - NVIC parent = com.st.microxplorer.plugins.ip.nvic.MultiNvicIntPanel[,0,0,0x0,invalid,layout=javax.swing.BoxLayout,alignmentX=0.0,alignmentY=0.0,border=,flags=9,maximumSize=,minimumSize=,preferredSize=]
2024-03-05 16:34:38,845 [INFO] UtilMem:75 - End SaveConfig() Used Memory: 401850536 Bytes (1073741824)
2024-03-05 16:34:44,115 [INFO] UtilMem:75 - End SaveConfig() Used Memory: 364244568 Bytes (1073741824)
2024-03-05 16:34:45,146 [INFO] BlockDiagram:2759 - set Specific Code input for plugin: SPI
2024-03-05 16:34:45,146 [INFO] BlockDiagram:2759 - set Specific Code input for plugin: SPI
2024-03-05 16:34:45,146 [INFO] BlockDiagram:2759 - set Specific Code input for plugin: TIM6_7F7
2024-03-05 16:34:45,146 [INFO] BlockDiagram:2759 - set Specific Code input for plugin: SYS
2024-03-05 16:34:45,146 [INFO] BlockDiagram:2759 - set Specific Code input for plugin: ADC
2024-03-05 16:34:45,146 [INFO] BlockDiagram:2759 - set Specific Code input for plugin: RCC
2024-03-05 16:34:45,146 [INFO] BlockDiagram:2759 - set Specific Code input for plugin: CRC
2024-03-05 16:34:45,146 [INFO] BlockDiagram:2759 - set Specific Code input for plugin: I2C
2024-03-05 16:34:45,146 [INFO] BlockDiagram:2759 - set Specific Code input for plugin: I2C
2024-03-05 16:34:45,146 [INFO] BlockDiagram:2759 - set Specific Code input for plugin: RTC
2024-03-05 16:34:45,146 [INFO] BlockDiagram:2759 - set Specific Code input for plugin: NVIC
2024-03-05 16:34:45,147 [INFO] BlockDiagram:2759 - set Specific Code input for plugin: LWIP
2024-03-05 16:34:45,147 [INFO] BlockDiagram:2759 - set Specific Code input for plugin: USART
2024-03-05 16:34:45,147 [INFO] BlockDiagram:2759 - set Specific Code input for plugin: USART
2024-03-05 16:34:45,147 [INFO] BlockDiagram:2759 - set Specific Code input for plugin: DMA
2024-03-05 16:34:45,147 [INFO] BlockDiagram:2759 - set Specific Code input for plugin: DAC
2024-03-05 16:34:45,147 [INFO] BlockDiagram:2759 - set Specific Code input for plugin: UART
2024-03-05 16:34:45,148 [INFO] BlockDiagram:2759 - set Specific Code input for plugin: GPIO
2024-03-05 16:34:45,148 [INFO] BlockDiagram:2759 - set Specific Code input for plugin: ETH
2024-03-05 16:34:45,154 [INFO] CodeGenerator:807 - code generatio: config db path: C:\ST\STM32CubeIDE_1.13.1\STM32CubeIDE\plugins\com.st.stm32cube.common.mx_6.10.0.202311202037\\db\
2024-03-05 16:34:45,260 [WARN] IP:2119 - CMSIS_VERSION not found: check if there is a RefParameter without a condition.
2024-03-05 16:34:45,265 [WARN] IP:2119 - LWIP_NETIF_HOSTNAME not found: check if there is a RefParameter without a condition.
2024-03-05 16:34:45,750 [INFO] CodeEngine:255 - oldGeneratedFile, C:\Users\yarde\STM32CubeIDE\workspace_1.13.1\ProjClient\MXTmpFiles\license.tmp_save
2024-03-05 16:34:46,683 [INFO] CodeEngine:279 - Generated code: C:\Users\yarde\STM32CubeIDE\workspace_1.13.1\ProjClient\MXTmpFiles\license.tmp
2024-03-05 16:34:46,849 [INFO] CodeEngine:255 - oldGeneratedFile, C:\Users\yarde\STM32CubeIDE\workspace_1.13.1\ProjClient\MXTmpFiles\gpio.tmp_save
2024-03-05 16:34:47,057 [INFO] CodeEngine:279 - Generated code: C:\Users\yarde\STM32CubeIDE\workspace_1.13.1\ProjClient\MXTmpFiles\gpio.tmp
2024-03-05 16:34:47,303 [INFO] CodeEngine:255 - oldGeneratedFile, C:\Users\yarde\STM32CubeIDE\workspace_1.13.1\ProjClient\MXTmpFiles\eth_vars.tmp_save
2024-03-05 16:34:47,423 [INFO] CodeEngine:279 - Generated code: C:\Users\yarde\STM32CubeIDE\workspace_1.13.1\ProjClient\MXTmpFiles\eth_vars.tmp
2024-03-05 16:34:47,439 [INFO] CodeEngine:255 - oldGeneratedFile, C:\Users\yarde\STM32CubeIDE\workspace_1.13.1\ProjClient\MXTmpFiles\eth_inc.tmp_save
2024-03-05 16:34:47,529 [INFO] CodeEngine:279 - Generated code: C:\Users\yarde\STM32CubeIDE\workspace_1.13.1\ProjClient\MXTmpFiles\eth_inc.tmp
2024-03-05 16:34:47,565 [INFO] CodeEngine:255 - oldGeneratedFile, C:\Users\yarde\STM32CubeIDE\workspace_1.13.1\ProjClient\MXTmpFiles\eth_HalInit.tmp_save
2024-03-05 16:34:47,747 [INFO] CodeEngine:279 - Generated code: C:\Users\yarde\STM32CubeIDE\workspace_1.13.1\ProjClient\MXTmpFiles\eth_HalInit.tmp
2024-03-05 16:34:47,772 [INFO] CodeEngine:255 - oldGeneratedFile, C:\Users\yarde\STM32CubeIDE\workspace_1.13.1\ProjClient\MXTmpFiles\eth_Msp.tmp_save
2024-03-05 16:34:47,917 [INFO] CodeEngine:279 - Generated code: C:\Users\yarde\STM32CubeIDE\workspace_1.13.1\ProjClient\MXTmpFiles\eth_Msp.tmp
2024-03-05 16:34:51,245 [INFO] Middleware:1439 - No code input for Bsp Dependency
2024-03-05 16:34:51,275 [INFO] CodeEngine:255 - oldGeneratedFile, C:\Users\yarde\STM32CubeIDE\workspace_1.13.1\ProjClient\MXTmpFiles\cortex.tmp_save
2024-03-05 16:34:51,385 [INFO] CodeEngine:279 - Generated code: C:\Users\yarde\STM32CubeIDE\workspace_1.13.1\ProjClient\MXTmpFiles\cortex.tmp
2024-03-05 16:34:51,566 [INFO] CodeEngine:255 - oldGeneratedFile, C:\Users\yarde\STM32CubeIDE\workspace_1.13.1\ProjClient\MXTmpFiles\dma.tmp_save
2024-03-05 16:34:51,670 [INFO] CodeEngine:279 - Generated code: C:\Users\yarde\STM32CubeIDE\workspace_1.13.1\ProjClient\MXTmpFiles\dma.tmp
2024-03-05 16:34:51,681 [INFO] CodeEngine:255 - oldGeneratedFile, C:\Users\yarde\STM32CubeIDE\workspace_1.13.1\ProjClient\MXTmpFiles\dma_GV.tmp_save
2024-03-05 16:34:51,747 [INFO] CodeEngine:279 - Generated code: C:\Users\yarde\STM32CubeIDE\workspace_1.13.1\ProjClient\MXTmpFiles\dma_GV.tmp
2024-03-05 16:34:51,765 [INFO] Middleware:1439 - No code input for Bsp Dependency
2024-03-05 16:34:51,816 [INFO] CodeEngine:255 - oldGeneratedFile, C:\Users\yarde\STM32CubeIDE\workspace_1.13.1\ProjClient\LWIP\App\lwip.c_save
2024-03-05 16:34:51,950 [INFO] CodeEngine:279 - Generated code: C:\Users\yarde\STM32CubeIDE\workspace_1.13.1\ProjClient\LWIP\App\lwip.c
2024-03-05 16:34:51,982 [INFO] CodeEngine:255 - oldGeneratedFile, C:\Users\yarde\STM32CubeIDE\workspace_1.13.1\ProjClient\LWIP\App\lwip.h_save
2024-03-05 16:34:52,077 [INFO] CodeEngine:279 - Generated code: C:\Users\yarde\STM32CubeIDE\workspace_1.13.1\ProjClient\LWIP\App\lwip.h
2024-03-05 16:34:52,101 [INFO] CodeEngine:255 - oldGeneratedFile, C:\Users\yarde\STM32CubeIDE\workspace_1.13.1\ProjClient\LWIP\Target\lwipopts.h_save
2024-03-05 16:34:52,466 [INFO] CodeEngine:279 - Generated code: C:\Users\yarde\STM32CubeIDE\workspace_1.13.1\ProjClient\LWIP\Target\lwipopts.h
2024-03-05 16:34:52,500 [INFO] CodeEngine:255 - oldGeneratedFile, C:\Users\yarde\STM32CubeIDE\workspace_1.13.1\ProjClient\LWIP\Target\ethernetif.c_save
2024-03-05 16:34:52,626 [INFO] CodeEngine:279 - Generated code: C:\Users\yarde\STM32CubeIDE\workspace_1.13.1\ProjClient\LWIP\Target\ethernetif.c
2024-03-05 16:34:52,652 [INFO] CodeEngine:255 - oldGeneratedFile, C:\Users\yarde\STM32CubeIDE\workspace_1.13.1\ProjClient\LWIP\Target\ethernetif.h_save
2024-03-05 16:34:52,745 [INFO] CodeEngine:279 - Generated code: C:\Users\yarde\STM32CubeIDE\workspace_1.13.1\ProjClient\LWIP\Target\ethernetif.h
2024-03-05 16:34:52,796 [INFO] CodeEngine:255 - oldGeneratedFile, C:\Users\yarde\STM32CubeIDE\workspace_1.13.1\ProjClient\Core\Src\stm32f7xx_it.c_save
2024-03-05 16:34:52,980 [INFO] CodeEngine:279 - Generated code: C:\Users\yarde\STM32CubeIDE\workspace_1.13.1\ProjClient\Core\Src\stm32f7xx_it.c
2024-03-05 16:34:53,010 [INFO] CodeEngine:255 - oldGeneratedFile, C:\Users\yarde\STM32CubeIDE\workspace_1.13.1\ProjClient\Core\Inc\stm32f7xx_it.h_save
2024-03-05 16:34:53,103 [INFO] CodeEngine:279 - Generated code: C:\Users\yarde\STM32CubeIDE\workspace_1.13.1\ProjClient\Core\Inc\stm32f7xx_it.h
2024-03-05 16:34:53,144 [INFO] CodeEngine:255 - oldGeneratedFile, C:\Users\yarde\STM32CubeIDE\workspace_1.13.1\ProjClient\Core\Src\stm32f7xx_hal_msp.c_save
2024-03-05 16:34:53,393 [INFO] CodeEngine:279 - Generated code: C:\Users\yarde\STM32CubeIDE\workspace_1.13.1\ProjClient\Core\Src\stm32f7xx_hal_msp.c
2024-03-05 16:34:53,420 [INFO] CodeEngine:255 - oldGeneratedFile, C:\Users\yarde\STM32CubeIDE\workspace_1.13.1\ProjClient\MXTmpFiles\system.tmp_save
2024-03-05 16:34:53,505 [INFO] CodeEngine:279 - Generated code: C:\Users\yarde\STM32CubeIDE\workspace_1.13.1\ProjClient\MXTmpFiles\system.tmp
2024-03-05 16:34:53,539 [INFO] CodeEngine:311 - oldGeneratedFile, C:\Users\yarde\STM32CubeIDE\workspace_1.13.1\ProjClient\Core\Inc\stm32f7xx_hal_conf.h_save
2024-03-05 16:34:53,630 [INFO] CodeEngine:335 - Generated code: C:\Users\yarde\STM32CubeIDE\workspace_1.13.1\ProjClient\Core\Inc\stm32f7xx_hal_conf.h
2024-03-05 16:34:53,725 [WARN] IPConfigManager:3440 - IP not found : TIM
2024-03-05 16:34:53,728 [WARN] CodeGenerator:3939 - IP not found : null
2024-03-05 16:34:53,756 [INFO] CodeEngine:255 - oldGeneratedFile, C:\Users\yarde\STM32CubeIDE\workspace_1.13.1\ProjClient\Core\Inc\main.h_save
2024-03-05 16:34:53,876 [INFO] CodeEngine:279 - Generated code: C:\Users\yarde\STM32CubeIDE\workspace_1.13.1\ProjClient\Core\Inc\main.h
2024-03-05 16:34:53,903 [INFO] CodeEngine:255 - oldGeneratedFile, C:\Users\yarde\STM32CubeIDE\workspace_1.13.1\ProjClient\Core\Src\main.c_save
2024-03-05 16:34:54,129 [INFO] CodeEngine:279 - Generated code: C:\Users\yarde\STM32CubeIDE\workspace_1.13.1\ProjClient\Core\Src\main.c
2024-03-05 16:34:56,418 [INFO] ProjectBuilder:3076 - Time for Copy HAL[1] : 1429mS.
2024-03-05 16:34:56,449 [INFO] ProjectBuilder:4485 - Project Generator version: 4.2.0-B44
2024-03-05 16:34:56,705 [INFO] ConfigFileManager:1495 - The Die is : DIE449
2024-03-05 16:34:56,719 [INFO] ApiDbMcu:508 - Load IP Config File for FATFS
2024-03-05 16:34:56,736 [INFO] ApiDbMcu:508 - Load IP Config File for FREERTOS
2024-03-05 16:34:56,752 [INFO] ApiDbMcu:508 - Load IP Config File for LIBJPEG
2024-03-05 16:34:56,781 [INFO] ApiDbMcu:508 - Load IP Config File for MBEDTLS
2024-03-05 16:34:56,810 [INFO] ApiDbMcu:508 - Load IP Config File for USB_DEVICE
2024-03-05 16:34:56,829 [INFO] ApiDbMcu:508 - Load IP Config File for USB_HOST
