2023-09-06 23:44:01,165 [INFO] Activator:176 - 


2023-09-06 23:44:01,173 [INFO] Activator:177 - !SESSION log4j initialized
2023-09-06 23:44:07,223 [INFO] LogOutputStream:77 - [STDOUT_REDIRECT] 
2023-09-06 23:44:08,464 [INFO] ApplicationProperties:184 - Using Application install path: C:\ST\STM32CubeIDE_1.13.1\STM32CubeIDE\plugins\com.st.stm32cube.common.mx_6.9.1.202307191849
2023-09-06 23:44:08,489 [INFO] DbMcusXml:78 - Set database path to: C:\ST\STM32CubeIDE_1.13.1\STM32CubeIDE\plugins\com.st.stm32cube.common.mx_6.9.1.202307191849\\db\/mcu/
2023-09-06 23:44:08,489 [INFO] ApiDb:274 - Set plugin database path to: C:\ST\STM32CubeIDE_1.13.1\STM32CubeIDE\plugins\com.st.stm32cube.common.mx_6.9.1.202307191849\\db\/plugins/boardmanager/
2023-09-06 23:44:08,490 [WARN] ApiDb:259 - Overriding images path with different value:  => C:\ST\STM32CubeIDE_1.13.1\STM32CubeIDE\plugins\com.st.stm32cube.common.mx_6.9.1.202307191849\\db\/plugins/mcufinder/images/
2023-09-06 23:44:08,511 [INFO] ApiDb:250 - Set database path to: C:\Users\yarde\.stmcufinder\plugins\mcufinder//mcu/
2023-09-06 23:44:08,513 [INFO] DbMcusAds:125 - Set database path to: C:\Users\yarde\.stmcufinder\plugins\mcufinder//mcu/
2023-09-06 23:44:08,516 [INFO] CrossReferenceDbSqlite:203 - Set database path to: C:\Users\yarde\.stmcufinder\plugins\mcufinder//mcu/cs/
2023-09-06 23:44:08,678 [INFO] RulesReader:64 - Compatibility file has been processed (293 Rules)
2023-09-06 23:44:08,870 [INFO] DbMcusXml:78 - Set database path to: C:\ST\STM32CubeIDE_1.13.1\STM32CubeIDE\plugins\com.st.stm32cube.common.mx_6.9.1.202307191849\\db\/mcu/
2023-09-06 23:44:08,871 [INFO] ApiDb:274 - Set plugin database path to: C:\ST\STM32CubeIDE_1.13.1\STM32CubeIDE\plugins\com.st.stm32cube.common.mx_6.9.1.202307191849\\db\/plugins/boardmanager/
2023-09-06 23:44:08,871 [INFO] ApiDb:261 - Set plugin images path to: C:\ST\STM32CubeIDE_1.13.1\STM32CubeIDE\plugins\com.st.stm32cube.common.mx_6.9.1.202307191849\\db\/plugins/mcufinder/images/
2023-09-06 23:44:08,871 [WARN] DbFile:41 - Overriding database path with different value: C:\Users\yarde\.stmcufinder\plugins\mcufinder/ => C:\Users\yarde\.stmcufinder\plugins\mcufinder
2023-09-06 23:44:08,872 [INFO] ApiDb:250 - Set database path to: C:\Users\yarde\.stmcufinder\plugins\mcufinder//mcu/
2023-09-06 23:44:08,872 [WARN] DbFile:41 - Overriding database path with different value: C:\Users\yarde\.stmcufinder\plugins\mcufinder/ => C:\Users\yarde\.stmcufinder\plugins\mcufinder
2023-09-06 23:44:08,872 [INFO] DbMcusAds:125 - Set database path to: C:\Users\yarde\.stmcufinder\plugins\mcufinder//mcu/
2023-09-06 23:44:08,872 [WARN] DbFile:41 - Overriding database path with different value: C:\Users\yarde\.stmcufinder\plugins\mcufinder/ => C:\Users\yarde\.stmcufinder\plugins\mcufinder
2023-09-06 23:44:08,872 [WARN] DbFile:41 - Overriding database path with different value: C:\Users\yarde\.stmcufinder\plugins\mcufinder/ => C:\Users\yarde\.stmcufinder\plugins\mcufinder
2023-09-06 23:44:08,872 [INFO] CrossReferenceDbSqlite:203 - Set database path to: C:\Users\yarde\.stmcufinder\plugins\mcufinder//mcu/cs/
2023-09-06 23:44:08,997 [INFO] MainPanel:262 - HeapMemory: 268435456
2023-09-06 23:44:09,134 [INFO] DbMcusXml:78 - Set database path to: C:\ST\STM32CubeIDE_1.13.1\STM32CubeIDE\plugins\com.st.stm32cube.common.mx_6.9.1.202307191849\\db\/mcu/
2023-09-06 23:44:09,134 [INFO] ApiDb:274 - Set plugin database path to: C:\ST\STM32CubeIDE_1.13.1\STM32CubeIDE\plugins\com.st.stm32cube.common.mx_6.9.1.202307191849\\db\/plugins/boardmanager/
2023-09-06 23:44:09,134 [INFO] ApiDb:261 - Set plugin images path to: C:\ST\STM32CubeIDE_1.13.1\STM32CubeIDE\plugins\com.st.stm32cube.common.mx_6.9.1.202307191849\\db\/plugins/mcufinder/images/
2023-09-06 23:44:09,135 [WARN] DbFile:41 - Overriding database path with different value: C:\Users\yarde\.stmcufinder\plugins\mcufinder/ => C:\Users\yarde\.stmcufinder\plugins\mcufinder
2023-09-06 23:44:09,135 [INFO] ApiDb:250 - Set database path to: C:\Users\yarde\.stmcufinder\plugins\mcufinder//mcu/
2023-09-06 23:44:09,135 [WARN] DbFile:41 - Overriding database path with different value: C:\Users\yarde\.stmcufinder\plugins\mcufinder/ => C:\Users\yarde\.stmcufinder\plugins\mcufinder
2023-09-06 23:44:09,135 [INFO] DbMcusAds:125 - Set database path to: C:\Users\yarde\.stmcufinder\plugins\mcufinder//mcu/
2023-09-06 23:44:09,135 [WARN] DbFile:41 - Overriding database path with different value: C:\Users\yarde\.stmcufinder\plugins\mcufinder/ => C:\Users\yarde\.stmcufinder\plugins\mcufinder
2023-09-06 23:44:09,135 [WARN] DbFile:41 - Overriding database path with different value: C:\Users\yarde\.stmcufinder\plugins\mcufinder/ => C:\Users\yarde\.stmcufinder\plugins\mcufinder
2023-09-06 23:44:09,136 [INFO] CrossReferenceDbSqlite:203 - Set database path to: C:\Users\yarde\.stmcufinder\plugins\mcufinder//mcu/cs/
2023-09-06 23:44:09,162 [INFO] ApplicationProperties:184 - Using Application install path: C:\ST\STM32CubeIDE_1.13.1\STM32CubeIDE\plugins\com.st.stm32cube.common.mx_6.9.1.202307191849
2023-09-06 23:44:09,164 [INFO] PluginManage:196 - Search for loadable plugins [exclusion list=, ]
2023-09-06 23:44:09,166 [INFO] PluginManage:310 - Check plugin analytics
2023-09-06 23:44:09,394 [INFO] AnalyticsPlugin:253 - Accepted Software Licenses: 
2023-09-06 23:44:09,395 [INFO] AnalyticsPlugin:255 - Accepted CMSIS Pack Licenses: 
2023-09-06 23:44:09,395 [INFO] AnalyticsPlugin:257 - Accepted Firmware Licenses: 
2023-09-06 23:44:09,400 [INFO] PluginManage:359 - Loaded plugin analytics (category:tool,tabindex:-1)
2023-09-06 23:44:09,401 [INFO] PluginManage:310 - Check plugin cadmodel
2023-09-06 23:44:09,411 [INFO] CADModel:105 - Init CAD model plugin
2023-09-06 23:44:09,412 [INFO] PluginManage:359 - Loaded plugin cadmodel (category:power,tabindex:5)
2023-09-06 23:44:09,412 [INFO] PluginManage:310 - Check plugin clock
2023-09-06 23:44:09,428 [INFO] PluginManage:359 - Loaded plugin clock (category:base,tabindex:2)
2023-09-06 23:44:09,428 [INFO] PluginManage:310 - Check plugin ddr
2023-09-06 23:44:09,431 [INFO] PluginManage:359 - Loaded plugin ddr (category:tool,tabindex:6)
2023-09-06 23:44:09,432 [INFO] PluginManage:310 - Check plugin filemanager
2023-09-06 23:44:09,629 [INFO] PluginManage:359 - Loaded plugin filemanager (category:base,tabindex:10)
2023-09-06 23:44:09,630 [INFO] PluginManage:310 - Check plugin ipmanager
2023-09-06 23:44:09,640 [INFO] PluginManage:359 - Loaded plugin ipmanager (category:base,tabindex:5)
2023-09-06 23:44:09,640 [INFO] PluginManage:310 - Check plugin lpbam
2023-09-06 23:44:09,654 [INFO] PluginManage:359 - Loaded plugin lpbam (category:base,tabindex:0)
2023-09-06 23:44:09,655 [INFO] PluginManage:310 - Check plugin memorymap
2023-09-06 23:44:09,678 [INFO] PluginManage:359 - Loaded plugin memorymap (category:base,tabindex:4)
2023-09-06 23:44:09,678 [INFO] PluginManage:310 - Check plugin pinoutandconfiguration
2023-09-06 23:44:09,691 [INFO] PluginManage:359 - Loaded plugin pinoutandconfiguration (category:base,tabindex:1)
2023-09-06 23:44:09,691 [INFO] PluginManage:310 - Check plugin pinoutconfig
2023-09-06 23:44:09,824 [WARN] SupportedApi:132 - Cannot load RTOS API schema: s4s-elt-must-match.1: The content of 'definitions' must match (annotation?, (simpleType | complexType)?, (unique | key | keyref)*)). A problem was found starting at: attribute.
2023-09-06 23:44:10,026 [INFO] PluginManage:359 - Loaded plugin pinoutconfig (category:base,tabindex:0)
2023-09-06 23:44:10,026 [INFO] PluginManage:310 - Check plugin power
2023-09-06 23:44:10,044 [INFO] PluginManage:359 - Loaded plugin power (category:power,tabindex:4)
2023-09-06 23:44:10,044 [INFO] PluginManage:310 - Check plugin projectmanager
2023-09-06 23:44:10,063 [INFO] PluginManage:359 - Loaded plugin projectmanager (category:projectmanager,tabindex:3)
2023-09-06 23:44:10,064 [INFO] PluginManage:310 - Check plugin thirdparty
2023-09-06 23:44:10,245 [INFO] PluginManage:359 - Loaded plugin thirdparty (category:base,tabindex:-1)
2023-09-06 23:44:10,245 [WARN] IntegrityCheckThread:84 - waiting for thirdparty lock release [integrity check]
2023-09-06 23:44:10,245 [INFO] PluginManage:310 - Check plugin tools
2023-09-06 23:44:10,245 [INFO] IntegrityCheckThread:86 - entering critical section [integrity check]
2023-09-06 23:44:10,246 [INFO] ThirdPartyUpdaterWithRetryManager:70 - Updater plugin not ready yet. [1/15]
2023-09-06 23:44:10,249 [INFO] PluginManage:359 - Loaded plugin tools (category:base,tabindex:7)
2023-09-06 23:44:10,249 [INFO] PluginManage:310 - Check plugin tutovideos
2023-09-06 23:44:10,479 [INFO] PluginManage:359 - Loaded plugin tutovideos (category:base,tabindex:-1)
2023-09-06 23:44:10,480 [INFO] PluginManage:310 - Check plugin updater
2023-09-06 23:44:10,494 [INFO] PluginManage:359 - Loaded plugin updater (category:base,tabindex:12)
2023-09-06 23:44:10,494 [INFO] PluginManage:310 - Check plugin userauth
2023-09-06 23:44:10,502 [INFO] UserAuth:113 - Init User Auth plugin
2023-09-06 23:44:10,502 [INFO] PluginManage:359 - Loaded plugin userauth (category:base,tabindex:14)
2023-09-06 23:44:10,502 [INFO] PluginManage:283 - PluginManage : Loaded plugins [17]
2023-09-06 23:44:10,760 [INFO] PinOutPanel:1499 - setPackage(No Configuration,No Configuration)
2023-09-06 23:44:10,870 [INFO] CADModel:165 - CPN selected for project level
2023-09-06 23:44:10,870 [INFO] CADModel:114 - Register for checkConnection events
2023-09-06 23:44:10,887 [INFO] IPUIPlugin:80 - create IPUIPlugin
2023-09-06 23:44:10,887 [INFO] PluginManager:220 - loadIPPluginJar : add adc
2023-09-06 23:44:10,889 [INFO] IPUIPlugin:80 - create IPUIPlugin
2023-09-06 23:44:10,890 [INFO] PluginManager:220 - loadIPPluginJar : add aes
2023-09-06 23:44:10,893 [INFO] IPUIPlugin:80 - create IPUIPlugin
2023-09-06 23:44:10,894 [INFO] PluginManager:220 - loadIPPluginJar : add can
2023-09-06 23:44:10,895 [INFO] IPUIPlugin:80 - create IPUIPlugin
2023-09-06 23:44:10,895 [INFO] PluginManager:220 - loadIPPluginJar : add comp
2023-09-06 23:44:10,897 [INFO] IPUIPlugin:80 - create IPUIPlugin
2023-09-06 23:44:10,897 [INFO] PluginManager:220 - loadIPPluginJar : add cryp
2023-09-06 23:44:10,900 [INFO] IPUIPlugin:80 - create IPUIPlugin
2023-09-06 23:44:10,900 [INFO] PluginManager:220 - loadIPPluginJar : add dfsdm
2023-09-06 23:44:10,905 [INFO] IPUIPlugin:80 - create IPUIPlugin
2023-09-06 23:44:10,906 [INFO] PluginManager:220 - loadIPPluginJar : add dma
2023-09-06 23:44:10,909 [INFO] IPUIPlugin:80 - create IPUIPlugin
2023-09-06 23:44:10,909 [INFO] PluginManager:220 - loadIPPluginJar : add dma3
2023-09-06 23:44:10,911 [INFO] IPUIPlugin:80 - create IPUIPlugin
2023-09-06 23:44:10,911 [INFO] PluginManager:220 - loadIPPluginJar : add fatfs
2023-09-06 23:44:10,915 [INFO] IPUIPlugin:80 - create IPUIPlugin
2023-09-06 23:44:10,915 [INFO] PluginManager:220 - loadIPPluginJar : add fmc
2023-09-06 23:44:10,922 [INFO] IPUIPlugin:80 - create IPUIPlugin
2023-09-06 23:44:10,922 [INFO] PluginManager:220 - loadIPPluginJar : add freertos
2023-09-06 23:44:10,924 [INFO] IPUIPlugin:80 - create IPUIPlugin
2023-09-06 23:44:10,924 [INFO] PluginManager:220 - loadIPPluginJar : add genericplugin
2023-09-06 23:44:10,927 [INFO] IPUIPlugin:80 - create IPUIPlugin
2023-09-06 23:44:10,927 [INFO] PluginManager:220 - loadIPPluginJar : add gfxmmu
2023-09-06 23:44:10,932 [INFO] IPUIPlugin:80 - create IPUIPlugin
2023-09-06 23:44:10,932 [INFO] PluginManager:220 - loadIPPluginJar : add gic
2023-09-06 23:44:10,943 [INFO] IPUIPlugin:80 - create IPUIPlugin
2023-09-06 23:44:10,943 [INFO] PluginManager:220 - loadIPPluginJar : add gpio
2023-09-06 23:44:10,949 [INFO] IPUIPlugin:80 - create IPUIPlugin
2023-09-06 23:44:10,950 [INFO] PluginManager:220 - loadIPPluginJar : add gtzc
2023-09-06 23:44:10,953 [INFO] IPUIPlugin:80 - create IPUIPlugin
2023-09-06 23:44:10,953 [INFO] PluginManager:220 - loadIPPluginJar : add hash
2023-09-06 23:44:10,957 [INFO] IPUIPlugin:80 - create IPUIPlugin
2023-09-06 23:44:10,957 [INFO] PluginManager:220 - loadIPPluginJar : add i2c
2023-09-06 23:44:10,961 [INFO] IPUIPlugin:80 - create IPUIPlugin
2023-09-06 23:44:10,961 [INFO] PluginManager:220 - loadIPPluginJar : add i2s
2023-09-06 23:44:10,964 [INFO] IPUIPlugin:80 - create IPUIPlugin
2023-09-06 23:44:10,964 [INFO] PluginManager:220 - loadIPPluginJar : add i3c
2023-09-06 23:44:10,968 [INFO] IPUIPlugin:80 - create IPUIPlugin
2023-09-06 23:44:10,968 [INFO] PluginManager:220 - loadIPPluginJar : add ipddr
2023-09-06 23:44:10,975 [INFO] IPUIPlugin:80 - create IPUIPlugin
2023-09-06 23:44:10,975 [INFO] PluginManager:220 - loadIPPluginJar : add linkedlist
2023-09-06 23:44:10,979 [INFO] IPUIPlugin:80 - create IPUIPlugin
2023-09-06 23:44:10,979 [INFO] PluginManager:220 - loadIPPluginJar : add lorawan
2023-09-06 23:44:10,981 [INFO] IPUIPlugin:80 - create IPUIPlugin
2023-09-06 23:44:10,981 [INFO] PluginManager:220 - loadIPPluginJar : add ltdc
2023-09-06 23:44:10,987 [INFO] IPUIPlugin:80 - create IPUIPlugin
2023-09-06 23:44:10,987 [INFO] PluginManager:220 - loadIPPluginJar : add mdma
2023-09-06 23:44:10,992 [INFO] IPUIPlugin:80 - create IPUIPlugin
2023-09-06 23:44:10,992 [INFO] PluginManager:220 - loadIPPluginJar : add nvic
2023-09-06 23:44:11,000 [INFO] IPUIPlugin:80 - create IPUIPlugin
2023-09-06 23:44:11,000 [INFO] PluginManager:220 - loadIPPluginJar : add opamp
2023-09-06 23:44:11,007 [INFO] IPUIPlugin:80 - create IPUIPlugin
2023-09-06 23:44:11,008 [INFO] PluginManager:220 - loadIPPluginJar : add openamp
2023-09-06 23:44:11,013 [INFO] IPUIPlugin:80 - create IPUIPlugin
2023-09-06 23:44:11,014 [INFO] PluginManager:220 - loadIPPluginJar : add pdm2pcm
2023-09-06 23:44:11,022 [INFO] IPUIPlugin:80 - create IPUIPlugin
2023-09-06 23:44:11,024 [INFO] PluginManager:220 - loadIPPluginJar : add plateformsettings
2023-09-06 23:44:11,027 [INFO] IPUIPlugin:80 - create IPUIPlugin
2023-09-06 23:44:11,027 [INFO] PluginManager:220 - loadIPPluginJar : add quadspi
2023-09-06 23:44:11,031 [INFO] IPUIPlugin:80 - create IPUIPlugin
2023-09-06 23:44:11,032 [INFO] PluginManager:220 - loadIPPluginJar : add resmgrutility
2023-09-06 23:44:11,035 [INFO] IPUIPlugin:80 - create IPUIPlugin
2023-09-06 23:44:11,035 [INFO] PluginManager:220 - loadIPPluginJar : add sai
2023-09-06 23:44:11,038 [INFO] IPUIPlugin:80 - create IPUIPlugin
2023-09-06 23:44:11,038 [INFO] PluginManager:220 - loadIPPluginJar : add spi
2023-09-06 23:44:11,044 [INFO] IPUIPlugin:80 - create IPUIPlugin
2023-09-06 23:44:11,044 [INFO] PluginManager:220 - loadIPPluginJar : add stm32_wpan
2023-09-06 23:44:11,046 [INFO] IPUIPlugin:80 - create IPUIPlugin
2023-09-06 23:44:11,046 [INFO] PluginManager:220 - loadIPPluginJar : add tim
2023-09-06 23:44:11,049 [INFO] IPUIPlugin:80 - create IPUIPlugin
2023-09-06 23:44:11,050 [INFO] PluginManager:220 - loadIPPluginJar : add touchsensing
2023-09-06 23:44:11,052 [INFO] IPUIPlugin:80 - create IPUIPlugin
2023-09-06 23:44:11,052 [INFO] PluginManager:220 - loadIPPluginJar : add tracer_emb
2023-09-06 23:44:11,055 [INFO] IPUIPlugin:80 - create IPUIPlugin
2023-09-06 23:44:11,055 [INFO] PluginManager:220 - loadIPPluginJar : add ts
2023-09-06 23:44:11,057 [INFO] IPUIPlugin:80 - create IPUIPlugin
2023-09-06 23:44:11,057 [INFO] PluginManager:220 - loadIPPluginJar : add tsc
2023-09-06 23:44:11,060 [INFO] IPUIPlugin:80 - create IPUIPlugin
2023-09-06 23:44:11,060 [INFO] PluginManager:220 - loadIPPluginJar : add ucpd
2023-09-06 23:44:11,063 [INFO] IPUIPlugin:80 - create IPUIPlugin
2023-09-06 23:44:11,063 [INFO] PluginManager:220 - loadIPPluginJar : add usart
2023-09-06 23:44:11,066 [INFO] IPUIPlugin:80 - create IPUIPlugin
2023-09-06 23:44:11,066 [INFO] PluginManager:220 - loadIPPluginJar : add usbx
2023-09-06 23:44:11,205 [INFO] CADModel:165 - CPN selected for project level
2023-09-06 23:44:11,205 [INFO] CADModel:114 - Register for checkConnection events
2023-09-06 23:44:11,206 [FATAL] Updater:308 - Updater called before beeing initialized
2023-09-06 23:44:11,206 [ERROR] CADModel:125 - Updater not yet initialized, retry later 
2023-09-06 23:44:11,405 [INFO] CADModel:165 - CPN selected for project level
2023-09-06 23:44:11,405 [INFO] CADModel:114 - Register for checkConnection events
2023-09-06 23:44:11,405 [FATAL] Updater:308 - Updater called before beeing initialized
2023-09-06 23:44:11,405 [ERROR] CADModel:125 - Updater not yet initialized, retry later 
2023-09-06 23:44:11,409 [FATAL] Updater:308 - Updater called before beeing initialized
2023-09-06 23:44:11,537 [FATAL] Updater:308 - Updater called before beeing initialized
2023-09-06 23:44:11,543 [INFO] DbMcusAds:53 - JSON generation date=Tue Mar 07 10:50:55 IST 2023 (1678179055114)
2023-09-06 23:44:11,543 [FATAL] Updater:308 - Updater called before beeing initialized
2023-09-06 23:44:11,593 [WARN] DetailPanel:346 - Failed to get advertising image, set to default
2023-09-06 23:44:11,693 [FATAL] Updater:308 - Updater called before beeing initialized
2023-09-06 23:44:11,696 [FATAL] Updater:308 - Updater called before beeing initialized
2023-09-06 23:44:11,696 [FATAL] Updater:308 - Updater called before beeing initialized
2023-09-06 23:44:11,696 [WARN] DetailPanel:346 - Failed to get advertising image, set to default
2023-09-06 23:44:11,697 [FATAL] Updater:308 - Updater called before beeing initialized
2023-09-06 23:44:11,755 [ERROR] Updater:1120 - MainUpdater not yet initialized. External WinMGr cannot be set.
2023-09-06 23:44:11,757 [INFO] Updater:1056 - Updater Version found : 6.9.1
2023-09-06 23:44:11,777 [INFO] ApplicationProperties:184 - Using Application install path: C:\ST\STM32CubeIDE_1.13.1\STM32CubeIDE\plugins\com.st.stm32cube.common.mx_6.9.1.202307191849
2023-09-06 23:44:11,900 [INFO] MainUpdater:2868 - connection check result : 10
2023-09-06 23:44:11,900 [INFO] MainUpdater:285 - Updater Check For Update Now.
2023-09-06 23:44:11,900 [INFO] MicroXplorer:498 - Change Database Version : DB.6.0.91
2023-09-06 23:44:11,910 [INFO] McuFinderGlobals:63 - Set McuFinder mode to 2 (CubeIDE integrated)
2023-09-06 23:44:11,910 [INFO] UserAuth:179 - activating auth plugin
2023-09-06 23:44:11,913 [INFO] UserAuth:393 - Internet connection configuration mode: 1
2023-09-06 23:44:11,941 [INFO] JxBrowserEngine:151 - Initiate JxBrowser Engine with user profile folder
2023-09-06 23:44:12,095 [INFO] CheckServerUpdateThread:120 - End of CheckServer Thread
2023-09-06 23:44:13,589 [WARN] PackLoader:240 - Cannot read IP mode file for STMicroelectronics.X-CUBE-SMBUS.2.1.0
2023-09-06 23:44:13,647 [WARN] PackLoader:240 - Cannot read IP mode file for STMicroelectronics.X-CUBE-AZRTOS-F7.1.1.0
2023-09-06 23:44:13,666 [WARN] PackLoader:240 - Cannot read IP mode file for STMicroelectronics.FP-SNS-MOTENV1.4.3.2
2023-09-06 23:44:13,679 [WARN] PackLoader:240 - Cannot read IP mode file for STMicroelectronics.FP-SNS-FLIGHT1.5.0.2
2023-09-06 23:44:13,693 [WARN] PackLoader:240 - Cannot read IP mode file for STMicroelectronics.X-CUBE-DISPLAY.3.0.0
2023-09-06 23:44:13,717 [WARN] PackLoader:240 - Cannot read IP mode file for STMicroelectronics.X-CUBE-BLE1.7.0.0
2023-09-06 23:44:13,730 [WARN] PackLoader:240 - Cannot read IP mode file for emotas.I-CUBE-CANOPEN.1.3.0
2023-09-06 23:44:13,740 [WARN] PackLoader:240 - Cannot read IP mode file for STMicroelectronics.X-CUBE-TOUCHGFX.4.22.0
2023-09-06 23:44:13,762 [INFO] LogOutputStream:77 - [STDOUT_REDIRECT] 1 : Invalid condition id : UX_CORESTACK_Condition cause : null
2023-09-06 23:44:13,763 [INFO] LogOutputStream:77 - [STDOUT_REDIRECT] 1 : Invalid condition id : UX_CORESTACK_Condition cause : null
2023-09-06 23:44:13,765 [INFO] LogOutputStream:77 - [STDOUT_REDIRECT] 1 : Invalid condition id : UX_CORESTACK_Condition cause : null
2023-09-06 23:44:13,768 [INFO] LogOutputStream:77 - [STDOUT_REDIRECT] 1 : Invalid condition id : UX_CORESTACK_Condition cause : null
2023-09-06 23:44:13,770 [INFO] LogOutputStream:77 - [STDOUT_REDIRECT] 1 : Invalid condition id : UX_CORESTACK_Condition cause : null
2023-09-06 23:44:13,777 [WARN] PackLoader:240 - Cannot read IP mode file for STMicroelectronics.X-CUBE-AZRTOS-WL.2.0.0
2023-09-06 23:44:13,794 [WARN] PackLoader:240 - Cannot read IP mode file for WES.I-CUBE-Cesium.1.3.0
2023-09-06 23:44:13,803 [WARN] PackLoader:240 - Cannot read IP mode file for STMicroelectronics.X-CUBE-BLE2.3.3.0
2023-09-06 23:44:13,814 [WARN] PackLoader:240 - Cannot read IP mode file for STMicroelectronics.X-CUBE-ALGOBUILD.1.3.0
2023-09-06 23:44:13,843 [WARN] PackLoader:240 - Cannot read IP mode file for STMicroelectronics.X-CUBE-AZRTOS-G0.1.1.0
2023-09-06 23:44:13,857 [WARN] PackLoader:240 - Cannot read IP mode file for STMicroelectronics.X-CUBE-NFC4.3.0.0
2023-09-06 23:44:13,867 [WARN] PackLoader:240 - Cannot read IP mode file for STMicroelectronics.FP-ATR-SIGFOX1.3.2.0
2023-09-06 23:44:13,920 [INFO] WebApp:157 - Instantiating new browser for Auth
2023-09-06 23:44:13,925 [WARN] PackLoader:240 - Cannot read IP mode file for SEGGER.I-CUBE-embOS.1.3.1
2023-09-06 23:44:14,017 [WARN] PackLoader:240 - Cannot read IP mode file for STMicroelectronics.X-CUBE-GNSS1.6.0.0
2023-09-06 23:44:14,045 [WARN] PackLoader:240 - Cannot read IP mode file for STMicroelectronics.X-CUBE-AZRTOS-F4.1.1.0
2023-09-06 23:44:14,057 [WARN] PackLoader:240 - Cannot read IP mode file for wolfSSL.I-CUBE-wolfSSL.5.6.3
2023-09-06 23:44:14,087 [WARN] PackLoader:240 - Cannot read IP mode file for STMicroelectronics.X-CUBE-AZRTOS-L5.2.0.0
2023-09-06 23:44:14,153 [WARN] PackLoader:240 - Cannot read IP mode file for STMicroelectronics.X-CUBE-MEMS1.9.6.0
2023-09-06 23:44:14,403 [WARN] PackLoader:240 - Cannot read IP mode file for STMicroelectronics.X-CUBE-BLEMGR.2.0.0
2023-09-06 23:44:14,432 [WARN] ConditionMgr:438 - getConditionDescription Invalid condition id : UX DEVICE CLASS RTOS Condition cause : null
2023-09-06 23:44:14,432 [WARN] ConditionMgr:438 - getConditionDescription Invalid condition id : UX DEVICE CLASS RTOS Condition cause : null
2023-09-06 23:44:14,436 [WARN] PackLoader:240 - Cannot read IP mode file for STMicroelectronics.X-CUBE-AZRTOS-H7.3.1.0
2023-09-06 23:44:14,438 [WARN] ConditionMgr:1039 - genDependencies : Invalid condition id : UX DEVICE CLASS RTOS Condition cause : null
2023-09-06 23:44:14,439 [WARN] ConditionMgr:1039 - genDependencies : Invalid condition id : UX DEVICE CLASS RTOS Condition cause : null
2023-09-06 23:44:14,440 [WARN] ConditionMgr:1039 - genDependencies : Invalid condition id : UX DEVICE CLASS RTOS Condition cause : null
2023-09-06 23:44:14,440 [WARN] ConditionMgr:1039 - genDependencies : Invalid condition id : UX DEVICE CLASS RTOS Condition cause : null
2023-09-06 23:44:14,440 [WARN] ConditionMgr:1039 - genDependencies : Invalid condition id : UX DEVICE CLASS RTOS Condition cause : null
2023-09-06 23:44:14,451 [WARN] PackLoader:240 - Cannot read IP mode file for STMicroelectronics.X-CUBE-NFC7.1.0.1
2023-09-06 23:44:14,496 [WARN] PackLoader:240 - Cannot read IP mode file for STMicroelectronics.X-CUBE-EEPRMA1.4.1.0
2023-09-06 23:44:14,508 [WARN] PackLoader:240 - Cannot read IP mode file for STMicroelectronics.X-CUBE-AI.8.1.0
2023-09-06 23:44:14,544 [WARN] ConditionMgr:438 - getConditionDescription Invalid condition id : LAN8742 Phy interface Condition cause : null
2023-09-06 23:44:14,545 [WARN] PackLoader:240 - Cannot read IP mode file for STMicroelectronics.X-CUBE-AZRTOS-L4.2.0.0
2023-09-06 23:44:14,548 [WARN] ConditionMgr:1039 - genDependencies : Invalid condition id : LAN8742 Phy interface Condition cause : null
2023-09-06 23:44:14,549 [WARN] ConditionMgr:1039 - genDependencies : Invalid condition id : LAN8742 Phy interface Condition cause : null
2023-09-06 23:44:14,551 [WARN] ConditionMgr:1039 - genDependencies : Invalid condition id : LAN8742 Phy interface Condition cause : null
2023-09-06 23:44:14,569 [WARN] PackLoader:240 - Cannot read IP mode file for STMicroelectronics.X-CUBE-SFXS2LP1.4.0.0
2023-09-06 23:44:14,585 [WARN] PackLoader:240 - Cannot read IP mode file for STMicroelectronics.X-CUBE-ISPU.1.1.0
2023-09-06 23:44:14,605 [WARN] ConditionMgr:438 - getConditionDescription Invalid condition id : UX DEVICE CLASS RTOS Condition cause : null
2023-09-06 23:44:14,605 [WARN] ConditionMgr:438 - getConditionDescription Invalid condition id : UX DEVICE CLASS RTOS Condition cause : null
2023-09-06 23:44:14,608 [WARN] PackLoader:240 - Cannot read IP mode file for STMicroelectronics.X-CUBE-AZRTOS-WB.2.0.0
2023-09-06 23:44:14,609 [WARN] ConditionMgr:1039 - genDependencies : Invalid condition id : UX DEVICE CLASS RTOS Condition cause : null
2023-09-06 23:44:14,609 [WARN] ConditionMgr:1039 - genDependencies : Invalid condition id : UX DEVICE CLASS RTOS Condition cause : null
2023-09-06 23:44:14,610 [WARN] ConditionMgr:1039 - genDependencies : Invalid condition id : UX DEVICE CLASS RTOS Condition cause : null
2023-09-06 23:44:14,611 [WARN] ConditionMgr:1039 - genDependencies : Invalid condition id : UX DEVICE CLASS RTOS Condition cause : null
2023-09-06 23:44:14,611 [WARN] ConditionMgr:1039 - genDependencies : Invalid condition id : UX DEVICE CLASS RTOS Condition cause : null
2023-09-06 23:44:14,627 [WARN] PackLoader:240 - Cannot read IP mode file for STMicroelectronics.X-CUBE-SUBG2.5.0.0
2023-09-06 23:44:15,088 [WARN] PackLoader:240 - Cannot read IP mode file for STMicroelectronics.X-CUBE-TOF1.3.3.1
2023-09-06 23:44:15,127 [WARN] PackLoader:240 - Cannot read IP mode file for STMicroelectronics.X-CUBE-AZRTOS-G4.2.0.0
2023-09-06 23:44:15,139 [WARN] PackLoader:240 - Cannot read IP mode file for STMicroelectronics.X-CUBE-FREERTOS.1.1.0
2023-09-06 23:44:15,149 [WARN] PackLoader:240 - Cannot read IP mode file for portGmbH.I-Cube-SoM-uGOAL.1.1.0
2023-09-06 23:44:15,157 [WARN] PackLoader:240 - Cannot read IP mode file for STMicroelectronics.X-CUBE-ALS.1.0.1
2023-09-06 23:44:15,165 [WARN] PackLoader:240 - Cannot read IP mode file for STMicroelectronics.FP-ATR-ASTRA1.2.0.0
2023-09-06 23:44:15,166 [INFO] ThirdParty:978 - Integrity check success = true
2023-09-06 23:44:15,167 [INFO] IntegrityCheckThread:100 - exiting critical section [integrity check]
2023-09-06 23:44:15,167 [INFO] IntegrityCheckThread:103 - End integrity checks thread
2023-09-06 23:44:15,331 [INFO] WebApp:753 - Register for checkConnection events
2023-09-06 23:44:15,331 [INFO] WebApp:390 - Apply proxy settings
2023-09-06 23:44:15,332 [INFO] WebApp:475 - Chromium requires no authentication
2023-09-06 23:44:15,349 [INFO] WebApp:418 - Direct internet connection detected
2023-09-06 23:44:15,688 [INFO] WebApp:188 - Starting web application
2023-09-06 23:44:15,688 [INFO] WebApp:520 - Web application path used C:\ST\STM32CubeIDE_1.13.1\STM32CubeIDE\plugins\com.st.stm32cube.common.mx_6.9.1.202307191849\db\plugins\mcufinder\reactClient1\index.html
2023-09-06 23:44:36,484 [ERROR] LogOutputStream:75 - [STDERR_REDIRECT] SLF4J: Failed to load class "org.slf4j.impl.StaticLoggerBinder".
2023-09-06 23:44:36,485 [ERROR] LogOutputStream:75 - [STDERR_REDIRECT] SLF4J: Defaulting to no-operation (NOP) logger implementation
2023-09-06 23:44:36,487 [ERROR] LogOutputStream:75 - [STDERR_REDIRECT] SLF4J: See http://www.slf4j.org/codes.html#StaticLoggerBinder for further details.
