2024-01-14 19:58:35,529 [INFO] Activator:176 - 


2024-01-14 19:58:35,541 [INFO] Activator:177 - !SESSION log4j initialized
2024-01-14 19:58:47,939 [INFO] LogOutputStream:77 - [STDOUT_REDIRECT] 
2024-01-14 19:59:04,556 [INFO] ApplicationProperties:184 - Using Application install path: C:\ST\STM32CubeIDE_1.13.1\STM32CubeIDE\plugins\com.st.stm32cube.common.mx_6.9.1.202307191849
2024-01-14 19:59:04,580 [INFO] DbMcusXml:78 - Set database path to: C:\ST\STM32CubeIDE_1.13.1\STM32CubeIDE\plugins\com.st.stm32cube.common.mx_6.9.1.202307191849\\db\/mcu/
2024-01-14 19:59:04,581 [INFO] ApiDb:274 - Set plugin database path to: C:\ST\STM32CubeIDE_1.13.1\STM32CubeIDE\plugins\com.st.stm32cube.common.mx_6.9.1.202307191849\\db\/plugins/boardmanager/
2024-01-14 19:59:04,583 [WARN] ApiDb:259 - Overriding images path with different value:  => C:\ST\STM32CubeIDE_1.13.1\STM32CubeIDE\plugins\com.st.stm32cube.common.mx_6.9.1.202307191849\\db\/plugins/mcufinder/images/
2024-01-14 19:59:04,604 [INFO] ApiDb:250 - Set database path to: C:\Users\yarde\.stmcufinder\plugins\mcufinder//mcu/
2024-01-14 19:59:04,605 [INFO] DbMcusAds:125 - Set database path to: C:\Users\yarde\.stmcufinder\plugins\mcufinder//mcu/
2024-01-14 19:59:04,619 [INFO] CrossReferenceDbSqlite:203 - Set database path to: C:\Users\yarde\.stmcufinder\plugins\mcufinder//mcu/cs/
2024-01-14 19:59:04,806 [INFO] RulesReader:64 - Compatibility file has been processed (293 Rules)
2024-01-14 19:59:04,965 [INFO] DbMcusXml:78 - Set database path to: C:\ST\STM32CubeIDE_1.13.1\STM32CubeIDE\plugins\com.st.stm32cube.common.mx_6.9.1.202307191849\\db\/mcu/
2024-01-14 19:59:04,965 [INFO] ApiDb:274 - Set plugin database path to: C:\ST\STM32CubeIDE_1.13.1\STM32CubeIDE\plugins\com.st.stm32cube.common.mx_6.9.1.202307191849\\db\/plugins/boardmanager/
2024-01-14 19:59:04,966 [INFO] ApiDb:261 - Set plugin images path to: C:\ST\STM32CubeIDE_1.13.1\STM32CubeIDE\plugins\com.st.stm32cube.common.mx_6.9.1.202307191849\\db\/plugins/mcufinder/images/
2024-01-14 19:59:04,966 [WARN] DbFile:41 - Overriding database path with different value: C:\Users\yarde\.stmcufinder\plugins\mcufinder/ => C:\Users\yarde\.stmcufinder\plugins\mcufinder
2024-01-14 19:59:04,966 [INFO] ApiDb:250 - Set database path to: C:\Users\yarde\.stmcufinder\plugins\mcufinder//mcu/
2024-01-14 19:59:04,966 [WARN] DbFile:41 - Overriding database path with different value: C:\Users\yarde\.stmcufinder\plugins\mcufinder/ => C:\Users\yarde\.stmcufinder\plugins\mcufinder
2024-01-14 19:59:04,967 [INFO] DbMcusAds:125 - Set database path to: C:\Users\yarde\.stmcufinder\plugins\mcufinder//mcu/
2024-01-14 19:59:04,967 [WARN] DbFile:41 - Overriding database path with different value: C:\Users\yarde\.stmcufinder\plugins\mcufinder/ => C:\Users\yarde\.stmcufinder\plugins\mcufinder
2024-01-14 19:59:04,967 [WARN] DbFile:41 - Overriding database path with different value: C:\Users\yarde\.stmcufinder\plugins\mcufinder/ => C:\Users\yarde\.stmcufinder\plugins\mcufinder
2024-01-14 19:59:04,967 [INFO] CrossReferenceDbSqlite:203 - Set database path to: C:\Users\yarde\.stmcufinder\plugins\mcufinder//mcu/cs/
2024-01-14 19:59:05,078 [INFO] MainPanel:262 - HeapMemory: 268435456
2024-01-14 19:59:05,217 [INFO] DbMcusXml:78 - Set database path to: C:\ST\STM32CubeIDE_1.13.1\STM32CubeIDE\plugins\com.st.stm32cube.common.mx_6.9.1.202307191849\\db\/mcu/
2024-01-14 19:59:05,217 [INFO] ApiDb:274 - Set plugin database path to: C:\ST\STM32CubeIDE_1.13.1\STM32CubeIDE\plugins\com.st.stm32cube.common.mx_6.9.1.202307191849\\db\/plugins/boardmanager/
2024-01-14 19:59:05,217 [INFO] ApiDb:261 - Set plugin images path to: C:\ST\STM32CubeIDE_1.13.1\STM32CubeIDE\plugins\com.st.stm32cube.common.mx_6.9.1.202307191849\\db\/plugins/mcufinder/images/
2024-01-14 19:59:05,219 [WARN] DbFile:41 - Overriding database path with different value: C:\Users\yarde\.stmcufinder\plugins\mcufinder/ => C:\Users\yarde\.stmcufinder\plugins\mcufinder
2024-01-14 19:59:05,219 [INFO] ApiDb:250 - Set database path to: C:\Users\yarde\.stmcufinder\plugins\mcufinder//mcu/
2024-01-14 19:59:05,219 [WARN] DbFile:41 - Overriding database path with different value: C:\Users\yarde\.stmcufinder\plugins\mcufinder/ => C:\Users\yarde\.stmcufinder\plugins\mcufinder
2024-01-14 19:59:05,219 [INFO] DbMcusAds:125 - Set database path to: C:\Users\yarde\.stmcufinder\plugins\mcufinder//mcu/
2024-01-14 19:59:05,219 [WARN] DbFile:41 - Overriding database path with different value: C:\Users\yarde\.stmcufinder\plugins\mcufinder/ => C:\Users\yarde\.stmcufinder\plugins\mcufinder
2024-01-14 19:59:05,219 [WARN] DbFile:41 - Overriding database path with different value: C:\Users\yarde\.stmcufinder\plugins\mcufinder/ => C:\Users\yarde\.stmcufinder\plugins\mcufinder
2024-01-14 19:59:05,219 [INFO] CrossReferenceDbSqlite:203 - Set database path to: C:\Users\yarde\.stmcufinder\plugins\mcufinder//mcu/cs/
2024-01-14 19:59:05,246 [INFO] ApplicationProperties:184 - Using Application install path: C:\ST\STM32CubeIDE_1.13.1\STM32CubeIDE\plugins\com.st.stm32cube.common.mx_6.9.1.202307191849
2024-01-14 19:59:05,248 [INFO] PluginManage:196 - Search for loadable plugins [exclusion list=, ]
2024-01-14 19:59:05,250 [INFO] PluginManage:310 - Check plugin analytics
2024-01-14 19:59:10,031 [INFO] AnalyticsPlugin:253 - Accepted Software Licenses: STM32CubeMX.6.10.0
2024-01-14 19:59:10,032 [INFO] AnalyticsPlugin:255 - Accepted CMSIS Pack Licenses: 
2024-01-14 19:59:10,032 [INFO] AnalyticsPlugin:257 - Accepted Firmware Licenses: FW.F7.1.17.0
2024-01-14 19:59:10,037 [INFO] PluginManage:359 - Loaded plugin analytics (category:tool,tabindex:-1)
2024-01-14 19:59:10,037 [INFO] PluginManage:310 - Check plugin cadmodel
2024-01-14 19:59:10,064 [INFO] CADModel:105 - Init CAD model plugin
2024-01-14 19:59:10,065 [INFO] PluginManage:359 - Loaded plugin cadmodel (category:power,tabindex:5)
2024-01-14 19:59:10,066 [INFO] PluginManage:310 - Check plugin clock
2024-01-14 19:59:10,094 [INFO] PluginManage:359 - Loaded plugin clock (category:base,tabindex:2)
2024-01-14 19:59:10,094 [INFO] PluginManage:310 - Check plugin ddr
2024-01-14 19:59:10,097 [INFO] PluginManage:359 - Loaded plugin ddr (category:tool,tabindex:6)
2024-01-14 19:59:10,097 [INFO] PluginManage:310 - Check plugin filemanager
2024-01-14 19:59:10,267 [INFO] PluginManage:359 - Loaded plugin filemanager (category:base,tabindex:10)
2024-01-14 19:59:10,267 [INFO] PluginManage:310 - Check plugin ipmanager
2024-01-14 19:59:10,277 [INFO] PluginManage:359 - Loaded plugin ipmanager (category:base,tabindex:5)
2024-01-14 19:59:10,277 [INFO] PluginManage:310 - Check plugin lpbam
2024-01-14 19:59:10,294 [INFO] PluginManage:359 - Loaded plugin lpbam (category:base,tabindex:0)
2024-01-14 19:59:10,294 [INFO] PluginManage:310 - Check plugin memorymap
2024-01-14 19:59:10,329 [INFO] PluginManage:359 - Loaded plugin memorymap (category:base,tabindex:4)
2024-01-14 19:59:10,329 [INFO] PluginManage:310 - Check plugin pinoutandconfiguration
2024-01-14 19:59:10,352 [INFO] PluginManage:359 - Loaded plugin pinoutandconfiguration (category:base,tabindex:1)
2024-01-14 19:59:10,352 [INFO] PluginManage:310 - Check plugin pinoutconfig
2024-01-14 19:59:10,516 [WARN] SupportedApi:132 - Cannot load RTOS API schema: s4s-elt-must-match.1: The content of 'definitions' must match (annotation?, (simpleType | complexType)?, (unique | key | keyref)*)). A problem was found starting at: attribute.
2024-01-14 19:59:10,683 [INFO] PluginManage:359 - Loaded plugin pinoutconfig (category:base,tabindex:0)
2024-01-14 19:59:10,683 [INFO] PluginManage:310 - Check plugin power
2024-01-14 19:59:10,709 [INFO] PluginManage:359 - Loaded plugin power (category:power,tabindex:4)
2024-01-14 19:59:10,710 [INFO] PluginManage:310 - Check plugin projectmanager
2024-01-14 19:59:10,727 [INFO] PluginManage:359 - Loaded plugin projectmanager (category:projectmanager,tabindex:3)
2024-01-14 19:59:10,727 [INFO] PluginManage:310 - Check plugin thirdparty
2024-01-14 19:59:11,008 [WARN] IntegrityCheckThread:84 - waiting for thirdparty lock release [integrity check]
2024-01-14 19:59:11,008 [INFO] IntegrityCheckThread:86 - entering critical section [integrity check]
2024-01-14 19:59:11,008 [INFO] PluginManage:359 - Loaded plugin thirdparty (category:base,tabindex:-1)
2024-01-14 19:59:11,008 [INFO] PluginManage:310 - Check plugin tools
2024-01-14 19:59:11,008 [INFO] ThirdPartyUpdaterWithRetryManager:70 - Updater plugin not ready yet. [1/15]
2024-01-14 19:59:11,044 [INFO] PluginManage:359 - Loaded plugin tools (category:base,tabindex:7)
2024-01-14 19:59:11,044 [INFO] PluginManage:310 - Check plugin tutovideos
2024-01-14 19:59:11,294 [INFO] PluginManage:359 - Loaded plugin tutovideos (category:base,tabindex:-1)
2024-01-14 19:59:11,294 [INFO] PluginManage:310 - Check plugin updater
2024-01-14 19:59:11,308 [INFO] PluginManage:359 - Loaded plugin updater (category:base,tabindex:12)
2024-01-14 19:59:11,308 [INFO] PluginManage:310 - Check plugin userauth
2024-01-14 19:59:11,314 [INFO] UserAuth:113 - Init User Auth plugin
2024-01-14 19:59:11,315 [INFO] PluginManage:359 - Loaded plugin userauth (category:base,tabindex:14)
2024-01-14 19:59:11,315 [INFO] PluginManage:283 - PluginManage : Loaded plugins [17]
2024-01-14 19:59:11,622 [INFO] PinOutPanel:1499 - setPackage(No Configuration,No Configuration)
2024-01-14 19:59:11,780 [INFO] CADModel:165 - CPN selected for project level
2024-01-14 19:59:11,781 [INFO] CADModel:114 - Register for checkConnection events
2024-01-14 19:59:11,808 [INFO] IPUIPlugin:80 - create IPUIPlugin
2024-01-14 19:59:11,809 [INFO] PluginManager:220 - loadIPPluginJar : add adc
2024-01-14 19:59:11,842 [INFO] IPUIPlugin:80 - create IPUIPlugin
2024-01-14 19:59:11,843 [INFO] PluginManager:220 - loadIPPluginJar : add aes
2024-01-14 19:59:11,882 [INFO] IPUIPlugin:80 - create IPUIPlugin
2024-01-14 19:59:11,882 [INFO] PluginManager:220 - loadIPPluginJar : add can
2024-01-14 19:59:11,912 [INFO] IPUIPlugin:80 - create IPUIPlugin
2024-01-14 19:59:11,912 [INFO] PluginManager:220 - loadIPPluginJar : add comp
2024-01-14 19:59:11,944 [INFO] IPUIPlugin:80 - create IPUIPlugin
2024-01-14 19:59:11,944 [INFO] PluginManager:220 - loadIPPluginJar : add cryp
2024-01-14 19:59:11,970 [INFO] IPUIPlugin:80 - create IPUIPlugin
2024-01-14 19:59:11,971 [INFO] PluginManager:220 - loadIPPluginJar : add dfsdm
2024-01-14 19:59:11,984 [INFO] IPUIPlugin:80 - create IPUIPlugin
2024-01-14 19:59:11,985 [INFO] PluginManager:220 - loadIPPluginJar : add dma
2024-01-14 19:59:12,023 [INFO] IPUIPlugin:80 - create IPUIPlugin
2024-01-14 19:59:12,023 [INFO] PluginManager:220 - loadIPPluginJar : add dma3
2024-01-14 19:59:12,042 [INFO] IPUIPlugin:80 - create IPUIPlugin
2024-01-14 19:59:12,042 [INFO] PluginManager:220 - loadIPPluginJar : add fatfs
2024-01-14 19:59:12,086 [INFO] IPUIPlugin:80 - create IPUIPlugin
2024-01-14 19:59:12,087 [INFO] PluginManager:220 - loadIPPluginJar : add fmc
2024-01-14 19:59:12,103 [INFO] IPUIPlugin:80 - create IPUIPlugin
2024-01-14 19:59:12,103 [INFO] PluginManager:220 - loadIPPluginJar : add freertos
2024-01-14 19:59:12,121 [INFO] IPUIPlugin:80 - create IPUIPlugin
2024-01-14 19:59:12,121 [INFO] PluginManager:220 - loadIPPluginJar : add genericplugin
2024-01-14 19:59:12,222 [INFO] IPUIPlugin:80 - create IPUIPlugin
2024-01-14 19:59:12,222 [INFO] PluginManager:220 - loadIPPluginJar : add gfxmmu
2024-01-14 19:59:12,346 [INFO] IPUIPlugin:80 - create IPUIPlugin
2024-01-14 19:59:12,346 [INFO] PluginManager:220 - loadIPPluginJar : add gic
2024-01-14 19:59:12,362 [INFO] IPUIPlugin:80 - create IPUIPlugin
2024-01-14 19:59:12,362 [INFO] PluginManager:220 - loadIPPluginJar : add gpio
2024-01-14 19:59:12,450 [INFO] IPUIPlugin:80 - create IPUIPlugin
2024-01-14 19:59:12,450 [INFO] PluginManager:220 - loadIPPluginJar : add gtzc
2024-01-14 19:59:12,482 [INFO] IPUIPlugin:80 - create IPUIPlugin
2024-01-14 19:59:12,482 [INFO] PluginManager:220 - loadIPPluginJar : add hash
2024-01-14 19:59:12,531 [INFO] IPUIPlugin:80 - create IPUIPlugin
2024-01-14 19:59:12,531 [INFO] PluginManager:220 - loadIPPluginJar : add i2c
2024-01-14 19:59:12,568 [INFO] IPUIPlugin:80 - create IPUIPlugin
2024-01-14 19:59:12,568 [INFO] PluginManager:220 - loadIPPluginJar : add i2s
2024-01-14 19:59:12,606 [INFO] IPUIPlugin:80 - create IPUIPlugin
2024-01-14 19:59:12,606 [INFO] PluginManager:220 - loadIPPluginJar : add i3c
2024-01-14 19:59:12,718 [INFO] IPUIPlugin:80 - create IPUIPlugin
2024-01-14 19:59:12,718 [INFO] PluginManager:220 - loadIPPluginJar : add ipddr
2024-01-14 19:59:12,809 [INFO] IPUIPlugin:80 - create IPUIPlugin
2024-01-14 19:59:12,809 [INFO] PluginManager:220 - loadIPPluginJar : add linkedlist
2024-01-14 19:59:12,843 [INFO] IPUIPlugin:80 - create IPUIPlugin
2024-01-14 19:59:12,843 [INFO] PluginManager:220 - loadIPPluginJar : add lorawan
2024-01-14 19:59:12,878 [INFO] IPUIPlugin:80 - create IPUIPlugin
2024-01-14 19:59:12,878 [INFO] PluginManager:220 - loadIPPluginJar : add ltdc
2024-01-14 19:59:12,895 [INFO] IPUIPlugin:80 - create IPUIPlugin
2024-01-14 19:59:12,895 [INFO] PluginManager:220 - loadIPPluginJar : add mdma
2024-01-14 19:59:12,907 [INFO] IPUIPlugin:80 - create IPUIPlugin
2024-01-14 19:59:12,908 [INFO] PluginManager:220 - loadIPPluginJar : add nvic
2024-01-14 19:59:12,944 [INFO] IPUIPlugin:80 - create IPUIPlugin
2024-01-14 19:59:12,944 [INFO] PluginManager:220 - loadIPPluginJar : add opamp
2024-01-14 19:59:13,003 [INFO] IPUIPlugin:80 - create IPUIPlugin
2024-01-14 19:59:13,003 [INFO] PluginManager:220 - loadIPPluginJar : add openamp
2024-01-14 19:59:13,045 [INFO] IPUIPlugin:80 - create IPUIPlugin
2024-01-14 19:59:13,046 [INFO] PluginManager:220 - loadIPPluginJar : add pdm2pcm
2024-01-14 19:59:13,060 [INFO] IPUIPlugin:80 - create IPUIPlugin
2024-01-14 19:59:13,062 [INFO] PluginManager:220 - loadIPPluginJar : add plateformsettings
2024-01-14 19:59:13,084 [INFO] IPUIPlugin:80 - create IPUIPlugin
2024-01-14 19:59:13,084 [INFO] PluginManager:220 - loadIPPluginJar : add quadspi
2024-01-14 19:59:13,097 [INFO] IPUIPlugin:80 - create IPUIPlugin
2024-01-14 19:59:13,097 [INFO] PluginManager:220 - loadIPPluginJar : add resmgrutility
2024-01-14 19:59:13,142 [INFO] IPUIPlugin:80 - create IPUIPlugin
2024-01-14 19:59:13,142 [INFO] PluginManager:220 - loadIPPluginJar : add sai
2024-01-14 19:59:13,178 [INFO] IPUIPlugin:80 - create IPUIPlugin
2024-01-14 19:59:13,178 [INFO] PluginManager:220 - loadIPPluginJar : add spi
2024-01-14 19:59:13,227 [INFO] IPUIPlugin:80 - create IPUIPlugin
2024-01-14 19:59:13,227 [INFO] PluginManager:220 - loadIPPluginJar : add stm32_wpan
2024-01-14 19:59:13,250 [INFO] IPUIPlugin:80 - create IPUIPlugin
2024-01-14 19:59:13,250 [INFO] PluginManager:220 - loadIPPluginJar : add tim
2024-01-14 19:59:13,353 [INFO] IPUIPlugin:80 - create IPUIPlugin
2024-01-14 19:59:13,353 [INFO] PluginManager:220 - loadIPPluginJar : add touchsensing
2024-01-14 19:59:13,412 [INFO] IPUIPlugin:80 - create IPUIPlugin
2024-01-14 19:59:13,413 [INFO] PluginManager:220 - loadIPPluginJar : add tracer_emb
2024-01-14 19:59:13,459 [INFO] IPUIPlugin:80 - create IPUIPlugin
2024-01-14 19:59:13,460 [INFO] PluginManager:220 - loadIPPluginJar : add ts
2024-01-14 19:59:13,497 [INFO] IPUIPlugin:80 - create IPUIPlugin
2024-01-14 19:59:13,498 [INFO] PluginManager:220 - loadIPPluginJar : add tsc
2024-01-14 19:59:13,527 [INFO] IPUIPlugin:80 - create IPUIPlugin
2024-01-14 19:59:13,528 [INFO] PluginManager:220 - loadIPPluginJar : add ucpd
2024-01-14 19:59:13,584 [INFO] IPUIPlugin:80 - create IPUIPlugin
2024-01-14 19:59:13,584 [INFO] PluginManager:220 - loadIPPluginJar : add usart
2024-01-14 19:59:13,641 [INFO] IPUIPlugin:80 - create IPUIPlugin
2024-01-14 19:59:13,641 [INFO] PluginManager:220 - loadIPPluginJar : add usbx
2024-01-14 19:59:13,799 [INFO] CADModel:165 - CPN selected for project level
2024-01-14 19:59:13,799 [INFO] CADModel:114 - Register for checkConnection events
2024-01-14 19:59:13,800 [FATAL] Updater:308 - Updater called before beeing initialized
2024-01-14 19:59:13,800 [ERROR] CADModel:125 - Updater not yet initialized, retry later 
2024-01-14 19:59:14,013 [INFO] ThirdPartyUpdaterWithRetryManager:70 - Updater plugin not ready yet. [2/15]
2024-01-14 19:59:14,038 [INFO] CADModel:165 - CPN selected for project level
2024-01-14 19:59:14,038 [INFO] CADModel:114 - Register for checkConnection events
2024-01-14 19:59:14,038 [FATAL] Updater:308 - Updater called before beeing initialized
2024-01-14 19:59:14,039 [ERROR] CADModel:125 - Updater not yet initialized, retry later 
2024-01-14 19:59:14,043 [FATAL] Updater:308 - Updater called before beeing initialized
2024-01-14 19:59:14,366 [FATAL] Updater:308 - Updater called before beeing initialized
2024-01-14 19:59:14,373 [INFO] DbMcusAds:53 - JSON generation date=Wed Nov 29 12:52:27 IST 2023 (1701255147349)
2024-01-14 19:59:14,374 [FATAL] Updater:308 - Updater called before beeing initialized
2024-01-14 19:59:14,453 [WARN] DetailPanel:346 - Failed to get advertising image, set to default
2024-01-14 19:59:14,594 [FATAL] Updater:308 - Updater called before beeing initialized
2024-01-14 19:59:14,596 [FATAL] Updater:308 - Updater called before beeing initialized
2024-01-14 19:59:14,596 [FATAL] Updater:308 - Updater called before beeing initialized
2024-01-14 19:59:14,596 [WARN] DetailPanel:346 - Failed to get advertising image, set to default
2024-01-14 19:59:14,598 [FATAL] Updater:308 - Updater called before beeing initialized
2024-01-14 19:59:14,694 [ERROR] Updater:1120 - MainUpdater not yet initialized. External WinMGr cannot be set.
2024-01-14 19:59:14,710 [INFO] Updater:1056 - Updater Version found : 6.9.1
2024-01-14 19:59:14,733 [INFO] ApplicationProperties:184 - Using Application install path: C:\ST\STM32CubeIDE_1.13.1\STM32CubeIDE\plugins\com.st.stm32cube.common.mx_6.9.1.202307191849
2024-01-14 19:59:14,820 [INFO] MainUpdater:521 - Copy updater definitions from MX database
2024-01-14 19:59:14,917 [INFO] MainUpdater:2868 - connection check result : 10
2024-01-14 19:59:14,918 [INFO] MainUpdater:3562 - Updater definition file requires update
2024-01-14 19:59:14,920 [INFO] MainUpdater:285 - Updater Check For Update Now.
2024-01-14 19:59:14,920 [INFO] MicroXplorer:498 - Change Database Version : DB.6.0.91
2024-01-14 19:59:14,939 [INFO] McuFinderGlobals:63 - Set McuFinder mode to 2 (CubeIDE integrated)
2024-01-14 19:59:14,939 [INFO] ServerAccessManage:473 - Download File updaters.zip
2024-01-14 19:59:14,939 [INFO] UserAuth:179 - activating auth plugin
2024-01-14 19:59:14,943 [INFO] UserAuth:393 - Internet connection configuration mode: 1
2024-01-14 19:59:14,978 [INFO] JxBrowserEngine:151 - Initiate JxBrowser Engine with user profile folder
2024-01-14 19:59:15,026 [INFO] FileExtend:240 - Unzip File : updaters.zip
2024-01-14 19:59:15,026 [INFO] FileExtend:255 - Standard Zip Deflate
2024-01-14 19:59:15,749 [INFO] ServerAccessManage:473 - Download File PacksControlFlags.xml
2024-01-14 19:59:15,862 [INFO] ServerAccessManage:473 - Download File cubemx.pidx
2024-01-14 19:59:16,087 [INFO] LoadServerUpdatesThread:373 - End of LoadServerUpdate Thread
2024-01-14 19:59:16,347 [INFO] CheckServerUpdateThread:120 - End of CheckServer Thread
2024-01-14 19:59:17,373 [WARN] PackLoader:240 - Cannot read IP mode file for STMicroelectronics.X-CUBE-SMBUS.2.1.0
2024-01-14 19:59:17,388 [WARN] PackLoader:240 - Cannot read IP mode file for STMicroelectronics.X-CUBE-TOUCHGFX.4.23.0
2024-01-14 19:59:17,443 [WARN] PackLoader:240 - Cannot read IP mode file for STMicroelectronics.X-CUBE-AZRTOS-F7.1.1.0
2024-01-14 19:59:17,465 [WARN] PackLoader:240 - Cannot read IP mode file for STMicroelectronics.FP-SNS-MOTENV1.4.3.2
2024-01-14 19:59:17,477 [WARN] PackLoader:240 - Cannot read IP mode file for STMicroelectronics.FP-SNS-FLIGHT1.5.0.2
2024-01-14 19:59:17,494 [WARN] PackLoader:240 - Cannot read IP mode file for STMicroelectronics.X-CUBE-DISPLAY.3.0.0
2024-01-14 19:59:17,517 [WARN] PackLoader:240 - Cannot read IP mode file for STMicroelectronics.X-CUBE-BLE1.7.0.0
2024-01-14 19:59:17,527 [WARN] PackLoader:240 - Cannot read IP mode file for emotas.I-CUBE-CANOPEN.1.3.0
2024-01-14 19:59:17,533 [WARN] PackLoader:240 - Cannot read IP mode file for STMicroelectronics.X-CUBE-TOUCHGFX.4.22.0
2024-01-14 19:59:17,537 [WARN] PackLoader:240 - Cannot read IP mode file for STMicroelectronics.X-CUBE-TOUCHGFX.4.22.1
2024-01-14 19:59:17,546 [WARN] PackLoader:240 - Cannot read IP mode file for STMicroelectronics.FP-SNS-SMARTAG2.1.2.0
2024-01-14 19:59:17,567 [INFO] LogOutputStream:77 - [STDOUT_REDIRECT] 1 : Invalid condition id : UX_CORESTACK_Condition cause : null
2024-01-14 19:59:17,567 [INFO] LogOutputStream:77 - [STDOUT_REDIRECT] 1 : Invalid condition id : UX_CORESTACK_Condition cause : null
2024-01-14 19:59:17,569 [INFO] LogOutputStream:77 - [STDOUT_REDIRECT] 1 : Invalid condition id : UX_CORESTACK_Condition cause : null
2024-01-14 19:59:17,571 [INFO] LogOutputStream:77 - [STDOUT_REDIRECT] 1 : Invalid condition id : UX_CORESTACK_Condition cause : null
2024-01-14 19:59:17,573 [INFO] LogOutputStream:77 - [STDOUT_REDIRECT] 1 : Invalid condition id : UX_CORESTACK_Condition cause : null
2024-01-14 19:59:17,581 [WARN] PackLoader:240 - Cannot read IP mode file for STMicroelectronics.X-CUBE-AZRTOS-WL.2.0.0
2024-01-14 19:59:17,597 [WARN] PackLoader:240 - Cannot read IP mode file for WES.I-CUBE-Cesium.1.3.0
2024-01-14 19:59:17,605 [WARN] PackLoader:240 - Cannot read IP mode file for STMicroelectronics.X-CUBE-BLE2.3.3.0
2024-01-14 19:59:17,615 [WARN] PackLoader:240 - Cannot read IP mode file for STMicroelectronics.X-CUBE-ALGOBUILD.1.3.0
2024-01-14 19:59:17,639 [WARN] PackLoader:240 - Cannot read IP mode file for STMicroelectronics.X-CUBE-AZRTOS-G0.1.1.0
2024-01-14 19:59:17,651 [WARN] PackLoader:240 - Cannot read IP mode file for STMicroelectronics.X-CUBE-NFC4.3.0.0
2024-01-14 19:59:17,665 [WARN] PackLoader:240 - Cannot read IP mode file for STMicroelectronics.X-CUBE-BLEMGR.3.0.0
2024-01-14 19:59:17,674 [WARN] PackLoader:240 - Cannot read IP mode file for STMicroelectronics.FP-ATR-SIGFOX1.3.2.0
2024-01-14 19:59:17,730 [WARN] PackLoader:240 - Cannot read IP mode file for SEGGER.I-CUBE-embOS.1.3.1
2024-01-14 19:59:17,798 [WARN] PackLoader:240 - Cannot read IP mode file for STMicroelectronics.X-CUBE-GNSS1.6.0.0
2024-01-14 19:59:17,823 [WARN] PackLoader:240 - Cannot read IP mode file for STMicroelectronics.X-CUBE-AZRTOS-F4.1.1.0
2024-01-14 19:59:17,834 [WARN] PackLoader:240 - Cannot read IP mode file for wolfSSL.I-CUBE-wolfSSL.5.6.3
2024-01-14 19:59:17,855 [WARN] PackLoader:240 - Cannot read IP mode file for STMicroelectronics.X-CUBE-AZRTOS-L5.2.0.0
2024-01-14 19:59:17,911 [WARN] PackLoader:240 - Cannot read IP mode file for STMicroelectronics.X-CUBE-MEMS1.9.6.0
2024-01-14 19:59:18,224 [WARN] PackLoader:240 - Cannot read IP mode file for STMicroelectronics.X-CUBE-EEPRMA1.4.2.0
2024-01-14 19:59:18,236 [WARN] PackLoader:240 - Cannot read IP mode file for ITTIA_DB.I-CUBE-ITTIADB.8.8.0
2024-01-14 19:59:18,251 [WARN] PackLoader:240 - Cannot read IP mode file for STMicroelectronics.X-CUBE-BLEMGR.2.0.0
2024-01-14 19:59:18,303 [WARN] ConditionMgr:438 - getConditionDescription Invalid condition id : UX DEVICE CLASS RTOS Condition cause : null
2024-01-14 19:59:18,304 [WARN] ConditionMgr:438 - getConditionDescription Invalid condition id : UX DEVICE CLASS RTOS Condition cause : null
2024-01-14 19:59:18,315 [WARN] PackLoader:240 - Cannot read IP mode file for STMicroelectronics.X-CUBE-AZRTOS-H7.3.1.0
2024-01-14 19:59:18,318 [WARN] ConditionMgr:1039 - genDependencies : Invalid condition id : UX DEVICE CLASS RTOS Condition cause : null
2024-01-14 19:59:18,319 [WARN] ConditionMgr:1039 - genDependencies : Invalid condition id : UX DEVICE CLASS RTOS Condition cause : null
2024-01-14 19:59:18,321 [WARN] ConditionMgr:1039 - genDependencies : Invalid condition id : UX DEVICE CLASS RTOS Condition cause : null
2024-01-14 19:59:18,322 [WARN] ConditionMgr:1039 - genDependencies : Invalid condition id : UX DEVICE CLASS RTOS Condition cause : null
2024-01-14 19:59:18,322 [WARN] ConditionMgr:1039 - genDependencies : Invalid condition id : UX DEVICE CLASS RTOS Condition cause : null
2024-01-14 19:59:18,335 [WARN] PackLoader:240 - Cannot read IP mode file for STMicroelectronics.X-CUBE-NFC7.1.0.1
2024-01-14 19:59:18,351 [WARN] PackLoader:240 - Cannot read IP mode file for STMicroelectronics.X-CUBE-NFC6.3.0.0
2024-01-14 19:59:18,362 [WARN] PackLoader:240 - Cannot read IP mode file for STMicroelectronics.X-CUBE-EEPRMA1.4.1.0
2024-01-14 19:59:18,370 [WARN] PackLoader:240 - Cannot read IP mode file for STMicroelectronics.X-CUBE-AI.8.1.0
2024-01-14 19:59:18,400 [WARN] ConditionMgr:438 - getConditionDescription Invalid condition id : LAN8742 Phy interface Condition cause : null
2024-01-14 19:59:18,401 [WARN] PackLoader:240 - Cannot read IP mode file for STMicroelectronics.X-CUBE-AZRTOS-L4.2.0.0
2024-01-14 19:59:18,403 [WARN] ConditionMgr:1039 - genDependencies : Invalid condition id : LAN8742 Phy interface Condition cause : null
2024-01-14 19:59:18,404 [WARN] ConditionMgr:1039 - genDependencies : Invalid condition id : LAN8742 Phy interface Condition cause : null
2024-01-14 19:59:18,405 [WARN] ConditionMgr:1039 - genDependencies : Invalid condition id : LAN8742 Phy interface Condition cause : null
2024-01-14 19:59:18,417 [WARN] PackLoader:240 - Cannot read IP mode file for STMicroelectronics.X-CUBE-SFXS2LP1.4.0.0
2024-01-14 19:59:18,426 [WARN] PackLoader:240 - Cannot read IP mode file for STMicroelectronics.X-CUBE-ISPU.1.1.0
2024-01-14 19:59:18,452 [WARN] ConditionMgr:438 - getConditionDescription Invalid condition id : UX DEVICE CLASS RTOS Condition cause : null
2024-01-14 19:59:18,452 [WARN] ConditionMgr:438 - getConditionDescription Invalid condition id : UX DEVICE CLASS RTOS Condition cause : null
2024-01-14 19:59:18,457 [WARN] PackLoader:240 - Cannot read IP mode file for STMicroelectronics.X-CUBE-AZRTOS-WB.2.0.0
2024-01-14 19:59:18,458 [WARN] ConditionMgr:1039 - genDependencies : Invalid condition id : UX DEVICE CLASS RTOS Condition cause : null
2024-01-14 19:59:18,458 [WARN] ConditionMgr:1039 - genDependencies : Invalid condition id : UX DEVICE CLASS RTOS Condition cause : null
2024-01-14 19:59:18,459 [WARN] ConditionMgr:1039 - genDependencies : Invalid condition id : UX DEVICE CLASS RTOS Condition cause : null
2024-01-14 19:59:18,460 [WARN] ConditionMgr:1039 - genDependencies : Invalid condition id : UX DEVICE CLASS RTOS Condition cause : null
2024-01-14 19:59:18,460 [WARN] ConditionMgr:1039 - genDependencies : Invalid condition id : UX DEVICE CLASS RTOS Condition cause : null
2024-01-14 19:59:18,480 [WARN] PackLoader:240 - Cannot read IP mode file for STMicroelectronics.X-CUBE-SUBG2.5.0.0
2024-01-14 19:59:18,509 [WARN] PackLoader:240 - Cannot read IP mode file for STMicroelectronics.X-CUBE-TOF1.3.3.1
2024-01-14 19:59:18,550 [WARN] PackLoader:240 - Cannot read IP mode file for STMicroelectronics.X-CUBE-AZRTOS-G4.2.0.0
2024-01-14 19:59:18,573 [WARN] PackLoader:240 - Cannot read IP mode file for Infineon.AIROC-Wi-Fi-Bluetooth-STM32.1.5.1
2024-01-14 19:59:18,586 [WARN] PackLoader:240 - Cannot read IP mode file for STMicroelectronics.FP-SNS-MOTENVWB1.1.3.0
2024-01-14 19:59:18,591 [WARN] PackLoader:240 - Cannot read IP mode file for STMicroelectronics.FP-SNS-MOTENVWB1.1.3.1
2024-01-14 19:59:18,598 [WARN] PackLoader:240 - Cannot read IP mode file for STMicroelectronics.X-CUBE-ISPU.2.0.0
2024-01-14 19:59:18,641 [WARN] PackLoader:240 - Cannot read IP mode file for STMicroelectronics.X-CUBE-MEMS1.10.0.0
2024-01-14 19:59:18,759 [WARN] PackLoader:240 - Cannot read IP mode file for STMicroelectronics.X-CUBE-FREERTOS.1.1.0
2024-01-14 19:59:18,768 [WARN] PackLoader:240 - Cannot read IP mode file for portGmbH.I-Cube-SoM-uGOAL.1.1.0
2024-01-14 19:59:18,775 [WARN] PackLoader:240 - Cannot read IP mode file for STMicroelectronics.X-CUBE-ALS.1.0.1
2024-01-14 19:59:18,782 [WARN] PackLoader:240 - Cannot read IP mode file for STMicroelectronics.FP-ATR-ASTRA1.2.0.0
2024-01-14 19:59:18,796 [WARN] PackLoader:240 - Cannot read IP mode file for STMicroelectronics.X-CUBE-TOF1.3.4.0
2024-01-14 19:59:18,837 [WARN] PackLoader:240 - Cannot read IP mode file for STMicroelectronics.X-CUBE-AZRTOS-H7.3.2.0
2024-01-14 19:59:18,843 [INFO] ThirdParty:978 - Integrity check success = true
2024-01-14 19:59:18,843 [INFO] IntegrityCheckThread:100 - exiting critical section [integrity check]
2024-01-14 19:59:18,843 [INFO] IntegrityCheckThread:103 - End integrity checks thread
2024-01-14 19:59:20,565 [INFO] WebApp:157 - Instantiating new browser for Auth
2024-01-14 19:59:21,516 [INFO] WebApp:753 - Register for checkConnection events
2024-01-14 19:59:21,516 [INFO] WebApp:390 - Apply proxy settings
2024-01-14 19:59:21,517 [INFO] WebApp:475 - Chromium requires no authentication
2024-01-14 19:59:21,536 [INFO] WebApp:418 - Direct internet connection detected
2024-01-14 19:59:21,747 [INFO] WebApp:188 - Starting web application
2024-01-14 19:59:21,747 [INFO] WebApp:520 - Web application path used C:\ST\STM32CubeIDE_1.13.1\STM32CubeIDE\plugins\com.st.stm32cube.common.mx_6.9.1.202307191849\db\plugins\mcufinder\reactClient1\index.html
2024-01-14 19:59:43,001 [ERROR] LogOutputStream:75 - [STDERR_REDIRECT] SLF4J: Failed to load class "org.slf4j.impl.StaticLoggerBinder".
2024-01-14 19:59:43,001 [ERROR] LogOutputStream:75 - [STDERR_REDIRECT] SLF4J: Defaulting to no-operation (NOP) logger implementation
2024-01-14 19:59:43,003 [ERROR] LogOutputStream:75 - [STDERR_REDIRECT] SLF4J: See http://www.slf4j.org/codes.html#StaticLoggerBinder for further details.
2024-01-14 22:06:19,680 [INFO] McuFinderGlobals:63 - Set McuFinder mode to 2 (CubeIDE integrated)
2024-01-14 22:06:19,739 [INFO] MainUpdater:2868 - connection check result : 10
2024-01-14 22:06:20,879 [INFO] ApiDb:581 - Connected to CubeFinder SQLite database (C:\Users\yarde\.stmcufinder\plugins\mcufinder\mcu\cube-finder-db.db)
2024-01-14 22:06:21,060 [INFO] ApiDb:668 - CubeFinder database Data Model version=2.1
2024-01-14 22:06:21,060 [INFO] ApiDb:669 - CubeFinder database Configuration version=3.0.39
2024-01-14 22:06:21,062 [INFO] ApiDb:670 - CubeFinder database generation date=2023-12-08 (1702028721)
2024-01-14 22:06:21,062 [INFO] ApiDb:671 - CubeFinder database FW Pack versions=[FP-ATR-ASTRA1_V2.0.0, FP-SNS-FLIGHT1_V5.0.1, FP-SNS-FLIGHT1_V5.0.2, FP-SNS-MOTENV1_V4.3.1, FP-SNS-MOTENV1_V4.3.2, FP-SNS-MOTENVWB1_V1.3.1, FP-SNS-SMARTAG2_V1.2.0, STM32Cube_FW_C0_V1.1.0, STM32Cube_FW_F4_V1.28.0, STM32Cube_FW_F7_V1.17.0, STM32Cube_FW_G0_V1.6.1, STM32Cube_FW_G4_V1.5.1, STM32Cube_FW_H5_V0.5.1, STM32Cube_FW_H5_V1.1.1, STM32Cube_FW_H5_V1.2.0RC2, STM32Cube_FW_H7_V1.11.0, STM32Cube_FW_L0_V1.12.2, STM32Cube_FW_L5_V1.5.0, STM32Cube_FW_U5_V1.3.0RC4, STM32Cube_FW_U5_V1.4.0, STM32Cube_FW_WBA_V1.0.0RC1, STM32Cube_FW_WBA_V1.1.0RC1, STM32Cube_FW_WBA_V1.2.0, STM32Cube_FW_WBA_V1.2.0RC2, STM32Cube_FW_WB_V1.15.0RC1, STM32Cube_FW_WB_V1.16.0, STM32Cube_FW_WB_V1.16.0RC2, STM32Cube_FW_WB_V1.18.0, STM32Cube_FW_WL_V1.3.0, X-CUBE-ALGOBUILD_V1.3.0, X-CUBE-ALS_V1.0.1, X-CUBE-AZRTOS-F4_V1.1.0, X-CUBE-AZRTOS-F7_V1.1.0, X-CUBE-AZRTOS-G0_V1.1.0, X-CUBE-AZRTOS-G4_V2.0.0, X-CUBE-AZRTOS-H7_V3.1.0, X-CUBE-AZRTOS-L4_V1.0.0, X-CUBE-AZRTOS-L4_V2.0.0, X-CUBE-AZRTOS-L5_V1.1.0, X-CUBE-AZRTOS-WB_V2.0.0, X-CUBE-AZRTOS-WL_V2.0.0, X-CUBE-BLE1_V7.0.0, X-CUBE-BLE2_V3.3.0, X-CUBE-BLEMGR_V3.0.0, X-CUBE-EEPRMA1_V4.1.0, X-CUBE-EEPRMA1_V4.2.0, X-CUBE-FREERTOS_V1.1.0, X-CUBE-GNSS1_V6.0.0, X-CUBE-MEMS1_V10.0.0, X-CUBE-MEMS1_V9.1.0, X-CUBE-MEMS1_V9.4.0, X-CUBE-MEMS1_V9.6.0, X-CUBE-NFC4_V3.0.0, X-CUBE-NFC7_V1.0.1, X-CUBE-SFXS2LP1_V4.0.0, X-CUBE-SUBG2_V5.0.0, X-CUBE-TOF1_V3.4.0]
2024-01-14 22:06:21,292 [INFO] DbBoardsSqlite:226 - include board P-NUCLEO-WB55-NUCLEO as a kit item of type 'Nucleo-64'
2024-01-14 22:06:21,292 [INFO] DbBoardsSqlite:226 - include board P-NUCLEO-WB55-USBDONGLE as a kit item of type 'Nucleo USB Dongle'
2024-01-14 22:06:21,294 [INFO] DbBoardsSqlite:226 - include board STEVAL-IDP005V1 as a kit item of type 'Evaluation Board'
2024-01-14 22:06:21,295 [INFO] DbBoardsSqlite:226 - include board STEVAL-IDP005V2 as a kit item of type 'Evaluation Board'
2024-01-14 22:06:21,818 [INFO] ApiDb:240 - Found 323 in-development CPN: [B-G473E-ZEST1S, B-WB1M-WPAN1, B-WL5M-SUBG1, NUCLEO-C031C6, NUCLEO-H503RB, NUCLEO-H563ZI, NUCLEO-U545RE-Q, NUCLEO-U5A5ZJ-Q, NUCLEO-WBA52CG, STEVAL-PROTEUS1, STEVAL-SMARTAG2, STEVAL-STWINBX1, STM320518-EVAL, STM32C0116-DK, STM32C011D6Y3TR, STM32C011D6Y6TR, STM32C011F4P3, STM32C011F4P6, STM32C011F4U3, STM32C011F4U6TR, STM32C011F6P3, STM32C011F6P6, STM32C011F6U3, STM32C011F6U6TR, STM32C011J4M3, STM32C011J4M6, STM32C011J6M3, STM32C011J6M6, STM32C0316-DK, STM32C031C4T3, STM32C031C4T6, STM32C031C4U3, STM32C031C4U6, STM32C031C6T3, STM32C031C6T6, STM32C031C6U3, STM32C031C6U6, STM32C031F4P3, STM32C031F4P6, STM32C031F6P3, STM32C031F6P6, STM32C031G4U3, STM32C031G4U6, STM32C031G6U3, STM32C031G6U6, STM32C031K4T3, STM32C031K4T6, STM32C031K4U3, STM32C031K4U6, STM32C031K6T3, STM32C031K6T6, STM32C031K6U3, STM32C031K6U6, STM32G071K8TXN, STM32G071K8UXN, STM32G081GBU6N, STM32G081KBT6N, STM32G081KBUXN, STM32G0B1CCT6N, STM32G0B1KCT6, STM32G0B1NEY6TR, STM32G0B1RCT6N, STM32G0C1CCT6, STM32G0C1CCT6N, STM32G0C1CCU6N, STM32G0C1CET6N, STM32G0C1CEU6N, STM32G0C1KCT6, STM32G0C1NEY6TR, STM32G0C1RCI6N, STM32G0C1RCT6N, STM32G0C1REI6N, STM32G0C1RET6N, STM32G0C1VCI6, STM32G0C1VEI6, STM32G471CCT6, STM32G471CCU6, STM32G471CET3, STM32G471CET6, STM32G471CEU3, STM32G471CEU6, STM32G471MCT6, STM32G471MET3, STM32G471MET6, STM32G471MEY6TR, STM32G471QCT6, STM32G471QET3, STM32G471RCT6, STM32G471RET3, STM32G471RET6, STM32G471VCH6, STM32G471VCI6, STM32G471VCT6, STM32G471VEH3, STM32G471VEH6, STM32G471VEI3, STM32G471VEI6, STM32G471VET3, STM32G471VET6, STM32G474CCT6, STM32H503CBT6, STM32H503CBU6, STM32H503EBY6TR, STM32H503KBU6, STM32H503RBT6, STM32H562AGI6, STM32H562AII6, STM32H562IGK6, STM32H562IGT6, STM32H562IIK6, STM32H562IIT6, STM32H562RGT6, STM32H562RGV6, STM32H562RIT6, STM32H562RIV6, STM32H562VGT6, STM32H562VIT6, STM32H562ZGT6, STM32H562ZIT6, STM32H563AGI6, STM32H563AII3Q, STM32H563AII6, STM32H563IGK6, STM32H563IGT6, STM32H563IIK3Q, STM32H563IIK6, STM32H563IIT3Q, STM32H563IIT6, STM32H563MIY3QTR, STM32H563RGT6, STM32H563RGV6, STM32H563RIT6, STM32H563RIV6, STM32H563VGT6, STM32H563VIT3Q, STM32H563VIT6, STM32H563ZGT6, STM32H563ZIT3Q, STM32H563ZIT6, STM32H573AII3Q, STM32H573AII6, STM32H573I-DK, STM32H573IIK3Q, STM32H573IIK6, STM32H573IIT3Q, STM32H573IIT6, STM32H573MIY3QTR, STM32H573RIT6, STM32H573RIV6, STM32H573VIT3Q, STM32H573VIT6, STM32H573ZIT3Q, STM32H573ZIT6, STM32L4R5QGI6STR, STM32MP131AAE3, STM32MP131AAF3, STM32MP131AAG3, STM32MP131CAE3, STM32MP131CAF3, STM32MP131CAG3, STM32MP131DAE7, STM32MP131DAF7, STM32MP131DAG7, STM32MP131FAE7, STM32MP131FAF7, STM32MP131FAG7, STM32MP133AAE3, STM32MP133AAF3, STM32MP133AAG3, STM32MP133CAE3, STM32MP133CAF3, STM32MP133CAG3, STM32MP133DAE7, STM32MP133DAF7, STM32MP133DAG7, STM32MP133FAE7, STM32MP133FAF7, STM32MP133FAG7, STM32MP135AAE3, STM32MP135AAF3, STM32MP135AAG3, STM32MP135CAE3, STM32MP135CAF3, STM32MP135CAG3, STM32MP135DAE7, STM32MP135DAF7, STM32MP135DAG7, STM32MP135F-DK, STM32MP135FAE7, STM32MP135FAF7, STM32MP135FAF7T, STM32MP135FAF7U, STM32MP135FAG7, STM32U535CBT6, STM32U535CBT6Q, STM32U535CBU6, STM32U535CBU6Q, STM32U535CCT6, STM32U535CCT6Q, STM32U535CCU6, STM32U535CCU6Q, STM32U535CET6, STM32U535CET6Q, STM32U535CEU6, STM32U535CEU6Q, STM32U535JEY6QTR, STM32U535NCY6QTR, STM32U535NEY6QTR, STM32U535RBI6, STM32U535RBI6Q, STM32U535RBT6, STM32U535RBT6Q, STM32U535RCI6, STM32U535RCI6Q, STM32U535RCT6, STM32U535RCT6Q, STM32U535REI6, STM32U535REI6Q, STM32U535RET6, STM32U535RET6Q, STM32U535VCI6, STM32U535VCI6Q, STM32U535VCT6, STM32U535VCT6Q, STM32U535VEI6, STM32U535VEI6Q, STM32U535VET6, STM32U535VET6Q, STM32U545CET6, STM32U545CET6Q, STM32U545CEU6, STM32U545CEU6Q, STM32U545JEY6QTR, STM32U545NEY6QTR, STM32U545REI6, STM32U545REI6Q, STM32U545RET6, STM32U545RET6Q, STM32U545VEI6, STM32U545VEI6Q, STM32U545VET6, STM32U545VET6Q, STM32U595AIH6, STM32U595AIH6Q, STM32U595AJH6, STM32U595AJH6Q, STM32U595QII6, STM32U595QII6Q, STM32U595QJI6, STM32U595QJI6Q, STM32U595RIT6, STM32U595RIT6Q, STM32U595RJT6, STM32U595RJT6Q, STM32U595VIT6, STM32U595VIT6Q, STM32U595VJT6, STM32U595VJT6Q, STM32U595ZIT6, STM32U595ZIT6Q, STM32U595ZIY6QTR, STM32U595ZJT6, STM32U595ZJT6Q, STM32U595ZJY6QTR, STM32U599BJY6QTR, STM32U599NIH6Q, STM32U599NJH6Q, STM32U599VIT6Q, STM32U599VJT6, STM32U599VJT6Q, STM32U599ZIT6Q, STM32U599ZIY6QTR, STM32U599ZJT6Q, STM32U599ZJY6QTR, STM32U5A5AJH6, STM32U5A5AJH6Q, STM32U5A5QJI6, STM32U5A5QJI6Q, STM32U5A5RJT6, STM32U5A5RJT6Q, STM32U5A5VJT6, STM32U5A5VJT6Q, STM32U5A5ZJT6, STM32U5A5ZJT6Q, STM32U5A5ZJY6QTR, STM32U5A9BJY6QTR, STM32U5A9J-DK, STM32U5A9NJH6Q, STM32U5A9VJT6Q, STM32U5A9ZJT6Q, STM32U5A9ZJY6QTR, STM32U5F7VIT6, STM32U5F7VIT6Q, STM32U5F7VJT6, STM32U5F7VJT6Q, STM32U5F9BJY6QTR, STM32U5F9NJH6Q, STM32U5F9VIT6Q, STM32U5F9VJT6Q, STM32U5F9ZIJ6QTR, STM32U5F9ZIT6Q, STM32U5F9ZJJ6QTR, STM32U5F9ZJT6Q, STM32U5G7VJT6, STM32U5G7VJT6Q, STM32U5G9BJY6QTR, STM32U5G9J-DK1, STM32U5G9J-DK2, STM32U5G9NJH6Q, STM32U5G9VJT6Q, STM32U5G9ZJJ6QTR, STM32U5G9ZJT6Q, STM32WB1MMCH6, STM32WBA52CEU6, STM32WBA52CEU6T, STM32WBA52CGU6, STM32WBA52CGU6T, STM32WBA52KEU6, STM32WBA52KEU6T, STM32WBA52KGU6, STM32WBA52KGU6T, STM32WL5MOCH6, STM32WL5MOCH6TR]
2024-01-14 22:06:21,825 [INFO] ApiDb:668 - CubeFinder database Data Model version=2.1
2024-01-14 22:06:21,826 [INFO] ApiDb:669 - CubeFinder database Configuration version=3.0.39
2024-01-14 22:06:21,826 [INFO] ApiDb:670 - CubeFinder database generation date=2023-12-08 (1702028721)
2024-01-14 22:06:21,826 [INFO] ApiDb:671 - CubeFinder database FW Pack versions=[FP-ATR-ASTRA1_V2.0.0, FP-SNS-FLIGHT1_V5.0.1, FP-SNS-FLIGHT1_V5.0.2, FP-SNS-MOTENV1_V4.3.1, FP-SNS-MOTENV1_V4.3.2, FP-SNS-MOTENVWB1_V1.3.1, FP-SNS-SMARTAG2_V1.2.0, STM32Cube_FW_C0_V1.1.0, STM32Cube_FW_F4_V1.28.0, STM32Cube_FW_F7_V1.17.0, STM32Cube_FW_G0_V1.6.1, STM32Cube_FW_G4_V1.5.1, STM32Cube_FW_H5_V0.5.1, STM32Cube_FW_H5_V1.1.1, STM32Cube_FW_H5_V1.2.0RC2, STM32Cube_FW_H7_V1.11.0, STM32Cube_FW_L0_V1.12.2, STM32Cube_FW_L5_V1.5.0, STM32Cube_FW_U5_V1.3.0RC4, STM32Cube_FW_U5_V1.4.0, STM32Cube_FW_WBA_V1.0.0RC1, STM32Cube_FW_WBA_V1.1.0RC1, STM32Cube_FW_WBA_V1.2.0, STM32Cube_FW_WBA_V1.2.0RC2, STM32Cube_FW_WB_V1.15.0RC1, STM32Cube_FW_WB_V1.16.0, STM32Cube_FW_WB_V1.16.0RC2, STM32Cube_FW_WB_V1.18.0, STM32Cube_FW_WL_V1.3.0, X-CUBE-ALGOBUILD_V1.3.0, X-CUBE-ALS_V1.0.1, X-CUBE-AZRTOS-F4_V1.1.0, X-CUBE-AZRTOS-F7_V1.1.0, X-CUBE-AZRTOS-G0_V1.1.0, X-CUBE-AZRTOS-G4_V2.0.0, X-CUBE-AZRTOS-H7_V3.1.0, X-CUBE-AZRTOS-L4_V1.0.0, X-CUBE-AZRTOS-L4_V2.0.0, X-CUBE-AZRTOS-L5_V1.1.0, X-CUBE-AZRTOS-WB_V2.0.0, X-CUBE-AZRTOS-WL_V2.0.0, X-CUBE-BLE1_V7.0.0, X-CUBE-BLE2_V3.3.0, X-CUBE-BLEMGR_V3.0.0, X-CUBE-EEPRMA1_V4.1.0, X-CUBE-EEPRMA1_V4.2.0, X-CUBE-FREERTOS_V1.1.0, X-CUBE-GNSS1_V6.0.0, X-CUBE-MEMS1_V10.0.0, X-CUBE-MEMS1_V9.1.0, X-CUBE-MEMS1_V9.4.0, X-CUBE-MEMS1_V9.6.0, X-CUBE-NFC4_V3.0.0, X-CUBE-NFC7_V1.0.1, X-CUBE-SFXS2LP1_V4.0.0, X-CUBE-SUBG2_V5.0.0, X-CUBE-TOF1_V3.4.0]
2024-01-14 22:06:24,286 [INFO] ApiDb:240 - Found 323 in-development CPN: [B-G473E-ZEST1S, B-WB1M-WPAN1, B-WL5M-SUBG1, NUCLEO-C031C6, NUCLEO-H503RB, NUCLEO-H563ZI, NUCLEO-U545RE-Q, NUCLEO-U5A5ZJ-Q, NUCLEO-WBA52CG, STEVAL-PROTEUS1, STEVAL-SMARTAG2, STEVAL-STWINBX1, STM320518-EVAL, STM32C0116-DK, STM32C011D6Y3TR, STM32C011D6Y6TR, STM32C011F4P3, STM32C011F4P6, STM32C011F4U3, STM32C011F4U6TR, STM32C011F6P3, STM32C011F6P6, STM32C011F6U3, STM32C011F6U6TR, STM32C011J4M3, STM32C011J4M6, STM32C011J6M3, STM32C011J6M6, STM32C0316-DK, STM32C031C4T3, STM32C031C4T6, STM32C031C4U3, STM32C031C4U6, STM32C031C6T3, STM32C031C6T6, STM32C031C6U3, STM32C031C6U6, STM32C031F4P3, STM32C031F4P6, STM32C031F6P3, STM32C031F6P6, STM32C031G4U3, STM32C031G4U6, STM32C031G6U3, STM32C031G6U6, STM32C031K4T3, STM32C031K4T6, STM32C031K4U3, STM32C031K4U6, STM32C031K6T3, STM32C031K6T6, STM32C031K6U3, STM32C031K6U6, STM32G071K8TXN, STM32G071K8UXN, STM32G081GBU6N, STM32G081KBT6N, STM32G081KBUXN, STM32G0B1CCT6N, STM32G0B1KCT6, STM32G0B1NEY6TR, STM32G0B1RCT6N, STM32G0C1CCT6, STM32G0C1CCT6N, STM32G0C1CCU6N, STM32G0C1CET6N, STM32G0C1CEU6N, STM32G0C1KCT6, STM32G0C1NEY6TR, STM32G0C1RCI6N, STM32G0C1RCT6N, STM32G0C1REI6N, STM32G0C1RET6N, STM32G0C1VCI6, STM32G0C1VEI6, STM32G471CCT6, STM32G471CCU6, STM32G471CET3, STM32G471CET6, STM32G471CEU3, STM32G471CEU6, STM32G471MCT6, STM32G471MET3, STM32G471MET6, STM32G471MEY6TR, STM32G471QCT6, STM32G471QET3, STM32G471RCT6, STM32G471RET3, STM32G471RET6, STM32G471VCH6, STM32G471VCI6, STM32G471VCT6, STM32G471VEH3, STM32G471VEH6, STM32G471VEI3, STM32G471VEI6, STM32G471VET3, STM32G471VET6, STM32G474CCT6, STM32H503CBT6, STM32H503CBU6, STM32H503EBY6TR, STM32H503KBU6, STM32H503RBT6, STM32H562AGI6, STM32H562AII6, STM32H562IGK6, STM32H562IGT6, STM32H562IIK6, STM32H562IIT6, STM32H562RGT6, STM32H562RGV6, STM32H562RIT6, STM32H562RIV6, STM32H562VGT6, STM32H562VIT6, STM32H562ZGT6, STM32H562ZIT6, STM32H563AGI6, STM32H563AII3Q, STM32H563AII6, STM32H563IGK6, STM32H563IGT6, STM32H563IIK3Q, STM32H563IIK6, STM32H563IIT3Q, STM32H563IIT6, STM32H563MIY3QTR, STM32H563RGT6, STM32H563RGV6, STM32H563RIT6, STM32H563RIV6, STM32H563VGT6, STM32H563VIT3Q, STM32H563VIT6, STM32H563ZGT6, STM32H563ZIT3Q, STM32H563ZIT6, STM32H573AII3Q, STM32H573AII6, STM32H573I-DK, STM32H573IIK3Q, STM32H573IIK6, STM32H573IIT3Q, STM32H573IIT6, STM32H573MIY3QTR, STM32H573RIT6, STM32H573RIV6, STM32H573VIT3Q, STM32H573VIT6, STM32H573ZIT3Q, STM32H573ZIT6, STM32L4R5QGI6STR, STM32MP131AAE3, STM32MP131AAF3, STM32MP131AAG3, STM32MP131CAE3, STM32MP131CAF3, STM32MP131CAG3, STM32MP131DAE7, STM32MP131DAF7, STM32MP131DAG7, STM32MP131FAE7, STM32MP131FAF7, STM32MP131FAG7, STM32MP133AAE3, STM32MP133AAF3, STM32MP133AAG3, STM32MP133CAE3, STM32MP133CAF3, STM32MP133CAG3, STM32MP133DAE7, STM32MP133DAF7, STM32MP133DAG7, STM32MP133FAE7, STM32MP133FAF7, STM32MP133FAG7, STM32MP135AAE3, STM32MP135AAF3, STM32MP135AAG3, STM32MP135CAE3, STM32MP135CAF3, STM32MP135CAG3, STM32MP135DAE7, STM32MP135DAF7, STM32MP135DAG7, STM32MP135F-DK, STM32MP135FAE7, STM32MP135FAF7, STM32MP135FAF7T, STM32MP135FAF7U, STM32MP135FAG7, STM32U535CBT6, STM32U535CBT6Q, STM32U535CBU6, STM32U535CBU6Q, STM32U535CCT6, STM32U535CCT6Q, STM32U535CCU6, STM32U535CCU6Q, STM32U535CET6, STM32U535CET6Q, STM32U535CEU6, STM32U535CEU6Q, STM32U535JEY6QTR, STM32U535NCY6QTR, STM32U535NEY6QTR, STM32U535RBI6, STM32U535RBI6Q, STM32U535RBT6, STM32U535RBT6Q, STM32U535RCI6, STM32U535RCI6Q, STM32U535RCT6, STM32U535RCT6Q, STM32U535REI6, STM32U535REI6Q, STM32U535RET6, STM32U535RET6Q, STM32U535VCI6, STM32U535VCI6Q, STM32U535VCT6, STM32U535VCT6Q, STM32U535VEI6, STM32U535VEI6Q, STM32U535VET6, STM32U535VET6Q, STM32U545CET6, STM32U545CET6Q, STM32U545CEU6, STM32U545CEU6Q, STM32U545JEY6QTR, STM32U545NEY6QTR, STM32U545REI6, STM32U545REI6Q, STM32U545RET6, STM32U545RET6Q, STM32U545VEI6, STM32U545VEI6Q, STM32U545VET6, STM32U545VET6Q, STM32U595AIH6, STM32U595AIH6Q, STM32U595AJH6, STM32U595AJH6Q, STM32U595QII6, STM32U595QII6Q, STM32U595QJI6, STM32U595QJI6Q, STM32U595RIT6, STM32U595RIT6Q, STM32U595RJT6, STM32U595RJT6Q, STM32U595VIT6, STM32U595VIT6Q, STM32U595VJT6, STM32U595VJT6Q, STM32U595ZIT6, STM32U595ZIT6Q, STM32U595ZIY6QTR, STM32U595ZJT6, STM32U595ZJT6Q, STM32U595ZJY6QTR, STM32U599BJY6QTR, STM32U599NIH6Q, STM32U599NJH6Q, STM32U599VIT6Q, STM32U599VJT6, STM32U599VJT6Q, STM32U599ZIT6Q, STM32U599ZIY6QTR, STM32U599ZJT6Q, STM32U599ZJY6QTR, STM32U5A5AJH6, STM32U5A5AJH6Q, STM32U5A5QJI6, STM32U5A5QJI6Q, STM32U5A5RJT6, STM32U5A5RJT6Q, STM32U5A5VJT6, STM32U5A5VJT6Q, STM32U5A5ZJT6, STM32U5A5ZJT6Q, STM32U5A5ZJY6QTR, STM32U5A9BJY6QTR, STM32U5A9J-DK, STM32U5A9NJH6Q, STM32U5A9VJT6Q, STM32U5A9ZJT6Q, STM32U5A9ZJY6QTR, STM32U5F7VIT6, STM32U5F7VIT6Q, STM32U5F7VJT6, STM32U5F7VJT6Q, STM32U5F9BJY6QTR, STM32U5F9NJH6Q, STM32U5F9VIT6Q, STM32U5F9VJT6Q, STM32U5F9ZIJ6QTR, STM32U5F9ZIT6Q, STM32U5F9ZJJ6QTR, STM32U5F9ZJT6Q, STM32U5G7VJT6, STM32U5G7VJT6Q, STM32U5G9BJY6QTR, STM32U5G9J-DK1, STM32U5G9J-DK2, STM32U5G9NJH6Q, STM32U5G9VJT6Q, STM32U5G9ZJJ6QTR, STM32U5G9ZJT6Q, STM32WB1MMCH6, STM32WBA52CEU6, STM32WBA52CEU6T, STM32WBA52CGU6, STM32WBA52CGU6T, STM32WBA52KEU6, STM32WBA52KEU6T, STM32WBA52KGU6, STM32WBA52KGU6T, STM32WL5MOCH6, STM32WL5MOCH6TR]
2024-01-14 22:06:24,295 [INFO] DbMcus:217 - Found 3882 MCUs, 3882 are supported
2024-01-14 22:06:24,297 [INFO] ApiDb:423 - Load user favorites file C:\Users\yarde/.stm32cubeide/favorites.mcus.txt: 0 item(s)
2024-01-14 22:06:24,297 [INFO] ApiDb:427 - User favorites MCUs=[]
2024-01-14 22:06:24,297 [INFO] DbMcus:223 - Set 0 / 0 favorites MCUs
2024-01-14 22:06:25,104 [INFO] BoardInfo:880 - No configuration file found for board P-NUCLEO-WB55
2024-01-14 22:06:25,105 [INFO] DbBoards:157 - Kit is not supported: P-NUCLEO-WB55
2024-01-14 22:06:25,126 [INFO] BoardInfo:880 - No configuration file found for board STEVAL-BFA001V1B
2024-01-14 22:06:25,126 [INFO] DbBoards:157 - Kit is not supported: STEVAL-BFA001V1B
2024-01-14 22:06:25,129 [INFO] BoardInfo:880 - No configuration file found for board STEVAL-BFA001V2B
2024-01-14 22:06:25,129 [INFO] DbBoards:157 - Kit is not supported: STEVAL-BFA001V2B
2024-01-14 22:06:25,145 [INFO] BoardInfo:880 - No configuration file found for board STEVAL-MKBOXPRO
2024-01-14 22:06:25,146 [INFO] DbBoards:157 - Board is not supported: STEVAL-MKBOXPRO
2024-01-14 22:06:25,631 [INFO] DbBoards:161 - Found 191 boards, 187 are supported
2024-01-14 22:06:25,634 [INFO] ApiDb:423 - Load user favorites file C:\Users\yarde/.stm32cubeide/favorites.boards.txt: 0 item(s)
2024-01-14 22:06:25,635 [INFO] ApiDb:427 - User favorites Boards=[]
2024-01-14 22:06:25,635 [INFO] DbBoards:190 - Set 0 / 0 favorites Boards
2024-01-14 22:06:25,635 [INFO] McuFinderGlobals:76 - Set McuFinderConnectedMode to true
2024-01-14 22:06:25,648 [INFO] MultiScanPanel:200 - Auto-refresh data requested => check proxy status ongoing
2024-01-14 22:06:25,653 [INFO] FinderPluginLoader:95 - Searching for filters in installed packs
2024-01-14 22:06:27,625 [INFO] LoadUrlFilesThread:185 - End of LoadServerUrlFiles without Thread
2024-01-14 22:06:27,655 [INFO] DetailPanel:341 - Set advertising image to C:/Users/yarde/STM32Cube/Repository/\en.prom-stm32wl3-mcu-finder.jpg
2024-01-14 22:06:36,336 [INFO] MultiScanPanel:200 - Auto-refresh data requested => check proxy status ongoing
2024-01-14 22:06:36,559 [INFO] LoadUrlFilesThread:185 - End of LoadServerUrlFiles without Thread
2024-01-14 22:06:36,559 [INFO] DetailPanel:341 - Set advertising image to C:/Users/yarde/STM32Cube/Repository/\en.prom-stm32wl3-mcu-finder.jpg
2024-01-14 22:06:36,575 [INFO] DbBoards:634 - Loading board mini-images...
2024-01-14 22:06:39,590 [INFO] DbBoards:657 - Loaded 191 board mini-images
2024-01-14 22:07:11,444 [INFO] MainUpdater:2868 - connection check result : 10
2024-01-14 22:07:11,444 [INFO] MainUpdater:2868 - connection check result : 10
2024-01-14 22:07:22,589 [INFO] MicroXplorer:468 - Change Database Path : 
2024-01-14 22:07:22,589 [INFO] MicroXplorer:498 - Change Database Version : DB.6.0.91
2024-01-14 22:07:22,595 [WARN] ThirdParty:871 - waiting for thirdparty lock release [close project]
2024-01-14 22:07:22,596 [INFO] ThirdParty:873 - entering critical section [close project]
2024-01-14 22:07:22,600 [INFO] ThirdParty:883 - exiting critical section [close project]
2024-01-14 22:07:22,610 [INFO] PinOutPanel:1499 - setPackage(No Configuration,No Configuration)
2024-01-14 22:07:22,618 [INFO] UtilMem:75 - Begin LoadConfig() Used Memory: 899612984 Bytes (1073741824)
2024-01-14 22:07:22,622 [INFO] MicroXplorer:468 - Change Database Path : 
2024-01-14 22:07:22,622 [INFO] MicroXplorer:498 - Change Database Version : DB.6.0.91
2024-01-14 22:07:22,622 [INFO] OpenFileManager:308 - Change cursor
2024-01-14 22:07:22,749 [INFO] Mcu:1946 - Initializing MCU STM32F746ZGTx STM32F746ZGTx STM32F746ZGT6
2024-01-14 22:07:26,529 [INFO] Context:659 - Trying to add GPIOservice into a context  which must be forbidden
2024-01-14 22:07:27,704 [INFO] ImportTextPane:194 - (OptionalMessage_ERROR) Unable to find key (Mcu.ThirdPartyNb) in loaded IOC file
2024-01-14 22:07:27,704 [INFO] ImportTextPane:194 - (OptionalMessage_ERROR) Unable to find key (Mcu.PinsNb) in loaded IOC file
2024-01-14 22:07:27,704 [INFO] ImportTextPane:194 - (OptionalMessage_ERROR) Unable to find key (Mcu.IPNb) in loaded IOC file
2024-01-14 22:07:28,070 [INFO] RtosManager:555 - Registered RTOS mode: class=CMSIS, group=RTOS, mode=CMSIS_V1, owner=FREERTOS
2024-01-14 22:07:28,070 [INFO] RtosManager:555 - Registered RTOS mode: class=CMSIS, group=RTOS2, mode=CMSIS_V2, owner=FREERTOS
2024-01-14 22:07:28,071 [INFO] RtosManager:555 - Registered RTOS mode: class=RTOS, group=Core, mode=CMSIS_V1, owner=FREERTOS
2024-01-14 22:07:28,071 [INFO] RtosManager:555 - Registered RTOS mode: class=RTOS, group=Core, mode=CMSIS_V2, owner=FREERTOS
2024-01-14 22:07:28,071 [WARN] ModelIntegratedComponent:184 - Missing modes for component STMicroelectronics:FreeRTOS:0.0.1:STMicroelectronics:RTOS:FreeRTOS:Core:::10.2.0:
2024-01-14 22:07:28,098 [WARN] ModelIntegratedComponent:63 - No mode defined for component null
2024-01-14 22:07:28,098 [WARN] ModelIntegratedComponent:63 - No mode defined for component null
2024-01-14 22:07:28,098 [WARN] ModelIntegratedComponent:63 - No mode defined for component null
2024-01-14 22:07:28,098 [WARN] ModelIntegratedComponent:63 - No mode defined for component null
2024-01-14 22:07:28,098 [WARN] ModelIntegratedComponent:63 - No mode defined for component null
2024-01-14 22:07:28,098 [WARN] ModelIntegratedComponent:63 - No mode defined for component null
2024-01-14 22:07:28,098 [WARN] ModelIntegratedComponent:63 - No mode defined for component null
2024-01-14 22:07:28,099 [WARN] ModelIntegratedComponent:63 - No mode defined for component null
2024-01-14 22:07:28,099 [WARN] ModelIntegratedComponent:63 - No mode defined for component null
2024-01-14 22:07:28,099 [WARN] ModelIntegratedComponent:63 - No mode defined for component null
2024-01-14 22:07:28,099 [WARN] ModelIntegratedComponent:63 - No mode defined for component null
2024-01-14 22:07:28,099 [WARN] ModelIntegratedComponent:63 - No mode defined for component null
2024-01-14 22:07:28,099 [WARN] ModelIntegratedComponent:63 - No mode defined for component null
2024-01-14 22:07:28,099 [WARN] ModelIntegratedComponent:63 - No mode defined for component null
2024-01-14 22:07:28,099 [WARN] ModelIntegratedComponent:63 - No mode defined for component null
2024-01-14 22:07:28,100 [WARN] ModelIntegratedComponent:63 - No mode defined for component null
2024-01-14 22:07:28,100 [WARN] ModelIntegratedComponent:63 - No mode defined for component null
2024-01-14 22:07:28,100 [WARN] ModelIntegratedComponent:63 - No mode defined for component null
2024-01-14 22:07:28,100 [WARN] ModelIntegratedComponent:63 - No mode defined for component null
2024-01-14 22:07:28,100 [WARN] ModelIntegratedComponent:63 - No mode defined for component null
2024-01-14 22:07:28,100 [WARN] ModelIntegratedComponent:63 - No mode defined for component null
2024-01-14 22:07:28,100 [WARN] ModelIntegratedComponent:63 - No mode defined for component null
2024-01-14 22:07:28,100 [WARN] ModelIntegratedComponent:63 - No mode defined for component null
2024-01-14 22:07:28,100 [WARN] ModelIntegratedComponent:63 - No mode defined for component null
2024-01-14 22:07:28,101 [WARN] ModelIntegratedComponent:63 - No mode defined for component null
2024-01-14 22:07:28,101 [WARN] ModelIntegratedComponent:63 - No mode defined for component null
2024-01-14 22:07:28,101 [WARN] ModelIntegratedComponent:63 - No mode defined for component null
2024-01-14 22:07:28,101 [WARN] ModelIntegratedComponent:63 - No mode defined for component null
2024-01-14 22:07:28,101 [WARN] ModelIntegratedComponent:63 - No mode defined for component null
2024-01-14 22:07:28,101 [WARN] ModelIntegratedComponent:63 - No mode defined for component null
2024-01-14 22:07:28,101 [WARN] ModelIntegratedComponent:63 - No mode defined for component null
2024-01-14 22:07:28,101 [WARN] ModelIntegratedComponent:63 - No mode defined for component null
2024-01-14 22:07:28,102 [WARN] ModelIntegratedComponent:63 - No mode defined for component null
2024-01-14 22:07:28,272 [INFO] ThirdPartyModel:298 - Start build external matchings
2024-01-14 22:07:29,430 [INFO] ThirdPartyModel:316 - End build external matchings
2024-01-14 22:07:30,133 [INFO] UtilMem:75 - End LoadConfig() Used Memory: 821577136 Bytes (1073741824)
2024-01-14 22:07:30,238 [WARN] ThirdParty:833 - waiting for thirdparty lock release [change project]
2024-01-14 22:07:30,238 [INFO] ThirdParty:835 - entering critical section [change project]
2024-01-14 22:07:30,239 [INFO] ThirdParty:1030 - CMSIS Pack Vendor :STMicroelectronics X-CUBE-ISPU 1.1.0
2024-01-14 22:07:30,239 [INFO] ThirdParty:1030 - CMSIS Pack Vendor :STMicroelectronics USBPD 4.1
2024-01-14 22:07:30,239 [INFO] ThirdParty:1030 - CMSIS Pack Vendor :STMicroelectronics X-CUBE-GNSS1 6.0.0
2024-01-14 22:07:30,239 [INFO] ThirdParty:1030 - CMSIS Pack Vendor :STMicroelectronics USB_HOST 2.0.0
2024-01-14 22:07:30,239 [INFO] ThirdParty:1030 - CMSIS Pack Vendor :STMicroelectronics X-CUBE-AZRTOS-F4 1.1.0
2024-01-14 22:07:30,239 [INFO] ThirdParty:1030 - CMSIS Pack Vendor :STMicroelectronics LIBJPEG 8.0.0
2024-01-14 22:07:30,239 [INFO] ThirdParty:1030 - CMSIS Pack Vendor :wolfSSL I-CUBE-wolfSSL 5.6.3
2024-01-14 22:07:30,240 [INFO] ThirdParty:1030 - CMSIS Pack Vendor :STMicroelectronics X-CUBE-SMBUS 2.1.0
2024-01-14 22:07:30,240 [INFO] ThirdParty:1030 - CMSIS Pack Vendor :STMicroelectronics USB_DEVICE 3.0.0
2024-01-14 22:07:30,240 [INFO] ThirdParty:1030 - CMSIS Pack Vendor :STMicroelectronics X-CUBE-AZRTOS-WB 2.0.0
2024-01-14 22:07:30,240 [INFO] ThirdParty:1030 - CMSIS Pack Vendor :STMicroelectronics X-CUBE-TOUCHGFX 4.23.0
2024-01-14 22:07:30,240 [INFO] ThirdParty:1030 - CMSIS Pack Vendor :STMicroelectronics X-CUBE-AZRTOS-F7 1.1.0
2024-01-14 22:07:30,240 [INFO] ThirdParty:1030 - CMSIS Pack Vendor :STMicroelectronics X-CUBE-AZRTOS-L5 2.0.0
2024-01-14 22:07:30,240 [INFO] ThirdParty:1030 - CMSIS Pack Vendor :STMicroelectronics USB_DEVICE 2.0.0
2024-01-14 22:07:30,240 [INFO] ThirdParty:1030 - CMSIS Pack Vendor :STMicroelectronics X-CUBE-MEMS1 9.6.0
2024-01-14 22:07:30,240 [INFO] ThirdParty:1030 - CMSIS Pack Vendor :STMicroelectronics X-CUBE-EEPRMA1 4.2.0
2024-01-14 22:07:30,240 [INFO] ThirdParty:1030 - CMSIS Pack Vendor :ITTIA_DB I-CUBE-ITTIADB 8.8.0
2024-01-14 22:07:30,240 [INFO] ThirdParty:1030 - CMSIS Pack Vendor :STMicroelectronics FP-SNS-MOTENV1 4.3.2
2024-01-14 22:07:30,240 [INFO] ThirdParty:1030 - CMSIS Pack Vendor :STMicroelectronics X-CUBE-ALGOBUILD 1.3.0
2024-01-14 22:07:30,240 [INFO] ThirdParty:1030 - CMSIS Pack Vendor :STMicroelectronics FreeRTOS 0.0.1
2024-01-14 22:07:30,240 [INFO] ThirdParty:1030 - CMSIS Pack Vendor :STMicroelectronics X-CUBE-AZRTOS-G0 1.1.0
2024-01-14 22:07:30,240 [INFO] ThirdParty:1030 - CMSIS Pack Vendor :STMicroelectronics X-CUBE-BLEMGR 2.0.0
2024-01-14 22:07:30,240 [INFO] ThirdParty:1030 - CMSIS Pack Vendor :STMicroelectronics X-CUBE-NFC4 3.0.0
2024-01-14 22:07:30,240 [INFO] ThirdParty:1030 - CMSIS Pack Vendor :STMicroelectronics X-CUBE-SUBG2 5.0.0
2024-01-14 22:07:30,242 [INFO] ThirdParty:1030 - CMSIS Pack Vendor :STMicroelectronics STM32_WPAN 1.0.0
2024-01-14 22:07:30,242 [INFO] ThirdParty:1030 - CMSIS Pack Vendor :STMicroelectronics lwIP 2.0.3
2024-01-14 22:07:30,242 [INFO] ThirdParty:1030 - CMSIS Pack Vendor :STMicroelectronics FP-SNS-FLIGHT1 5.0.2
2024-01-14 22:07:30,242 [INFO] ThirdParty:1030 - CMSIS Pack Vendor :STMicroelectronics USB_HOST 1.0.0
2024-01-14 22:07:30,242 [INFO] ThirdParty:1030 - CMSIS Pack Vendor :STMicroelectronics X-CUBE-TOF1 3.3.1
2024-01-14 22:07:30,242 [INFO] ThirdParty:1030 - CMSIS Pack Vendor :STMicroelectronics X-CUBE-AZRTOS-G4 2.0.0
2024-01-14 22:07:30,242 [INFO] ThirdParty:1030 - CMSIS Pack Vendor :STMicroelectronics PDM2PCM 3.1.0
2024-01-14 22:07:30,242 [INFO] ThirdParty:1030 - CMSIS Pack Vendor :STMicroelectronics X-CUBE-AZRTOS-H7 3.1.0
2024-01-14 22:07:30,242 [INFO] ThirdParty:1030 - CMSIS Pack Vendor :Infineon AIROC-Wi-Fi-Bluetooth-STM32 1.5.1
2024-01-14 22:07:30,242 [INFO] ThirdParty:1030 - CMSIS Pack Vendor :STMicroelectronics X-CUBE-BLEMGR 3.0.0
2024-01-14 22:07:30,242 [INFO] ThirdParty:1030 - CMSIS Pack Vendor :STMicroelectronics PDM2PCM 3.3.0
2024-01-14 22:07:30,242 [INFO] ThirdParty:1030 - CMSIS Pack Vendor :STMicroelectronics X-CUBE-DISPLAY 3.0.0
2024-01-14 22:07:30,242 [INFO] ThirdParty:1030 - CMSIS Pack Vendor :STMicroelectronics FP-SNS-MOTENVWB1 1.3.0
2024-01-14 22:07:30,242 [INFO] ThirdParty:1030 - CMSIS Pack Vendor :STMicroelectronics FP-SNS-MOTENVWB1 1.3.1
2024-01-14 22:07:30,242 [INFO] ThirdParty:1030 - CMSIS Pack Vendor :STMicroelectronics X-CUBE-BLE1 7.0.0
2024-01-14 22:07:30,242 [INFO] ThirdParty:1030 - CMSIS Pack Vendor :STMicroelectronics FP-ATR-SIGFOX1 3.2.0
2024-01-14 22:07:30,242 [INFO] ThirdParty:1030 - CMSIS Pack Vendor :STMicroelectronics X-CUBE-ISPU 2.0.0
2024-01-14 22:07:30,242 [INFO] ThirdParty:1030 - CMSIS Pack Vendor :STMicroelectronics HAL Drivers 0.0.0
2024-01-14 22:07:30,242 [INFO] ThirdParty:1030 - CMSIS Pack Vendor :STMicroelectronics MBEDTLS 2.16.2
2024-01-14 22:07:30,242 [INFO] ThirdParty:1030 - CMSIS Pack Vendor :emotas I-CUBE-CANOPEN 1.3.0
2024-01-14 22:07:30,242 [INFO] ThirdParty:1030 - CMSIS Pack Vendor :STMicroelectronics X-CUBE-MEMS1 10.0.0
2024-01-14 22:07:30,242 [INFO] ThirdParty:1030 - CMSIS Pack Vendor :STMicroelectronics X-CUBE-FREERTOS 1.1.0
2024-01-14 22:07:30,242 [INFO] ThirdParty:1030 - CMSIS Pack Vendor :STMicroelectronics X-CUBE-TOUCHGFX 4.22.0
2024-01-14 22:07:30,242 [INFO] ThirdParty:1030 - CMSIS Pack Vendor :STMicroelectronics X-CUBE-NFC7 1.0.1
2024-01-14 22:07:30,242 [INFO] ThirdParty:1030 - CMSIS Pack Vendor :STMicroelectronics MBEDTLS 2.14.1
2024-01-14 22:07:30,242 [INFO] ThirdParty:1030 - CMSIS Pack Vendor :STMicroelectronics X-CUBE-TOUCHGFX 4.22.1
2024-01-14 22:07:30,242 [INFO] ThirdParty:1030 - CMSIS Pack Vendor :STMicroelectronics X-CUBE-NFC6 3.0.0
2024-01-14 22:07:30,242 [INFO] ThirdParty:1030 - CMSIS Pack Vendor :STMicroelectronics X-CUBE-EEPRMA1 4.1.0
2024-01-14 22:07:30,242 [INFO] ThirdParty:1030 - CMSIS Pack Vendor :portGmbH I-Cube-SoM-uGOAL 1.1.0
2024-01-14 22:07:30,242 [INFO] ThirdParty:1030 - CMSIS Pack Vendor :STMicroelectronics X-CUBE-ALS 1.0.1
2024-01-14 22:07:30,242 [INFO] ThirdParty:1030 - CMSIS Pack Vendor :STMicroelectronics ThreadX 1.0.0
2024-01-14 22:07:30,242 [INFO] ThirdParty:1030 - CMSIS Pack Vendor :STMicroelectronics FP-SNS-SMARTAG2 1.2.0
2024-01-14 22:07:30,242 [INFO] ThirdParty:1030 - CMSIS Pack Vendor :STMicroelectronics X-CUBE-AZRTOS-WL 2.0.0
2024-01-14 22:07:30,242 [INFO] ThirdParty:1030 - CMSIS Pack Vendor :SEGGER I-CUBE-embOS 1.3.1
2024-01-14 22:07:30,242 [INFO] ThirdParty:1030 - CMSIS Pack Vendor :STMicroelectronics USB_DEVICE 1.0.0
2024-01-14 22:07:30,242 [INFO] ThirdParty:1030 - CMSIS Pack Vendor :STMicroelectronics X-CUBE-AI 8.1.0
2024-01-14 22:07:30,242 [INFO] ThirdParty:1030 - CMSIS Pack Vendor :STMicroelectronics X-CUBE-AZRTOS-L4 2.0.0
2024-01-14 22:07:30,242 [INFO] ThirdParty:1030 - CMSIS Pack Vendor :STMicroelectronics ThreadX 0.0.2
2024-01-14 22:07:30,242 [INFO] ThirdParty:1030 - CMSIS Pack Vendor :WES I-CUBE-Cesium 1.3.0
2024-01-14 22:07:30,242 [INFO] ThirdParty:1030 - CMSIS Pack Vendor :STMicroelectronics FP-ATR-ASTRA1 2.0.0
2024-01-14 22:07:30,242 [INFO] ThirdParty:1030 - CMSIS Pack Vendor :STMicroelectronics lwIP 2.1.2
2024-01-14 22:07:30,242 [INFO] ThirdParty:1030 - CMSIS Pack Vendor :STMicroelectronics X-CUBE-SFXS2LP1 4.0.0
2024-01-14 22:07:30,242 [INFO] ThirdParty:1030 - CMSIS Pack Vendor :STMicroelectronics X-CUBE-BLE2 3.3.0
2024-01-14 22:07:30,242 [INFO] ThirdParty:1030 - CMSIS Pack Vendor :STMicroelectronics X-CUBE-TOF1 3.4.0
2024-01-14 22:07:30,242 [INFO] ThirdParty:1030 - CMSIS Pack Vendor :STMicroelectronics X-CUBE-AZRTOS-H7 3.2.0
2024-01-14 22:07:30,242 [INFO] ThirdParty:1030 - CMSIS Pack Vendor :STMicroelectronics PDM2PCM 3.2.0
2024-01-14 22:07:30,242 [INFO] ThirdParty:841 - exiting critical section [change project]
2024-01-14 22:07:31,136 [INFO] PinOutPanel:1499 - setPackage(No Configuration,No Configuration)
2024-01-14 22:07:31,139 [INFO] PinOutPanel:1499 - setPackage(STM32F746ZGTx,LQFP144)
2024-01-14 22:07:32,049 [INFO] UtilMem:75 - Before build in PCC Used Memory: 958856064 Bytes (1073741824)
2024-01-14 22:07:33,307 [INFO] UtilMem:75 - After build in PCC Used Memory: 821521016 Bytes (1073741824)
2024-01-14 22:07:33,352 [INFO] IPUIPlugin:80 - create IPUIPlugin
2024-01-14 22:07:33,352 [INFO] IPUIPlugin:80 - create IPUIPlugin
2024-01-14 22:07:33,352 [INFO] IPUIPlugin:80 - create IPUIPlugin
2024-01-14 22:07:33,353 [INFO] IPUIPlugin:80 - create IPUIPlugin
2024-01-14 22:07:33,353 [INFO] IPUIPlugin:80 - create IPUIPlugin
2024-01-14 22:07:33,353 [INFO] IPUIPlugin:80 - create IPUIPlugin
2024-01-14 22:07:33,353 [INFO] IPUIPlugin:80 - create IPUIPlugin
2024-01-14 22:07:33,353 [INFO] IPUIPlugin:80 - create IPUIPlugin
2024-01-14 22:07:33,354 [INFO] IPUIPlugin:80 - create IPUIPlugin
2024-01-14 22:07:33,354 [INFO] IPUIPlugin:80 - create IPUIPlugin
2024-01-14 22:07:33,354 [INFO] IPUIPlugin:80 - create IPUIPlugin
2024-01-14 22:07:33,354 [INFO] IPUIPlugin:80 - create IPUIPlugin
2024-01-14 22:07:33,354 [INFO] IPUIPlugin:80 - create IPUIPlugin
2024-01-14 22:07:33,354 [INFO] IPUIPlugin:80 - create IPUIPlugin
2024-01-14 22:07:33,355 [INFO] IPUIPlugin:80 - create IPUIPlugin
2024-01-14 22:07:33,355 [INFO] IPUIPlugin:80 - create IPUIPlugin
2024-01-14 22:07:33,355 [INFO] IPUIPlugin:80 - create IPUIPlugin
2024-01-14 22:07:33,355 [INFO] IPUIPlugin:80 - create IPUIPlugin
2024-01-14 22:07:33,355 [INFO] IPUIPlugin:80 - create IPUIPlugin
2024-01-14 22:07:33,355 [INFO] IPUIPlugin:80 - create IPUIPlugin
2024-01-14 22:07:33,355 [INFO] IPUIPlugin:80 - create IPUIPlugin
2024-01-14 22:07:33,356 [INFO] IPUIPlugin:80 - create IPUIPlugin
2024-01-14 22:07:33,356 [INFO] IPUIPlugin:80 - create IPUIPlugin
2024-01-14 22:07:33,356 [INFO] IPUIPlugin:80 - create IPUIPlugin
2024-01-14 22:07:33,357 [INFO] IPUIPlugin:80 - create IPUIPlugin
2024-01-14 22:07:33,357 [INFO] IPUIPlugin:80 - create IPUIPlugin
2024-01-14 22:07:33,358 [INFO] IPUIPlugin:80 - create IPUIPlugin
2024-01-14 22:07:33,358 [INFO] IPUIPlugin:80 - create IPUIPlugin
2024-01-14 22:07:33,358 [INFO] IPUIPlugin:80 - create IPUIPlugin
2024-01-14 22:07:33,359 [INFO] IPUIPlugin:80 - create IPUIPlugin
2024-01-14 22:07:33,359 [INFO] IPUIPlugin:80 - create IPUIPlugin
2024-01-14 22:07:33,359 [INFO] IPUIPlugin:80 - create IPUIPlugin
2024-01-14 22:07:33,359 [INFO] IPUIPlugin:80 - create IPUIPlugin
2024-01-14 22:07:33,360 [INFO] IPUIPlugin:80 - create IPUIPlugin
2024-01-14 22:07:33,360 [INFO] IPUIPlugin:80 - create IPUIPlugin
2024-01-14 22:07:33,360 [INFO] IPUIPlugin:80 - create IPUIPlugin
2024-01-14 22:07:33,360 [INFO] IPUIPlugin:80 - create IPUIPlugin
2024-01-14 22:07:33,361 [INFO] IPUIPlugin:80 - create IPUIPlugin
2024-01-14 22:07:33,362 [INFO] IPUIPlugin:80 - create IPUIPlugin
2024-01-14 22:07:33,362 [INFO] IPUIPlugin:80 - create IPUIPlugin
2024-01-14 22:07:33,363 [INFO] IPUIPlugin:80 - create IPUIPlugin
2024-01-14 22:07:33,363 [INFO] IPUIPlugin:80 - create IPUIPlugin
2024-01-14 22:07:33,363 [INFO] IPUIPlugin:80 - create IPUIPlugin
2024-01-14 22:07:33,363 [INFO] IPUIPlugin:80 - create IPUIPlugin
2024-01-14 22:07:33,364 [INFO] IPUIPlugin:80 - create IPUIPlugin
2024-01-14 22:07:33,364 [INFO] IPUIPlugin:80 - create IPUIPlugin
2024-01-14 22:07:33,364 [INFO] IPUIPlugin:80 - create IPUIPlugin
2024-01-14 22:07:33,364 [INFO] IPUIPlugin:80 - create IPUIPlugin
2024-01-14 22:07:33,365 [INFO] IPUIPlugin:80 - create IPUIPlugin
2024-01-14 22:07:33,365 [INFO] IPUIPlugin:80 - create IPUIPlugin
2024-01-14 22:07:33,365 [INFO] IPUIPlugin:80 - create IPUIPlugin
2024-01-14 22:07:33,365 [INFO] IPUIPlugin:80 - create IPUIPlugin
2024-01-14 22:07:33,366 [INFO] IPUIPlugin:80 - create IPUIPlugin
2024-01-14 22:07:33,367 [INFO] IPUIPlugin:80 - create IPUIPlugin
2024-01-14 22:07:33,367 [INFO] IPUIPlugin:80 - create IPUIPlugin
2024-01-14 22:07:33,367 [INFO] IPUIPlugin:80 - create IPUIPlugin
2024-01-14 22:07:33,368 [INFO] IPUIPlugin:80 - create IPUIPlugin
2024-01-14 22:07:33,369 [INFO] IPUIPlugin:80 - create IPUIPlugin
2024-01-14 22:07:33,369 [INFO] IPUIPlugin:80 - create IPUIPlugin
2024-01-14 22:07:33,370 [INFO] IPUIPlugin:80 - create IPUIPlugin
2024-01-14 22:07:33,370 [INFO] IPUIPlugin:80 - create IPUIPlugin
2024-01-14 22:07:33,371 [INFO] IPUIPlugin:80 - create IPUIPlugin
2024-01-14 22:07:33,371 [INFO] IPUIPlugin:80 - create IPUIPlugin
2024-01-14 22:07:33,372 [INFO] IPUIPlugin:80 - create IPUIPlugin
2024-01-14 22:07:33,372 [INFO] IPUIPlugin:80 - create IPUIPlugin
2024-01-14 22:07:33,372 [INFO] IPUIPlugin:80 - create IPUIPlugin
2024-01-14 22:07:33,373 [INFO] IPUIPlugin:80 - create IPUIPlugin
2024-01-14 22:07:33,373 [INFO] IPUIPlugin:80 - create IPUIPlugin
2024-01-14 22:07:33,374 [INFO] IPUIPlugin:80 - create IPUIPlugin
2024-01-14 22:07:33,376 [INFO] IPUIPlugin:80 - create IPUIPlugin
2024-01-14 22:07:33,376 [INFO] IPUIPlugin:80 - create IPUIPlugin
2024-01-14 22:07:33,377 [INFO] IPUIPlugin:80 - create IPUIPlugin
2024-01-14 22:07:33,378 [INFO] IPUIPlugin:80 - create IPUIPlugin
2024-01-14 22:07:33,379 [INFO] IPUIPlugin:80 - create IPUIPlugin
2024-01-14 22:07:33,553 [INFO] ApiDbMcu:507 - Load IP Config File for PDM2PCM
2024-01-14 22:07:33,875 [INFO] CADModel:165 - CPN selected for project levelSTM32F746ZGT6
2024-01-14 22:07:33,875 [INFO] CADModel:114 - Register for checkConnection events
2024-01-14 22:07:33,933 [INFO] OpenFileManager:328 - Restore cursor
2024-01-14 22:07:35,417 [INFO] UtilMem:75 - End SaveConfig() Used Memory: 857850616 Bytes (1073741824)
2024-01-14 22:07:35,593 [INFO] UtilMem:75 - End SaveConfig() Used Memory: 887737080 Bytes (1073741824)
2024-01-14 22:07:36,167 [INFO] BlockDiagram:2759 - set Specific Code input for plugin: RCC
2024-01-14 22:07:36,168 [INFO] BlockDiagram:2759 - set Specific Code input for plugin: NVIC
2024-01-14 22:07:36,168 [INFO] BlockDiagram:2759 - set Specific Code input for plugin: CORTEX_M7
2024-01-14 22:07:36,171 [INFO] CodeGenerator:799 - code generatio: config db path: C:\ST\STM32CubeIDE_1.13.1\STM32CubeIDE\plugins\com.st.stm32cube.common.mx_6.9.1.202307191849\\db\
2024-01-14 22:07:36,658 [INFO] CodeEngine:255 - oldGeneratedFile, C:\Users\yarde\STM32CubeIDE\workspace_1.13.1\RTconcepts\MXTmpFiles\license.tmp_save
2024-01-14 22:07:37,465 [INFO] CodeEngine:279 - Generated code: C:\Users\yarde\STM32CubeIDE\workspace_1.13.1\RTconcepts\MXTmpFiles\license.tmp
2024-01-14 22:07:37,702 [INFO] CodeEngine:255 - oldGeneratedFile, C:\Users\yarde\STM32CubeIDE\workspace_1.13.1\RTconcepts\MXTmpFiles\cortex.tmp_save
2024-01-14 22:07:37,993 [INFO] CodeEngine:279 - Generated code: C:\Users\yarde\STM32CubeIDE\workspace_1.13.1\RTconcepts\MXTmpFiles\cortex.tmp
2024-01-14 22:07:38,030 [INFO] CodeEngine:255 - oldGeneratedFile, C:\Users\yarde\STM32CubeIDE\workspace_1.13.1\RTconcepts\Core\Src\stm32f7xx_it.c_save
2024-01-14 22:07:38,220 [INFO] CodeEngine:279 - Generated code: C:\Users\yarde\STM32CubeIDE\workspace_1.13.1\RTconcepts\Core\Src\stm32f7xx_it.c
2024-01-14 22:07:38,238 [INFO] CodeEngine:255 - oldGeneratedFile, C:\Users\yarde\STM32CubeIDE\workspace_1.13.1\RTconcepts\Core\Inc\stm32f7xx_it.h_save
2024-01-14 22:07:38,366 [INFO] CodeEngine:279 - Generated code: C:\Users\yarde\STM32CubeIDE\workspace_1.13.1\RTconcepts\Core\Inc\stm32f7xx_it.h
2024-01-14 22:07:38,445 [INFO] CodeEngine:255 - oldGeneratedFile, C:\Users\yarde\STM32CubeIDE\workspace_1.13.1\RTconcepts\Core\Src\stm32f7xx_hal_msp.c_save
2024-01-14 22:07:38,663 [INFO] CodeEngine:279 - Generated code: C:\Users\yarde\STM32CubeIDE\workspace_1.13.1\RTconcepts\Core\Src\stm32f7xx_hal_msp.c
2024-01-14 22:07:38,683 [INFO] CodeEngine:255 - oldGeneratedFile, C:\Users\yarde\STM32CubeIDE\workspace_1.13.1\RTconcepts\MXTmpFiles\system.tmp_save
2024-01-14 22:07:38,780 [INFO] CodeEngine:279 - Generated code: C:\Users\yarde\STM32CubeIDE\workspace_1.13.1\RTconcepts\MXTmpFiles\system.tmp
2024-01-14 22:07:38,812 [INFO] CodeEngine:311 - oldGeneratedFile, C:\Users\yarde\STM32CubeIDE\workspace_1.13.1\RTconcepts\Core\Inc\stm32f7xx_hal_conf.h_save
2024-01-14 22:07:38,961 [INFO] CodeEngine:335 - Generated code: C:\Users\yarde\STM32CubeIDE\workspace_1.13.1\RTconcepts\Core\Inc\stm32f7xx_hal_conf.h
2024-01-14 22:07:39,067 [INFO] CodeEngine:255 - oldGeneratedFile, C:\Users\yarde\STM32CubeIDE\workspace_1.13.1\RTconcepts\Core\Inc\main.h_save
2024-01-14 22:07:39,227 [INFO] CodeEngine:279 - Generated code: C:\Users\yarde\STM32CubeIDE\workspace_1.13.1\RTconcepts\Core\Inc\main.h
2024-01-14 22:07:39,245 [INFO] CodeEngine:255 - oldGeneratedFile, C:\Users\yarde\STM32CubeIDE\workspace_1.13.1\RTconcepts\Core\Src\main.c_save
2024-01-14 22:07:39,461 [INFO] CodeEngine:279 - Generated code: C:\Users\yarde\STM32CubeIDE\workspace_1.13.1\RTconcepts\Core\Src\main.c
2024-01-14 22:07:40,532 [INFO] ProjectBuilder:3064 - Time for Copy HAL[1] : 315mS.
2024-01-14 22:07:40,542 [INFO] ProjectBuilder:4404 - Project Generator version: 4.1.0
2024-01-14 22:07:40,956 [INFO] ConfigFileManager:1457 - The Die is : DIE449
2024-01-14 22:07:40,976 [INFO] ApiDbMcu:507 - Load IP Config File for FATFS
2024-01-14 22:07:40,997 [INFO] ApiDbMcu:507 - Load IP Config File for FREERTOS
2024-01-14 22:07:41,009 [INFO] ApiDbMcu:507 - Load IP Config File for LIBJPEG
2024-01-14 22:07:41,047 [INFO] ApiDbMcu:507 - Load IP Config File for LWIP
2024-01-14 22:07:41,067 [INFO] ApiDbMcu:507 - Load IP Config File for MBEDTLS
2024-01-14 22:07:41,093 [INFO] ApiDbMcu:507 - Load IP Config File for USB_DEVICE
2024-01-14 22:07:41,109 [INFO] ApiDbMcu:507 - Load IP Config File for USB_HOST
2024-01-14 22:07:43,078 [INFO] LogOutputStream:77 - [STDOUT_REDIRECT] 
2024-01-14 22:07:48,359 [INFO] ProjectBuilder:4626 - Time for Generating toolchain IDE Files: 7816mS.
2024-01-14 22:07:48,361 [INFO] ProjectBuilder:2935 - Time for Copy CMSIS : 2mS.
2024-01-14 22:07:48,364 [INFO] ProjectBuilder:2935 - Time for Copy CMSIS : 0mS.
2024-01-14 22:07:51,445 [INFO] McuFinderGlobals:76 - Set McuFinderConnectedMode to true
2024-01-14 22:07:51,452 [INFO] ApiDb:448 - Save user favorites file C:\Users\yarde/.stm32cubeide/favorites.mcus.txt: 0 item(s)
2024-01-14 22:07:51,452 [INFO] ApiDb:452 - User favorites MCUs=[]
2024-01-14 22:07:51,456 [INFO] ApiDb:448 - Save user favorites file C:\Users\yarde/.stm32cubeide/favorites.boards.txt: 0 item(s)
2024-01-14 22:07:51,456 [INFO] ApiDb:452 - User favorites Boards=[]
2024-01-14 22:08:05,082 [INFO] RtosManager:919 - Current active RTOS is FREERTOS [Cortex-M7NS]
2024-01-14 22:08:06,205 [ERROR] RtosPanel:558 - Can not restore the selected Tab for FREERTOS(A reason can be that the tab is no more available.)
2024-01-14 22:08:06,320 [ERROR] RtosPanel:558 - Can not restore the selected Tab for FREERTOS(A reason can be that the tab is no more available.)
2024-01-14 23:02:27,734 [INFO] TasksAndQueuesTab:757 - Dynamic
2024-01-14 23:02:27,749 [WARN] TasksAndQueuesTab:763 - 128 128
2024-01-14 23:02:27,756 [WARN] TasksAndQueuesTab:775 - max value is: 3840.0
2024-01-14 23:02:47,364 [INFO] TasksAndQueuesTab:757 - Dynamic
2024-01-14 23:02:47,365 [WARN] TasksAndQueuesTab:763 - 128 128
2024-01-14 23:02:47,365 [WARN] TasksAndQueuesTab:775 - max value is: 3840.0
2024-01-14 23:03:00,857 [INFO] TasksAndQueuesTab:757 - Dynamic
2024-01-14 23:03:00,858 [WARN] TasksAndQueuesTab:763 - 128 128
2024-01-14 23:03:00,858 [WARN] TasksAndQueuesTab:775 - max value is: 3840.0
2024-01-14 23:05:02,714 [ERROR] RtosPanel:558 - Can not restore the selected Tab for FREERTOS(A reason can be that the tab is no more available.)
2024-01-14 23:05:02,803 [ERROR] RtosPanel:558 - Can not restore the selected Tab for FREERTOS(A reason can be that the tab is no more available.)
2024-01-14 23:05:03,074 [ERROR] RtosPanel:558 - Can not restore the selected Tab for FREERTOS(A reason can be that the tab is no more available.)
2024-01-14 23:06:39,968 [INFO] TasksAndQueuesTab:757 - Dynamic
2024-01-14 23:06:39,968 [WARN] TasksAndQueuesTab:763 - 128 128
2024-01-14 23:06:39,969 [WARN] TasksAndQueuesTab:775 - max value is: 3840.0
2024-01-14 23:09:32,808 [INFO] UtilMem:75 - End SaveConfig() Used Memory: 776197784 Bytes (1073741824)
2024-01-14 23:09:34,578 [INFO] UtilMem:75 - End SaveConfig() Used Memory: 813803096 Bytes (1073741824)
2024-01-14 23:09:38,270 [INFO] UtilMem:75 - End SaveConfig() Used Memory: 695636472 Bytes (1073741824)
2024-01-14 23:10:06,181 [INFO] BlockDiagram:2759 - set Specific Code input for plugin: FREERTOS
2024-01-14 23:10:06,182 [INFO] BlockDiagram:2759 - set Specific Code input for plugin: RCC
2024-01-14 23:10:06,182 [INFO] BlockDiagram:2759 - set Specific Code input for plugin: NVIC
2024-01-14 23:10:06,182 [INFO] BlockDiagram:2759 - set Specific Code input for plugin: CORTEX_M7
2024-01-14 23:10:06,187 [INFO] CodeGenerator:799 - code generatio: config db path: C:\ST\STM32CubeIDE_1.13.1\STM32CubeIDE\plugins\com.st.stm32cube.common.mx_6.9.1.202307191849\\db\
2024-01-14 23:10:06,446 [INFO] CodeEngine:255 - oldGeneratedFile, C:\Users\yarde\STM32CubeIDE\workspace_1.13.1\RTconcepts\MXTmpFiles\license.tmp_save
2024-01-14 23:10:06,603 [INFO] CodeEngine:279 - Generated code: C:\Users\yarde\STM32CubeIDE\workspace_1.13.1\RTconcepts\MXTmpFiles\license.tmp
2024-01-14 23:10:06,950 [INFO] Middleware:1439 - No code input for Bsp Dependency
2024-01-14 23:10:06,978 [INFO] CodeEngine:255 - oldGeneratedFile, C:\Users\yarde\STM32CubeIDE\workspace_1.13.1\RTconcepts\MXTmpFiles\rtos_inc.tmp_save
2024-01-14 23:10:07,143 [INFO] CodeEngine:279 - Generated code: C:\Users\yarde\STM32CubeIDE\workspace_1.13.1\RTconcepts\MXTmpFiles\rtos_inc.tmp
2024-01-14 23:10:07,158 [INFO] CodeEngine:255 - oldGeneratedFile, C:\Users\yarde\STM32CubeIDE\workspace_1.13.1\RTconcepts\MXTmpFiles\rtos_kernelInit.tmp_save
2024-01-14 23:10:07,368 [INFO] CodeEngine:279 - Generated code: C:\Users\yarde\STM32CubeIDE\workspace_1.13.1\RTconcepts\MXTmpFiles\rtos_kernelInit.tmp
2024-01-14 23:10:07,384 [INFO] CodeEngine:255 - oldGeneratedFile, C:\Users\yarde\STM32CubeIDE\workspace_1.13.1\RTconcepts\MXTmpFiles\rtos_kernelStart.tmp_save
2024-01-14 23:10:07,465 [INFO] CodeEngine:279 - Generated code: C:\Users\yarde\STM32CubeIDE\workspace_1.13.1\RTconcepts\MXTmpFiles\rtos_kernelStart.tmp
2024-01-14 23:10:07,485 [INFO] CodeEngine:255 - oldGeneratedFile, C:\Users\yarde\STM32CubeIDE\workspace_1.13.1\RTconcepts\MXTmpFiles\rtos_typedefs.tmp_save
2024-01-14 23:10:07,564 [INFO] CodeEngine:279 - Generated code: C:\Users\yarde\STM32CubeIDE\workspace_1.13.1\RTconcepts\MXTmpFiles\rtos_typedefs.tmp
2024-01-14 23:10:07,584 [INFO] CodeEngine:255 - oldGeneratedFile, C:\Users\yarde\STM32CubeIDE\workspace_1.13.1\RTconcepts\MXTmpFiles\rtos_vars.tmp_save
2024-01-14 23:10:07,666 [INFO] CodeEngine:279 - Generated code: C:\Users\yarde\STM32CubeIDE\workspace_1.13.1\RTconcepts\MXTmpFiles\rtos_vars.tmp
2024-01-14 23:10:07,680 [INFO] CodeEngine:255 - oldGeneratedFile, C:\Users\yarde\STM32CubeIDE\workspace_1.13.1\RTconcepts\MXTmpFiles\rtos_pfp.tmp_save
2024-01-14 23:10:07,759 [INFO] CodeEngine:279 - Generated code: C:\Users\yarde\STM32CubeIDE\workspace_1.13.1\RTconcepts\MXTmpFiles\rtos_pfp.tmp
2024-01-14 23:10:07,780 [INFO] CodeEngine:255 - oldGeneratedFile, C:\Users\yarde\STM32CubeIDE\workspace_1.13.1\RTconcepts\MXTmpFiles\rtos_obj_creat.tmp_save
2024-01-14 23:10:07,859 [INFO] CodeEngine:279 - Generated code: C:\Users\yarde\STM32CubeIDE\workspace_1.13.1\RTconcepts\MXTmpFiles\rtos_obj_creat.tmp
2024-01-14 23:10:07,879 [INFO] CodeEngine:255 - oldGeneratedFile, C:\Users\yarde\STM32CubeIDE\workspace_1.13.1\RTconcepts\MXTmpFiles\rtos_default_thread.tmp_save
2024-01-14 23:10:07,966 [INFO] CodeEngine:279 - Generated code: C:\Users\yarde\STM32CubeIDE\workspace_1.13.1\RTconcepts\MXTmpFiles\rtos_default_thread.tmp
2024-01-14 23:10:07,982 [INFO] CodeEngine:255 - oldGeneratedFile, C:\Users\yarde\STM32CubeIDE\workspace_1.13.1\RTconcepts\MXTmpFiles\rtos_threads.tmp_save
2024-01-14 23:10:08,050 [INFO] CodeEngine:279 - Generated code: C:\Users\yarde\STM32CubeIDE\workspace_1.13.1\RTconcepts\MXTmpFiles\rtos_threads.tmp
2024-01-14 23:10:08,062 [INFO] Middleware:1439 - No code input for Bsp Dependency
2024-01-14 23:10:08,077 [INFO] CodeEngine:255 - oldGeneratedFile, C:\Users\yarde\STM32CubeIDE\workspace_1.13.1\RTconcepts\MXTmpFiles\rtos_inc.tmp_save
2024-01-14 23:10:08,171 [INFO] CodeEngine:279 - Generated code: C:\Users\yarde\STM32CubeIDE\workspace_1.13.1\RTconcepts\MXTmpFiles\rtos_inc.tmp
2024-01-14 23:10:08,181 [INFO] CodeEngine:255 - oldGeneratedFile, C:\Users\yarde\STM32CubeIDE\workspace_1.13.1\RTconcepts\MXTmpFiles\rtos_kernelInit.tmp_save
2024-01-14 23:10:08,248 [INFO] CodeEngine:279 - Generated code: C:\Users\yarde\STM32CubeIDE\workspace_1.13.1\RTconcepts\MXTmpFiles\rtos_kernelInit.tmp
2024-01-14 23:10:08,258 [INFO] CodeEngine:255 - oldGeneratedFile, C:\Users\yarde\STM32CubeIDE\workspace_1.13.1\RTconcepts\MXTmpFiles\rtos_kernelStart.tmp_save
2024-01-14 23:10:08,325 [INFO] CodeEngine:279 - Generated code: C:\Users\yarde\STM32CubeIDE\workspace_1.13.1\RTconcepts\MXTmpFiles\rtos_kernelStart.tmp
2024-01-14 23:10:08,342 [INFO] CodeEngine:255 - oldGeneratedFile, C:\Users\yarde\STM32CubeIDE\workspace_1.13.1\RTconcepts\MXTmpFiles\rtos_typedefs.tmp_save
2024-01-14 23:10:08,403 [INFO] CodeEngine:279 - Generated code: C:\Users\yarde\STM32CubeIDE\workspace_1.13.1\RTconcepts\MXTmpFiles\rtos_typedefs.tmp
2024-01-14 23:10:08,422 [INFO] CodeEngine:255 - oldGeneratedFile, C:\Users\yarde\STM32CubeIDE\workspace_1.13.1\RTconcepts\MXTmpFiles\rtos_vars.tmp_save
2024-01-14 23:10:08,496 [INFO] CodeEngine:279 - Generated code: C:\Users\yarde\STM32CubeIDE\workspace_1.13.1\RTconcepts\MXTmpFiles\rtos_vars.tmp
2024-01-14 23:10:08,507 [INFO] CodeEngine:255 - oldGeneratedFile, C:\Users\yarde\STM32CubeIDE\workspace_1.13.1\RTconcepts\MXTmpFiles\rtos_pfp.tmp_save
2024-01-14 23:10:08,574 [INFO] CodeEngine:279 - Generated code: C:\Users\yarde\STM32CubeIDE\workspace_1.13.1\RTconcepts\MXTmpFiles\rtos_pfp.tmp
2024-01-14 23:10:08,589 [INFO] CodeEngine:255 - oldGeneratedFile, C:\Users\yarde\STM32CubeIDE\workspace_1.13.1\RTconcepts\MXTmpFiles\rtos_obj_creat.tmp_save
2024-01-14 23:10:08,647 [INFO] CodeEngine:279 - Generated code: C:\Users\yarde\STM32CubeIDE\workspace_1.13.1\RTconcepts\MXTmpFiles\rtos_obj_creat.tmp
2024-01-14 23:10:08,656 [INFO] CodeEngine:255 - oldGeneratedFile, C:\Users\yarde\STM32CubeIDE\workspace_1.13.1\RTconcepts\MXTmpFiles\rtos_default_thread.tmp_save
2024-01-14 23:10:08,714 [INFO] CodeEngine:279 - Generated code: C:\Users\yarde\STM32CubeIDE\workspace_1.13.1\RTconcepts\MXTmpFiles\rtos_default_thread.tmp
2024-01-14 23:10:08,724 [INFO] CodeEngine:255 - oldGeneratedFile, C:\Users\yarde\STM32CubeIDE\workspace_1.13.1\RTconcepts\MXTmpFiles\rtos_threads.tmp_save
2024-01-14 23:10:08,792 [INFO] CodeEngine:279 - Generated code: C:\Users\yarde\STM32CubeIDE\workspace_1.13.1\RTconcepts\MXTmpFiles\rtos_threads.tmp
2024-01-14 23:10:08,833 [INFO] CodeEngine:255 - oldGeneratedFile, C:\Users\yarde\STM32CubeIDE\workspace_1.13.1\RTconcepts\Core\Inc\FreeRTOSConfig.h_save
2024-01-14 23:10:08,980 [INFO] CodeEngine:279 - Generated code: C:\Users\yarde\STM32CubeIDE\workspace_1.13.1\RTconcepts\Core\Inc\FreeRTOSConfig.h
2024-01-14 23:10:09,004 [INFO] CodeEngine:255 - oldGeneratedFile, C:\Users\yarde\STM32CubeIDE\workspace_1.13.1\RTconcepts\Core\Src\freertos.c_save
2024-01-14 23:10:09,119 [INFO] CodeEngine:279 - Generated code: C:\Users\yarde\STM32CubeIDE\workspace_1.13.1\RTconcepts\Core\Src\freertos.c
2024-01-14 23:10:09,141 [INFO] CodeEngine:255 - oldGeneratedFile, C:\Users\yarde\STM32CubeIDE\workspace_1.13.1\RTconcepts\MXTmpFiles\cortex.tmp_save
2024-01-14 23:10:09,277 [INFO] CodeEngine:279 - Generated code: C:\Users\yarde\STM32CubeIDE\workspace_1.13.1\RTconcepts\MXTmpFiles\cortex.tmp
2024-01-14 23:10:09,325 [INFO] CodeEngine:255 - oldGeneratedFile, C:\Users\yarde\STM32CubeIDE\workspace_1.13.1\RTconcepts\Core\Src\stm32f7xx_it.c_save
2024-01-14 23:10:09,628 [INFO] CodeEngine:279 - Generated code: C:\Users\yarde\STM32CubeIDE\workspace_1.13.1\RTconcepts\Core\Src\stm32f7xx_it.c
2024-01-14 23:10:09,701 [INFO] CodeEngine:255 - oldGeneratedFile, C:\Users\yarde\STM32CubeIDE\workspace_1.13.1\RTconcepts\Core\Inc\stm32f7xx_it.h_save
2024-01-14 23:10:09,849 [INFO] CodeEngine:279 - Generated code: C:\Users\yarde\STM32CubeIDE\workspace_1.13.1\RTconcepts\Core\Inc\stm32f7xx_it.h
2024-01-14 23:10:09,909 [INFO] CodeEngine:255 - oldGeneratedFile, C:\Users\yarde\STM32CubeIDE\workspace_1.13.1\RTconcepts\Core\Src\stm32f7xx_hal_msp.c_save
2024-01-14 23:10:10,086 [INFO] CodeEngine:279 - Generated code: C:\Users\yarde\STM32CubeIDE\workspace_1.13.1\RTconcepts\Core\Src\stm32f7xx_hal_msp.c
2024-01-14 23:10:10,097 [INFO] CodeEngine:255 - oldGeneratedFile, C:\Users\yarde\STM32CubeIDE\workspace_1.13.1\RTconcepts\MXTmpFiles\system.tmp_save
2024-01-14 23:10:10,170 [INFO] CodeEngine:279 - Generated code: C:\Users\yarde\STM32CubeIDE\workspace_1.13.1\RTconcepts\MXTmpFiles\system.tmp
2024-01-14 23:10:10,202 [INFO] CodeEngine:311 - oldGeneratedFile, C:\Users\yarde\STM32CubeIDE\workspace_1.13.1\RTconcepts\Core\Inc\stm32f7xx_hal_conf.h_save
2024-01-14 23:10:10,292 [INFO] CodeEngine:335 - Generated code: C:\Users\yarde\STM32CubeIDE\workspace_1.13.1\RTconcepts\Core\Inc\stm32f7xx_hal_conf.h
2024-01-14 23:10:10,346 [INFO] CodeEngine:255 - oldGeneratedFile, C:\Users\yarde\STM32CubeIDE\workspace_1.13.1\RTconcepts\Core\Inc\main.h_save
2024-01-14 23:10:10,454 [INFO] CodeEngine:279 - Generated code: C:\Users\yarde\STM32CubeIDE\workspace_1.13.1\RTconcepts\Core\Inc\main.h
2024-01-14 23:10:10,476 [INFO] CodeEngine:255 - oldGeneratedFile, C:\Users\yarde\STM32CubeIDE\workspace_1.13.1\RTconcepts\Core\Src\main.c_save
2024-01-14 23:10:10,620 [INFO] CodeEngine:279 - Generated code: C:\Users\yarde\STM32CubeIDE\workspace_1.13.1\RTconcepts\Core\Src\main.c
2024-01-14 23:10:11,698 [INFO] ProjectBuilder:3064 - Time for Copy HAL[1] : 521mS.
2024-01-14 23:10:11,708 [INFO] ProjectBuilder:4404 - Project Generator version: 4.1.0
2024-01-14 23:10:12,005 [INFO] ConfigFileManager:1457 - The Die is : DIE449
2024-01-14 23:10:14,621 [INFO] ProjectBuilder:4626 - Time for Generating toolchain IDE Files: 2912mS.
2024-01-14 23:10:14,622 [INFO] ProjectBuilder:2935 - Time for Copy CMSIS : 1mS.
2024-01-14 23:10:14,635 [INFO] ProjectBuilder:2935 - Time for Copy CMSIS : 0mS.
2024-01-14 23:20:14,644 [ERROR] RtosPanel:558 - Can not restore the selected Tab for FREERTOS(A reason can be that the tab is no more available.)
2024-01-14 23:22:07,851 [INFO] TasksAndQueuesTab:757 - Dynamic
2024-01-14 23:22:07,852 [WARN] TasksAndQueuesTab:763 - 128 128
2024-01-14 23:22:07,852 [WARN] TasksAndQueuesTab:775 - max value is: 3840.0
2024-01-14 23:24:31,812 [INFO] TasksAndQueuesTab:757 - Dynamic
2024-01-14 23:24:31,812 [WARN] TasksAndQueuesTab:763 - 128 128
2024-01-14 23:24:31,812 [WARN] TasksAndQueuesTab:775 - max value is: 3840.0
2024-01-14 23:25:32,232 [INFO] TasksAndQueuesTab:757 - Dynamic
2024-01-14 23:25:32,233 [WARN] TasksAndQueuesTab:763 - 128 128
2024-01-14 23:25:32,233 [WARN] TasksAndQueuesTab:775 - max value is: 3840.0
2024-01-14 23:25:42,165 [INFO] TasksAndQueuesTab:757 - Dynamic
2024-01-14 23:25:42,165 [WARN] TasksAndQueuesTab:763 - 128 128
2024-01-14 23:25:42,166 [WARN] TasksAndQueuesTab:775 - max value is: 3840.0
2024-01-14 23:26:49,442 [INFO] TasksAndQueuesTab:757 - Dynamic
2024-01-14 23:26:49,443 [WARN] TasksAndQueuesTab:763 - 128 128
2024-01-14 23:26:49,443 [WARN] TasksAndQueuesTab:775 - max value is: 3840.0
2024-01-14 23:27:41,953 [INFO] TasksAndQueuesTab:757 - Dynamic
2024-01-14 23:27:41,954 [WARN] TasksAndQueuesTab:763 - 128 128
2024-01-14 23:27:41,954 [WARN] TasksAndQueuesTab:775 - max value is: 3840.0
2024-01-14 23:28:18,614 [INFO] TasksAndQueuesTab:757 - Dynamic
2024-01-14 23:28:18,614 [WARN] TasksAndQueuesTab:763 - 128 128
2024-01-14 23:28:18,614 [WARN] TasksAndQueuesTab:775 - max value is: 3840.0
2024-01-14 23:28:37,525 [INFO] TasksAndQueuesTab:757 - Dynamic
2024-01-14 23:28:37,526 [WARN] TasksAndQueuesTab:763 - 128 128
2024-01-14 23:28:37,526 [WARN] TasksAndQueuesTab:775 - max value is: 3840.0
2024-01-14 23:29:15,707 [INFO] TasksAndQueuesTab:757 - Dynamic
2024-01-14 23:29:15,708 [WARN] TasksAndQueuesTab:763 - 128 128
2024-01-14 23:29:15,708 [WARN] TasksAndQueuesTab:775 - max value is: 3840.0
2024-01-14 23:29:39,383 [INFO] TasksAndQueuesTab:757 - Dynamic
2024-01-14 23:29:39,384 [WARN] TasksAndQueuesTab:763 - 128 128
2024-01-14 23:29:39,384 [WARN] TasksAndQueuesTab:775 - max value is: 3840.0
2024-01-14 23:29:44,461 [INFO] EditThreadDialog:704 - RAM SIZE (in KB): 320
2024-01-14 23:29:44,461 [INFO] EditThreadDialog:706 - RAM SIZE (in words): 81920
2024-01-14 23:30:52,994 [INFO] UtilMem:75 - End SaveConfig() Used Memory: 698777008 Bytes (1073741824)
2024-01-14 23:30:55,715 [INFO] UtilMem:75 - End SaveConfig() Used Memory: 811221728 Bytes (1073741824)
2024-01-14 23:31:11,784 [INFO] BlockDiagram:2759 - set Specific Code input for plugin: FREERTOS
2024-01-14 23:31:11,784 [INFO] BlockDiagram:2759 - set Specific Code input for plugin: RCC
2024-01-14 23:31:11,784 [INFO] BlockDiagram:2759 - set Specific Code input for plugin: NVIC
2024-01-14 23:31:11,784 [INFO] BlockDiagram:2759 - set Specific Code input for plugin: CORTEX_M7
2024-01-14 23:31:11,789 [INFO] CodeGenerator:799 - code generatio: config db path: C:\ST\STM32CubeIDE_1.13.1\STM32CubeIDE\plugins\com.st.stm32cube.common.mx_6.9.1.202307191849\\db\
2024-01-14 23:31:12,123 [INFO] CodeEngine:255 - oldGeneratedFile, C:\Users\yarde\STM32CubeIDE\workspace_1.13.1\RTconcepts\MXTmpFiles\license.tmp_save
2024-01-14 23:31:12,231 [INFO] CodeEngine:279 - Generated code: C:\Users\yarde\STM32CubeIDE\workspace_1.13.1\RTconcepts\MXTmpFiles\license.tmp
2024-01-14 23:31:12,267 [INFO] Middleware:1439 - No code input for Bsp Dependency
2024-01-14 23:31:12,281 [INFO] CodeEngine:255 - oldGeneratedFile, C:\Users\yarde\STM32CubeIDE\workspace_1.13.1\RTconcepts\MXTmpFiles\rtos_inc.tmp_save
2024-01-14 23:31:12,396 [INFO] CodeEngine:279 - Generated code: C:\Users\yarde\STM32CubeIDE\workspace_1.13.1\RTconcepts\MXTmpFiles\rtos_inc.tmp
2024-01-14 23:31:12,402 [INFO] CodeEngine:255 - oldGeneratedFile, C:\Users\yarde\STM32CubeIDE\workspace_1.13.1\RTconcepts\MXTmpFiles\rtos_kernelInit.tmp_save
2024-01-14 23:31:12,503 [INFO] CodeEngine:279 - Generated code: C:\Users\yarde\STM32CubeIDE\workspace_1.13.1\RTconcepts\MXTmpFiles\rtos_kernelInit.tmp
2024-01-14 23:31:12,509 [INFO] CodeEngine:255 - oldGeneratedFile, C:\Users\yarde\STM32CubeIDE\workspace_1.13.1\RTconcepts\MXTmpFiles\rtos_kernelStart.tmp_save
2024-01-14 23:31:12,577 [INFO] CodeEngine:279 - Generated code: C:\Users\yarde\STM32CubeIDE\workspace_1.13.1\RTconcepts\MXTmpFiles\rtos_kernelStart.tmp
2024-01-14 23:31:12,586 [INFO] CodeEngine:255 - oldGeneratedFile, C:\Users\yarde\STM32CubeIDE\workspace_1.13.1\RTconcepts\MXTmpFiles\rtos_typedefs.tmp_save
2024-01-14 23:31:12,765 [INFO] CodeEngine:279 - Generated code: C:\Users\yarde\STM32CubeIDE\workspace_1.13.1\RTconcepts\MXTmpFiles\rtos_typedefs.tmp
2024-01-14 23:31:12,773 [INFO] CodeEngine:255 - oldGeneratedFile, C:\Users\yarde\STM32CubeIDE\workspace_1.13.1\RTconcepts\MXTmpFiles\rtos_vars.tmp_save
2024-01-14 23:31:12,862 [INFO] CodeEngine:279 - Generated code: C:\Users\yarde\STM32CubeIDE\workspace_1.13.1\RTconcepts\MXTmpFiles\rtos_vars.tmp
2024-01-14 23:31:12,872 [INFO] CodeEngine:255 - oldGeneratedFile, C:\Users\yarde\STM32CubeIDE\workspace_1.13.1\RTconcepts\MXTmpFiles\rtos_pfp.tmp_save
2024-01-14 23:31:12,948 [INFO] CodeEngine:279 - Generated code: C:\Users\yarde\STM32CubeIDE\workspace_1.13.1\RTconcepts\MXTmpFiles\rtos_pfp.tmp
2024-01-14 23:31:12,957 [INFO] CodeEngine:255 - oldGeneratedFile, C:\Users\yarde\STM32CubeIDE\workspace_1.13.1\RTconcepts\MXTmpFiles\rtos_obj_creat.tmp_save
2024-01-14 23:31:13,045 [INFO] CodeEngine:279 - Generated code: C:\Users\yarde\STM32CubeIDE\workspace_1.13.1\RTconcepts\MXTmpFiles\rtos_obj_creat.tmp
2024-01-14 23:31:13,053 [INFO] CodeEngine:255 - oldGeneratedFile, C:\Users\yarde\STM32CubeIDE\workspace_1.13.1\RTconcepts\MXTmpFiles\rtos_default_thread.tmp_save
2024-01-14 23:31:13,128 [INFO] CodeEngine:279 - Generated code: C:\Users\yarde\STM32CubeIDE\workspace_1.13.1\RTconcepts\MXTmpFiles\rtos_default_thread.tmp
2024-01-14 23:31:13,136 [INFO] CodeEngine:255 - oldGeneratedFile, C:\Users\yarde\STM32CubeIDE\workspace_1.13.1\RTconcepts\MXTmpFiles\rtos_threads.tmp_save
2024-01-14 23:31:13,190 [INFO] CodeEngine:279 - Generated code: C:\Users\yarde\STM32CubeIDE\workspace_1.13.1\RTconcepts\MXTmpFiles\rtos_threads.tmp
2024-01-14 23:31:13,200 [INFO] Middleware:1439 - No code input for Bsp Dependency
2024-01-14 23:31:13,216 [INFO] CodeEngine:255 - oldGeneratedFile, C:\Users\yarde\STM32CubeIDE\workspace_1.13.1\RTconcepts\MXTmpFiles\rtos_inc.tmp_save
2024-01-14 23:31:13,283 [INFO] CodeEngine:279 - Generated code: C:\Users\yarde\STM32CubeIDE\workspace_1.13.1\RTconcepts\MXTmpFiles\rtos_inc.tmp
2024-01-14 23:31:13,291 [INFO] CodeEngine:255 - oldGeneratedFile, C:\Users\yarde\STM32CubeIDE\workspace_1.13.1\RTconcepts\MXTmpFiles\rtos_kernelInit.tmp_save
2024-01-14 23:31:13,342 [INFO] CodeEngine:279 - Generated code: C:\Users\yarde\STM32CubeIDE\workspace_1.13.1\RTconcepts\MXTmpFiles\rtos_kernelInit.tmp
2024-01-14 23:31:13,350 [INFO] CodeEngine:255 - oldGeneratedFile, C:\Users\yarde\STM32CubeIDE\workspace_1.13.1\RTconcepts\MXTmpFiles\rtos_kernelStart.tmp_save
2024-01-14 23:31:13,404 [INFO] CodeEngine:279 - Generated code: C:\Users\yarde\STM32CubeIDE\workspace_1.13.1\RTconcepts\MXTmpFiles\rtos_kernelStart.tmp
2024-01-14 23:31:13,412 [INFO] CodeEngine:255 - oldGeneratedFile, C:\Users\yarde\STM32CubeIDE\workspace_1.13.1\RTconcepts\MXTmpFiles\rtos_typedefs.tmp_save
2024-01-14 23:31:13,518 [INFO] CodeEngine:279 - Generated code: C:\Users\yarde\STM32CubeIDE\workspace_1.13.1\RTconcepts\MXTmpFiles\rtos_typedefs.tmp
2024-01-14 23:31:13,534 [INFO] CodeEngine:255 - oldGeneratedFile, C:\Users\yarde\STM32CubeIDE\workspace_1.13.1\RTconcepts\MXTmpFiles\rtos_vars.tmp_save
2024-01-14 23:31:13,594 [INFO] CodeEngine:279 - Generated code: C:\Users\yarde\STM32CubeIDE\workspace_1.13.1\RTconcepts\MXTmpFiles\rtos_vars.tmp
2024-01-14 23:31:13,604 [INFO] CodeEngine:255 - oldGeneratedFile, C:\Users\yarde\STM32CubeIDE\workspace_1.13.1\RTconcepts\MXTmpFiles\rtos_pfp.tmp_save
2024-01-14 23:31:13,659 [INFO] CodeEngine:279 - Generated code: C:\Users\yarde\STM32CubeIDE\workspace_1.13.1\RTconcepts\MXTmpFiles\rtos_pfp.tmp
2024-01-14 23:31:13,674 [INFO] CodeEngine:255 - oldGeneratedFile, C:\Users\yarde\STM32CubeIDE\workspace_1.13.1\RTconcepts\MXTmpFiles\rtos_obj_creat.tmp_save
2024-01-14 23:31:13,739 [INFO] CodeEngine:279 - Generated code: C:\Users\yarde\STM32CubeIDE\workspace_1.13.1\RTconcepts\MXTmpFiles\rtos_obj_creat.tmp
2024-01-14 23:31:13,748 [INFO] CodeEngine:255 - oldGeneratedFile, C:\Users\yarde\STM32CubeIDE\workspace_1.13.1\RTconcepts\MXTmpFiles\rtos_default_thread.tmp_save
2024-01-14 23:31:13,801 [INFO] CodeEngine:279 - Generated code: C:\Users\yarde\STM32CubeIDE\workspace_1.13.1\RTconcepts\MXTmpFiles\rtos_default_thread.tmp
2024-01-14 23:31:13,812 [INFO] CodeEngine:255 - oldGeneratedFile, C:\Users\yarde\STM32CubeIDE\workspace_1.13.1\RTconcepts\MXTmpFiles\rtos_threads.tmp_save
2024-01-14 23:31:13,880 [INFO] CodeEngine:279 - Generated code: C:\Users\yarde\STM32CubeIDE\workspace_1.13.1\RTconcepts\MXTmpFiles\rtos_threads.tmp
2024-01-14 23:31:13,904 [INFO] CodeEngine:255 - oldGeneratedFile, C:\Users\yarde\STM32CubeIDE\workspace_1.13.1\RTconcepts\Core\Inc\FreeRTOSConfig.h_save
2024-01-14 23:31:13,980 [INFO] CodeEngine:279 - Generated code: C:\Users\yarde\STM32CubeIDE\workspace_1.13.1\RTconcepts\Core\Inc\FreeRTOSConfig.h
2024-01-14 23:31:13,999 [INFO] CodeEngine:255 - oldGeneratedFile, C:\Users\yarde\STM32CubeIDE\workspace_1.13.1\RTconcepts\Core\Src\freertos.c_save
2024-01-14 23:31:14,061 [INFO] CodeEngine:279 - Generated code: C:\Users\yarde\STM32CubeIDE\workspace_1.13.1\RTconcepts\Core\Src\freertos.c
2024-01-14 23:31:14,076 [INFO] CodeEngine:255 - oldGeneratedFile, C:\Users\yarde\STM32CubeIDE\workspace_1.13.1\RTconcepts\MXTmpFiles\cortex.tmp_save
2024-01-14 23:31:14,167 [INFO] CodeEngine:279 - Generated code: C:\Users\yarde\STM32CubeIDE\workspace_1.13.1\RTconcepts\MXTmpFiles\cortex.tmp
2024-01-14 23:31:14,201 [INFO] CodeEngine:255 - oldGeneratedFile, C:\Users\yarde\STM32CubeIDE\workspace_1.13.1\RTconcepts\Core\Src\stm32f7xx_it.c_save
2024-01-14 23:31:14,333 [INFO] CodeEngine:279 - Generated code: C:\Users\yarde\STM32CubeIDE\workspace_1.13.1\RTconcepts\Core\Src\stm32f7xx_it.c
2024-01-14 23:31:14,343 [INFO] CodeEngine:255 - oldGeneratedFile, C:\Users\yarde\STM32CubeIDE\workspace_1.13.1\RTconcepts\Core\Inc\stm32f7xx_it.h_save
2024-01-14 23:31:14,401 [INFO] CodeEngine:279 - Generated code: C:\Users\yarde\STM32CubeIDE\workspace_1.13.1\RTconcepts\Core\Inc\stm32f7xx_it.h
2024-01-14 23:31:14,457 [INFO] CodeEngine:255 - oldGeneratedFile, C:\Users\yarde\STM32CubeIDE\workspace_1.13.1\RTconcepts\Core\Src\stm32f7xx_hal_msp.c_save
2024-01-14 23:31:14,594 [INFO] CodeEngine:279 - Generated code: C:\Users\yarde\STM32CubeIDE\workspace_1.13.1\RTconcepts\Core\Src\stm32f7xx_hal_msp.c
2024-01-14 23:31:14,601 [INFO] CodeEngine:255 - oldGeneratedFile, C:\Users\yarde\STM32CubeIDE\workspace_1.13.1\RTconcepts\MXTmpFiles\system.tmp_save
2024-01-14 23:31:14,674 [INFO] CodeEngine:279 - Generated code: C:\Users\yarde\STM32CubeIDE\workspace_1.13.1\RTconcepts\MXTmpFiles\system.tmp
2024-01-14 23:31:14,701 [INFO] CodeEngine:311 - oldGeneratedFile, C:\Users\yarde\STM32CubeIDE\workspace_1.13.1\RTconcepts\Core\Inc\stm32f7xx_hal_conf.h_save
2024-01-14 23:31:14,818 [INFO] CodeEngine:335 - Generated code: C:\Users\yarde\STM32CubeIDE\workspace_1.13.1\RTconcepts\Core\Inc\stm32f7xx_hal_conf.h
2024-01-14 23:31:14,884 [INFO] CodeEngine:255 - oldGeneratedFile, C:\Users\yarde\STM32CubeIDE\workspace_1.13.1\RTconcepts\Core\Inc\main.h_save
2024-01-14 23:31:15,010 [INFO] CodeEngine:279 - Generated code: C:\Users\yarde\STM32CubeIDE\workspace_1.13.1\RTconcepts\Core\Inc\main.h
2024-01-14 23:31:15,030 [INFO] CodeEngine:255 - oldGeneratedFile, C:\Users\yarde\STM32CubeIDE\workspace_1.13.1\RTconcepts\Core\Src\main.c_save
2024-01-14 23:31:15,230 [INFO] CodeEngine:279 - Generated code: C:\Users\yarde\STM32CubeIDE\workspace_1.13.1\RTconcepts\Core\Src\main.c
2024-01-14 23:31:16,155 [INFO] ProjectBuilder:3064 - Time for Copy HAL[1] : 461mS.
2024-01-14 23:31:16,162 [INFO] ProjectBuilder:4404 - Project Generator version: 4.1.0
2024-01-14 23:31:16,466 [INFO] ConfigFileManager:1457 - The Die is : DIE449
2024-01-14 23:31:18,730 [INFO] ProjectBuilder:4626 - Time for Generating toolchain IDE Files: 2567mS.
2024-01-14 23:31:18,732 [INFO] ProjectBuilder:2935 - Time for Copy CMSIS : 1mS.
2024-01-14 23:31:18,751 [INFO] ProjectBuilder:2935 - Time for Copy CMSIS : 0mS.
