2023-11-09 00:25:48,597 [INFO] MainUpdater:2868 - connection check result : 10
2023-11-09 00:25:48,666 [INFO] MainUpdater:2868 - connection check result : 10
2023-11-09 00:25:48,906 [INFO] MicroXplorer:468 - Change Database Path : 
2023-11-09 00:25:48,907 [INFO] MicroXplorer:498 - Change Database Version : DB.6.0.91
2023-11-09 00:25:48,984 [WARN] ThirdParty:871 - waiting for thirdparty lock release [close project]
2023-11-09 00:25:48,985 [INFO] ThirdParty:873 - entering critical section [close project]
2023-11-09 00:25:48,985 [INFO] ThirdParty:883 - exiting critical section [close project]
2023-11-09 00:25:48,989 [INFO] PinOutPanel:1499 - setPackage(No Configuration,No Configuration)
2023-11-09 00:25:48,999 [WARN] IpParametersView:151 - Warning: This peripheral hasn't parameters
2023-11-09 00:25:49,007 [WARN] MainPanel:272 - <html><b><center>Warning: This peripheral has no parameters to be configured<br></b></html>
2023-11-09 00:25:49,015 [INFO] UtilMem:75 - Begin LoadConfig() Used Memory: 823080632 Bytes (1073741824)
2023-11-09 00:25:49,016 [INFO] MicroXplorer:468 - Change Database Path : 
2023-11-09 00:25:49,016 [INFO] MicroXplorer:498 - Change Database Version : DB.6.0.91
2023-11-09 00:25:49,016 [INFO] OpenFileManager:308 - Change cursor
2023-11-09 00:25:49,041 [INFO] RulesReader:64 - Compatibility file has been processed (293 Rules)
2023-11-09 00:25:49,050 [INFO] Mcu:1946 - Initializing MCU STM32F746ZGTx STM32F746ZGTx STM32F746ZGT6
2023-11-09 00:25:51,214 [INFO] Context:659 - Trying to add GPIOservice into a context  which must be forbidden
2023-11-09 00:25:51,921 [INFO] RtosManager:555 - Registered RTOS mode: class=CMSIS, group=RTOS, mode=CMSIS_V1, owner=FREERTOS
2023-11-09 00:25:51,922 [INFO] RtosManager:555 - Registered RTOS mode: class=CMSIS, group=RTOS2, mode=CMSIS_V2, owner=FREERTOS
2023-11-09 00:25:51,922 [INFO] RtosManager:555 - Registered RTOS mode: class=RTOS, group=Core, mode=CMSIS_V1, owner=FREERTOS
2023-11-09 00:25:51,922 [INFO] RtosManager:555 - Registered RTOS mode: class=RTOS, group=Core, mode=CMSIS_V2, owner=FREERTOS
2023-11-09 00:25:51,922 [WARN] ModelIntegratedComponent:184 - Missing modes for component STMicroelectronics:FreeRTOS:0.0.1:STMicroelectronics:RTOS:FreeRTOS:Core:::10.2.0:
2023-11-09 00:25:51,930 [WARN] ModelIntegratedComponent:63 - No mode defined for component null
2023-11-09 00:25:51,930 [WARN] ModelIntegratedComponent:63 - No mode defined for component null
2023-11-09 00:25:51,931 [WARN] ModelIntegratedComponent:63 - No mode defined for component null
2023-11-09 00:25:51,931 [WARN] ModelIntegratedComponent:63 - No mode defined for component null
2023-11-09 00:25:51,931 [WARN] ModelIntegratedComponent:63 - No mode defined for component null
2023-11-09 00:25:51,931 [WARN] ModelIntegratedComponent:63 - No mode defined for component null
2023-11-09 00:25:51,931 [WARN] ModelIntegratedComponent:63 - No mode defined for component null
2023-11-09 00:25:51,931 [WARN] ModelIntegratedComponent:63 - No mode defined for component null
2023-11-09 00:25:51,931 [WARN] ModelIntegratedComponent:63 - No mode defined for component null
2023-11-09 00:25:51,931 [WARN] ModelIntegratedComponent:63 - No mode defined for component null
2023-11-09 00:25:51,931 [WARN] ModelIntegratedComponent:63 - No mode defined for component null
2023-11-09 00:25:51,931 [WARN] ModelIntegratedComponent:63 - No mode defined for component null
2023-11-09 00:25:51,931 [WARN] ModelIntegratedComponent:63 - No mode defined for component null
2023-11-09 00:25:51,931 [WARN] ModelIntegratedComponent:63 - No mode defined for component null
2023-11-09 00:25:51,931 [WARN] ModelIntegratedComponent:63 - No mode defined for component null
2023-11-09 00:25:51,931 [WARN] ModelIntegratedComponent:63 - No mode defined for component null
2023-11-09 00:25:51,931 [WARN] ModelIntegratedComponent:63 - No mode defined for component null
2023-11-09 00:25:51,931 [WARN] ModelIntegratedComponent:63 - No mode defined for component null
2023-11-09 00:25:51,931 [WARN] ModelIntegratedComponent:63 - No mode defined for component null
2023-11-09 00:25:51,931 [WARN] ModelIntegratedComponent:63 - No mode defined for component null
2023-11-09 00:25:51,931 [WARN] ModelIntegratedComponent:63 - No mode defined for component null
2023-11-09 00:25:51,931 [WARN] ModelIntegratedComponent:63 - No mode defined for component null
2023-11-09 00:25:51,931 [WARN] ModelIntegratedComponent:63 - No mode defined for component null
2023-11-09 00:25:51,932 [WARN] ModelIntegratedComponent:63 - No mode defined for component null
2023-11-09 00:25:51,932 [WARN] ModelIntegratedComponent:63 - No mode defined for component null
2023-11-09 00:25:51,932 [WARN] ModelIntegratedComponent:63 - No mode defined for component null
2023-11-09 00:25:51,932 [WARN] ModelIntegratedComponent:63 - No mode defined for component null
2023-11-09 00:25:51,932 [WARN] ModelIntegratedComponent:63 - No mode defined for component null
2023-11-09 00:25:51,932 [WARN] ModelIntegratedComponent:63 - No mode defined for component null
2023-11-09 00:25:51,932 [WARN] ModelIntegratedComponent:63 - No mode defined for component null
2023-11-09 00:25:51,932 [WARN] ModelIntegratedComponent:63 - No mode defined for component null
2023-11-09 00:25:51,932 [WARN] ModelIntegratedComponent:63 - No mode defined for component null
2023-11-09 00:25:51,932 [WARN] ModelIntegratedComponent:63 - No mode defined for component null
2023-11-09 00:25:52,176 [INFO] ThirdPartyModel:298 - Start build external matchings
2023-11-09 00:25:52,961 [INFO] ThirdPartyModel:316 - End build external matchings
2023-11-09 00:25:52,972 [INFO] ImportTextPane:194 - (OptionalMessage_ERROR) IP (ETH) : Invalid parameter (PHY_Name)
2023-11-09 00:25:52,972 [INFO] ImportTextPane:194 - (OptionalMessage_ERROR) IP (ETH) : Invalid parameter (PHY_Value)
2023-11-09 00:25:52,973 [INFO] ImportTextPane:194 - (OptionalMessage_ERROR) IP (ETH) : Invalid parameter (PhyAddress)
2023-11-09 00:25:52,974 [INFO] ImportTextPane:194 - (OptionalMessage_ERROR) IP (RCC) : Invalid parameter (48MHZClocksFreq_Value)
2023-11-09 00:25:52,974 [INFO] ImportTextPane:194 - (OptionalMessage_ERROR) IP (RCC) : Invalid parameter (ADC12outputFreq_Value)
2023-11-09 00:25:52,974 [INFO] ImportTextPane:194 - (OptionalMessage_ERROR) IP (RCC) : Invalid parameter (ADC34outputFreq_Value)
2023-11-09 00:25:52,974 [INFO] ImportTextPane:194 - (OptionalMessage_ERROR) IP (RCC) : Invalid parameter (FamilyName)
2023-11-09 00:25:52,974 [INFO] ImportTextPane:194 - (OptionalMessage_ERROR) IP (RCC) : Invalid parameter (I2SClocksFreq_Value)
2023-11-09 00:25:52,974 [INFO] ImportTextPane:194 - (OptionalMessage_ERROR) IP (RCC) : Parameter (LCDTFToutputFreq_Value) has invalid value (96000000)
2023-11-09 00:25:52,974 [INFO] ImportTextPane:194 - (OptionalMessage_ERROR) IP (RCC) : Invalid parameter (MCOFreq_Value)
2023-11-09 00:25:52,975 [INFO] ImportTextPane:194 - (OptionalMessage_ERROR) IP (RCC) : Invalid parameter (PLLMCOFreq_Value)
2023-11-09 00:25:52,975 [INFO] ImportTextPane:194 - (OptionalMessage_ERROR) IP (RCC) : Invalid parameter (PLLMUL)
2023-11-09 00:25:52,975 [INFO] ImportTextPane:194 - (OptionalMessage_ERROR) IP (RCC) : Invalid parameter (PRESCALERUSB)
2023-11-09 00:25:52,975 [INFO] ImportTextPane:194 - (OptionalMessage_ERROR) IP (RCC) : Invalid parameter (RTCHSEDivFreq_Value)
2023-11-09 00:25:52,975 [INFO] ImportTextPane:194 - (OptionalMessage_ERROR) IP (RCC) : Parameter (SDMMCFreq_Value) has invalid value (72000000)
2023-11-09 00:25:52,975 [INFO] ImportTextPane:194 - (OptionalMessage_ERROR) IP (RCC) : Invalid parameter (SYSCLKSourceVirtual)
2023-11-09 00:25:52,975 [INFO] ImportTextPane:194 - (OptionalMessage_ERROR) IP (RCC) : Invalid parameter (TIM15Freq_Value)
2023-11-09 00:25:52,975 [INFO] ImportTextPane:194 - (OptionalMessage_ERROR) IP (RCC) : Invalid parameter (TIM16Freq_Value)
2023-11-09 00:25:52,975 [INFO] ImportTextPane:194 - (OptionalMessage_ERROR) IP (RCC) : Invalid parameter (TIM17Freq_Value)
2023-11-09 00:25:52,975 [INFO] ImportTextPane:194 - (OptionalMessage_ERROR) IP (RCC) : Invalid parameter (TIM1Freq_Value)
2023-11-09 00:25:52,976 [INFO] ImportTextPane:194 - (OptionalMessage_ERROR) IP (RCC) : Invalid parameter (TIM20Freq_Value)
2023-11-09 00:25:52,976 [INFO] ImportTextPane:194 - (OptionalMessage_ERROR) IP (RCC) : Invalid parameter (TIM2Freq_Value)
2023-11-09 00:25:52,976 [INFO] ImportTextPane:194 - (OptionalMessage_ERROR) IP (RCC) : Invalid parameter (TIM3Freq_Value)
2023-11-09 00:25:52,976 [INFO] ImportTextPane:194 - (OptionalMessage_ERROR) IP (RCC) : Invalid parameter (TIM8Freq_Value)
2023-11-09 00:25:52,976 [INFO] ImportTextPane:194 - (OptionalMessage_ERROR) IP (RCC) : Invalid parameter (VCOOutput2Freq_Value)
2023-11-09 00:25:52,977 [INFO] ImportTextPane:194 - (OptionalMessage_ERROR) IP (RCC) : Invalid parameter (VcooutputI2S)
2023-11-09 00:25:53,529 [INFO] UtilMem:75 - End LoadConfig() Used Memory: 753494656 Bytes (1073741824)
2023-11-09 00:25:53,584 [WARN] ThirdParty:833 - waiting for thirdparty lock release [change project]
2023-11-09 00:25:53,584 [INFO] ThirdParty:835 - entering critical section [change project]
2023-11-09 00:25:53,585 [INFO] ThirdParty:1030 - CMSIS Pack Vendor :STMicroelectronics X-CUBE-ISPU 1.1.0
2023-11-09 00:25:53,585 [INFO] ThirdParty:1030 - CMSIS Pack Vendor :STMicroelectronics USBPD 4.1
2023-11-09 00:25:53,585 [INFO] ThirdParty:1030 - CMSIS Pack Vendor :STMicroelectronics X-CUBE-GNSS1 6.0.0
2023-11-09 00:25:53,585 [INFO] ThirdParty:1030 - CMSIS Pack Vendor :STMicroelectronics USB_HOST 2.0.0
2023-11-09 00:25:53,585 [INFO] ThirdParty:1030 - CMSIS Pack Vendor :STMicroelectronics X-CUBE-AZRTOS-F4 1.1.0
2023-11-09 00:25:53,585 [INFO] ThirdParty:1030 - CMSIS Pack Vendor :STMicroelectronics LIBJPEG 8.0.0
2023-11-09 00:25:53,585 [INFO] ThirdParty:1030 - CMSIS Pack Vendor :wolfSSL I-CUBE-wolfSSL 5.6.3
2023-11-09 00:25:53,585 [INFO] ThirdParty:1030 - CMSIS Pack Vendor :STMicroelectronics X-CUBE-SMBUS 2.1.0
2023-11-09 00:25:53,585 [INFO] ThirdParty:1030 - CMSIS Pack Vendor :STMicroelectronics USB_DEVICE 3.0.0
2023-11-09 00:25:53,585 [INFO] ThirdParty:1030 - CMSIS Pack Vendor :STMicroelectronics X-CUBE-AZRTOS-WB 2.0.0
2023-11-09 00:25:53,585 [INFO] ThirdParty:1030 - CMSIS Pack Vendor :STMicroelectronics X-CUBE-AZRTOS-F7 1.1.0
2023-11-09 00:25:53,586 [INFO] ThirdParty:1030 - CMSIS Pack Vendor :STMicroelectronics X-CUBE-AZRTOS-L5 2.0.0
2023-11-09 00:25:53,586 [INFO] ThirdParty:1030 - CMSIS Pack Vendor :STMicroelectronics USB_DEVICE 2.0.0
2023-11-09 00:25:53,586 [INFO] ThirdParty:1030 - CMSIS Pack Vendor :STMicroelectronics X-CUBE-MEMS1 9.6.0
2023-11-09 00:25:53,587 [INFO] ThirdParty:1030 - CMSIS Pack Vendor :STMicroelectronics X-CUBE-EEPRMA1 4.2.0
2023-11-09 00:25:53,587 [INFO] ThirdParty:1030 - CMSIS Pack Vendor :ITTIA_DB I-CUBE-ITTIADB 8.8.0
2023-11-09 00:25:53,587 [INFO] ThirdParty:1030 - CMSIS Pack Vendor :STMicroelectronics FP-SNS-MOTENV1 4.3.2
2023-11-09 00:25:53,587 [INFO] ThirdParty:1030 - CMSIS Pack Vendor :STMicroelectronics X-CUBE-ALGOBUILD 1.3.0
2023-11-09 00:25:53,587 [INFO] ThirdParty:1030 - CMSIS Pack Vendor :STMicroelectronics FreeRTOS 0.0.1
2023-11-09 00:25:53,587 [INFO] ThirdParty:1030 - CMSIS Pack Vendor :STMicroelectronics X-CUBE-AZRTOS-G0 1.1.0
2023-11-09 00:25:53,587 [INFO] ThirdParty:1030 - CMSIS Pack Vendor :STMicroelectronics X-CUBE-BLEMGR 2.0.0
2023-11-09 00:25:53,587 [INFO] ThirdParty:1030 - CMSIS Pack Vendor :STMicroelectronics X-CUBE-NFC4 3.0.0
2023-11-09 00:25:53,587 [INFO] ThirdParty:1030 - CMSIS Pack Vendor :STMicroelectronics X-CUBE-SUBG2 5.0.0
2023-11-09 00:25:53,587 [INFO] ThirdParty:1030 - CMSIS Pack Vendor :STMicroelectronics STM32_WPAN 1.0.0
2023-11-09 00:25:53,587 [INFO] ThirdParty:1030 - CMSIS Pack Vendor :STMicroelectronics lwIP 2.0.3
2023-11-09 00:25:53,587 [INFO] ThirdParty:1030 - CMSIS Pack Vendor :STMicroelectronics FP-SNS-FLIGHT1 5.0.2
2023-11-09 00:25:53,587 [INFO] ThirdParty:1030 - CMSIS Pack Vendor :STMicroelectronics USB_HOST 1.0.0
2023-11-09 00:25:53,587 [INFO] ThirdParty:1030 - CMSIS Pack Vendor :STMicroelectronics X-CUBE-TOF1 3.3.1
2023-11-09 00:25:53,587 [INFO] ThirdParty:1030 - CMSIS Pack Vendor :STMicroelectronics X-CUBE-AZRTOS-G4 2.0.0
2023-11-09 00:25:53,587 [INFO] ThirdParty:1030 - CMSIS Pack Vendor :STMicroelectronics PDM2PCM 3.1.0
2023-11-09 00:25:53,588 [INFO] ThirdParty:1030 - CMSIS Pack Vendor :STMicroelectronics X-CUBE-AZRTOS-H7 3.1.0
2023-11-09 00:25:53,588 [INFO] ThirdParty:1030 - CMSIS Pack Vendor :Infineon AIROC-Wi-Fi-Bluetooth-STM32 1.5.1
2023-11-09 00:25:53,588 [INFO] ThirdParty:1030 - CMSIS Pack Vendor :STMicroelectronics X-CUBE-BLEMGR 3.0.0
2023-11-09 00:25:53,588 [INFO] ThirdParty:1030 - CMSIS Pack Vendor :STMicroelectronics PDM2PCM 3.3.0
2023-11-09 00:25:53,588 [INFO] ThirdParty:1030 - CMSIS Pack Vendor :STMicroelectronics X-CUBE-DISPLAY 3.0.0
2023-11-09 00:25:53,588 [INFO] ThirdParty:1030 - CMSIS Pack Vendor :STMicroelectronics X-CUBE-BLE1 7.0.0
2023-11-09 00:25:53,588 [INFO] ThirdParty:1030 - CMSIS Pack Vendor :STMicroelectronics FP-ATR-SIGFOX1 3.2.0
2023-11-09 00:25:53,588 [INFO] ThirdParty:1030 - CMSIS Pack Vendor :STMicroelectronics HAL Drivers 0.0.0
2023-11-09 00:25:53,588 [INFO] ThirdParty:1030 - CMSIS Pack Vendor :STMicroelectronics MBEDTLS 2.16.2
2023-11-09 00:25:53,588 [INFO] ThirdParty:1030 - CMSIS Pack Vendor :emotas I-CUBE-CANOPEN 1.3.0
2023-11-09 00:25:53,588 [INFO] ThirdParty:1030 - CMSIS Pack Vendor :STMicroelectronics X-CUBE-MEMS1 10.0.0
2023-11-09 00:25:53,588 [INFO] ThirdParty:1030 - CMSIS Pack Vendor :STMicroelectronics X-CUBE-FREERTOS 1.1.0
2023-11-09 00:25:53,589 [INFO] ThirdParty:1030 - CMSIS Pack Vendor :STMicroelectronics X-CUBE-TOUCHGFX 4.22.0
2023-11-09 00:25:53,589 [INFO] ThirdParty:1030 - CMSIS Pack Vendor :STMicroelectronics X-CUBE-NFC7 1.0.1
2023-11-09 00:25:53,589 [INFO] ThirdParty:1030 - CMSIS Pack Vendor :STMicroelectronics MBEDTLS 2.14.1
2023-11-09 00:25:53,589 [INFO] ThirdParty:1030 - CMSIS Pack Vendor :STMicroelectronics X-CUBE-TOUCHGFX 4.22.1
2023-11-09 00:25:53,589 [INFO] ThirdParty:1030 - CMSIS Pack Vendor :STMicroelectronics X-CUBE-NFC6 3.0.0
2023-11-09 00:25:53,589 [INFO] ThirdParty:1030 - CMSIS Pack Vendor :STMicroelectronics X-CUBE-EEPRMA1 4.1.0
2023-11-09 00:25:53,589 [INFO] ThirdParty:1030 - CMSIS Pack Vendor :portGmbH I-Cube-SoM-uGOAL 1.1.0
2023-11-09 00:25:53,589 [INFO] ThirdParty:1030 - CMSIS Pack Vendor :STMicroelectronics X-CUBE-ALS 1.0.1
2023-11-09 00:25:53,589 [INFO] ThirdParty:1030 - CMSIS Pack Vendor :STMicroelectronics ThreadX 1.0.0
2023-11-09 00:25:53,589 [INFO] ThirdParty:1030 - CMSIS Pack Vendor :STMicroelectronics FP-SNS-SMARTAG2 1.2.0
2023-11-09 00:25:53,589 [INFO] ThirdParty:1030 - CMSIS Pack Vendor :STMicroelectronics X-CUBE-AZRTOS-WL 2.0.0
2023-11-09 00:25:53,589 [INFO] ThirdParty:1030 - CMSIS Pack Vendor :SEGGER I-CUBE-embOS 1.3.1
2023-11-09 00:25:53,589 [INFO] ThirdParty:1030 - CMSIS Pack Vendor :STMicroelectronics USB_DEVICE 1.0.0
2023-11-09 00:25:53,589 [INFO] ThirdParty:1030 - CMSIS Pack Vendor :STMicroelectronics X-CUBE-AI 8.1.0
2023-11-09 00:25:53,589 [INFO] ThirdParty:1030 - CMSIS Pack Vendor :STMicroelectronics X-CUBE-AZRTOS-L4 2.0.0
2023-11-09 00:25:53,589 [INFO] ThirdParty:1030 - CMSIS Pack Vendor :STMicroelectronics ThreadX 0.0.2
2023-11-09 00:25:53,589 [INFO] ThirdParty:1030 - CMSIS Pack Vendor :WES I-CUBE-Cesium 1.3.0
2023-11-09 00:25:53,589 [INFO] ThirdParty:1030 - CMSIS Pack Vendor :STMicroelectronics FP-ATR-ASTRA1 2.0.0
2023-11-09 00:25:53,589 [INFO] ThirdParty:1030 - CMSIS Pack Vendor :STMicroelectronics lwIP 2.1.2
2023-11-09 00:25:53,589 [INFO] ThirdParty:1030 - CMSIS Pack Vendor :STMicroelectronics X-CUBE-SFXS2LP1 4.0.0
2023-11-09 00:25:53,590 [INFO] ThirdParty:1030 - CMSIS Pack Vendor :STMicroelectronics X-CUBE-BLE2 3.3.0
2023-11-09 00:25:53,590 [INFO] ThirdParty:1030 - CMSIS Pack Vendor :STMicroelectronics PDM2PCM 3.2.0
2023-11-09 00:25:53,590 [INFO] ThirdParty:841 - exiting critical section [change project]
2023-11-09 00:25:53,870 [INFO] PinOutPanel:1499 - setPackage(No Configuration,No Configuration)
2023-11-09 00:25:53,875 [INFO] PinOutPanel:1499 - setPackage(STM32F746ZGTx,LQFP144)
2023-11-09 00:25:54,664 [INFO] UtilMem:75 - Before build in PCC Used Memory: 950850936 Bytes (1073741824)
2023-11-09 00:25:55,022 [INFO] UtilMem:75 - After build in PCC Used Memory: 769125448 Bytes (1073741824)
2023-11-09 00:25:55,052 [INFO] IPUIPlugin:80 - create IPUIPlugin
2023-11-09 00:25:55,052 [INFO] IPUIPlugin:80 - create IPUIPlugin
2023-11-09 00:25:55,052 [INFO] IPUIPlugin:80 - create IPUIPlugin
2023-11-09 00:25:55,053 [INFO] IPUIPlugin:80 - create IPUIPlugin
2023-11-09 00:25:55,053 [INFO] IPUIPlugin:80 - create IPUIPlugin
2023-11-09 00:25:55,053 [INFO] IPUIPlugin:80 - create IPUIPlugin
2023-11-09 00:25:55,053 [INFO] IPUIPlugin:80 - create IPUIPlugin
2023-11-09 00:25:55,053 [INFO] IPUIPlugin:80 - create IPUIPlugin
2023-11-09 00:25:55,053 [INFO] IPUIPlugin:80 - create IPUIPlugin
2023-11-09 00:25:55,053 [INFO] IPUIPlugin:80 - create IPUIPlugin
2023-11-09 00:25:55,053 [INFO] IPUIPlugin:80 - create IPUIPlugin
2023-11-09 00:25:55,053 [INFO] IPUIPlugin:80 - create IPUIPlugin
2023-11-09 00:25:55,053 [INFO] IPUIPlugin:80 - create IPUIPlugin
2023-11-09 00:25:55,053 [INFO] IPUIPlugin:80 - create IPUIPlugin
2023-11-09 00:25:55,054 [INFO] IPUIPlugin:80 - create IPUIPlugin
2023-11-09 00:25:55,054 [INFO] IPUIPlugin:80 - create IPUIPlugin
2023-11-09 00:25:55,055 [INFO] IPUIPlugin:80 - create IPUIPlugin
2023-11-09 00:25:55,055 [INFO] IPUIPlugin:80 - create IPUIPlugin
2023-11-09 00:25:55,055 [INFO] IPUIPlugin:80 - create IPUIPlugin
2023-11-09 00:25:55,055 [INFO] IPUIPlugin:80 - create IPUIPlugin
2023-11-09 00:25:55,055 [INFO] IPUIPlugin:80 - create IPUIPlugin
2023-11-09 00:25:55,055 [INFO] IPUIPlugin:80 - create IPUIPlugin
2023-11-09 00:25:55,055 [INFO] IPUIPlugin:80 - create IPUIPlugin
2023-11-09 00:25:55,055 [INFO] IPUIPlugin:80 - create IPUIPlugin
2023-11-09 00:25:55,055 [INFO] IPUIPlugin:80 - create IPUIPlugin
2023-11-09 00:25:55,056 [INFO] IPUIPlugin:80 - create IPUIPlugin
2023-11-09 00:25:55,056 [INFO] IPUIPlugin:80 - create IPUIPlugin
2023-11-09 00:25:55,056 [INFO] IPUIPlugin:80 - create IPUIPlugin
2023-11-09 00:25:55,056 [INFO] IPUIPlugin:80 - create IPUIPlugin
2023-11-09 00:25:55,056 [INFO] IPUIPlugin:80 - create IPUIPlugin
2023-11-09 00:25:55,056 [INFO] IPUIPlugin:80 - create IPUIPlugin
2023-11-09 00:25:55,056 [INFO] IPUIPlugin:80 - create IPUIPlugin
2023-11-09 00:25:55,057 [INFO] IPUIPlugin:80 - create IPUIPlugin
2023-11-09 00:25:55,057 [INFO] IPUIPlugin:80 - create IPUIPlugin
2023-11-09 00:25:55,057 [INFO] IPUIPlugin:80 - create IPUIPlugin
2023-11-09 00:25:55,057 [INFO] IPUIPlugin:80 - create IPUIPlugin
2023-11-09 00:25:55,057 [INFO] IPUIPlugin:80 - create IPUIPlugin
2023-11-09 00:25:55,058 [INFO] IPUIPlugin:80 - create IPUIPlugin
2023-11-09 00:25:55,059 [INFO] IPUIPlugin:80 - create IPUIPlugin
2023-11-09 00:25:55,059 [INFO] IPUIPlugin:80 - create IPUIPlugin
2023-11-09 00:25:55,060 [INFO] IPUIPlugin:80 - create IPUIPlugin
2023-11-09 00:25:55,060 [INFO] IPUIPlugin:80 - create IPUIPlugin
2023-11-09 00:25:55,060 [INFO] IPUIPlugin:80 - create IPUIPlugin
2023-11-09 00:25:55,060 [INFO] IPUIPlugin:80 - create IPUIPlugin
2023-11-09 00:25:55,060 [INFO] IPUIPlugin:80 - create IPUIPlugin
2023-11-09 00:25:55,061 [INFO] IPUIPlugin:80 - create IPUIPlugin
2023-11-09 00:25:55,061 [INFO] IPUIPlugin:80 - create IPUIPlugin
2023-11-09 00:25:55,061 [INFO] IPUIPlugin:80 - create IPUIPlugin
2023-11-09 00:25:55,061 [INFO] IPUIPlugin:80 - create IPUIPlugin
2023-11-09 00:25:55,062 [INFO] IPUIPlugin:80 - create IPUIPlugin
2023-11-09 00:25:55,062 [INFO] IPUIPlugin:80 - create IPUIPlugin
2023-11-09 00:25:55,062 [INFO] IPUIPlugin:80 - create IPUIPlugin
2023-11-09 00:25:55,063 [INFO] IPUIPlugin:80 - create IPUIPlugin
2023-11-09 00:25:55,063 [INFO] IPUIPlugin:80 - create IPUIPlugin
2023-11-09 00:25:55,063 [INFO] IPUIPlugin:80 - create IPUIPlugin
2023-11-09 00:25:55,063 [INFO] IPUIPlugin:80 - create IPUIPlugin
2023-11-09 00:25:55,063 [INFO] IPUIPlugin:80 - create IPUIPlugin
2023-11-09 00:25:55,064 [INFO] IPUIPlugin:80 - create IPUIPlugin
2023-11-09 00:25:55,064 [INFO] IPUIPlugin:80 - create IPUIPlugin
2023-11-09 00:25:55,064 [INFO] IPUIPlugin:80 - create IPUIPlugin
2023-11-09 00:25:55,064 [INFO] IPUIPlugin:80 - create IPUIPlugin
2023-11-09 00:25:55,065 [INFO] IPUIPlugin:80 - create IPUIPlugin
2023-11-09 00:25:55,065 [INFO] IPUIPlugin:80 - create IPUIPlugin
2023-11-09 00:25:55,065 [INFO] IPUIPlugin:80 - create IPUIPlugin
2023-11-09 00:25:55,066 [INFO] IPUIPlugin:80 - create IPUIPlugin
2023-11-09 00:25:55,066 [INFO] IPUIPlugin:80 - create IPUIPlugin
2023-11-09 00:25:55,066 [INFO] IPUIPlugin:80 - create IPUIPlugin
2023-11-09 00:25:55,067 [INFO] IPUIPlugin:80 - create IPUIPlugin
2023-11-09 00:25:55,067 [INFO] IPUIPlugin:80 - create IPUIPlugin
2023-11-09 00:25:55,068 [INFO] IPUIPlugin:80 - create IPUIPlugin
2023-11-09 00:25:55,068 [INFO] IPUIPlugin:80 - create IPUIPlugin
2023-11-09 00:25:55,068 [INFO] IPUIPlugin:80 - create IPUIPlugin
2023-11-09 00:25:55,069 [INFO] IPUIPlugin:80 - create IPUIPlugin
2023-11-09 00:25:55,069 [INFO] IPUIPlugin:80 - create IPUIPlugin
2023-11-09 00:25:55,075 [INFO] ApiDbMcu:507 - Load IP Config File for PDM2PCM
2023-11-09 00:25:55,139 [INFO] CADModel:165 - CPN selected for project levelSTM32F746ZGT6
2023-11-09 00:25:55,139 [INFO] CADModel:114 - Register for checkConnection events
2023-11-09 00:25:55,199 [INFO] OpenFileManager:328 - Restore cursor
