2023-10-06 18:20:49,234 [INFO] McuFinderGlobals:63 - Set McuFinder mode to 2 (CubeIDE integrated)
2023-10-06 18:20:51,004 [INFO] MainUpdater:2868 - connection check result : 10
2023-10-06 18:20:51,017 [INFO] MainUpdater:2868 - connection check result : 10
2023-10-06 18:20:51,376 [INFO] MicroXplorer:468 - Change Database Path : 
2023-10-06 18:20:51,377 [INFO] MicroXplorer:498 - Change Database Version : DB.6.0.91
2023-10-06 18:20:51,388 [WARN] ThirdParty:871 - waiting for thirdparty lock release [close project]
2023-10-06 18:20:51,388 [INFO] ThirdParty:873 - entering critical section [close project]
2023-10-06 18:20:51,433 [INFO] ThirdParty:883 - exiting critical section [close project]
2023-10-06 18:20:51,447 [INFO] PinOutPanel:1499 - setPackage(No Configuration,No Configuration)
2023-10-06 18:20:51,480 [INFO] UtilMem:75 - Begin LoadConfig() Used Memory: 373320256 Bytes (675282944)
2023-10-06 18:20:51,485 [INFO] MicroXplorer:468 - Change Database Path : 
2023-10-06 18:20:51,485 [INFO] MicroXplorer:498 - Change Database Version : DB.6.0.91
2023-10-06 18:20:51,485 [INFO] OpenFileManager:308 - Change cursor
2023-10-06 18:20:51,591 [INFO] Mcu:1946 - Initializing MCU STM32F746ZGTx STM32F746ZGTx STM32F746ZGT6
2023-10-06 18:20:55,746 [INFO] Context:659 - Trying to add GPIOservice into a context  which must be forbidden
2023-10-06 18:20:57,187 [INFO] RtosManager:555 - Registered RTOS mode: class=CMSIS, group=RTOS, mode=CMSIS_V1, owner=FREERTOS
2023-10-06 18:20:57,187 [INFO] RtosManager:555 - Registered RTOS mode: class=CMSIS, group=RTOS2, mode=CMSIS_V2, owner=FREERTOS
2023-10-06 18:20:57,187 [INFO] RtosManager:555 - Registered RTOS mode: class=RTOS, group=Core, mode=CMSIS_V1, owner=FREERTOS
2023-10-06 18:20:57,187 [INFO] RtosManager:555 - Registered RTOS mode: class=RTOS, group=Core, mode=CMSIS_V2, owner=FREERTOS
2023-10-06 18:20:57,188 [WARN] ModelIntegratedComponent:184 - Missing modes for component STMicroelectronics:FreeRTOS:0.0.1:STMicroelectronics:RTOS:FreeRTOS:Core:::10.2.0:
2023-10-06 18:20:57,204 [WARN] ModelIntegratedComponent:63 - No mode defined for component null
2023-10-06 18:20:57,204 [WARN] ModelIntegratedComponent:63 - No mode defined for component null
2023-10-06 18:20:57,204 [WARN] ModelIntegratedComponent:63 - No mode defined for component null
2023-10-06 18:20:57,204 [WARN] ModelIntegratedComponent:63 - No mode defined for component null
2023-10-06 18:20:57,204 [WARN] ModelIntegratedComponent:63 - No mode defined for component null
2023-10-06 18:20:57,204 [WARN] ModelIntegratedComponent:63 - No mode defined for component null
2023-10-06 18:20:57,204 [WARN] ModelIntegratedComponent:63 - No mode defined for component null
2023-10-06 18:20:57,205 [WARN] ModelIntegratedComponent:63 - No mode defined for component null
2023-10-06 18:20:57,205 [WARN] ModelIntegratedComponent:63 - No mode defined for component null
2023-10-06 18:20:57,205 [WARN] ModelIntegratedComponent:63 - No mode defined for component null
2023-10-06 18:20:57,205 [WARN] ModelIntegratedComponent:63 - No mode defined for component null
2023-10-06 18:20:57,205 [WARN] ModelIntegratedComponent:63 - No mode defined for component null
2023-10-06 18:20:57,205 [WARN] ModelIntegratedComponent:63 - No mode defined for component null
2023-10-06 18:20:57,205 [WARN] ModelIntegratedComponent:63 - No mode defined for component null
2023-10-06 18:20:57,205 [WARN] ModelIntegratedComponent:63 - No mode defined for component null
2023-10-06 18:20:57,205 [WARN] ModelIntegratedComponent:63 - No mode defined for component null
2023-10-06 18:20:57,205 [WARN] ModelIntegratedComponent:63 - No mode defined for component null
2023-10-06 18:20:57,206 [WARN] ModelIntegratedComponent:63 - No mode defined for component null
2023-10-06 18:20:57,206 [WARN] ModelIntegratedComponent:63 - No mode defined for component null
2023-10-06 18:20:57,206 [WARN] ModelIntegratedComponent:63 - No mode defined for component null
2023-10-06 18:20:57,206 [WARN] ModelIntegratedComponent:63 - No mode defined for component null
2023-10-06 18:20:57,206 [WARN] ModelIntegratedComponent:63 - No mode defined for component null
2023-10-06 18:20:57,206 [WARN] ModelIntegratedComponent:63 - No mode defined for component null
2023-10-06 18:20:57,206 [WARN] ModelIntegratedComponent:63 - No mode defined for component null
2023-10-06 18:20:57,206 [WARN] ModelIntegratedComponent:63 - No mode defined for component null
2023-10-06 18:20:57,206 [WARN] ModelIntegratedComponent:63 - No mode defined for component null
2023-10-06 18:20:57,206 [WARN] ModelIntegratedComponent:63 - No mode defined for component null
2023-10-06 18:20:57,206 [WARN] ModelIntegratedComponent:63 - No mode defined for component null
2023-10-06 18:20:57,206 [WARN] ModelIntegratedComponent:63 - No mode defined for component null
2023-10-06 18:20:57,207 [WARN] ModelIntegratedComponent:63 - No mode defined for component null
2023-10-06 18:20:57,207 [WARN] ModelIntegratedComponent:63 - No mode defined for component null
2023-10-06 18:20:57,207 [WARN] ModelIntegratedComponent:63 - No mode defined for component null
2023-10-06 18:20:57,207 [WARN] ModelIntegratedComponent:63 - No mode defined for component null
2023-10-06 18:20:57,237 [INFO] ThirdPartyModel:298 - Start build external matchings
2023-10-06 18:20:57,614 [INFO] ThirdPartyModel:316 - End build external matchings
2023-10-06 18:20:57,626 [INFO] ImportTextPane:194 - (OptionalMessage_ERROR) IP (ETH) : Invalid parameter (PHY_Name)
2023-10-06 18:20:57,626 [INFO] ImportTextPane:194 - (OptionalMessage_ERROR) IP (ETH) : Invalid parameter (PHY_Value)
2023-10-06 18:20:57,626 [INFO] ImportTextPane:194 - (OptionalMessage_ERROR) IP (ETH) : Invalid parameter (PhyAddress)
2023-10-06 18:20:57,628 [INFO] ImportTextPane:194 - (OptionalMessage_ERROR) IP (RCC) : Invalid parameter (48MHZClocksFreq_Value)
2023-10-06 18:20:57,628 [INFO] ImportTextPane:194 - (OptionalMessage_ERROR) IP (RCC) : Invalid parameter (ADC12outputFreq_Value)
2023-10-06 18:20:57,628 [INFO] ImportTextPane:194 - (OptionalMessage_ERROR) IP (RCC) : Invalid parameter (ADC34outputFreq_Value)
2023-10-06 18:20:57,628 [INFO] ImportTextPane:194 - (OptionalMessage_ERROR) IP (RCC) : Invalid parameter (FamilyName)
2023-10-06 18:20:57,629 [INFO] ImportTextPane:194 - (OptionalMessage_ERROR) IP (RCC) : Invalid parameter (I2SClocksFreq_Value)
2023-10-06 18:20:57,629 [INFO] ImportTextPane:194 - (OptionalMessage_ERROR) IP (RCC) : Parameter (LCDTFToutputFreq_Value) has invalid value (96000000)
2023-10-06 18:20:57,629 [INFO] ImportTextPane:194 - (OptionalMessage_ERROR) IP (RCC) : Invalid parameter (MCOFreq_Value)
2023-10-06 18:20:57,630 [INFO] ImportTextPane:194 - (OptionalMessage_ERROR) IP (RCC) : Invalid parameter (PLLMCOFreq_Value)
2023-10-06 18:20:57,630 [INFO] ImportTextPane:194 - (OptionalMessage_ERROR) IP (RCC) : Invalid parameter (PLLMUL)
2023-10-06 18:20:57,630 [INFO] ImportTextPane:194 - (OptionalMessage_ERROR) IP (RCC) : Invalid parameter (PRESCALERUSB)
2023-10-06 18:20:57,630 [INFO] ImportTextPane:194 - (OptionalMessage_ERROR) IP (RCC) : Invalid parameter (RTCHSEDivFreq_Value)
2023-10-06 18:20:57,630 [INFO] ImportTextPane:194 - (OptionalMessage_ERROR) IP (RCC) : Parameter (SDMMCFreq_Value) has invalid value (72000000)
2023-10-06 18:20:57,630 [INFO] ImportTextPane:194 - (OptionalMessage_ERROR) IP (RCC) : Invalid parameter (SYSCLKSourceVirtual)
2023-10-06 18:20:57,630 [INFO] ImportTextPane:194 - (OptionalMessage_ERROR) IP (RCC) : Invalid parameter (TIM15Freq_Value)
2023-10-06 18:20:57,630 [INFO] ImportTextPane:194 - (OptionalMessage_ERROR) IP (RCC) : Invalid parameter (TIM16Freq_Value)
2023-10-06 18:20:57,630 [INFO] ImportTextPane:194 - (OptionalMessage_ERROR) IP (RCC) : Invalid parameter (TIM17Freq_Value)
2023-10-06 18:20:57,631 [INFO] ImportTextPane:194 - (OptionalMessage_ERROR) IP (RCC) : Invalid parameter (TIM1Freq_Value)
2023-10-06 18:20:57,631 [INFO] ImportTextPane:194 - (OptionalMessage_ERROR) IP (RCC) : Invalid parameter (TIM20Freq_Value)
2023-10-06 18:20:57,631 [INFO] ImportTextPane:194 - (OptionalMessage_ERROR) IP (RCC) : Invalid parameter (TIM2Freq_Value)
2023-10-06 18:20:57,631 [INFO] ImportTextPane:194 - (OptionalMessage_ERROR) IP (RCC) : Invalid parameter (TIM3Freq_Value)
2023-10-06 18:20:57,631 [INFO] ImportTextPane:194 - (OptionalMessage_ERROR) IP (RCC) : Invalid parameter (TIM8Freq_Value)
2023-10-06 18:20:57,631 [INFO] ImportTextPane:194 - (OptionalMessage_ERROR) IP (RCC) : Invalid parameter (VCOOutput2Freq_Value)
2023-10-06 18:20:57,632 [INFO] ImportTextPane:194 - (OptionalMessage_ERROR) IP (RCC) : Invalid parameter (VcooutputI2S)
2023-10-06 18:20:58,419 [INFO] UtilMem:75 - End LoadConfig() Used Memory: 345611392 Bytes (675282944)
2023-10-06 18:20:58,703 [INFO] ApiDb:581 - Connected to CubeFinder SQLite database (C:\Users\yarde\.stmcufinder\plugins\mcufinder\mcu\cube-finder-db.db)
2023-10-06 18:20:58,883 [INFO] ApiDb:668 - CubeFinder database Data Model version=2.1
2023-10-06 18:20:58,883 [INFO] ApiDb:669 - CubeFinder database Configuration version=3.0.37
2023-10-06 18:20:58,885 [INFO] ApiDb:670 - CubeFinder database generation date=2023-08-09 (1691586011)
2023-10-06 18:20:58,885 [INFO] ApiDb:671 - CubeFinder database FW Pack versions=[FP-ATR-ASTRA1_V2.0.0, FP-SNS-FLIGHT1_V5.0.1, FP-SNS-FLIGHT1_V5.0.2, FP-SNS-MOTENV1_V4.3.1, FP-SNS-MOTENV1_V4.3.2, STM32Cube_FW_C0_V1.1.0, STM32Cube_FW_F4_V1.27.1, STM32Cube_FW_F7_V1.17.0, STM32Cube_FW_G0_V1.6.1, STM32Cube_FW_G4_V1.5.1, STM32Cube_FW_H5_V0.5.1, STM32Cube_FW_H5_V1.1.0, STM32Cube_FW_H7_V1.11.0, STM32Cube_FW_L0_V1.12.2, STM32Cube_FW_L5_V1.5.0, STM32Cube_FW_U5_V1.3.0, STM32Cube_FW_U5_V1.3.0RC4, STM32Cube_FW_WBA_V1.0.0RC1, STM32Cube_FW_WBA_V1.1.0, STM32Cube_FW_WBA_V1.1.0RC1, STM32Cube_FW_WB_V1.15.0RC1, STM32Cube_FW_WB_V1.16.0, STM32Cube_FW_WB_V1.16.0RC2, STM32Cube_FW_WB_V1.17.0, STM32Cube_FW_WL_V1.3.0, X-CUBE-ALGOBUILD_V1.3.0, X-CUBE-ALS_V1.0.1, X-CUBE-AZRTOS-F4_V1.1.0, X-CUBE-AZRTOS-F7_V1.1.0, X-CUBE-AZRTOS-G0_V1.1.0, X-CUBE-AZRTOS-G4_V2.0.0, X-CUBE-AZRTOS-H7_V3.1.0, X-CUBE-AZRTOS-L4_V1.0.0, X-CUBE-AZRTOS-L4_V2.0.0, X-CUBE-AZRTOS-L5_V1.1.0, X-CUBE-AZRTOS-WB_V1.1.0, X-CUBE-AZRTOS-WL_V2.0.0, X-CUBE-BLE1_V7.0.0, X-CUBE-BLE2_V3.3.0, X-CUBE-BLEMGR_V2.0.0, X-CUBE-EEPRMA1_V4.1.0, X-CUBE-FREERTOS_V1.1.0, X-CUBE-GNSS1_V6.0.0, X-CUBE-MEMS1_V9.1.0, X-CUBE-MEMS1_V9.4.0, X-CUBE-MEMS1_V9.6.0, X-CUBE-NFC4_V3.0.0, X-CUBE-NFC7_V1.0.0, X-CUBE-SFXS2LP1_V4.0.0, X-CUBE-SUBG2_V5.0.0, X-CUBE-TOF1_V3.3.1]
2023-10-06 18:21:02,107 [INFO] ApiDb:240 - Found 323 in-development CPN: [B-G473E-ZEST1S, B-WB1M-WPAN1, B-WL5M-SUBG1, NUCLEO-C031C6, NUCLEO-H503RB, NUCLEO-H563ZI, NUCLEO-U545RE-Q, NUCLEO-U5A5ZJ-Q, NUCLEO-WBA52CG, STEVAL-PROTEUS1, STEVAL-SMARTAG2, STEVAL-STWINBX1, STM320518-EVAL, STM32C0116-DK, STM32C011D6Y3TR, STM32C011D6Y6TR, STM32C011F4P3, STM32C011F4P6, STM32C011F4U3, STM32C011F4U6TR, STM32C011F6P3, STM32C011F6P6, STM32C011F6U3, STM32C011F6U6TR, STM32C011J4M3, STM32C011J4M6, STM32C011J6M3, STM32C011J6M6, STM32C0316-DK, STM32C031C4T3, STM32C031C4T6, STM32C031C4U3, STM32C031C4U6, STM32C031C6T3, STM32C031C6T6, STM32C031C6U3, STM32C031C6U6, STM32C031F4P3, STM32C031F4P6, STM32C031F6P3, STM32C031F6P6, STM32C031G4U3, STM32C031G4U6, STM32C031G6U3, STM32C031G6U6, STM32C031K4T3, STM32C031K4T6, STM32C031K4U3, STM32C031K4U6, STM32C031K6T3, STM32C031K6T6, STM32C031K6U3, STM32C031K6U6, STM32G071K8TXN, STM32G071K8UXN, STM32G081GBU6N, STM32G081KBT6N, STM32G081KBUXN, STM32G0B1CCT6N, STM32G0B1KCT6, STM32G0B1NEY6TR, STM32G0B1RCT6N, STM32G0C1CCT6, STM32G0C1CCT6N, STM32G0C1CCU6N, STM32G0C1CET6N, STM32G0C1CEU6N, STM32G0C1KCT6, STM32G0C1NEY6TR, STM32G0C1RCI6N, STM32G0C1RCT6N, STM32G0C1REI6N, STM32G0C1RET6N, STM32G0C1VCI6, STM32G0C1VEI6, STM32G471CCT6, STM32G471CCU6, STM32G471CET3, STM32G471CET6, STM32G471CEU3, STM32G471CEU6, STM32G471MCT6, STM32G471MET3, STM32G471MET6, STM32G471MEY6TR, STM32G471QCT6, STM32G471QET3, STM32G471RCT6, STM32G471RET3, STM32G471RET6, STM32G471VCH6, STM32G471VCI6, STM32G471VCT6, STM32G471VEH3, STM32G471VEH6, STM32G471VEI3, STM32G471VEI6, STM32G471VET3, STM32G471VET6, STM32G474CCT6, STM32H503CBT6, STM32H503CBU6, STM32H503EBY6TR, STM32H503KBU6, STM32H503RBT6, STM32H562AGI6, STM32H562AII6, STM32H562IGK6, STM32H562IGT6, STM32H562IIK6, STM32H562IIT6, STM32H562RGT6, STM32H562RGV6, STM32H562RIT6, STM32H562RIV6, STM32H562VGT6, STM32H562VIT6, STM32H562ZGT6, STM32H562ZIT6, STM32H563AGI6, STM32H563AII3Q, STM32H563AII6, STM32H563IGK6, STM32H563IGT6, STM32H563IIK3Q, STM32H563IIK6, STM32H563IIT3Q, STM32H563IIT6, STM32H563MIY3QTR, STM32H563RGT6, STM32H563RGV6, STM32H563RIT6, STM32H563RIV6, STM32H563VGT6, STM32H563VIT3Q, STM32H563VIT6, STM32H563ZGT6, STM32H563ZIT3Q, STM32H563ZIT6, STM32H573AII3Q, STM32H573AII6, STM32H573I-DK, STM32H573IIK3Q, STM32H573IIK6, STM32H573IIT3Q, STM32H573IIT6, STM32H573MIY3QTR, STM32H573RIT6, STM32H573RIV6, STM32H573VIT3Q, STM32H573VIT6, STM32H573ZIT3Q, STM32H573ZIT6, STM32L4R5QGI6STR, STM32MP131AAE3, STM32MP131AAF3, STM32MP131AAG3, STM32MP131CAE3, STM32MP131CAF3, STM32MP131CAG3, STM32MP131DAE7, STM32MP131DAF7, STM32MP131DAG7, STM32MP131FAE7, STM32MP131FAF7, STM32MP131FAG7, STM32MP133AAE3, STM32MP133AAF3, STM32MP133AAG3, STM32MP133CAE3, STM32MP133CAF3, STM32MP133CAG3, STM32MP133DAE7, STM32MP133DAF7, STM32MP133DAG7, STM32MP133FAE7, STM32MP133FAF7, STM32MP133FAG7, STM32MP135AAE3, STM32MP135AAF3, STM32MP135AAG3, STM32MP135CAE3, STM32MP135CAF3, STM32MP135CAG3, STM32MP135DAE7, STM32MP135DAF7, STM32MP135DAG7, STM32MP135F-DK, STM32MP135FAE7, STM32MP135FAF7, STM32MP135FAF7T, STM32MP135FAF7U, STM32MP135FAG7, STM32U535CBT6, STM32U535CBT6Q, STM32U535CBU6, STM32U535CBU6Q, STM32U535CCT6, STM32U535CCT6Q, STM32U535CCU6, STM32U535CCU6Q, STM32U535CET6, STM32U535CET6Q, STM32U535CEU6, STM32U535CEU6Q, STM32U535JEY6QTR, STM32U535NCY6QTR, STM32U535NEY6QTR, STM32U535RBI6, STM32U535RBI6Q, STM32U535RBT6, STM32U535RBT6Q, STM32U535RCI6, STM32U535RCI6Q, STM32U535RCT6, STM32U535RCT6Q, STM32U535REI6, STM32U535REI6Q, STM32U535RET6, STM32U535RET6Q, STM32U535VCI6, STM32U535VCI6Q, STM32U535VCT6, STM32U535VCT6Q, STM32U535VEI6, STM32U535VEI6Q, STM32U535VET6, STM32U535VET6Q, STM32U545CET6, STM32U545CET6Q, STM32U545CEU6, STM32U545CEU6Q, STM32U545JEY6QTR, STM32U545NEY6QTR, STM32U545REI6, STM32U545REI6Q, STM32U545RET6, STM32U545RET6Q, STM32U545VEI6, STM32U545VEI6Q, STM32U545VET6, STM32U545VET6Q, STM32U595AIH6, STM32U595AIH6Q, STM32U595AJH6, STM32U595AJH6Q, STM32U595QII6, STM32U595QII6Q, STM32U595QJI6, STM32U595QJI6Q, STM32U595RIT6, STM32U595RIT6Q, STM32U595RJT6, STM32U595RJT6Q, STM32U595VIT6, STM32U595VIT6Q, STM32U595VJT6, STM32U595VJT6Q, STM32U595ZIT6, STM32U595ZIT6Q, STM32U595ZIY6QTR, STM32U595ZJT6, STM32U595ZJT6Q, STM32U595ZJY6QTR, STM32U599BJY6QTR, STM32U599NIH6Q, STM32U599NJH6Q, STM32U599VIT6Q, STM32U599VJT6, STM32U599VJT6Q, STM32U599ZIT6Q, STM32U599ZIY6QTR, STM32U599ZJT6Q, STM32U599ZJY6QTR, STM32U5A5AJH6, STM32U5A5AJH6Q, STM32U5A5QJI6, STM32U5A5QJI6Q, STM32U5A5RJT6, STM32U5A5RJT6Q, STM32U5A5VJT6, STM32U5A5VJT6Q, STM32U5A5ZJT6, STM32U5A5ZJT6Q, STM32U5A5ZJY6QTR, STM32U5A9BJY6QTR, STM32U5A9J-DK, STM32U5A9NJH6Q, STM32U5A9VJT6Q, STM32U5A9ZJT6Q, STM32U5A9ZJY6QTR, STM32U5F7VIT6, STM32U5F7VIT6Q, STM32U5F7VJT6, STM32U5F7VJT6Q, STM32U5F9BJY6QTR, STM32U5F9NJH6Q, STM32U5F9VIT6Q, STM32U5F9VJT6Q, STM32U5F9ZIJ6QTR, STM32U5F9ZIT6Q, STM32U5F9ZJJ6QTR, STM32U5F9ZJT6Q, STM32U5G7VJT6, STM32U5G7VJT6Q, STM32U5G9BJY6QTR, STM32U5G9J-DK1, STM32U5G9J-DK2, STM32U5G9NJH6Q, STM32U5G9VJT6Q, STM32U5G9ZJJ6QTR, STM32U5G9ZJT6Q, STM32WB1MMCH6, STM32WBA52CEU6, STM32WBA52CEU6T, STM32WBA52CGU6, STM32WBA52CGU6T, STM32WBA52KEU6, STM32WBA52KEU6T, STM32WBA52KGU6, STM32WBA52KGU6T, STM32WL5MOCH6, STM32WL5MOCH6TR]
2023-10-06 18:21:02,110 [INFO] DbMcus:217 - Found 3848 MCUs, 3848 are supported
2023-10-06 18:21:02,111 [INFO] ApiDb:423 - Load user favorites file C:\Users\yarde/.stm32cubeide/favorites.mcus.txt: 0 item(s)
2023-10-06 18:21:02,111 [INFO] ApiDb:427 - User favorites MCUs=[]
2023-10-06 18:21:02,111 [INFO] DbMcus:223 - Set 0 / 0 favorites MCUs
2023-10-06 18:21:02,583 [WARN] ThirdParty:833 - waiting for thirdparty lock release [change project]
2023-10-06 18:21:02,584 [INFO] ThirdParty:835 - entering critical section [change project]
2023-10-06 18:21:02,584 [INFO] ThirdParty:1030 - CMSIS Pack Vendor :STMicroelectronics X-CUBE-ISPU 1.1.0
2023-10-06 18:21:02,584 [INFO] ThirdParty:1030 - CMSIS Pack Vendor :STMicroelectronics USBPD 4.1
2023-10-06 18:21:02,584 [INFO] ThirdParty:1030 - CMSIS Pack Vendor :STMicroelectronics X-CUBE-GNSS1 6.0.0
2023-10-06 18:21:02,584 [INFO] ThirdParty:1030 - CMSIS Pack Vendor :STMicroelectronics USB_HOST 2.0.0
2023-10-06 18:21:02,584 [INFO] ThirdParty:1030 - CMSIS Pack Vendor :STMicroelectronics X-CUBE-AZRTOS-F4 1.1.0
2023-10-06 18:21:02,584 [INFO] ThirdParty:1030 - CMSIS Pack Vendor :STMicroelectronics LIBJPEG 8.0.0
2023-10-06 18:21:02,584 [INFO] ThirdParty:1030 - CMSIS Pack Vendor :wolfSSL I-CUBE-wolfSSL 5.6.3
2023-10-06 18:21:02,584 [INFO] ThirdParty:1030 - CMSIS Pack Vendor :STMicroelectronics X-CUBE-SMBUS 2.1.0
2023-10-06 18:21:02,584 [INFO] ThirdParty:1030 - CMSIS Pack Vendor :STMicroelectronics USB_DEVICE 3.0.0
2023-10-06 18:21:02,584 [INFO] ThirdParty:1030 - CMSIS Pack Vendor :STMicroelectronics X-CUBE-AZRTOS-WB 2.0.0
2023-10-06 18:21:02,585 [INFO] ThirdParty:1030 - CMSIS Pack Vendor :STMicroelectronics X-CUBE-AZRTOS-F7 1.1.0
2023-10-06 18:21:02,585 [INFO] ThirdParty:1030 - CMSIS Pack Vendor :STMicroelectronics X-CUBE-AZRTOS-L5 2.0.0
2023-10-06 18:21:02,585 [INFO] ThirdParty:1030 - CMSIS Pack Vendor :STMicroelectronics USB_DEVICE 2.0.0
2023-10-06 18:21:02,585 [INFO] ThirdParty:1030 - CMSIS Pack Vendor :STMicroelectronics X-CUBE-MEMS1 9.6.0
2023-10-06 18:21:02,585 [INFO] ThirdParty:1030 - CMSIS Pack Vendor :STMicroelectronics FP-SNS-MOTENV1 4.3.2
2023-10-06 18:21:02,585 [INFO] ThirdParty:1030 - CMSIS Pack Vendor :STMicroelectronics X-CUBE-ALGOBUILD 1.3.0
2023-10-06 18:21:02,585 [INFO] ThirdParty:1030 - CMSIS Pack Vendor :STMicroelectronics FreeRTOS 0.0.1
2023-10-06 18:21:02,585 [INFO] ThirdParty:1030 - CMSIS Pack Vendor :STMicroelectronics X-CUBE-AZRTOS-G0 1.1.0
2023-10-06 18:21:02,585 [INFO] ThirdParty:1030 - CMSIS Pack Vendor :STMicroelectronics X-CUBE-BLEMGR 2.0.0
2023-10-06 18:21:02,585 [INFO] ThirdParty:1030 - CMSIS Pack Vendor :STMicroelectronics X-CUBE-NFC4 3.0.0
2023-10-06 18:21:02,585 [INFO] ThirdParty:1030 - CMSIS Pack Vendor :STMicroelectronics X-CUBE-SUBG2 5.0.0
2023-10-06 18:21:02,585 [INFO] ThirdParty:1030 - CMSIS Pack Vendor :STMicroelectronics STM32_WPAN 1.0.0
2023-10-06 18:21:02,585 [INFO] ThirdParty:1030 - CMSIS Pack Vendor :STMicroelectronics lwIP 2.0.3
2023-10-06 18:21:02,585 [INFO] ThirdParty:1030 - CMSIS Pack Vendor :STMicroelectronics FP-SNS-FLIGHT1 5.0.2
2023-10-06 18:21:02,585 [INFO] ThirdParty:1030 - CMSIS Pack Vendor :STMicroelectronics USB_HOST 1.0.0
2023-10-06 18:21:02,585 [INFO] ThirdParty:1030 - CMSIS Pack Vendor :STMicroelectronics X-CUBE-TOF1 3.3.1
2023-10-06 18:21:02,585 [INFO] ThirdParty:1030 - CMSIS Pack Vendor :STMicroelectronics X-CUBE-AZRTOS-G4 2.0.0
2023-10-06 18:21:02,586 [INFO] ThirdParty:1030 - CMSIS Pack Vendor :STMicroelectronics PDM2PCM 3.1.0
2023-10-06 18:21:02,586 [INFO] ThirdParty:1030 - CMSIS Pack Vendor :STMicroelectronics X-CUBE-AZRTOS-H7 3.1.0
2023-10-06 18:21:02,586 [INFO] ThirdParty:1030 - CMSIS Pack Vendor :STMicroelectronics PDM2PCM 3.3.0
2023-10-06 18:21:02,586 [INFO] ThirdParty:1030 - CMSIS Pack Vendor :STMicroelectronics X-CUBE-DISPLAY 3.0.0
2023-10-06 18:21:02,586 [INFO] ThirdParty:1030 - CMSIS Pack Vendor :STMicroelectronics X-CUBE-BLE1 7.0.0
2023-10-06 18:21:02,586 [INFO] ThirdParty:1030 - CMSIS Pack Vendor :STMicroelectronics FP-ATR-SIGFOX1 3.2.0
2023-10-06 18:21:02,586 [INFO] ThirdParty:1030 - CMSIS Pack Vendor :STMicroelectronics HAL Drivers 0.0.0
2023-10-06 18:21:02,586 [INFO] ThirdParty:1030 - CMSIS Pack Vendor :STMicroelectronics MBEDTLS 2.16.2
2023-10-06 18:21:02,586 [INFO] ThirdParty:1030 - CMSIS Pack Vendor :emotas I-CUBE-CANOPEN 1.3.0
2023-10-06 18:21:02,586 [INFO] ThirdParty:1030 - CMSIS Pack Vendor :STMicroelectronics X-CUBE-FREERTOS 1.1.0
2023-10-06 18:21:02,586 [INFO] ThirdParty:1030 - CMSIS Pack Vendor :STMicroelectronics X-CUBE-TOUCHGFX 4.22.0
2023-10-06 18:21:02,586 [INFO] ThirdParty:1030 - CMSIS Pack Vendor :STMicroelectronics X-CUBE-NFC7 1.0.1
2023-10-06 18:21:02,587 [INFO] ThirdParty:1030 - CMSIS Pack Vendor :STMicroelectronics MBEDTLS 2.14.1
2023-10-06 18:21:02,587 [INFO] ThirdParty:1030 - CMSIS Pack Vendor :STMicroelectronics X-CUBE-NFC6 3.0.0
2023-10-06 18:21:02,587 [INFO] ThirdParty:1030 - CMSIS Pack Vendor :STMicroelectronics X-CUBE-EEPRMA1 4.1.0
2023-10-06 18:21:02,587 [INFO] ThirdParty:1030 - CMSIS Pack Vendor :portGmbH I-Cube-SoM-uGOAL 1.1.0
2023-10-06 18:21:02,587 [INFO] ThirdParty:1030 - CMSIS Pack Vendor :STMicroelectronics X-CUBE-ALS 1.0.1
2023-10-06 18:21:02,587 [INFO] ThirdParty:1030 - CMSIS Pack Vendor :STMicroelectronics ThreadX 1.0.0
2023-10-06 18:21:02,587 [INFO] ThirdParty:1030 - CMSIS Pack Vendor :STMicroelectronics FP-SNS-SMARTAG2 1.2.0
2023-10-06 18:21:02,587 [INFO] ThirdParty:1030 - CMSIS Pack Vendor :STMicroelectronics X-CUBE-AZRTOS-WL 2.0.0
2023-10-06 18:21:02,587 [INFO] ThirdParty:1030 - CMSIS Pack Vendor :SEGGER I-CUBE-embOS 1.3.1
2023-10-06 18:21:02,587 [INFO] ThirdParty:1030 - CMSIS Pack Vendor :STMicroelectronics USB_DEVICE 1.0.0
2023-10-06 18:21:02,587 [INFO] ThirdParty:1030 - CMSIS Pack Vendor :STMicroelectronics X-CUBE-AI 8.1.0
2023-10-06 18:21:02,587 [INFO] ThirdParty:1030 - CMSIS Pack Vendor :STMicroelectronics X-CUBE-AZRTOS-L4 2.0.0
2023-10-06 18:21:02,587 [INFO] ThirdParty:1030 - CMSIS Pack Vendor :STMicroelectronics ThreadX 0.0.2
2023-10-06 18:21:02,587 [INFO] ThirdParty:1030 - CMSIS Pack Vendor :WES I-CUBE-Cesium 1.3.0
2023-10-06 18:21:02,588 [INFO] ThirdParty:1030 - CMSIS Pack Vendor :STMicroelectronics FP-ATR-ASTRA1 2.0.0
2023-10-06 18:21:02,588 [INFO] ThirdParty:1030 - CMSIS Pack Vendor :STMicroelectronics lwIP 2.1.2
2023-10-06 18:21:02,588 [INFO] ThirdParty:1030 - CMSIS Pack Vendor :STMicroelectronics X-CUBE-SFXS2LP1 4.0.0
2023-10-06 18:21:02,588 [INFO] ThirdParty:1030 - CMSIS Pack Vendor :STMicroelectronics X-CUBE-BLE2 3.3.0
2023-10-06 18:21:02,588 [INFO] ThirdParty:1030 - CMSIS Pack Vendor :STMicroelectronics PDM2PCM 3.2.0
2023-10-06 18:21:02,588 [INFO] ThirdParty:841 - exiting critical section [change project]
2023-10-06 18:21:03,427 [INFO] PinOutPanel:1499 - setPackage(No Configuration,No Configuration)
2023-10-06 18:21:03,433 [INFO] PinOutPanel:1499 - setPackage(STM32F746ZGTx,LQFP144)
2023-10-06 18:21:04,856 [INFO] UtilMem:75 - Before build in PCC Used Memory: 350263648 Bytes (675282944)
2023-10-06 18:21:06,292 [INFO] UtilMem:75 - After build in PCC Used Memory: 426809696 Bytes (675282944)
2023-10-06 18:21:06,350 [INFO] IPUIPlugin:80 - create IPUIPlugin
2023-10-06 18:21:06,350 [INFO] IPUIPlugin:80 - create IPUIPlugin
2023-10-06 18:21:06,350 [INFO] IPUIPlugin:80 - create IPUIPlugin
2023-10-06 18:21:06,352 [INFO] IPUIPlugin:80 - create IPUIPlugin
2023-10-06 18:21:06,352 [INFO] IPUIPlugin:80 - create IPUIPlugin
2023-10-06 18:21:06,353 [INFO] IPUIPlugin:80 - create IPUIPlugin
2023-10-06 18:21:06,353 [INFO] IPUIPlugin:80 - create IPUIPlugin
2023-10-06 18:21:06,354 [INFO] IPUIPlugin:80 - create IPUIPlugin
2023-10-06 18:21:06,354 [INFO] IPUIPlugin:80 - create IPUIPlugin
2023-10-06 18:21:06,354 [INFO] IPUIPlugin:80 - create IPUIPlugin
2023-10-06 18:21:06,355 [INFO] IPUIPlugin:80 - create IPUIPlugin
2023-10-06 18:21:06,355 [INFO] IPUIPlugin:80 - create IPUIPlugin
2023-10-06 18:21:06,356 [INFO] IPUIPlugin:80 - create IPUIPlugin
2023-10-06 18:21:06,356 [INFO] IPUIPlugin:80 - create IPUIPlugin
2023-10-06 18:21:06,357 [INFO] IPUIPlugin:80 - create IPUIPlugin
2023-10-06 18:21:06,357 [INFO] IPUIPlugin:80 - create IPUIPlugin
2023-10-06 18:21:06,357 [INFO] IPUIPlugin:80 - create IPUIPlugin
2023-10-06 18:21:06,357 [INFO] IPUIPlugin:80 - create IPUIPlugin
2023-10-06 18:21:06,357 [INFO] IPUIPlugin:80 - create IPUIPlugin
2023-10-06 18:21:06,358 [INFO] IPUIPlugin:80 - create IPUIPlugin
2023-10-06 18:21:06,358 [INFO] IPUIPlugin:80 - create IPUIPlugin
2023-10-06 18:21:06,358 [INFO] IPUIPlugin:80 - create IPUIPlugin
2023-10-06 18:21:06,359 [INFO] IPUIPlugin:80 - create IPUIPlugin
2023-10-06 18:21:06,359 [INFO] IPUIPlugin:80 - create IPUIPlugin
2023-10-06 18:21:06,359 [INFO] IPUIPlugin:80 - create IPUIPlugin
2023-10-06 18:21:06,360 [INFO] IPUIPlugin:80 - create IPUIPlugin
2023-10-06 18:21:06,360 [INFO] IPUIPlugin:80 - create IPUIPlugin
2023-10-06 18:21:06,361 [INFO] IPUIPlugin:80 - create IPUIPlugin
2023-10-06 18:21:06,362 [INFO] IPUIPlugin:80 - create IPUIPlugin
2023-10-06 18:21:06,362 [INFO] IPUIPlugin:80 - create IPUIPlugin
2023-10-06 18:21:06,362 [INFO] IPUIPlugin:80 - create IPUIPlugin
2023-10-06 18:21:06,363 [INFO] IPUIPlugin:80 - create IPUIPlugin
2023-10-06 18:21:06,363 [INFO] IPUIPlugin:80 - create IPUIPlugin
2023-10-06 18:21:06,364 [INFO] IPUIPlugin:80 - create IPUIPlugin
2023-10-06 18:21:06,364 [INFO] IPUIPlugin:80 - create IPUIPlugin
2023-10-06 18:21:06,364 [INFO] IPUIPlugin:80 - create IPUIPlugin
2023-10-06 18:21:06,364 [INFO] IPUIPlugin:80 - create IPUIPlugin
2023-10-06 18:21:06,365 [INFO] IPUIPlugin:80 - create IPUIPlugin
2023-10-06 18:21:06,365 [INFO] IPUIPlugin:80 - create IPUIPlugin
2023-10-06 18:21:06,366 [INFO] IPUIPlugin:80 - create IPUIPlugin
2023-10-06 18:21:06,366 [INFO] IPUIPlugin:80 - create IPUIPlugin
2023-10-06 18:21:06,366 [INFO] IPUIPlugin:80 - create IPUIPlugin
2023-10-06 18:21:06,367 [INFO] IPUIPlugin:80 - create IPUIPlugin
2023-10-06 18:21:06,368 [INFO] IPUIPlugin:80 - create IPUIPlugin
2023-10-06 18:21:06,368 [INFO] IPUIPlugin:80 - create IPUIPlugin
2023-10-06 18:21:06,369 [INFO] IPUIPlugin:80 - create IPUIPlugin
2023-10-06 18:21:06,369 [INFO] IPUIPlugin:80 - create IPUIPlugin
2023-10-06 18:21:06,369 [INFO] IPUIPlugin:80 - create IPUIPlugin
2023-10-06 18:21:06,370 [INFO] IPUIPlugin:80 - create IPUIPlugin
2023-10-06 18:21:06,370 [INFO] IPUIPlugin:80 - create IPUIPlugin
2023-10-06 18:21:06,370 [INFO] IPUIPlugin:80 - create IPUIPlugin
2023-10-06 18:21:06,371 [INFO] IPUIPlugin:80 - create IPUIPlugin
2023-10-06 18:21:06,371 [INFO] IPUIPlugin:80 - create IPUIPlugin
2023-10-06 18:21:06,371 [INFO] IPUIPlugin:80 - create IPUIPlugin
2023-10-06 18:21:06,372 [INFO] IPUIPlugin:80 - create IPUIPlugin
2023-10-06 18:21:06,372 [INFO] IPUIPlugin:80 - create IPUIPlugin
2023-10-06 18:21:06,372 [INFO] IPUIPlugin:80 - create IPUIPlugin
2023-10-06 18:21:06,373 [INFO] IPUIPlugin:80 - create IPUIPlugin
2023-10-06 18:21:06,373 [INFO] IPUIPlugin:80 - create IPUIPlugin
2023-10-06 18:21:06,374 [INFO] IPUIPlugin:80 - create IPUIPlugin
2023-10-06 18:21:06,374 [INFO] IPUIPlugin:80 - create IPUIPlugin
2023-10-06 18:21:06,375 [INFO] IPUIPlugin:80 - create IPUIPlugin
2023-10-06 18:21:06,375 [INFO] IPUIPlugin:80 - create IPUIPlugin
2023-10-06 18:21:06,376 [INFO] IPUIPlugin:80 - create IPUIPlugin
2023-10-06 18:21:06,376 [INFO] IPUIPlugin:80 - create IPUIPlugin
2023-10-06 18:21:06,377 [INFO] IPUIPlugin:80 - create IPUIPlugin
2023-10-06 18:21:06,377 [INFO] IPUIPlugin:80 - create IPUIPlugin
2023-10-06 18:21:06,378 [INFO] IPUIPlugin:80 - create IPUIPlugin
2023-10-06 18:21:06,378 [INFO] IPUIPlugin:80 - create IPUIPlugin
2023-10-06 18:21:06,379 [INFO] IPUIPlugin:80 - create IPUIPlugin
2023-10-06 18:21:06,380 [INFO] IPUIPlugin:80 - create IPUIPlugin
2023-10-06 18:21:06,381 [INFO] IPUIPlugin:80 - create IPUIPlugin
2023-10-06 18:21:06,381 [INFO] IPUIPlugin:80 - create IPUIPlugin
2023-10-06 18:21:06,382 [INFO] IPUIPlugin:80 - create IPUIPlugin
2023-10-06 18:21:06,617 [INFO] ApiDbMcu:507 - Load IP Config File for PDM2PCM
2023-10-06 18:21:07,168 [INFO] CADModel:165 - CPN selected for project levelSTM32F746ZGT6
2023-10-06 18:21:07,169 [INFO] CADModel:114 - Register for checkConnection events
2023-10-06 18:21:07,237 [INFO] OpenFileManager:328 - Restore cursor
2023-10-06 18:21:23,922 [INFO] NvicIntPanel:101 - NVIC parent = com.st.microxplorer.plugins.ip.nvic.MultiNvicIntPanel[,0,0,0x0,invalid,layout=javax.swing.BoxLayout,alignmentX=0.0,alignmentY=0.0,border=,flags=9,maximumSize=,minimumSize=,preferredSize=]
2023-10-06 18:23:31,460 [INFO] UtilMem:75 - End SaveConfig() Used Memory: 441523672 Bytes (759169024)
2023-10-06 18:23:35,397 [INFO] UtilMem:75 - End SaveConfig() Used Memory: 668290320 Bytes (759169024)
2023-10-06 18:23:36,461 [INFO] BlockDiagram:2759 - set Specific Code input for plugin: SYS
2023-10-06 18:23:36,461 [INFO] BlockDiagram:2759 - set Specific Code input for plugin: RCC
2023-10-06 18:23:36,461 [INFO] BlockDiagram:2759 - set Specific Code input for plugin: USB_OTG_FS
2023-10-06 18:23:36,461 [INFO] BlockDiagram:2759 - set Specific Code input for plugin: NVIC
2023-10-06 18:23:36,461 [INFO] BlockDiagram:2759 - set Specific Code input for plugin: USART
2023-10-06 18:23:36,461 [INFO] BlockDiagram:2759 - set Specific Code input for plugin: UART
2023-10-06 18:23:36,461 [INFO] BlockDiagram:2759 - set Specific Code input for plugin: UART
2023-10-06 18:23:36,463 [INFO] BlockDiagram:2759 - set Specific Code input for plugin: GPIO
2023-10-06 18:23:36,463 [INFO] BlockDiagram:2759 - set Specific Code input for plugin: ETH
2023-10-06 18:23:36,465 [INFO] CodeGenerator:799 - code generatio: config db path: C:\ST\STM32CubeIDE_1.13.1\STM32CubeIDE\plugins\com.st.stm32cube.common.mx_6.9.1.202307191849\\db\
2023-10-06 18:23:36,906 [INFO] CodeEngine:255 - oldGeneratedFile, C:\Users\yarde\STM32CubeIDE\workspace_1.13.1\UART\MXTmpFiles\license.tmp_save
2023-10-06 18:23:37,640 [INFO] CodeEngine:279 - Generated code: C:\Users\yarde\STM32CubeIDE\workspace_1.13.1\UART\MXTmpFiles\license.tmp
2023-10-06 18:23:37,806 [INFO] CodeEngine:255 - oldGeneratedFile, C:\Users\yarde\STM32CubeIDE\workspace_1.13.1\UART\MXTmpFiles\gpio.tmp_save
2023-10-06 18:23:38,022 [INFO] CodeEngine:279 - Generated code: C:\Users\yarde\STM32CubeIDE\workspace_1.13.1\UART\MXTmpFiles\gpio.tmp
2023-10-06 18:23:38,825 [WARN] IPConfigManager:2937 - Warning: the RefConfig PWREx_EnableUSBVoltageDetector is not available in your config.xml file
2023-10-06 18:23:38,876 [INFO] CodeEngine:255 - oldGeneratedFile, C:\Users\yarde\STM32CubeIDE\workspace_1.13.1\UART\MXTmpFiles\cortex.tmp_save
2023-10-06 18:23:39,099 [INFO] CodeEngine:279 - Generated code: C:\Users\yarde\STM32CubeIDE\workspace_1.13.1\UART\MXTmpFiles\cortex.tmp
2023-10-06 18:23:39,224 [INFO] CodeEngine:255 - oldGeneratedFile, C:\Users\yarde\STM32CubeIDE\workspace_1.13.1\UART\Core\Src\stm32f7xx_it.c_save
2023-10-06 18:23:39,463 [INFO] CodeEngine:279 - Generated code: C:\Users\yarde\STM32CubeIDE\workspace_1.13.1\UART\Core\Src\stm32f7xx_it.c
2023-10-06 18:23:39,484 [INFO] CodeEngine:255 - oldGeneratedFile, C:\Users\yarde\STM32CubeIDE\workspace_1.13.1\UART\Core\Inc\stm32f7xx_it.h_save
2023-10-06 18:23:39,605 [INFO] CodeEngine:279 - Generated code: C:\Users\yarde\STM32CubeIDE\workspace_1.13.1\UART\Core\Inc\stm32f7xx_it.h
2023-10-06 18:23:39,661 [INFO] CodeEngine:255 - oldGeneratedFile, C:\Users\yarde\STM32CubeIDE\workspace_1.13.1\UART\Core\Src\stm32f7xx_hal_msp.c_save
2023-10-06 18:23:39,920 [INFO] CodeEngine:279 - Generated code: C:\Users\yarde\STM32CubeIDE\workspace_1.13.1\UART\Core\Src\stm32f7xx_hal_msp.c
2023-10-06 18:23:39,953 [INFO] CodeEngine:255 - oldGeneratedFile, C:\Users\yarde\STM32CubeIDE\workspace_1.13.1\UART\MXTmpFiles\system.tmp_save
2023-10-06 18:23:40,071 [INFO] CodeEngine:279 - Generated code: C:\Users\yarde\STM32CubeIDE\workspace_1.13.1\UART\MXTmpFiles\system.tmp
2023-10-06 18:23:40,120 [INFO] CodeEngine:311 - oldGeneratedFile, C:\Users\yarde\STM32CubeIDE\workspace_1.13.1\UART\Core\Inc\stm32f7xx_hal_conf.h_save
2023-10-06 18:23:40,261 [INFO] CodeEngine:335 - Generated code: C:\Users\yarde\STM32CubeIDE\workspace_1.13.1\UART\Core\Inc\stm32f7xx_hal_conf.h
2023-10-06 18:23:40,326 [WARN] IPConfigManager:3431 - IP not found : USB_OTG
2023-10-06 18:23:40,328 [WARN] CodeGenerator:3760 - IP not found : null
2023-10-06 18:23:40,366 [INFO] CodeEngine:255 - oldGeneratedFile, C:\Users\yarde\STM32CubeIDE\workspace_1.13.1\UART\Core\Inc\main.h_save
2023-10-06 18:23:40,505 [INFO] CodeEngine:279 - Generated code: C:\Users\yarde\STM32CubeIDE\workspace_1.13.1\UART\Core\Inc\main.h
2023-10-06 18:23:40,533 [INFO] CodeEngine:255 - oldGeneratedFile, C:\Users\yarde\STM32CubeIDE\workspace_1.13.1\UART\Core\Src\main.c_save
2023-10-06 18:23:40,766 [INFO] CodeEngine:279 - Generated code: C:\Users\yarde\STM32CubeIDE\workspace_1.13.1\UART\Core\Src\main.c
2023-10-06 18:23:41,874 [INFO] ProjectBuilder:3064 - Time for Copy HAL[1] : 436mS.
2023-10-06 18:23:41,890 [INFO] ProjectBuilder:4404 - Project Generator version: 4.1.0
2023-10-06 18:23:42,212 [INFO] ConfigFileManager:1457 - The Die is : DIE449
2023-10-06 18:23:42,228 [INFO] ApiDbMcu:507 - Load IP Config File for FATFS
2023-10-06 18:23:42,243 [INFO] ApiDbMcu:507 - Load IP Config File for FREERTOS
2023-10-06 18:23:42,255 [INFO] ApiDbMcu:507 - Load IP Config File for LIBJPEG
2023-10-06 18:23:42,271 [INFO] ApiDbMcu:507 - Load IP Config File for LWIP
2023-10-06 18:23:42,287 [INFO] ApiDbMcu:507 - Load IP Config File for MBEDTLS
2023-10-06 18:23:42,305 [INFO] ApiDbMcu:507 - Load IP Config File for USB_DEVICE
2023-10-06 18:23:42,320 [INFO] ApiDbMcu:507 - Load IP Config File for USB_HOST
