2024-05-17 02:11:33,761 [INFO] I2cTimingTraitement:330 - 0x00808CD2
2024-05-17 02:11:33,839 [INFO] I2cTimingTraitement:330 - 0x00808CD2
2024-05-17 02:11:34,051 [WARN] IP:2119 - CMSIS_VERSION not found: check if there is a RefParameter without a condition.
2024-05-17 02:11:34,055 [WARN] IP:2119 - LWIP_NETIF_HOSTNAME not found: check if there is a RefParameter without a condition.
2024-05-17 02:11:34,090 [WARN] IP:2119 - CMSIS_VERSION not found: check if there is a RefParameter without a condition.
2024-05-17 02:11:34,094 [WARN] IP:2119 - LWIP_NETIF_HOSTNAME not found: check if there is a RefParameter without a condition.
2024-05-17 02:11:34,498 [WARN] IP:2119 - CMSIS_VERSION not found: check if there is a RefParameter without a condition.
2024-05-17 02:11:34,505 [WARN] IP:2119 - LWIP_NETIF_HOSTNAME not found: check if there is a RefParameter without a condition.
2024-05-17 02:11:34,536 [WARN] IP:2119 - CMSIS_VERSION not found: check if there is a RefParameter without a condition.
2024-05-17 02:11:34,540 [WARN] IP:2119 - LWIP_NETIF_HOSTNAME not found: check if there is a RefParameter without a condition.
2024-05-17 02:11:34,905 [WARN] IP:2119 - CMSIS_VERSION not found: check if there is a RefParameter without a condition.
2024-05-17 02:11:34,910 [WARN] IP:2119 - LWIP_NETIF_HOSTNAME not found: check if there is a RefParameter without a condition.
2024-05-17 02:11:34,950 [WARN] IP:2119 - CMSIS_VERSION not found: check if there is a RefParameter without a condition.
2024-05-17 02:11:34,957 [WARN] IP:2119 - LWIP_NETIF_HOSTNAME not found: check if there is a RefParameter without a condition.
2024-05-17 02:11:49,445 [INFO] NvicIntPanel:101 - NVIC parent = com.st.microxplorer.plugins.ip.nvic.MultiNvicIntPanel[,0,0,0x0,invalid,layout=javax.swing.BoxLayout,alignmentX=0.0,alignmentY=0.0,border=,flags=9,maximumSize=,minimumSize=,preferredSize=]
2024-05-17 02:11:49,625 [INFO] NvicIntPanel:101 - NVIC parent = com.st.microxplorer.plugins.ip.nvic.MultiNvicIntPanel[,0,0,0x0,invalid,layout=javax.swing.BoxLayout,alignmentX=0.0,alignmentY=0.0,border=,flags=9,maximumSize=,minimumSize=,preferredSize=]
2024-05-17 02:15:13,926 [INFO] UtilMem:75 - End SaveConfig() Used Memory: 1046625032 Bytes (1073741824)
2024-05-17 02:15:15,691 [INFO] UtilMem:75 - End SaveConfig() Used Memory: 1065499400 Bytes (1073741824)
2024-05-17 02:15:18,748 [INFO] UtilMem:75 - End SaveConfig() Used Memory: 1029950264 Bytes (1073741824)
2024-05-17 02:15:19,638 [INFO] BlockDiagram:2759 - set Specific Code input for plugin: SPI
2024-05-17 02:15:19,638 [INFO] BlockDiagram:2759 - set Specific Code input for plugin: SPI
2024-05-17 02:15:19,638 [INFO] BlockDiagram:2759 - set Specific Code input for plugin: TIM6_7F7
2024-05-17 02:15:19,638 [INFO] BlockDiagram:2759 - set Specific Code input for plugin: SYS
2024-05-17 02:15:19,638 [INFO] BlockDiagram:2759 - set Specific Code input for plugin: ADC
2024-05-17 02:15:19,638 [INFO] BlockDiagram:2759 - set Specific Code input for plugin: RCC
2024-05-17 02:15:19,638 [INFO] BlockDiagram:2759 - set Specific Code input for plugin: CRC
2024-05-17 02:15:19,638 [INFO] BlockDiagram:2759 - set Specific Code input for plugin: I2C
2024-05-17 02:15:19,638 [INFO] BlockDiagram:2759 - set Specific Code input for plugin: I2C
2024-05-17 02:15:19,638 [INFO] BlockDiagram:2759 - set Specific Code input for plugin: RTC
2024-05-17 02:15:19,638 [INFO] BlockDiagram:2759 - set Specific Code input for plugin: NVIC
2024-05-17 02:15:19,638 [INFO] BlockDiagram:2759 - set Specific Code input for plugin: LWIP
2024-05-17 02:15:19,638 [INFO] BlockDiagram:2759 - set Specific Code input for plugin: USART
2024-05-17 02:15:19,638 [INFO] BlockDiagram:2759 - set Specific Code input for plugin: USART
2024-05-17 02:15:19,638 [INFO] BlockDiagram:2759 - set Specific Code input for plugin: DMA
2024-05-17 02:15:19,638 [INFO] BlockDiagram:2759 - set Specific Code input for plugin: DAC
2024-05-17 02:15:19,638 [INFO] BlockDiagram:2759 - set Specific Code input for plugin: UART
2024-05-17 02:15:19,639 [INFO] BlockDiagram:2759 - set Specific Code input for plugin: GPIO
2024-05-17 02:15:19,639 [INFO] BlockDiagram:2759 - set Specific Code input for plugin: ETH
2024-05-17 02:15:19,641 [INFO] CodeGenerator:807 - code generatio: config db path: C:\ST\STM32CubeIDE_1.13.1\STM32CubeIDE\plugins\com.st.stm32cube.common.mx_6.10.0.202311202037\\db\
2024-05-17 02:15:19,661 [INFO] Argument:325 - Argument : hdmavalue: null
2024-05-17 02:15:19,661 [INFO] Argument:327 - 	 sub Args: 
2024-05-17 02:15:19,661 [INFO] Argument:325 - Argument : Instancevalue: DMA2_Stream0
2024-05-17 02:15:19,661 [INFO] Argument:335 - Argument : Instancevalue: DMA2_Stream0
2024-05-17 02:15:19,661 [INFO] Argument:325 - Argument : Initvalue: null
2024-05-17 02:15:19,661 [INFO] Argument:327 - 	 sub Args: 
2024-05-17 02:15:19,661 [INFO] Argument:325 - Argument : Channelvalue: DMA_CHANNEL_0
2024-05-17 02:15:19,661 [INFO] Argument:335 - Argument : Channelvalue: DMA_CHANNEL_0
2024-05-17 02:15:19,661 [INFO] Argument:325 - Argument : Directionvalue: DMA_PERIPH_TO_MEMORY
2024-05-17 02:15:19,661 [INFO] Argument:335 - Argument : Directionvalue: DMA_PERIPH_TO_MEMORY
2024-05-17 02:15:19,661 [INFO] Argument:325 - Argument : PeriphIncvalue: DMA_PINC_DISABLE
2024-05-17 02:15:19,661 [INFO] Argument:335 - Argument : PeriphIncvalue: DMA_PINC_DISABLE
2024-05-17 02:15:19,661 [INFO] Argument:325 - Argument : MemIncvalue: DMA_MINC_ENABLE
2024-05-17 02:15:19,661 [INFO] Argument:335 - Argument : MemIncvalue: DMA_MINC_ENABLE
2024-05-17 02:15:19,661 [INFO] Argument:325 - Argument : PeriphDataAlignmentvalue: DMA_PDATAALIGN_WORD
2024-05-17 02:15:19,661 [INFO] Argument:335 - Argument : PeriphDataAlignmentvalue: DMA_PDATAALIGN_WORD
2024-05-17 02:15:19,661 [INFO] Argument:325 - Argument : MemDataAlignmentvalue: DMA_MDATAALIGN_WORD
2024-05-17 02:15:19,661 [INFO] Argument:335 - Argument : MemDataAlignmentvalue: DMA_MDATAALIGN_WORD
2024-05-17 02:15:19,661 [INFO] Argument:325 - Argument : Modevalue: DMA_NORMAL
2024-05-17 02:15:19,661 [INFO] Argument:335 - Argument : Modevalue: DMA_NORMAL
2024-05-17 02:15:19,661 [INFO] Argument:325 - Argument : Priorityvalue: DMA_PRIORITY_LOW
2024-05-17 02:15:19,661 [INFO] Argument:335 - Argument : Priorityvalue: DMA_PRIORITY_LOW
2024-05-17 02:15:19,661 [INFO] Argument:325 - Argument : FIFOModevalue: DMA_FIFOMODE_DISABLE
2024-05-17 02:15:19,661 [INFO] Argument:335 - Argument : FIFOModevalue: DMA_FIFOMODE_DISABLE
2024-05-17 02:15:19,661 [INFO] Argument:325 - Argument : FIFOThresholdvalue: null
2024-05-17 02:15:19,661 [INFO] Argument:335 - Argument : FIFOThresholdvalue: null
2024-05-17 02:15:19,661 [INFO] Argument:325 - Argument : MemBurstvalue: null
2024-05-17 02:15:19,661 [INFO] Argument:335 - Argument : MemBurstvalue: null
2024-05-17 02:15:19,662 [INFO] Argument:325 - Argument : PeriphBurstvalue: null
2024-05-17 02:15:19,662 [INFO] Argument:335 - Argument : PeriphBurstvalue: null
2024-05-17 02:15:19,662 [INFO] Argument:325 - Argument : Lockvalue: null
2024-05-17 02:15:19,662 [INFO] Argument:335 - Argument : Lockvalue: null
2024-05-17 02:15:19,662 [INFO] Argument:325 - Argument : Statevalue: null
2024-05-17 02:15:19,662 [INFO] Argument:335 - Argument : Statevalue: null
2024-05-17 02:15:19,662 [INFO] Argument:325 - Argument : Parentvalue: null
2024-05-17 02:15:19,662 [INFO] Argument:335 - Argument : Parentvalue: null
2024-05-17 02:15:19,662 [INFO] Argument:325 - Argument : XferCpltCallbackvalue: null
2024-05-17 02:15:19,662 [INFO] Argument:335 - Argument : XferCpltCallbackvalue: null
2024-05-17 02:15:19,662 [INFO] Argument:325 - Argument : XferHalfCpltCallbackvalue: null
2024-05-17 02:15:19,662 [INFO] Argument:335 - Argument : XferHalfCpltCallbackvalue: null
2024-05-17 02:15:19,662 [INFO] Argument:325 - Argument : XferM1CpltCallbackvalue: null
2024-05-17 02:15:19,662 [INFO] Argument:335 - Argument : XferM1CpltCallbackvalue: null
2024-05-17 02:15:19,662 [INFO] Argument:325 - Argument : XferErrorCallbackvalue: null
2024-05-17 02:15:19,662 [INFO] Argument:335 - Argument : XferErrorCallbackvalue: null
2024-05-17 02:15:19,662 [INFO] Argument:325 - Argument : ErrorCodevalue: null
2024-05-17 02:15:19,662 [INFO] Argument:335 - Argument : ErrorCodevalue: null
2024-05-17 02:15:19,682 [WARN] IP:2119 - CMSIS_VERSION not found: check if there is a RefParameter without a condition.
2024-05-17 02:15:19,690 [WARN] IP:2119 - LWIP_NETIF_HOSTNAME not found: check if there is a RefParameter without a condition.
2024-05-17 02:15:19,776 [INFO] Argument:325 - Argument : hdmavalue: null
2024-05-17 02:15:19,777 [INFO] Argument:327 - 	 sub Args: 
2024-05-17 02:15:19,777 [INFO] Argument:325 - Argument : Instancevalue: DMA1_Stream0
2024-05-17 02:15:19,777 [INFO] Argument:335 - Argument : Instancevalue: DMA1_Stream0
2024-05-17 02:15:19,778 [INFO] Argument:325 - Argument : Initvalue: null
2024-05-17 02:15:19,779 [INFO] Argument:327 - 	 sub Args: 
2024-05-17 02:15:19,779 [INFO] Argument:325 - Argument : Channelvalue: DMA_CHANNEL_4
2024-05-17 02:15:19,779 [INFO] Argument:335 - Argument : Channelvalue: DMA_CHANNEL_4
2024-05-17 02:15:19,779 [INFO] Argument:325 - Argument : Directionvalue: DMA_PERIPH_TO_MEMORY
2024-05-17 02:15:19,779 [INFO] Argument:335 - Argument : Directionvalue: DMA_PERIPH_TO_MEMORY
2024-05-17 02:15:19,779 [INFO] Argument:325 - Argument : PeriphIncvalue: DMA_PINC_DISABLE
2024-05-17 02:15:19,779 [INFO] Argument:335 - Argument : PeriphIncvalue: DMA_PINC_DISABLE
2024-05-17 02:15:19,779 [INFO] Argument:325 - Argument : MemIncvalue: DMA_MINC_ENABLE
2024-05-17 02:15:19,779 [INFO] Argument:335 - Argument : MemIncvalue: DMA_MINC_ENABLE
2024-05-17 02:15:19,779 [INFO] Argument:325 - Argument : PeriphDataAlignmentvalue: DMA_PDATAALIGN_BYTE
2024-05-17 02:15:19,779 [INFO] Argument:335 - Argument : PeriphDataAlignmentvalue: DMA_PDATAALIGN_BYTE
2024-05-17 02:15:19,779 [INFO] Argument:325 - Argument : MemDataAlignmentvalue: DMA_MDATAALIGN_BYTE
2024-05-17 02:15:19,779 [INFO] Argument:335 - Argument : MemDataAlignmentvalue: DMA_MDATAALIGN_BYTE
2024-05-17 02:15:19,779 [INFO] Argument:325 - Argument : Modevalue: DMA_CIRCULAR
2024-05-17 02:15:19,779 [INFO] Argument:335 - Argument : Modevalue: DMA_CIRCULAR
2024-05-17 02:15:19,779 [INFO] Argument:325 - Argument : Priorityvalue: DMA_PRIORITY_LOW
2024-05-17 02:15:19,779 [INFO] Argument:335 - Argument : Priorityvalue: DMA_PRIORITY_LOW
2024-05-17 02:15:19,779 [INFO] Argument:325 - Argument : FIFOModevalue: DMA_FIFOMODE_DISABLE
2024-05-17 02:15:19,779 [INFO] Argument:335 - Argument : FIFOModevalue: DMA_FIFOMODE_DISABLE
2024-05-17 02:15:19,779 [INFO] Argument:325 - Argument : FIFOThresholdvalue: null
2024-05-17 02:15:19,779 [INFO] Argument:335 - Argument : FIFOThresholdvalue: null
2024-05-17 02:15:19,779 [INFO] Argument:325 - Argument : MemBurstvalue: null
2024-05-17 02:15:19,779 [INFO] Argument:335 - Argument : MemBurstvalue: null
2024-05-17 02:15:19,779 [INFO] Argument:325 - Argument : PeriphBurstvalue: null
2024-05-17 02:15:19,779 [INFO] Argument:335 - Argument : PeriphBurstvalue: null
2024-05-17 02:15:19,779 [INFO] Argument:325 - Argument : Lockvalue: null
2024-05-17 02:15:19,779 [INFO] Argument:335 - Argument : Lockvalue: null
2024-05-17 02:15:19,779 [INFO] Argument:325 - Argument : Statevalue: null
2024-05-17 02:15:19,779 [INFO] Argument:335 - Argument : Statevalue: null
2024-05-17 02:15:19,779 [INFO] Argument:325 - Argument : Parentvalue: null
2024-05-17 02:15:19,779 [INFO] Argument:335 - Argument : Parentvalue: null
2024-05-17 02:15:19,779 [INFO] Argument:325 - Argument : XferCpltCallbackvalue: null
2024-05-17 02:15:19,779 [INFO] Argument:335 - Argument : XferCpltCallbackvalue: null
2024-05-17 02:15:19,779 [INFO] Argument:325 - Argument : XferHalfCpltCallbackvalue: null
2024-05-17 02:15:19,779 [INFO] Argument:335 - Argument : XferHalfCpltCallbackvalue: null
2024-05-17 02:15:19,779 [INFO] Argument:325 - Argument : XferM1CpltCallbackvalue: null
2024-05-17 02:15:19,779 [INFO] Argument:335 - Argument : XferM1CpltCallbackvalue: null
2024-05-17 02:15:19,779 [INFO] Argument:325 - Argument : XferErrorCallbackvalue: null
2024-05-17 02:15:19,779 [INFO] Argument:335 - Argument : XferErrorCallbackvalue: null
2024-05-17 02:15:19,779 [INFO] Argument:325 - Argument : ErrorCodevalue: null
2024-05-17 02:15:19,779 [INFO] Argument:335 - Argument : ErrorCodevalue: null
2024-05-17 02:15:19,782 [INFO] Argument:325 - Argument : hdmavalue: null
2024-05-17 02:15:19,782 [INFO] Argument:327 - 	 sub Args: 
2024-05-17 02:15:19,782 [INFO] Argument:325 - Argument : Instancevalue: DMA1_Stream5
2024-05-17 02:15:19,782 [INFO] Argument:335 - Argument : Instancevalue: DMA1_Stream5
2024-05-17 02:15:19,782 [INFO] Argument:325 - Argument : Initvalue: null
2024-05-17 02:15:19,782 [INFO] Argument:327 - 	 sub Args: 
2024-05-17 02:15:19,782 [INFO] Argument:325 - Argument : Channelvalue: DMA_CHANNEL_4
2024-05-17 02:15:19,782 [INFO] Argument:335 - Argument : Channelvalue: DMA_CHANNEL_4
2024-05-17 02:15:19,782 [INFO] Argument:325 - Argument : Directionvalue: DMA_PERIPH_TO_MEMORY
2024-05-17 02:15:19,782 [INFO] Argument:335 - Argument : Directionvalue: DMA_PERIPH_TO_MEMORY
2024-05-17 02:15:19,782 [INFO] Argument:325 - Argument : PeriphIncvalue: DMA_PINC_DISABLE
2024-05-17 02:15:19,782 [INFO] Argument:335 - Argument : PeriphIncvalue: DMA_PINC_DISABLE
2024-05-17 02:15:19,782 [INFO] Argument:325 - Argument : MemIncvalue: DMA_MINC_ENABLE
2024-05-17 02:15:19,782 [INFO] Argument:335 - Argument : MemIncvalue: DMA_MINC_ENABLE
2024-05-17 02:15:19,782 [INFO] Argument:325 - Argument : PeriphDataAlignmentvalue: DMA_PDATAALIGN_BYTE
2024-05-17 02:15:19,782 [INFO] Argument:335 - Argument : PeriphDataAlignmentvalue: DMA_PDATAALIGN_BYTE
2024-05-17 02:15:19,782 [INFO] Argument:325 - Argument : MemDataAlignmentvalue: DMA_MDATAALIGN_BYTE
2024-05-17 02:15:19,782 [INFO] Argument:335 - Argument : MemDataAlignmentvalue: DMA_MDATAALIGN_BYTE
2024-05-17 02:15:19,782 [INFO] Argument:325 - Argument : Modevalue: DMA_NORMAL
2024-05-17 02:15:19,782 [INFO] Argument:335 - Argument : Modevalue: DMA_NORMAL
2024-05-17 02:15:19,782 [INFO] Argument:325 - Argument : Priorityvalue: DMA_PRIORITY_LOW
2024-05-17 02:15:19,782 [INFO] Argument:335 - Argument : Priorityvalue: DMA_PRIORITY_LOW
2024-05-17 02:15:19,782 [INFO] Argument:325 - Argument : FIFOModevalue: DMA_FIFOMODE_DISABLE
2024-05-17 02:15:19,782 [INFO] Argument:335 - Argument : FIFOModevalue: DMA_FIFOMODE_DISABLE
2024-05-17 02:15:19,783 [INFO] Argument:325 - Argument : FIFOThresholdvalue: null
2024-05-17 02:15:19,783 [INFO] Argument:335 - Argument : FIFOThresholdvalue: null
2024-05-17 02:15:19,783 [INFO] Argument:325 - Argument : MemBurstvalue: null
2024-05-17 02:15:19,783 [INFO] Argument:335 - Argument : MemBurstvalue: null
2024-05-17 02:15:19,783 [INFO] Argument:325 - Argument : PeriphBurstvalue: null
2024-05-17 02:15:19,783 [INFO] Argument:335 - Argument : PeriphBurstvalue: null
2024-05-17 02:15:19,783 [INFO] Argument:325 - Argument : Lockvalue: null
2024-05-17 02:15:19,783 [INFO] Argument:335 - Argument : Lockvalue: null
2024-05-17 02:15:19,783 [INFO] Argument:325 - Argument : Statevalue: null
2024-05-17 02:15:19,783 [INFO] Argument:335 - Argument : Statevalue: null
2024-05-17 02:15:19,783 [INFO] Argument:325 - Argument : Parentvalue: null
2024-05-17 02:15:19,783 [INFO] Argument:335 - Argument : Parentvalue: null
2024-05-17 02:15:19,783 [INFO] Argument:325 - Argument : XferCpltCallbackvalue: null
2024-05-17 02:15:19,783 [INFO] Argument:335 - Argument : XferCpltCallbackvalue: null
2024-05-17 02:15:19,783 [INFO] Argument:325 - Argument : XferHalfCpltCallbackvalue: null
2024-05-17 02:15:19,783 [INFO] Argument:335 - Argument : XferHalfCpltCallbackvalue: null
2024-05-17 02:15:19,783 [INFO] Argument:325 - Argument : XferM1CpltCallbackvalue: null
2024-05-17 02:15:19,783 [INFO] Argument:335 - Argument : XferM1CpltCallbackvalue: null
2024-05-17 02:15:19,783 [INFO] Argument:325 - Argument : XferErrorCallbackvalue: null
2024-05-17 02:15:19,783 [INFO] Argument:335 - Argument : XferErrorCallbackvalue: null
2024-05-17 02:15:19,783 [INFO] Argument:325 - Argument : ErrorCodevalue: null
2024-05-17 02:15:19,783 [INFO] Argument:335 - Argument : ErrorCodevalue: null
2024-05-17 02:15:21,091 [INFO] CodeEngine:255 - oldGeneratedFile, C:\Users\yarde\STM32CubeIDE\workspace_1.13.1\ProjClient\MXTmpFiles\license.tmp_save
2024-05-17 02:15:21,227 [INFO] CodeEngine:279 - Generated code: C:\Users\yarde\STM32CubeIDE\workspace_1.13.1\ProjClient\MXTmpFiles\license.tmp
2024-05-17 02:15:21,341 [INFO] CodeEngine:255 - oldGeneratedFile, C:\Users\yarde\STM32CubeIDE\workspace_1.13.1\ProjClient\MXTmpFiles\gpio.tmp_save
2024-05-17 02:15:21,445 [INFO] CodeEngine:279 - Generated code: C:\Users\yarde\STM32CubeIDE\workspace_1.13.1\ProjClient\MXTmpFiles\gpio.tmp
2024-05-17 02:15:21,565 [INFO] CodeEngine:255 - oldGeneratedFile, C:\Users\yarde\STM32CubeIDE\workspace_1.13.1\ProjClient\MXTmpFiles\eth_vars.tmp_save
2024-05-17 02:15:21,693 [INFO] CodeEngine:279 - Generated code: C:\Users\yarde\STM32CubeIDE\workspace_1.13.1\ProjClient\MXTmpFiles\eth_vars.tmp
2024-05-17 02:15:21,703 [INFO] CodeEngine:255 - oldGeneratedFile, C:\Users\yarde\STM32CubeIDE\workspace_1.13.1\ProjClient\MXTmpFiles\eth_inc.tmp_save
2024-05-17 02:15:21,816 [INFO] CodeEngine:279 - Generated code: C:\Users\yarde\STM32CubeIDE\workspace_1.13.1\ProjClient\MXTmpFiles\eth_inc.tmp
2024-05-17 02:15:21,859 [INFO] CodeEngine:255 - oldGeneratedFile, C:\Users\yarde\STM32CubeIDE\workspace_1.13.1\ProjClient\MXTmpFiles\eth_HalInit.tmp_save
2024-05-17 02:15:21,971 [INFO] CodeEngine:279 - Generated code: C:\Users\yarde\STM32CubeIDE\workspace_1.13.1\ProjClient\MXTmpFiles\eth_HalInit.tmp
2024-05-17 02:15:21,991 [INFO] CodeEngine:255 - oldGeneratedFile, C:\Users\yarde\STM32CubeIDE\workspace_1.13.1\ProjClient\MXTmpFiles\eth_Msp.tmp_save
2024-05-17 02:15:22,099 [INFO] CodeEngine:279 - Generated code: C:\Users\yarde\STM32CubeIDE\workspace_1.13.1\ProjClient\MXTmpFiles\eth_Msp.tmp
2024-05-17 02:15:23,672 [INFO] Middleware:1439 - No code input for Bsp Dependency
2024-05-17 02:15:23,705 [INFO] CodeEngine:255 - oldGeneratedFile, C:\Users\yarde\STM32CubeIDE\workspace_1.13.1\ProjClient\MXTmpFiles\cortex.tmp_save
2024-05-17 02:15:23,808 [INFO] CodeEngine:279 - Generated code: C:\Users\yarde\STM32CubeIDE\workspace_1.13.1\ProjClient\MXTmpFiles\cortex.tmp
2024-05-17 02:15:23,934 [INFO] CodeEngine:255 - oldGeneratedFile, C:\Users\yarde\STM32CubeIDE\workspace_1.13.1\ProjClient\MXTmpFiles\dma.tmp_save
2024-05-17 02:15:24,037 [INFO] CodeEngine:279 - Generated code: C:\Users\yarde\STM32CubeIDE\workspace_1.13.1\ProjClient\MXTmpFiles\dma.tmp
2024-05-17 02:15:24,050 [INFO] CodeEngine:255 - oldGeneratedFile, C:\Users\yarde\STM32CubeIDE\workspace_1.13.1\ProjClient\MXTmpFiles\dma_GV.tmp_save
2024-05-17 02:15:24,141 [INFO] CodeEngine:279 - Generated code: C:\Users\yarde\STM32CubeIDE\workspace_1.13.1\ProjClient\MXTmpFiles\dma_GV.tmp
2024-05-17 02:15:24,159 [INFO] Middleware:1439 - No code input for Bsp Dependency
2024-05-17 02:15:24,209 [INFO] CodeEngine:255 - oldGeneratedFile, C:\Users\yarde\STM32CubeIDE\workspace_1.13.1\ProjClient\LWIP\App\lwip.c_save
2024-05-17 02:15:24,332 [INFO] CodeEngine:279 - Generated code: C:\Users\yarde\STM32CubeIDE\workspace_1.13.1\ProjClient\LWIP\App\lwip.c
2024-05-17 02:15:24,356 [INFO] CodeEngine:255 - oldGeneratedFile, C:\Users\yarde\STM32CubeIDE\workspace_1.13.1\ProjClient\LWIP\App\lwip.h_save
2024-05-17 02:15:24,503 [INFO] CodeEngine:279 - Generated code: C:\Users\yarde\STM32CubeIDE\workspace_1.13.1\ProjClient\LWIP\App\lwip.h
2024-05-17 02:15:24,534 [INFO] CodeEngine:255 - oldGeneratedFile, C:\Users\yarde\STM32CubeIDE\workspace_1.13.1\ProjClient\LWIP\Target\lwipopts.h_save
2024-05-17 02:15:24,781 [INFO] CodeEngine:279 - Generated code: C:\Users\yarde\STM32CubeIDE\workspace_1.13.1\ProjClient\LWIP\Target\lwipopts.h
2024-05-17 02:15:24,812 [INFO] CodeEngine:255 - oldGeneratedFile, C:\Users\yarde\STM32CubeIDE\workspace_1.13.1\ProjClient\LWIP\Target\ethernetif.c_save
2024-05-17 02:15:24,931 [INFO] CodeEngine:279 - Generated code: C:\Users\yarde\STM32CubeIDE\workspace_1.13.1\ProjClient\LWIP\Target\ethernetif.c
2024-05-17 02:15:24,958 [INFO] CodeEngine:255 - oldGeneratedFile, C:\Users\yarde\STM32CubeIDE\workspace_1.13.1\ProjClient\LWIP\Target\ethernetif.h_save
2024-05-17 02:15:25,052 [INFO] CodeEngine:279 - Generated code: C:\Users\yarde\STM32CubeIDE\workspace_1.13.1\ProjClient\LWIP\Target\ethernetif.h
2024-05-17 02:15:25,120 [INFO] CodeEngine:255 - oldGeneratedFile, C:\Users\yarde\STM32CubeIDE\workspace_1.13.1\ProjClient\Core\Src\stm32f7xx_it.c_save
2024-05-17 02:15:25,918 [INFO] CodeEngine:279 - Generated code: C:\Users\yarde\STM32CubeIDE\workspace_1.13.1\ProjClient\Core\Src\stm32f7xx_it.c
2024-05-17 02:15:25,945 [INFO] CodeEngine:255 - oldGeneratedFile, C:\Users\yarde\STM32CubeIDE\workspace_1.13.1\ProjClient\Core\Inc\stm32f7xx_it.h_save
2024-05-17 02:15:26,036 [INFO] CodeEngine:279 - Generated code: C:\Users\yarde\STM32CubeIDE\workspace_1.13.1\ProjClient\Core\Inc\stm32f7xx_it.h
2024-05-17 02:15:26,075 [INFO] CodeEngine:255 - oldGeneratedFile, C:\Users\yarde\STM32CubeIDE\workspace_1.13.1\ProjClient\Core\Src\stm32f7xx_hal_msp.c_save
2024-05-17 02:15:26,257 [INFO] CodeEngine:279 - Generated code: C:\Users\yarde\STM32CubeIDE\workspace_1.13.1\ProjClient\Core\Src\stm32f7xx_hal_msp.c
2024-05-17 02:15:26,277 [INFO] CodeEngine:255 - oldGeneratedFile, C:\Users\yarde\STM32CubeIDE\workspace_1.13.1\ProjClient\MXTmpFiles\system.tmp_save
2024-05-17 02:15:26,357 [INFO] CodeEngine:279 - Generated code: C:\Users\yarde\STM32CubeIDE\workspace_1.13.1\ProjClient\MXTmpFiles\system.tmp
2024-05-17 02:15:26,398 [INFO] CodeEngine:311 - oldGeneratedFile, C:\Users\yarde\STM32CubeIDE\workspace_1.13.1\ProjClient\Core\Inc\stm32f7xx_hal_conf.h_save
2024-05-17 02:15:26,501 [INFO] CodeEngine:335 - Generated code: C:\Users\yarde\STM32CubeIDE\workspace_1.13.1\ProjClient\Core\Inc\stm32f7xx_hal_conf.h
2024-05-17 02:15:26,534 [WARN] IPConfigManager:3440 - IP not found : TIM
2024-05-17 02:15:26,536 [WARN] CodeGenerator:3939 - IP not found : null
2024-05-17 02:15:26,569 [INFO] CodeEngine:255 - oldGeneratedFile, C:\Users\yarde\STM32CubeIDE\workspace_1.13.1\ProjClient\Core\Inc\main.h_save
2024-05-17 02:15:26,674 [INFO] CodeEngine:279 - Generated code: C:\Users\yarde\STM32CubeIDE\workspace_1.13.1\ProjClient\Core\Inc\main.h
2024-05-17 02:15:26,709 [INFO] CodeEngine:255 - oldGeneratedFile, C:\Users\yarde\STM32CubeIDE\workspace_1.13.1\ProjClient\Core\Src\main.c_save
2024-05-17 02:15:26,932 [INFO] CodeEngine:279 - Generated code: C:\Users\yarde\STM32CubeIDE\workspace_1.13.1\ProjClient\Core\Src\main.c
2024-05-17 02:15:31,476 [INFO] ProjectBuilder:3076 - Time for Copy HAL[1] : 2153mS.
2024-05-17 02:15:31,499 [INFO] ProjectBuilder:4485 - Project Generator version: 4.2.0-B44
2024-05-17 02:15:33,232 [INFO] ConfigFileManager:1495 - The Die is : DIE449
2024-05-17 02:15:46,006 [INFO] ProjectBuilder:4747 - Time for Generating toolchain IDE Files: 14507mS.
2024-05-17 02:15:46,007 [INFO] ProjectBuilder:2947 - Time for Copy CMSIS : 1mS.
2024-05-17 02:15:46,038 [INFO] ProjectBuilder:2947 - Time for Copy CMSIS : 0mS.
2024-05-17 03:23:02,391 [INFO] NvicIntPanel:101 - NVIC parent = com.st.microxplorer.plugins.ip.nvic.MultiNvicIntPanel[,0,0,0x0,invalid,layout=javax.swing.BoxLayout,alignmentX=0.0,alignmentY=0.0,border=,flags=9,maximumSize=,minimumSize=,preferredSize=]
2024-05-17 03:23:06,782 [INFO] NvicIntPanel:101 - NVIC parent = com.st.microxplorer.plugins.ip.nvic.MultiNvicIntPanel[,0,0,0x0,invalid,layout=javax.swing.BoxLayout,alignmentX=0.0,alignmentY=0.0,border=,flags=9,maximumSize=,minimumSize=,preferredSize=]
2024-05-17 03:23:12,403 [INFO] NvicIntPanel:101 - NVIC parent = com.st.microxplorer.plugins.ip.nvic.MultiNvicIntPanel[,0,0,0x0,invalid,layout=javax.swing.BoxLayout,alignmentX=0.0,alignmentY=0.0,border=,flags=9,maximumSize=,minimumSize=,preferredSize=]
2024-05-17 03:23:15,305 [INFO] NvicIntPanel:101 - NVIC parent = com.st.microxplorer.plugins.ip.nvic.MultiNvicIntPanel[,0,0,0x0,invalid,layout=javax.swing.BoxLayout,alignmentX=0.0,alignmentY=0.0,border=,flags=9,maximumSize=,minimumSize=,preferredSize=]
2024-05-17 03:24:19,245 [INFO] NvicIntPanel:101 - NVIC parent = com.st.microxplorer.plugins.ip.nvic.MultiNvicIntPanel[,0,0,0x0,invalid,layout=javax.swing.BoxLayout,alignmentX=0.0,alignmentY=0.0,border=,flags=9,maximumSize=,minimumSize=,preferredSize=]
2024-05-17 03:24:35,509 [INFO] NvicIntPanel:101 - NVIC parent = com.st.microxplorer.plugins.ip.nvic.MultiNvicIntPanel[,0,0,0x0,invalid,layout=javax.swing.BoxLayout,alignmentX=0.0,alignmentY=0.0,border=,flags=9,maximumSize=,minimumSize=,preferredSize=]
2024-05-17 03:24:51,472 [INFO] NvicIntPanel:101 - NVIC parent = com.st.microxplorer.plugins.ip.nvic.MultiNvicIntPanel[,0,0,0x0,invalid,layout=javax.swing.BoxLayout,alignmentX=0.0,alignmentY=0.0,border=,flags=9,maximumSize=,minimumSize=,preferredSize=]
2024-05-17 03:25:26,744 [INFO] NvicIntPanel:101 - NVIC parent = com.st.microxplorer.plugins.ip.nvic.MultiNvicIntPanel[,0,0,0x0,invalid,layout=javax.swing.BoxLayout,alignmentX=0.0,alignmentY=0.0,border=,flags=9,maximumSize=,minimumSize=,preferredSize=]
2024-05-17 03:32:06,006 [INFO] NvicIntPanel:101 - NVIC parent = com.st.microxplorer.plugins.ip.nvic.MultiNvicIntPanel[,0,0,0x0,invalid,layout=javax.swing.BoxLayout,alignmentX=0.0,alignmentY=0.0,border=,flags=9,maximumSize=,minimumSize=,preferredSize=]
2024-05-17 03:32:06,165 [INFO] NvicIntPanel:101 - NVIC parent = com.st.microxplorer.plugins.ip.nvic.MultiNvicIntPanel[,0,0,0x0,invalid,layout=javax.swing.BoxLayout,alignmentX=0.0,alignmentY=0.0,border=,flags=9,maximumSize=,minimumSize=,preferredSize=]
2024-05-17 03:36:27,121 [INFO] UtilMem:75 - End SaveConfig() Used Memory: 1041719856 Bytes (1073741824)
2024-05-17 03:36:29,079 [INFO] UtilMem:75 - End SaveConfig() Used Memory: 1055160552 Bytes (1073741824)
2024-05-17 03:36:31,738 [INFO] UtilMem:75 - End SaveConfig() Used Memory: 1063148976 Bytes (1073741824)
2024-05-17 03:36:33,602 [INFO] BlockDiagram:2759 - set Specific Code input for plugin: SPI
2024-05-17 03:36:33,602 [INFO] BlockDiagram:2759 - set Specific Code input for plugin: SPI
2024-05-17 03:36:33,602 [INFO] BlockDiagram:2759 - set Specific Code input for plugin: TIM6_7F7
2024-05-17 03:36:33,602 [INFO] BlockDiagram:2759 - set Specific Code input for plugin: SYS
2024-05-17 03:36:33,602 [INFO] BlockDiagram:2759 - set Specific Code input for plugin: ADC
2024-05-17 03:36:33,602 [INFO] BlockDiagram:2759 - set Specific Code input for plugin: RCC
2024-05-17 03:36:33,602 [INFO] BlockDiagram:2759 - set Specific Code input for plugin: CRC
2024-05-17 03:36:33,602 [INFO] BlockDiagram:2759 - set Specific Code input for plugin: I2C
2024-05-17 03:36:33,603 [INFO] BlockDiagram:2759 - set Specific Code input for plugin: I2C
2024-05-17 03:36:33,603 [INFO] BlockDiagram:2759 - set Specific Code input for plugin: RTC
2024-05-17 03:36:33,603 [INFO] BlockDiagram:2759 - set Specific Code input for plugin: NVIC
2024-05-17 03:36:33,603 [INFO] BlockDiagram:2759 - set Specific Code input for plugin: LWIP
2024-05-17 03:36:33,603 [INFO] BlockDiagram:2759 - set Specific Code input for plugin: USART
2024-05-17 03:36:33,603 [INFO] BlockDiagram:2759 - set Specific Code input for plugin: USART
2024-05-17 03:36:33,603 [INFO] BlockDiagram:2759 - set Specific Code input for plugin: DMA
2024-05-17 03:36:33,603 [INFO] BlockDiagram:2759 - set Specific Code input for plugin: DAC
2024-05-17 03:36:33,603 [INFO] BlockDiagram:2759 - set Specific Code input for plugin: UART
2024-05-17 03:36:33,604 [INFO] BlockDiagram:2759 - set Specific Code input for plugin: GPIO
2024-05-17 03:36:33,604 [INFO] BlockDiagram:2759 - set Specific Code input for plugin: ETH
2024-05-17 03:36:33,607 [INFO] CodeGenerator:807 - code generatio: config db path: C:\ST\STM32CubeIDE_1.13.1\STM32CubeIDE\plugins\com.st.stm32cube.common.mx_6.10.0.202311202037\\db\
2024-05-17 03:36:33,618 [INFO] Argument:325 - Argument : hdmavalue: null
2024-05-17 03:36:33,618 [INFO] Argument:327 - 	 sub Args: 
2024-05-17 03:36:33,618 [INFO] Argument:325 - Argument : Instancevalue: DMA2_Stream0
2024-05-17 03:36:33,618 [INFO] Argument:335 - Argument : Instancevalue: DMA2_Stream0
2024-05-17 03:36:33,618 [INFO] Argument:325 - Argument : Initvalue: null
2024-05-17 03:36:33,618 [INFO] Argument:327 - 	 sub Args: 
2024-05-17 03:36:33,618 [INFO] Argument:325 - Argument : Channelvalue: DMA_CHANNEL_0
2024-05-17 03:36:33,619 [INFO] Argument:335 - Argument : Channelvalue: DMA_CHANNEL_0
2024-05-17 03:36:33,619 [INFO] Argument:325 - Argument : Directionvalue: DMA_PERIPH_TO_MEMORY
2024-05-17 03:36:33,619 [INFO] Argument:335 - Argument : Directionvalue: DMA_PERIPH_TO_MEMORY
2024-05-17 03:36:33,619 [INFO] Argument:325 - Argument : PeriphIncvalue: DMA_PINC_DISABLE
2024-05-17 03:36:33,619 [INFO] Argument:335 - Argument : PeriphIncvalue: DMA_PINC_DISABLE
2024-05-17 03:36:33,619 [INFO] Argument:325 - Argument : MemIncvalue: DMA_MINC_ENABLE
2024-05-17 03:36:33,619 [INFO] Argument:335 - Argument : MemIncvalue: DMA_MINC_ENABLE
2024-05-17 03:36:33,619 [INFO] Argument:325 - Argument : PeriphDataAlignmentvalue: DMA_PDATAALIGN_WORD
2024-05-17 03:36:33,619 [INFO] Argument:335 - Argument : PeriphDataAlignmentvalue: DMA_PDATAALIGN_WORD
2024-05-17 03:36:33,619 [INFO] Argument:325 - Argument : MemDataAlignmentvalue: DMA_MDATAALIGN_WORD
2024-05-17 03:36:33,619 [INFO] Argument:335 - Argument : MemDataAlignmentvalue: DMA_MDATAALIGN_WORD
2024-05-17 03:36:33,619 [INFO] Argument:325 - Argument : Modevalue: DMA_NORMAL
2024-05-17 03:36:33,619 [INFO] Argument:335 - Argument : Modevalue: DMA_NORMAL
2024-05-17 03:36:33,619 [INFO] Argument:325 - Argument : Priorityvalue: DMA_PRIORITY_LOW
2024-05-17 03:36:33,619 [INFO] Argument:335 - Argument : Priorityvalue: DMA_PRIORITY_LOW
2024-05-17 03:36:33,619 [INFO] Argument:325 - Argument : FIFOModevalue: DMA_FIFOMODE_DISABLE
2024-05-17 03:36:33,619 [INFO] Argument:335 - Argument : FIFOModevalue: DMA_FIFOMODE_DISABLE
2024-05-17 03:36:33,619 [INFO] Argument:325 - Argument : FIFOThresholdvalue: null
2024-05-17 03:36:33,619 [INFO] Argument:335 - Argument : FIFOThresholdvalue: null
2024-05-17 03:36:33,619 [INFO] Argument:325 - Argument : MemBurstvalue: null
2024-05-17 03:36:33,619 [INFO] Argument:335 - Argument : MemBurstvalue: null
2024-05-17 03:36:33,619 [INFO] Argument:325 - Argument : PeriphBurstvalue: null
2024-05-17 03:36:33,619 [INFO] Argument:335 - Argument : PeriphBurstvalue: null
2024-05-17 03:36:33,619 [INFO] Argument:325 - Argument : Lockvalue: null
2024-05-17 03:36:33,619 [INFO] Argument:335 - Argument : Lockvalue: null
2024-05-17 03:36:33,619 [INFO] Argument:325 - Argument : Statevalue: null
2024-05-17 03:36:33,619 [INFO] Argument:335 - Argument : Statevalue: null
2024-05-17 03:36:33,619 [INFO] Argument:325 - Argument : Parentvalue: null
2024-05-17 03:36:33,619 [INFO] Argument:335 - Argument : Parentvalue: null
2024-05-17 03:36:33,619 [INFO] Argument:325 - Argument : XferCpltCallbackvalue: null
2024-05-17 03:36:33,619 [INFO] Argument:335 - Argument : XferCpltCallbackvalue: null
2024-05-17 03:36:33,619 [INFO] Argument:325 - Argument : XferHalfCpltCallbackvalue: null
2024-05-17 03:36:33,619 [INFO] Argument:335 - Argument : XferHalfCpltCallbackvalue: null
2024-05-17 03:36:33,619 [INFO] Argument:325 - Argument : XferM1CpltCallbackvalue: null
2024-05-17 03:36:33,619 [INFO] Argument:335 - Argument : XferM1CpltCallbackvalue: null
2024-05-17 03:36:33,620 [INFO] Argument:325 - Argument : XferErrorCallbackvalue: null
2024-05-17 03:36:33,620 [INFO] Argument:335 - Argument : XferErrorCallbackvalue: null
2024-05-17 03:36:33,620 [INFO] Argument:325 - Argument : ErrorCodevalue: null
2024-05-17 03:36:33,620 [INFO] Argument:335 - Argument : ErrorCodevalue: null
2024-05-17 03:36:33,646 [WARN] IP:2119 - CMSIS_VERSION not found: check if there is a RefParameter without a condition.
2024-05-17 03:36:33,650 [WARN] IP:2119 - LWIP_NETIF_HOSTNAME not found: check if there is a RefParameter without a condition.
2024-05-17 03:36:33,749 [INFO] Argument:325 - Argument : hdmavalue: null
2024-05-17 03:36:33,749 [INFO] Argument:327 - 	 sub Args: 
2024-05-17 03:36:33,749 [INFO] Argument:325 - Argument : Instancevalue: DMA1_Stream0
2024-05-17 03:36:33,749 [INFO] Argument:335 - Argument : Instancevalue: DMA1_Stream0
2024-05-17 03:36:33,749 [INFO] Argument:325 - Argument : Initvalue: null
2024-05-17 03:36:33,749 [INFO] Argument:327 - 	 sub Args: 
2024-05-17 03:36:33,749 [INFO] Argument:325 - Argument : Channelvalue: DMA_CHANNEL_4
2024-05-17 03:36:33,749 [INFO] Argument:335 - Argument : Channelvalue: DMA_CHANNEL_4
2024-05-17 03:36:33,749 [INFO] Argument:325 - Argument : Directionvalue: DMA_PERIPH_TO_MEMORY
2024-05-17 03:36:33,749 [INFO] Argument:335 - Argument : Directionvalue: DMA_PERIPH_TO_MEMORY
2024-05-17 03:36:33,749 [INFO] Argument:325 - Argument : PeriphIncvalue: DMA_PINC_DISABLE
2024-05-17 03:36:33,750 [INFO] Argument:335 - Argument : PeriphIncvalue: DMA_PINC_DISABLE
2024-05-17 03:36:33,750 [INFO] Argument:325 - Argument : MemIncvalue: DMA_MINC_ENABLE
2024-05-17 03:36:33,750 [INFO] Argument:335 - Argument : MemIncvalue: DMA_MINC_ENABLE
2024-05-17 03:36:33,750 [INFO] Argument:325 - Argument : PeriphDataAlignmentvalue: DMA_PDATAALIGN_BYTE
2024-05-17 03:36:33,750 [INFO] Argument:335 - Argument : PeriphDataAlignmentvalue: DMA_PDATAALIGN_BYTE
2024-05-17 03:36:33,750 [INFO] Argument:325 - Argument : MemDataAlignmentvalue: DMA_MDATAALIGN_BYTE
2024-05-17 03:36:33,750 [INFO] Argument:335 - Argument : MemDataAlignmentvalue: DMA_MDATAALIGN_BYTE
2024-05-17 03:36:33,750 [INFO] Argument:325 - Argument : Modevalue: DMA_CIRCULAR
2024-05-17 03:36:33,750 [INFO] Argument:335 - Argument : Modevalue: DMA_CIRCULAR
2024-05-17 03:36:33,750 [INFO] Argument:325 - Argument : Priorityvalue: DMA_PRIORITY_LOW
2024-05-17 03:36:33,750 [INFO] Argument:335 - Argument : Priorityvalue: DMA_PRIORITY_LOW
2024-05-17 03:36:33,750 [INFO] Argument:325 - Argument : FIFOModevalue: DMA_FIFOMODE_DISABLE
2024-05-17 03:36:33,750 [INFO] Argument:335 - Argument : FIFOModevalue: DMA_FIFOMODE_DISABLE
2024-05-17 03:36:33,750 [INFO] Argument:325 - Argument : FIFOThresholdvalue: null
2024-05-17 03:36:33,750 [INFO] Argument:335 - Argument : FIFOThresholdvalue: null
2024-05-17 03:36:33,750 [INFO] Argument:325 - Argument : MemBurstvalue: null
2024-05-17 03:36:33,750 [INFO] Argument:335 - Argument : MemBurstvalue: null
2024-05-17 03:36:33,750 [INFO] Argument:325 - Argument : PeriphBurstvalue: null
2024-05-17 03:36:33,750 [INFO] Argument:335 - Argument : PeriphBurstvalue: null
2024-05-17 03:36:33,750 [INFO] Argument:325 - Argument : Lockvalue: null
2024-05-17 03:36:33,750 [INFO] Argument:335 - Argument : Lockvalue: null
2024-05-17 03:36:33,750 [INFO] Argument:325 - Argument : Statevalue: null
2024-05-17 03:36:33,750 [INFO] Argument:335 - Argument : Statevalue: null
2024-05-17 03:36:33,750 [INFO] Argument:325 - Argument : Parentvalue: null
2024-05-17 03:36:33,750 [INFO] Argument:335 - Argument : Parentvalue: null
2024-05-17 03:36:33,750 [INFO] Argument:325 - Argument : XferCpltCallbackvalue: null
2024-05-17 03:36:33,750 [INFO] Argument:335 - Argument : XferCpltCallbackvalue: null
2024-05-17 03:36:33,750 [INFO] Argument:325 - Argument : XferHalfCpltCallbackvalue: null
2024-05-17 03:36:33,750 [INFO] Argument:335 - Argument : XferHalfCpltCallbackvalue: null
2024-05-17 03:36:33,750 [INFO] Argument:325 - Argument : XferM1CpltCallbackvalue: null
2024-05-17 03:36:33,750 [INFO] Argument:335 - Argument : XferM1CpltCallbackvalue: null
2024-05-17 03:36:33,750 [INFO] Argument:325 - Argument : XferErrorCallbackvalue: null
2024-05-17 03:36:33,750 [INFO] Argument:335 - Argument : XferErrorCallbackvalue: null
2024-05-17 03:36:33,750 [INFO] Argument:325 - Argument : ErrorCodevalue: null
2024-05-17 03:36:33,750 [INFO] Argument:335 - Argument : ErrorCodevalue: null
2024-05-17 03:36:33,754 [INFO] Argument:325 - Argument : hdmavalue: null
2024-05-17 03:36:33,754 [INFO] Argument:327 - 	 sub Args: 
2024-05-17 03:36:33,754 [INFO] Argument:325 - Argument : Instancevalue: DMA1_Stream5
2024-05-17 03:36:33,754 [INFO] Argument:335 - Argument : Instancevalue: DMA1_Stream5
2024-05-17 03:36:33,754 [INFO] Argument:325 - Argument : Initvalue: null
2024-05-17 03:36:33,754 [INFO] Argument:327 - 	 sub Args: 
2024-05-17 03:36:33,754 [INFO] Argument:325 - Argument : Channelvalue: DMA_CHANNEL_4
2024-05-17 03:36:33,754 [INFO] Argument:335 - Argument : Channelvalue: DMA_CHANNEL_4
2024-05-17 03:36:33,754 [INFO] Argument:325 - Argument : Directionvalue: DMA_PERIPH_TO_MEMORY
2024-05-17 03:36:33,754 [INFO] Argument:335 - Argument : Directionvalue: DMA_PERIPH_TO_MEMORY
2024-05-17 03:36:33,754 [INFO] Argument:325 - Argument : PeriphIncvalue: DMA_PINC_DISABLE
2024-05-17 03:36:33,754 [INFO] Argument:335 - Argument : PeriphIncvalue: DMA_PINC_DISABLE
2024-05-17 03:36:33,754 [INFO] Argument:325 - Argument : MemIncvalue: DMA_MINC_ENABLE
2024-05-17 03:36:33,754 [INFO] Argument:335 - Argument : MemIncvalue: DMA_MINC_ENABLE
2024-05-17 03:36:33,754 [INFO] Argument:325 - Argument : PeriphDataAlignmentvalue: DMA_PDATAALIGN_BYTE
2024-05-17 03:36:33,754 [INFO] Argument:335 - Argument : PeriphDataAlignmentvalue: DMA_PDATAALIGN_BYTE
2024-05-17 03:36:33,754 [INFO] Argument:325 - Argument : MemDataAlignmentvalue: DMA_MDATAALIGN_BYTE
2024-05-17 03:36:33,754 [INFO] Argument:335 - Argument : MemDataAlignmentvalue: DMA_MDATAALIGN_BYTE
2024-05-17 03:36:33,754 [INFO] Argument:325 - Argument : Modevalue: DMA_NORMAL
2024-05-17 03:36:33,754 [INFO] Argument:335 - Argument : Modevalue: DMA_NORMAL
2024-05-17 03:36:33,754 [INFO] Argument:325 - Argument : Priorityvalue: DMA_PRIORITY_LOW
2024-05-17 03:36:33,754 [INFO] Argument:335 - Argument : Priorityvalue: DMA_PRIORITY_LOW
2024-05-17 03:36:33,754 [INFO] Argument:325 - Argument : FIFOModevalue: DMA_FIFOMODE_DISABLE
2024-05-17 03:36:33,754 [INFO] Argument:335 - Argument : FIFOModevalue: DMA_FIFOMODE_DISABLE
2024-05-17 03:36:33,754 [INFO] Argument:325 - Argument : FIFOThresholdvalue: null
2024-05-17 03:36:33,754 [INFO] Argument:335 - Argument : FIFOThresholdvalue: null
2024-05-17 03:36:33,754 [INFO] Argument:325 - Argument : MemBurstvalue: null
2024-05-17 03:36:33,754 [INFO] Argument:335 - Argument : MemBurstvalue: null
2024-05-17 03:36:33,754 [INFO] Argument:325 - Argument : PeriphBurstvalue: null
2024-05-17 03:36:33,754 [INFO] Argument:335 - Argument : PeriphBurstvalue: null
2024-05-17 03:36:33,754 [INFO] Argument:325 - Argument : Lockvalue: null
2024-05-17 03:36:33,754 [INFO] Argument:335 - Argument : Lockvalue: null
2024-05-17 03:36:33,754 [INFO] Argument:325 - Argument : Statevalue: null
2024-05-17 03:36:33,754 [INFO] Argument:335 - Argument : Statevalue: null
2024-05-17 03:36:33,754 [INFO] Argument:325 - Argument : Parentvalue: null
2024-05-17 03:36:33,754 [INFO] Argument:335 - Argument : Parentvalue: null
2024-05-17 03:36:33,754 [INFO] Argument:325 - Argument : XferCpltCallbackvalue: null
2024-05-17 03:36:33,755 [INFO] Argument:335 - Argument : XferCpltCallbackvalue: null
2024-05-17 03:36:33,755 [INFO] Argument:325 - Argument : XferHalfCpltCallbackvalue: null
2024-05-17 03:36:33,755 [INFO] Argument:335 - Argument : XferHalfCpltCallbackvalue: null
2024-05-17 03:36:33,755 [INFO] Argument:325 - Argument : XferM1CpltCallbackvalue: null
2024-05-17 03:36:33,755 [INFO] Argument:335 - Argument : XferM1CpltCallbackvalue: null
2024-05-17 03:36:33,755 [INFO] Argument:325 - Argument : XferErrorCallbackvalue: null
2024-05-17 03:36:33,755 [INFO] Argument:335 - Argument : XferErrorCallbackvalue: null
2024-05-17 03:36:33,755 [INFO] Argument:325 - Argument : ErrorCodevalue: null
2024-05-17 03:36:33,755 [INFO] Argument:335 - Argument : ErrorCodevalue: null
2024-05-17 03:36:34,492 [INFO] CodeEngine:255 - oldGeneratedFile, C:\Users\yarde\STM32CubeIDE\workspace_1.13.1\ProjClient\MXTmpFiles\license.tmp_save
2024-05-17 03:36:34,699 [INFO] CodeEngine:279 - Generated code: C:\Users\yarde\STM32CubeIDE\workspace_1.13.1\ProjClient\MXTmpFiles\license.tmp
2024-05-17 03:36:34,770 [INFO] CodeEngine:255 - oldGeneratedFile, C:\Users\yarde\STM32CubeIDE\workspace_1.13.1\ProjClient\MXTmpFiles\gpio.tmp_save
2024-05-17 03:36:34,935 [INFO] CodeEngine:279 - Generated code: C:\Users\yarde\STM32CubeIDE\workspace_1.13.1\ProjClient\MXTmpFiles\gpio.tmp
2024-05-17 03:36:35,067 [INFO] CodeEngine:255 - oldGeneratedFile, C:\Users\yarde\STM32CubeIDE\workspace_1.13.1\ProjClient\MXTmpFiles\eth_vars.tmp_save
2024-05-17 03:36:35,184 [INFO] CodeEngine:279 - Generated code: C:\Users\yarde\STM32CubeIDE\workspace_1.13.1\ProjClient\MXTmpFiles\eth_vars.tmp
2024-05-17 03:36:35,193 [INFO] CodeEngine:255 - oldGeneratedFile, C:\Users\yarde\STM32CubeIDE\workspace_1.13.1\ProjClient\MXTmpFiles\eth_inc.tmp_save
2024-05-17 03:36:35,276 [INFO] CodeEngine:279 - Generated code: C:\Users\yarde\STM32CubeIDE\workspace_1.13.1\ProjClient\MXTmpFiles\eth_inc.tmp
2024-05-17 03:36:35,288 [INFO] CodeEngine:255 - oldGeneratedFile, C:\Users\yarde\STM32CubeIDE\workspace_1.13.1\ProjClient\MXTmpFiles\eth_HalInit.tmp_save
2024-05-17 03:36:35,480 [INFO] CodeEngine:279 - Generated code: C:\Users\yarde\STM32CubeIDE\workspace_1.13.1\ProjClient\MXTmpFiles\eth_HalInit.tmp
2024-05-17 03:36:35,493 [INFO] CodeEngine:255 - oldGeneratedFile, C:\Users\yarde\STM32CubeIDE\workspace_1.13.1\ProjClient\MXTmpFiles\eth_Msp.tmp_save
2024-05-17 03:36:35,635 [INFO] CodeEngine:279 - Generated code: C:\Users\yarde\STM32CubeIDE\workspace_1.13.1\ProjClient\MXTmpFiles\eth_Msp.tmp
2024-05-17 03:36:44,140 [INFO] Middleware:1439 - No code input for Bsp Dependency
2024-05-17 03:36:44,187 [INFO] CodeEngine:255 - oldGeneratedFile, C:\Users\yarde\STM32CubeIDE\workspace_1.13.1\ProjClient\MXTmpFiles\cortex.tmp_save
2024-05-17 03:36:44,337 [INFO] CodeEngine:279 - Generated code: C:\Users\yarde\STM32CubeIDE\workspace_1.13.1\ProjClient\MXTmpFiles\cortex.tmp
2024-05-17 03:36:45,016 [INFO] CodeEngine:255 - oldGeneratedFile, C:\Users\yarde\STM32CubeIDE\workspace_1.13.1\ProjClient\MXTmpFiles\dma.tmp_save
2024-05-17 03:36:45,232 [INFO] CodeEngine:279 - Generated code: C:\Users\yarde\STM32CubeIDE\workspace_1.13.1\ProjClient\MXTmpFiles\dma.tmp
2024-05-17 03:36:45,240 [INFO] CodeEngine:255 - oldGeneratedFile, C:\Users\yarde\STM32CubeIDE\workspace_1.13.1\ProjClient\MXTmpFiles\dma_GV.tmp_save
2024-05-17 03:36:45,336 [INFO] CodeEngine:279 - Generated code: C:\Users\yarde\STM32CubeIDE\workspace_1.13.1\ProjClient\MXTmpFiles\dma_GV.tmp
2024-05-17 03:36:45,355 [INFO] Middleware:1439 - No code input for Bsp Dependency
2024-05-17 03:36:45,421 [INFO] CodeEngine:255 - oldGeneratedFile, C:\Users\yarde\STM32CubeIDE\workspace_1.13.1\ProjClient\LWIP\App\lwip.c_save
2024-05-17 03:36:45,565 [INFO] CodeEngine:279 - Generated code: C:\Users\yarde\STM32CubeIDE\workspace_1.13.1\ProjClient\LWIP\App\lwip.c
2024-05-17 03:36:45,580 [INFO] CodeEngine:255 - oldGeneratedFile, C:\Users\yarde\STM32CubeIDE\workspace_1.13.1\ProjClient\LWIP\App\lwip.h_save
2024-05-17 03:36:45,691 [INFO] CodeEngine:279 - Generated code: C:\Users\yarde\STM32CubeIDE\workspace_1.13.1\ProjClient\LWIP\App\lwip.h
2024-05-17 03:36:45,721 [INFO] CodeEngine:255 - oldGeneratedFile, C:\Users\yarde\STM32CubeIDE\workspace_1.13.1\ProjClient\LWIP\Target\lwipopts.h_save
2024-05-17 03:36:46,767 [INFO] CodeEngine:279 - Generated code: C:\Users\yarde\STM32CubeIDE\workspace_1.13.1\ProjClient\LWIP\Target\lwipopts.h
2024-05-17 03:36:46,797 [INFO] CodeEngine:255 - oldGeneratedFile, C:\Users\yarde\STM32CubeIDE\workspace_1.13.1\ProjClient\LWIP\Target\ethernetif.c_save
2024-05-17 03:36:46,995 [INFO] CodeEngine:279 - Generated code: C:\Users\yarde\STM32CubeIDE\workspace_1.13.1\ProjClient\LWIP\Target\ethernetif.c
2024-05-17 03:36:47,016 [INFO] CodeEngine:255 - oldGeneratedFile, C:\Users\yarde\STM32CubeIDE\workspace_1.13.1\ProjClient\LWIP\Target\ethernetif.h_save
2024-05-17 03:36:47,187 [INFO] CodeEngine:279 - Generated code: C:\Users\yarde\STM32CubeIDE\workspace_1.13.1\ProjClient\LWIP\Target\ethernetif.h
2024-05-17 03:36:47,284 [INFO] CodeEngine:255 - oldGeneratedFile, C:\Users\yarde\STM32CubeIDE\workspace_1.13.1\ProjClient\Core\Src\stm32f7xx_it.c_save
2024-05-17 03:36:48,492 [INFO] CodeEngine:279 - Generated code: C:\Users\yarde\STM32CubeIDE\workspace_1.13.1\ProjClient\Core\Src\stm32f7xx_it.c
2024-05-17 03:36:48,522 [INFO] CodeEngine:255 - oldGeneratedFile, C:\Users\yarde\STM32CubeIDE\workspace_1.13.1\ProjClient\Core\Inc\stm32f7xx_it.h_save
2024-05-17 03:36:48,636 [INFO] CodeEngine:279 - Generated code: C:\Users\yarde\STM32CubeIDE\workspace_1.13.1\ProjClient\Core\Inc\stm32f7xx_it.h
2024-05-17 03:36:48,681 [INFO] CodeEngine:255 - oldGeneratedFile, C:\Users\yarde\STM32CubeIDE\workspace_1.13.1\ProjClient\Core\Src\stm32f7xx_hal_msp.c_save
2024-05-17 03:36:48,893 [INFO] CodeEngine:279 - Generated code: C:\Users\yarde\STM32CubeIDE\workspace_1.13.1\ProjClient\Core\Src\stm32f7xx_hal_msp.c
2024-05-17 03:36:48,918 [INFO] CodeEngine:255 - oldGeneratedFile, C:\Users\yarde\STM32CubeIDE\workspace_1.13.1\ProjClient\MXTmpFiles\system.tmp_save
2024-05-17 03:36:49,068 [INFO] CodeEngine:279 - Generated code: C:\Users\yarde\STM32CubeIDE\workspace_1.13.1\ProjClient\MXTmpFiles\system.tmp
2024-05-17 03:36:49,120 [INFO] CodeEngine:311 - oldGeneratedFile, C:\Users\yarde\STM32CubeIDE\workspace_1.13.1\ProjClient\Core\Inc\stm32f7xx_hal_conf.h_save
2024-05-17 03:36:49,303 [INFO] CodeEngine:335 - Generated code: C:\Users\yarde\STM32CubeIDE\workspace_1.13.1\ProjClient\Core\Inc\stm32f7xx_hal_conf.h
2024-05-17 03:36:49,373 [WARN] IPConfigManager:3440 - IP not found : TIM
2024-05-17 03:36:49,377 [WARN] CodeGenerator:3939 - IP not found : null
2024-05-17 03:36:49,419 [INFO] CodeEngine:255 - oldGeneratedFile, C:\Users\yarde\STM32CubeIDE\workspace_1.13.1\ProjClient\Core\Inc\main.h_save
2024-05-17 03:36:49,659 [INFO] CodeEngine:279 - Generated code: C:\Users\yarde\STM32CubeIDE\workspace_1.13.1\ProjClient\Core\Inc\main.h
2024-05-17 03:36:49,685 [INFO] CodeEngine:255 - oldGeneratedFile, C:\Users\yarde\STM32CubeIDE\workspace_1.13.1\ProjClient\Core\Src\main.c_save
2024-05-17 03:36:49,997 [INFO] CodeEngine:279 - Generated code: C:\Users\yarde\STM32CubeIDE\workspace_1.13.1\ProjClient\Core\Src\main.c
2024-05-17 03:36:56,219 [INFO] ProjectBuilder:3076 - Time for Copy HAL[1] : 2211mS.
2024-05-17 03:36:56,269 [INFO] ProjectBuilder:4485 - Project Generator version: 4.2.0-B44
2024-05-17 03:36:58,030 [INFO] ConfigFileManager:1495 - The Die is : DIE449
2024-05-17 03:37:11,438 [INFO] ProjectBuilder:4747 - Time for Generating toolchain IDE Files: 15169mS.
2024-05-17 03:37:11,439 [INFO] ProjectBuilder:2947 - Time for Copy CMSIS : 1mS.
2024-05-17 03:37:11,517 [INFO] ProjectBuilder:2947 - Time for Copy CMSIS : 0mS.
