2023-12-31 16:44:24,500 [INFO] UtilMem:75 - End SaveConfig() Used Memory: 677868064 Bytes (1073741824)
2023-12-31 16:44:27,140 [INFO] UtilMem:75 - End SaveConfig() Used Memory: 685275368 Bytes (1073741824)
2023-12-31 16:44:29,474 [INFO] UtilMem:75 - End SaveConfig() Used Memory: 805861608 Bytes (1073741824)
2023-12-31 16:44:30,600 [INFO] BlockDiagram:2759 - set Specific Code input for plugin: SPI
2023-12-31 16:44:30,600 [INFO] BlockDiagram:2759 - set Specific Code input for plugin: SPI
2023-12-31 16:44:30,600 [INFO] BlockDiagram:2759 - set Specific Code input for plugin: SPI
2023-12-31 16:44:30,601 [INFO] BlockDiagram:2759 - set Specific Code input for plugin: SYS
2023-12-31 16:44:30,601 [INFO] BlockDiagram:2759 - set Specific Code input for plugin: RCC
2023-12-31 16:44:30,601 [INFO] BlockDiagram:2759 - set Specific Code input for plugin: USB_OTG_FS
2023-12-31 16:44:30,601 [INFO] BlockDiagram:2759 - set Specific Code input for plugin: NVIC
2023-12-31 16:44:30,601 [INFO] BlockDiagram:2759 - set Specific Code input for plugin: USART
2023-12-31 16:44:30,601 [INFO] BlockDiagram:2759 - set Specific Code input for plugin: DMA
2023-12-31 16:44:30,602 [INFO] BlockDiagram:2759 - set Specific Code input for plugin: GPIO
2023-12-31 16:44:30,605 [INFO] CodeGenerator:799 - code generatio: config db path: C:\ST\STM32CubeIDE_1.13.1\STM32CubeIDE\plugins\com.st.stm32cube.common.mx_6.9.1.202307191849\\db\
2023-12-31 16:44:31,341 [INFO] CodeEngine:255 - oldGeneratedFile, C:\Users\yarde\STM32CubeIDE\workspace_1.13.1\Homework_SPI\MXTmpFiles\license.tmp_save
2023-12-31 16:44:32,176 [INFO] CodeEngine:279 - Generated code: C:\Users\yarde\STM32CubeIDE\workspace_1.13.1\Homework_SPI\MXTmpFiles\license.tmp
2023-12-31 16:44:32,375 [INFO] CodeEngine:255 - oldGeneratedFile, C:\Users\yarde\STM32CubeIDE\workspace_1.13.1\Homework_SPI\Core\Src\gpio.c_save
2023-12-31 16:44:32,667 [INFO] CodeEngine:279 - Generated code: C:\Users\yarde\STM32CubeIDE\workspace_1.13.1\Homework_SPI\Core\Src\gpio.c
2023-12-31 16:44:32,698 [INFO] CodeEngine:255 - oldGeneratedFile, C:\Users\yarde\STM32CubeIDE\workspace_1.13.1\Homework_SPI\Core\Inc\gpio.h_save
2023-12-31 16:44:32,877 [INFO] CodeEngine:279 - Generated code: C:\Users\yarde\STM32CubeIDE\workspace_1.13.1\Homework_SPI\Core\Inc\gpio.h
2023-12-31 16:44:35,120 [WARN] IPConfigManager:2937 - Warning: the RefConfig PWREx_EnableUSBVoltageDetector is not available in your config.xml file
2023-12-31 16:44:35,165 [INFO] CodeEngine:255 - oldGeneratedFile, C:\Users\yarde\STM32CubeIDE\workspace_1.13.1\Homework_SPI\MXTmpFiles\cortex.tmp_save
2023-12-31 16:44:35,412 [INFO] CodeEngine:279 - Generated code: C:\Users\yarde\STM32CubeIDE\workspace_1.13.1\Homework_SPI\MXTmpFiles\cortex.tmp
2023-12-31 16:44:35,712 [INFO] CodeEngine:255 - oldGeneratedFile, C:\Users\yarde\STM32CubeIDE\workspace_1.13.1\Homework_SPI\Core\Src\dma.c_save
2023-12-31 16:44:35,893 [INFO] CodeEngine:279 - Generated code: C:\Users\yarde\STM32CubeIDE\workspace_1.13.1\Homework_SPI\Core\Src\dma.c
2023-12-31 16:44:35,928 [INFO] CodeEngine:255 - oldGeneratedFile, C:\Users\yarde\STM32CubeIDE\workspace_1.13.1\Homework_SPI\Core\Inc\dma.h_save
2023-12-31 16:44:36,058 [INFO] CodeEngine:279 - Generated code: C:\Users\yarde\STM32CubeIDE\workspace_1.13.1\Homework_SPI\Core\Inc\dma.h
2023-12-31 16:44:36,105 [INFO] CodeEngine:255 - oldGeneratedFile, C:\Users\yarde\STM32CubeIDE\workspace_1.13.1\Homework_SPI\Core\Src\spi.c_save
2023-12-31 16:44:36,398 [INFO] CodeEngine:279 - Generated code: C:\Users\yarde\STM32CubeIDE\workspace_1.13.1\Homework_SPI\Core\Src\spi.c
2023-12-31 16:44:36,437 [INFO] CodeEngine:255 - oldGeneratedFile, C:\Users\yarde\STM32CubeIDE\workspace_1.13.1\Homework_SPI\Core\Inc\spi.h_save
2023-12-31 16:44:36,590 [INFO] CodeEngine:279 - Generated code: C:\Users\yarde\STM32CubeIDE\workspace_1.13.1\Homework_SPI\Core\Inc\spi.h
2023-12-31 16:44:36,631 [INFO] CodeEngine:255 - oldGeneratedFile, C:\Users\yarde\STM32CubeIDE\workspace_1.13.1\Homework_SPI\Core\Src\usart.c_save
2023-12-31 16:44:36,809 [INFO] CodeEngine:279 - Generated code: C:\Users\yarde\STM32CubeIDE\workspace_1.13.1\Homework_SPI\Core\Src\usart.c
2023-12-31 16:44:36,822 [INFO] CodeEngine:255 - oldGeneratedFile, C:\Users\yarde\STM32CubeIDE\workspace_1.13.1\Homework_SPI\Core\Inc\usart.h_save
2023-12-31 16:44:36,942 [INFO] CodeEngine:279 - Generated code: C:\Users\yarde\STM32CubeIDE\workspace_1.13.1\Homework_SPI\Core\Inc\usart.h
2023-12-31 16:44:36,978 [INFO] CodeEngine:255 - oldGeneratedFile, C:\Users\yarde\STM32CubeIDE\workspace_1.13.1\Homework_SPI\Core\Src\usb_otg.c_save
2023-12-31 16:44:37,126 [INFO] CodeEngine:279 - Generated code: C:\Users\yarde\STM32CubeIDE\workspace_1.13.1\Homework_SPI\Core\Src\usb_otg.c
2023-12-31 16:44:37,139 [INFO] CodeEngine:255 - oldGeneratedFile, C:\Users\yarde\STM32CubeIDE\workspace_1.13.1\Homework_SPI\Core\Inc\usb_otg.h_save
2023-12-31 16:44:37,261 [INFO] CodeEngine:279 - Generated code: C:\Users\yarde\STM32CubeIDE\workspace_1.13.1\Homework_SPI\Core\Inc\usb_otg.h
2023-12-31 16:44:37,309 [INFO] CodeEngine:255 - oldGeneratedFile, C:\Users\yarde\STM32CubeIDE\workspace_1.13.1\Homework_SPI\Core\Src\stm32f7xx_it.c_save
2023-12-31 16:44:37,468 [INFO] CodeEngine:279 - Generated code: C:\Users\yarde\STM32CubeIDE\workspace_1.13.1\Homework_SPI\Core\Src\stm32f7xx_it.c
2023-12-31 16:44:37,490 [INFO] CodeEngine:255 - oldGeneratedFile, C:\Users\yarde\STM32CubeIDE\workspace_1.13.1\Homework_SPI\Core\Inc\stm32f7xx_it.h_save
2023-12-31 16:44:37,580 [INFO] CodeEngine:279 - Generated code: C:\Users\yarde\STM32CubeIDE\workspace_1.13.1\Homework_SPI\Core\Inc\stm32f7xx_it.h
2023-12-31 16:44:37,628 [INFO] CodeEngine:255 - oldGeneratedFile, C:\Users\yarde\STM32CubeIDE\workspace_1.13.1\Homework_SPI\Core\Src\stm32f7xx_hal_msp.c_save
2023-12-31 16:44:37,780 [INFO] CodeEngine:279 - Generated code: C:\Users\yarde\STM32CubeIDE\workspace_1.13.1\Homework_SPI\Core\Src\stm32f7xx_hal_msp.c
2023-12-31 16:44:37,797 [INFO] CodeEngine:255 - oldGeneratedFile, C:\Users\yarde\STM32CubeIDE\workspace_1.13.1\Homework_SPI\MXTmpFiles\system.tmp_save
2023-12-31 16:44:37,889 [INFO] CodeEngine:279 - Generated code: C:\Users\yarde\STM32CubeIDE\workspace_1.13.1\Homework_SPI\MXTmpFiles\system.tmp
2023-12-31 16:44:37,930 [INFO] CodeEngine:311 - oldGeneratedFile, C:\Users\yarde\STM32CubeIDE\workspace_1.13.1\Homework_SPI\Core\Inc\stm32f7xx_hal_conf.h_save
2023-12-31 16:44:38,055 [INFO] CodeEngine:335 - Generated code: C:\Users\yarde\STM32CubeIDE\workspace_1.13.1\Homework_SPI\Core\Inc\stm32f7xx_hal_conf.h
2023-12-31 16:44:38,151 [INFO] CodeEngine:255 - oldGeneratedFile, C:\Users\yarde\STM32CubeIDE\workspace_1.13.1\Homework_SPI\Core\Inc\main.h_save
2023-12-31 16:44:38,311 [INFO] CodeEngine:279 - Generated code: C:\Users\yarde\STM32CubeIDE\workspace_1.13.1\Homework_SPI\Core\Inc\main.h
2023-12-31 16:44:38,343 [INFO] CodeEngine:255 - oldGeneratedFile, C:\Users\yarde\STM32CubeIDE\workspace_1.13.1\Homework_SPI\Core\Src\main.c_save
2023-12-31 16:44:38,587 [INFO] CodeEngine:279 - Generated code: C:\Users\yarde\STM32CubeIDE\workspace_1.13.1\Homework_SPI\Core\Src\main.c
2023-12-31 16:44:39,674 [INFO] ProjectBuilder:3064 - Time for Copy HAL[1] : 462mS.
2023-12-31 16:44:39,691 [INFO] ProjectBuilder:4404 - Project Generator version: 4.1.0
2023-12-31 16:44:40,192 [INFO] ConfigFileManager:1457 - The Die is : DIE449
2023-12-31 16:44:40,219 [INFO] ApiDbMcu:507 - Load IP Config File for FATFS
2023-12-31 16:44:40,234 [INFO] ApiDbMcu:507 - Load IP Config File for FREERTOS
2023-12-31 16:44:40,248 [INFO] ApiDbMcu:507 - Load IP Config File for LIBJPEG
2023-12-31 16:44:40,266 [INFO] ApiDbMcu:507 - Load IP Config File for LWIP
2023-12-31 16:44:40,283 [INFO] ApiDbMcu:507 - Load IP Config File for MBEDTLS
2023-12-31 16:44:40,304 [INFO] ApiDbMcu:507 - Load IP Config File for USB_DEVICE
2023-12-31 16:44:40,324 [INFO] ApiDbMcu:507 - Load IP Config File for USB_HOST
