2023-11-23 00:00:24,147 [INFO] MainUpdater:2868 - connection check result : 10
2023-11-23 00:00:24,215 [INFO] MainUpdater:2868 - connection check result : 10
2023-11-23 00:00:24,824 [INFO] MicroXplorer:468 - Change Database Path : 
2023-11-23 00:00:24,825 [INFO] MicroXplorer:498 - Change Database Version : DB.6.0.91
2023-11-23 00:00:24,884 [WARN] ThirdParty:871 - waiting for thirdparty lock release [close project]
2023-11-23 00:00:24,884 [INFO] ThirdParty:873 - entering critical section [close project]
2023-11-23 00:00:24,884 [INFO] ThirdParty:883 - exiting critical section [close project]
2023-11-23 00:00:24,889 [INFO] PinOutPanel:1499 - setPackage(No Configuration,No Configuration)
2023-11-23 00:00:24,902 [WARN] IpParametersView:151 - Warning: This peripheral hasn't parameters
2023-11-23 00:00:24,909 [WARN] MainPanel:272 - <html><b><center>Warning: This peripheral has no parameters to be configured<br></b></html>
2023-11-23 00:00:24,914 [INFO] UtilMem:75 - Begin LoadConfig() Used Memory: 717438880 Bytes (1073741824)
2023-11-23 00:00:24,916 [INFO] MicroXplorer:468 - Change Database Path : 
2023-11-23 00:00:24,916 [INFO] MicroXplorer:498 - Change Database Version : DB.6.0.91
2023-11-23 00:00:24,916 [INFO] OpenFileManager:308 - Change cursor
2023-11-23 00:00:24,935 [INFO] Mcu:1946 - Initializing MCU STM32F746ZGTx STM32F746ZGTx STM32F746ZGT6
2023-11-23 00:00:27,143 [INFO] Context:659 - Trying to add GPIOservice into a context  which must be forbidden
2023-11-23 00:00:27,952 [INFO] RtosManager:555 - Registered RTOS mode: class=CMSIS, group=RTOS, mode=CMSIS_V1, owner=FREERTOS
2023-11-23 00:00:27,952 [INFO] RtosManager:555 - Registered RTOS mode: class=CMSIS, group=RTOS2, mode=CMSIS_V2, owner=FREERTOS
2023-11-23 00:00:27,952 [INFO] RtosManager:555 - Registered RTOS mode: class=RTOS, group=Core, mode=CMSIS_V1, owner=FREERTOS
2023-11-23 00:00:27,953 [INFO] RtosManager:555 - Registered RTOS mode: class=RTOS, group=Core, mode=CMSIS_V2, owner=FREERTOS
2023-11-23 00:00:27,953 [WARN] ModelIntegratedComponent:184 - Missing modes for component STMicroelectronics:FreeRTOS:0.0.1:STMicroelectronics:RTOS:FreeRTOS:Core:::10.2.0:
2023-11-23 00:00:27,962 [WARN] ModelIntegratedComponent:63 - No mode defined for component null
2023-11-23 00:00:27,962 [WARN] ModelIntegratedComponent:63 - No mode defined for component null
2023-11-23 00:00:27,962 [WARN] ModelIntegratedComponent:63 - No mode defined for component null
2023-11-23 00:00:27,962 [WARN] ModelIntegratedComponent:63 - No mode defined for component null
2023-11-23 00:00:27,962 [WARN] ModelIntegratedComponent:63 - No mode defined for component null
2023-11-23 00:00:27,973 [WARN] ModelIntegratedComponent:63 - No mode defined for component null
2023-11-23 00:00:27,973 [WARN] ModelIntegratedComponent:63 - No mode defined for component null
2023-11-23 00:00:27,973 [WARN] ModelIntegratedComponent:63 - No mode defined for component null
2023-11-23 00:00:27,973 [WARN] ModelIntegratedComponent:63 - No mode defined for component null
2023-11-23 00:00:27,973 [WARN] ModelIntegratedComponent:63 - No mode defined for component null
2023-11-23 00:00:27,973 [WARN] ModelIntegratedComponent:63 - No mode defined for component null
2023-11-23 00:00:27,973 [WARN] ModelIntegratedComponent:63 - No mode defined for component null
2023-11-23 00:00:27,973 [WARN] ModelIntegratedComponent:63 - No mode defined for component null
2023-11-23 00:00:27,973 [WARN] ModelIntegratedComponent:63 - No mode defined for component null
2023-11-23 00:00:27,973 [WARN] ModelIntegratedComponent:63 - No mode defined for component null
2023-11-23 00:00:27,973 [WARN] ModelIntegratedComponent:63 - No mode defined for component null
2023-11-23 00:00:27,974 [WARN] ModelIntegratedComponent:63 - No mode defined for component null
2023-11-23 00:00:27,974 [WARN] ModelIntegratedComponent:63 - No mode defined for component null
2023-11-23 00:00:27,974 [WARN] ModelIntegratedComponent:63 - No mode defined for component null
2023-11-23 00:00:27,974 [WARN] ModelIntegratedComponent:63 - No mode defined for component null
2023-11-23 00:00:27,974 [WARN] ModelIntegratedComponent:63 - No mode defined for component null
2023-11-23 00:00:27,974 [WARN] ModelIntegratedComponent:63 - No mode defined for component null
2023-11-23 00:00:27,974 [WARN] ModelIntegratedComponent:63 - No mode defined for component null
2023-11-23 00:00:27,974 [WARN] ModelIntegratedComponent:63 - No mode defined for component null
2023-11-23 00:00:27,974 [WARN] ModelIntegratedComponent:63 - No mode defined for component null
2023-11-23 00:00:27,974 [WARN] ModelIntegratedComponent:63 - No mode defined for component null
2023-11-23 00:00:27,974 [WARN] ModelIntegratedComponent:63 - No mode defined for component null
2023-11-23 00:00:27,974 [WARN] ModelIntegratedComponent:63 - No mode defined for component null
2023-11-23 00:00:27,974 [WARN] ModelIntegratedComponent:63 - No mode defined for component null
2023-11-23 00:00:27,974 [WARN] ModelIntegratedComponent:63 - No mode defined for component null
2023-11-23 00:00:27,974 [WARN] ModelIntegratedComponent:63 - No mode defined for component null
2023-11-23 00:00:27,974 [WARN] ModelIntegratedComponent:63 - No mode defined for component null
2023-11-23 00:00:27,974 [WARN] ModelIntegratedComponent:63 - No mode defined for component null
2023-11-23 00:00:28,083 [INFO] ThirdPartyModel:298 - Start build external matchings
2023-11-23 00:00:28,974 [INFO] ThirdPartyModel:316 - End build external matchings
2023-11-23 00:00:28,992 [INFO] ImportTextPane:194 - (OptionalMessage_ERROR) IP (ETH) : Invalid parameter (PHY_Name)
2023-11-23 00:00:28,992 [INFO] ImportTextPane:194 - (OptionalMessage_ERROR) IP (ETH) : Invalid parameter (PHY_Value)
2023-11-23 00:00:28,992 [INFO] ImportTextPane:194 - (OptionalMessage_ERROR) IP (ETH) : Invalid parameter (PhyAddress)
2023-11-23 00:00:28,995 [INFO] ImportTextPane:194 - (OptionalMessage_ERROR) IP (RCC) : Invalid parameter (48MHZClocksFreq_Value)
2023-11-23 00:00:28,995 [INFO] ImportTextPane:194 - (OptionalMessage_ERROR) IP (RCC) : Invalid parameter (ADC12outputFreq_Value)
2023-11-23 00:00:28,995 [INFO] ImportTextPane:194 - (OptionalMessage_ERROR) IP (RCC) : Invalid parameter (ADC34outputFreq_Value)
2023-11-23 00:00:28,996 [INFO] ImportTextPane:194 - (OptionalMessage_ERROR) IP (RCC) : Invalid parameter (FamilyName)
2023-11-23 00:00:28,996 [INFO] ImportTextPane:194 - (OptionalMessage_ERROR) IP (RCC) : Invalid parameter (I2SClocksFreq_Value)
2023-11-23 00:00:28,996 [INFO] ImportTextPane:194 - (OptionalMessage_ERROR) IP (RCC) : Parameter (LCDTFToutputFreq_Value) has invalid value (96000000)
2023-11-23 00:00:28,996 [INFO] ImportTextPane:194 - (OptionalMessage_ERROR) IP (RCC) : Invalid parameter (MCOFreq_Value)
2023-11-23 00:00:28,997 [INFO] ImportTextPane:194 - (OptionalMessage_ERROR) IP (RCC) : Invalid parameter (PLLMCOFreq_Value)
2023-11-23 00:00:28,997 [INFO] ImportTextPane:194 - (OptionalMessage_ERROR) IP (RCC) : Invalid parameter (PLLMUL)
2023-11-23 00:00:28,997 [INFO] ImportTextPane:194 - (OptionalMessage_ERROR) IP (RCC) : Invalid parameter (PRESCALERUSB)
2023-11-23 00:00:28,997 [INFO] ImportTextPane:194 - (OptionalMessage_ERROR) IP (RCC) : Invalid parameter (RTCHSEDivFreq_Value)
2023-11-23 00:00:28,997 [INFO] ImportTextPane:194 - (OptionalMessage_ERROR) IP (RCC) : Parameter (SDMMCFreq_Value) has invalid value (72000000)
2023-11-23 00:00:28,997 [INFO] ImportTextPane:194 - (OptionalMessage_ERROR) IP (RCC) : Invalid parameter (SYSCLKSourceVirtual)
2023-11-23 00:00:28,997 [INFO] ImportTextPane:194 - (OptionalMessage_ERROR) IP (RCC) : Invalid parameter (TIM15Freq_Value)
2023-11-23 00:00:28,997 [INFO] ImportTextPane:194 - (OptionalMessage_ERROR) IP (RCC) : Invalid parameter (TIM16Freq_Value)
2023-11-23 00:00:28,997 [INFO] ImportTextPane:194 - (OptionalMessage_ERROR) IP (RCC) : Invalid parameter (TIM17Freq_Value)
2023-11-23 00:00:28,997 [INFO] ImportTextPane:194 - (OptionalMessage_ERROR) IP (RCC) : Invalid parameter (TIM1Freq_Value)
2023-11-23 00:00:28,997 [INFO] ImportTextPane:194 - (OptionalMessage_ERROR) IP (RCC) : Invalid parameter (TIM20Freq_Value)
2023-11-23 00:00:28,997 [INFO] ImportTextPane:194 - (OptionalMessage_ERROR) IP (RCC) : Invalid parameter (TIM2Freq_Value)
2023-11-23 00:00:28,997 [INFO] ImportTextPane:194 - (OptionalMessage_ERROR) IP (RCC) : Invalid parameter (TIM3Freq_Value)
2023-11-23 00:00:28,998 [INFO] ImportTextPane:194 - (OptionalMessage_ERROR) IP (RCC) : Invalid parameter (TIM8Freq_Value)
2023-11-23 00:00:28,998 [INFO] ImportTextPane:194 - (OptionalMessage_ERROR) IP (RCC) : Invalid parameter (VCOOutput2Freq_Value)
2023-11-23 00:00:28,998 [INFO] ImportTextPane:194 - (OptionalMessage_ERROR) IP (RCC) : Invalid parameter (VcooutputI2S)
2023-11-23 00:00:29,509 [INFO] UtilMem:75 - End LoadConfig() Used Memory: 903563472 Bytes (1073741824)
2023-11-23 00:00:29,568 [WARN] ThirdParty:833 - waiting for thirdparty lock release [change project]
2023-11-23 00:00:29,569 [INFO] ThirdParty:835 - entering critical section [change project]
2023-11-23 00:00:29,569 [INFO] ThirdParty:1030 - CMSIS Pack Vendor :STMicroelectronics X-CUBE-ISPU 1.1.0
2023-11-23 00:00:29,569 [INFO] ThirdParty:1030 - CMSIS Pack Vendor :STMicroelectronics USBPD 4.1
2023-11-23 00:00:29,570 [INFO] ThirdParty:1030 - CMSIS Pack Vendor :STMicroelectronics X-CUBE-GNSS1 6.0.0
2023-11-23 00:00:29,570 [INFO] ThirdParty:1030 - CMSIS Pack Vendor :STMicroelectronics USB_HOST 2.0.0
2023-11-23 00:00:29,570 [INFO] ThirdParty:1030 - CMSIS Pack Vendor :STMicroelectronics X-CUBE-AZRTOS-F4 1.1.0
2023-11-23 00:00:29,570 [INFO] ThirdParty:1030 - CMSIS Pack Vendor :STMicroelectronics LIBJPEG 8.0.0
2023-11-23 00:00:29,570 [INFO] ThirdParty:1030 - CMSIS Pack Vendor :wolfSSL I-CUBE-wolfSSL 5.6.3
2023-11-23 00:00:29,570 [INFO] ThirdParty:1030 - CMSIS Pack Vendor :STMicroelectronics X-CUBE-SMBUS 2.1.0
2023-11-23 00:00:29,570 [INFO] ThirdParty:1030 - CMSIS Pack Vendor :STMicroelectronics USB_DEVICE 3.0.0
2023-11-23 00:00:29,570 [INFO] ThirdParty:1030 - CMSIS Pack Vendor :STMicroelectronics X-CUBE-AZRTOS-WB 2.0.0
2023-11-23 00:00:29,570 [INFO] ThirdParty:1030 - CMSIS Pack Vendor :STMicroelectronics X-CUBE-AZRTOS-F7 1.1.0
2023-11-23 00:00:29,570 [INFO] ThirdParty:1030 - CMSIS Pack Vendor :STMicroelectronics X-CUBE-AZRTOS-L5 2.0.0
2023-11-23 00:00:29,571 [INFO] ThirdParty:1030 - CMSIS Pack Vendor :STMicroelectronics USB_DEVICE 2.0.0
2023-11-23 00:00:29,571 [INFO] ThirdParty:1030 - CMSIS Pack Vendor :STMicroelectronics X-CUBE-MEMS1 9.6.0
2023-11-23 00:00:29,571 [INFO] ThirdParty:1030 - CMSIS Pack Vendor :STMicroelectronics X-CUBE-EEPRMA1 4.2.0
2023-11-23 00:00:29,571 [INFO] ThirdParty:1030 - CMSIS Pack Vendor :ITTIA_DB I-CUBE-ITTIADB 8.8.0
2023-11-23 00:00:29,572 [INFO] ThirdParty:1030 - CMSIS Pack Vendor :STMicroelectronics FP-SNS-MOTENV1 4.3.2
2023-11-23 00:00:29,572 [INFO] ThirdParty:1030 - CMSIS Pack Vendor :STMicroelectronics X-CUBE-ALGOBUILD 1.3.0
2023-11-23 00:00:29,572 [INFO] ThirdParty:1030 - CMSIS Pack Vendor :STMicroelectronics FreeRTOS 0.0.1
2023-11-23 00:00:29,572 [INFO] ThirdParty:1030 - CMSIS Pack Vendor :STMicroelectronics X-CUBE-AZRTOS-G0 1.1.0
2023-11-23 00:00:29,572 [INFO] ThirdParty:1030 - CMSIS Pack Vendor :STMicroelectronics X-CUBE-BLEMGR 2.0.0
2023-11-23 00:00:29,572 [INFO] ThirdParty:1030 - CMSIS Pack Vendor :STMicroelectronics X-CUBE-NFC4 3.0.0
2023-11-23 00:00:29,572 [INFO] ThirdParty:1030 - CMSIS Pack Vendor :STMicroelectronics X-CUBE-SUBG2 5.0.0
2023-11-23 00:00:29,573 [INFO] ThirdParty:1030 - CMSIS Pack Vendor :STMicroelectronics STM32_WPAN 1.0.0
2023-11-23 00:00:29,573 [INFO] ThirdParty:1030 - CMSIS Pack Vendor :STMicroelectronics lwIP 2.0.3
2023-11-23 00:00:29,573 [INFO] ThirdParty:1030 - CMSIS Pack Vendor :STMicroelectronics FP-SNS-FLIGHT1 5.0.2
2023-11-23 00:00:29,573 [INFO] ThirdParty:1030 - CMSIS Pack Vendor :STMicroelectronics USB_HOST 1.0.0
2023-11-23 00:00:29,573 [INFO] ThirdParty:1030 - CMSIS Pack Vendor :STMicroelectronics X-CUBE-TOF1 3.3.1
2023-11-23 00:00:29,573 [INFO] ThirdParty:1030 - CMSIS Pack Vendor :STMicroelectronics X-CUBE-AZRTOS-G4 2.0.0
2023-11-23 00:00:29,573 [INFO] ThirdParty:1030 - CMSIS Pack Vendor :STMicroelectronics PDM2PCM 3.1.0
2023-11-23 00:00:29,573 [INFO] ThirdParty:1030 - CMSIS Pack Vendor :STMicroelectronics X-CUBE-AZRTOS-H7 3.1.0
2023-11-23 00:00:29,573 [INFO] ThirdParty:1030 - CMSIS Pack Vendor :Infineon AIROC-Wi-Fi-Bluetooth-STM32 1.5.1
2023-11-23 00:00:29,573 [INFO] ThirdParty:1030 - CMSIS Pack Vendor :STMicroelectronics X-CUBE-BLEMGR 3.0.0
2023-11-23 00:00:29,573 [INFO] ThirdParty:1030 - CMSIS Pack Vendor :STMicroelectronics PDM2PCM 3.3.0
2023-11-23 00:00:29,573 [INFO] ThirdParty:1030 - CMSIS Pack Vendor :STMicroelectronics X-CUBE-DISPLAY 3.0.0
2023-11-23 00:00:29,573 [INFO] ThirdParty:1030 - CMSIS Pack Vendor :STMicroelectronics FP-SNS-MOTENVWB1 1.3.0
2023-11-23 00:00:29,573 [INFO] ThirdParty:1030 - CMSIS Pack Vendor :STMicroelectronics X-CUBE-BLE1 7.0.0
2023-11-23 00:00:29,573 [INFO] ThirdParty:1030 - CMSIS Pack Vendor :STMicroelectronics FP-ATR-SIGFOX1 3.2.0
2023-11-23 00:00:29,573 [INFO] ThirdParty:1030 - CMSIS Pack Vendor :STMicroelectronics HAL Drivers 0.0.0
2023-11-23 00:00:29,573 [INFO] ThirdParty:1030 - CMSIS Pack Vendor :STMicroelectronics MBEDTLS 2.16.2
2023-11-23 00:00:29,573 [INFO] ThirdParty:1030 - CMSIS Pack Vendor :emotas I-CUBE-CANOPEN 1.3.0
2023-11-23 00:00:29,574 [INFO] ThirdParty:1030 - CMSIS Pack Vendor :STMicroelectronics X-CUBE-MEMS1 10.0.0
2023-11-23 00:00:29,574 [INFO] ThirdParty:1030 - CMSIS Pack Vendor :STMicroelectronics X-CUBE-FREERTOS 1.1.0
2023-11-23 00:00:29,574 [INFO] ThirdParty:1030 - CMSIS Pack Vendor :STMicroelectronics X-CUBE-TOUCHGFX 4.22.0
2023-11-23 00:00:29,574 [INFO] ThirdParty:1030 - CMSIS Pack Vendor :STMicroelectronics X-CUBE-NFC7 1.0.1
2023-11-23 00:00:29,574 [INFO] ThirdParty:1030 - CMSIS Pack Vendor :STMicroelectronics MBEDTLS 2.14.1
2023-11-23 00:00:29,574 [INFO] ThirdParty:1030 - CMSIS Pack Vendor :STMicroelectronics X-CUBE-TOUCHGFX 4.22.1
2023-11-23 00:00:29,574 [INFO] ThirdParty:1030 - CMSIS Pack Vendor :STMicroelectronics X-CUBE-NFC6 3.0.0
2023-11-23 00:00:29,574 [INFO] ThirdParty:1030 - CMSIS Pack Vendor :STMicroelectronics X-CUBE-EEPRMA1 4.1.0
2023-11-23 00:00:29,574 [INFO] ThirdParty:1030 - CMSIS Pack Vendor :portGmbH I-Cube-SoM-uGOAL 1.1.0
2023-11-23 00:00:29,574 [INFO] ThirdParty:1030 - CMSIS Pack Vendor :STMicroelectronics X-CUBE-ALS 1.0.1
2023-11-23 00:00:29,574 [INFO] ThirdParty:1030 - CMSIS Pack Vendor :STMicroelectronics ThreadX 1.0.0
2023-11-23 00:00:29,574 [INFO] ThirdParty:1030 - CMSIS Pack Vendor :STMicroelectronics FP-SNS-SMARTAG2 1.2.0
2023-11-23 00:00:29,574 [INFO] ThirdParty:1030 - CMSIS Pack Vendor :STMicroelectronics X-CUBE-AZRTOS-WL 2.0.0
2023-11-23 00:00:29,574 [INFO] ThirdParty:1030 - CMSIS Pack Vendor :SEGGER I-CUBE-embOS 1.3.1
2023-11-23 00:00:29,574 [INFO] ThirdParty:1030 - CMSIS Pack Vendor :STMicroelectronics USB_DEVICE 1.0.0
2023-11-23 00:00:29,574 [INFO] ThirdParty:1030 - CMSIS Pack Vendor :STMicroelectronics X-CUBE-AI 8.1.0
2023-11-23 00:00:29,574 [INFO] ThirdParty:1030 - CMSIS Pack Vendor :STMicroelectronics X-CUBE-AZRTOS-L4 2.0.0
2023-11-23 00:00:29,574 [INFO] ThirdParty:1030 - CMSIS Pack Vendor :STMicroelectronics ThreadX 0.0.2
2023-11-23 00:00:29,574 [INFO] ThirdParty:1030 - CMSIS Pack Vendor :WES I-CUBE-Cesium 1.3.0
2023-11-23 00:00:29,574 [INFO] ThirdParty:1030 - CMSIS Pack Vendor :STMicroelectronics FP-ATR-ASTRA1 2.0.0
2023-11-23 00:00:29,574 [INFO] ThirdParty:1030 - CMSIS Pack Vendor :STMicroelectronics lwIP 2.1.2
2023-11-23 00:00:29,575 [INFO] ThirdParty:1030 - CMSIS Pack Vendor :STMicroelectronics X-CUBE-SFXS2LP1 4.0.0
2023-11-23 00:00:29,575 [INFO] ThirdParty:1030 - CMSIS Pack Vendor :STMicroelectronics X-CUBE-BLE2 3.3.0
2023-11-23 00:00:29,575 [INFO] ThirdParty:1030 - CMSIS Pack Vendor :STMicroelectronics X-CUBE-TOF1 3.4.0
2023-11-23 00:00:29,575 [INFO] ThirdParty:1030 - CMSIS Pack Vendor :STMicroelectronics PDM2PCM 3.2.0
2023-11-23 00:00:29,575 [INFO] ThirdParty:841 - exiting critical section [change project]
2023-11-23 00:00:29,877 [INFO] PinOutPanel:1499 - setPackage(No Configuration,No Configuration)
2023-11-23 00:00:29,879 [INFO] PinOutPanel:1499 - setPackage(STM32F746ZGTx,LQFP144)
2023-11-23 00:00:30,394 [INFO] UtilMem:75 - Before build in PCC Used Memory: 745757784 Bytes (1073741824)
2023-11-23 00:00:30,692 [INFO] UtilMem:75 - After build in PCC Used Memory: 793470040 Bytes (1073741824)
2023-11-23 00:00:30,741 [INFO] IPUIPlugin:80 - create IPUIPlugin
2023-11-23 00:00:30,741 [INFO] IPUIPlugin:80 - create IPUIPlugin
2023-11-23 00:00:30,741 [INFO] IPUIPlugin:80 - create IPUIPlugin
2023-11-23 00:00:30,741 [INFO] IPUIPlugin:80 - create IPUIPlugin
2023-11-23 00:00:30,742 [INFO] IPUIPlugin:80 - create IPUIPlugin
2023-11-23 00:00:30,742 [INFO] IPUIPlugin:80 - create IPUIPlugin
2023-11-23 00:00:30,742 [INFO] IPUIPlugin:80 - create IPUIPlugin
2023-11-23 00:00:30,742 [INFO] IPUIPlugin:80 - create IPUIPlugin
2023-11-23 00:00:30,742 [INFO] IPUIPlugin:80 - create IPUIPlugin
2023-11-23 00:00:30,742 [INFO] IPUIPlugin:80 - create IPUIPlugin
2023-11-23 00:00:30,742 [INFO] IPUIPlugin:80 - create IPUIPlugin
2023-11-23 00:00:30,743 [INFO] IPUIPlugin:80 - create IPUIPlugin
2023-11-23 00:00:30,743 [INFO] IPUIPlugin:80 - create IPUIPlugin
2023-11-23 00:00:30,743 [INFO] IPUIPlugin:80 - create IPUIPlugin
2023-11-23 00:00:30,743 [INFO] IPUIPlugin:80 - create IPUIPlugin
2023-11-23 00:00:30,743 [INFO] IPUIPlugin:80 - create IPUIPlugin
2023-11-23 00:00:30,744 [INFO] IPUIPlugin:80 - create IPUIPlugin
2023-11-23 00:00:30,744 [INFO] IPUIPlugin:80 - create IPUIPlugin
2023-11-23 00:00:30,744 [INFO] IPUIPlugin:80 - create IPUIPlugin
2023-11-23 00:00:30,744 [INFO] IPUIPlugin:80 - create IPUIPlugin
2023-11-23 00:00:30,744 [INFO] IPUIPlugin:80 - create IPUIPlugin
2023-11-23 00:00:30,744 [INFO] IPUIPlugin:80 - create IPUIPlugin
2023-11-23 00:00:30,744 [INFO] IPUIPlugin:80 - create IPUIPlugin
2023-11-23 00:00:30,744 [INFO] IPUIPlugin:80 - create IPUIPlugin
2023-11-23 00:00:30,745 [INFO] IPUIPlugin:80 - create IPUIPlugin
2023-11-23 00:00:30,745 [INFO] IPUIPlugin:80 - create IPUIPlugin
2023-11-23 00:00:30,745 [INFO] IPUIPlugin:80 - create IPUIPlugin
2023-11-23 00:00:30,745 [INFO] IPUIPlugin:80 - create IPUIPlugin
2023-11-23 00:00:30,746 [INFO] IPUIPlugin:80 - create IPUIPlugin
2023-11-23 00:00:30,746 [INFO] IPUIPlugin:80 - create IPUIPlugin
2023-11-23 00:00:30,746 [INFO] IPUIPlugin:80 - create IPUIPlugin
2023-11-23 00:00:30,746 [INFO] IPUIPlugin:80 - create IPUIPlugin
2023-11-23 00:00:30,747 [INFO] IPUIPlugin:80 - create IPUIPlugin
2023-11-23 00:00:30,747 [INFO] IPUIPlugin:80 - create IPUIPlugin
2023-11-23 00:00:30,747 [INFO] IPUIPlugin:80 - create IPUIPlugin
2023-11-23 00:00:30,747 [INFO] IPUIPlugin:80 - create IPUIPlugin
2023-11-23 00:00:30,748 [INFO] IPUIPlugin:80 - create IPUIPlugin
2023-11-23 00:00:30,748 [INFO] IPUIPlugin:80 - create IPUIPlugin
2023-11-23 00:00:30,750 [INFO] IPUIPlugin:80 - create IPUIPlugin
2023-11-23 00:00:30,750 [INFO] IPUIPlugin:80 - create IPUIPlugin
2023-11-23 00:00:30,751 [INFO] IPUIPlugin:80 - create IPUIPlugin
2023-11-23 00:00:30,751 [INFO] IPUIPlugin:80 - create IPUIPlugin
2023-11-23 00:00:30,752 [INFO] IPUIPlugin:80 - create IPUIPlugin
2023-11-23 00:00:30,777 [INFO] IPUIPlugin:80 - create IPUIPlugin
2023-11-23 00:00:30,778 [INFO] IPUIPlugin:80 - create IPUIPlugin
2023-11-23 00:00:30,778 [INFO] IPUIPlugin:80 - create IPUIPlugin
2023-11-23 00:00:30,779 [INFO] IPUIPlugin:80 - create IPUIPlugin
2023-11-23 00:00:30,780 [INFO] IPUIPlugin:80 - create IPUIPlugin
2023-11-23 00:00:30,781 [INFO] IPUIPlugin:80 - create IPUIPlugin
2023-11-23 00:00:30,782 [INFO] IPUIPlugin:80 - create IPUIPlugin
2023-11-23 00:00:30,782 [INFO] IPUIPlugin:80 - create IPUIPlugin
2023-11-23 00:00:30,783 [INFO] IPUIPlugin:80 - create IPUIPlugin
2023-11-23 00:00:30,783 [INFO] IPUIPlugin:80 - create IPUIPlugin
2023-11-23 00:00:30,784 [INFO] IPUIPlugin:80 - create IPUIPlugin
2023-11-23 00:00:30,784 [INFO] IPUIPlugin:80 - create IPUIPlugin
2023-11-23 00:00:30,785 [INFO] IPUIPlugin:80 - create IPUIPlugin
2023-11-23 00:00:30,785 [INFO] IPUIPlugin:80 - create IPUIPlugin
2023-11-23 00:00:30,786 [INFO] IPUIPlugin:80 - create IPUIPlugin
2023-11-23 00:00:30,786 [INFO] IPUIPlugin:80 - create IPUIPlugin
2023-11-23 00:00:30,787 [INFO] IPUIPlugin:80 - create IPUIPlugin
2023-11-23 00:00:30,787 [INFO] IPUIPlugin:80 - create IPUIPlugin
2023-11-23 00:00:30,788 [INFO] IPUIPlugin:80 - create IPUIPlugin
2023-11-23 00:00:30,789 [INFO] IPUIPlugin:80 - create IPUIPlugin
2023-11-23 00:00:30,789 [INFO] IPUIPlugin:80 - create IPUIPlugin
2023-11-23 00:00:30,790 [INFO] IPUIPlugin:80 - create IPUIPlugin
2023-11-23 00:00:30,790 [INFO] IPUIPlugin:80 - create IPUIPlugin
2023-11-23 00:00:30,791 [INFO] IPUIPlugin:80 - create IPUIPlugin
2023-11-23 00:00:30,792 [INFO] IPUIPlugin:80 - create IPUIPlugin
2023-11-23 00:00:30,792 [INFO] IPUIPlugin:80 - create IPUIPlugin
2023-11-23 00:00:30,793 [INFO] IPUIPlugin:80 - create IPUIPlugin
2023-11-23 00:00:30,794 [INFO] IPUIPlugin:80 - create IPUIPlugin
2023-11-23 00:00:30,794 [INFO] IPUIPlugin:80 - create IPUIPlugin
2023-11-23 00:00:30,795 [INFO] IPUIPlugin:80 - create IPUIPlugin
2023-11-23 00:00:30,796 [INFO] IPUIPlugin:80 - create IPUIPlugin
2023-11-23 00:00:30,803 [INFO] ApiDbMcu:507 - Load IP Config File for PDM2PCM
2023-11-23 00:00:30,895 [INFO] CADModel:165 - CPN selected for project levelSTM32F746ZGT6
2023-11-23 00:00:30,895 [INFO] CADModel:114 - Register for checkConnection events
2023-11-23 00:00:30,961 [INFO] OpenFileManager:328 - Restore cursor
2023-11-23 00:00:35,890 [INFO] I2cTimingTraitement:330 - 0x00808CD2
2023-11-23 00:00:40,144 [INFO] NvicIntPanel:101 - NVIC parent = com.st.microxplorer.plugins.ip.nvic.MultiNvicIntPanel[,0,0,479x142,layout=javax.swing.BoxLayout,alignmentX=0.0,alignmentY=0.0,border=,flags=9,maximumSize=,minimumSize=,preferredSize=]
2023-11-23 00:01:13,636 [INFO] I2cTimingTraitement:330 - 0x00808CD2
2023-11-23 00:01:24,649 [INFO] NvicIntPanel:101 - NVIC parent = com.st.microxplorer.plugins.ip.nvic.MultiNvicIntPanel[,0,0,479x142,layout=javax.swing.BoxLayout,alignmentX=0.0,alignmentY=0.0,border=,flags=9,maximumSize=,minimumSize=,preferredSize=]
2023-11-23 00:09:03,999 [INFO] I2cTimingTraitement:330 - 0x00808CD2
2023-11-23 00:09:18,174 [INFO] NvicIntPanel:101 - NVIC parent = com.st.microxplorer.plugins.ip.nvic.MultiNvicIntPanel[,0,0,0x0,invalid,layout=javax.swing.BoxLayout,alignmentX=0.0,alignmentY=0.0,border=,flags=9,maximumSize=,minimumSize=,preferredSize=]
2023-11-23 00:09:18,329 [INFO] I2cTimingTraitement:330 - 0x00808CD2
2023-11-23 00:09:18,452 [INFO] I2cTimingTraitement:330 - 0x00808CD2
2023-11-23 00:09:51,056 [INFO] NvicIntPanel:101 - NVIC parent = com.st.microxplorer.plugins.ip.nvic.MultiNvicIntPanel[,0,0,0x0,invalid,layout=javax.swing.BoxLayout,alignmentX=0.0,alignmentY=0.0,border=,flags=9,maximumSize=,minimumSize=,preferredSize=]
2023-11-23 00:09:51,116 [INFO] I2cTimingTraitement:330 - 0x00808CD2
2023-11-23 00:10:05,021 [INFO] I2cTimingTraitement:330 - 0x00808CD2
2023-11-23 00:10:15,607 [INFO] NvicIntPanel:101 - NVIC parent = com.st.microxplorer.plugins.ip.nvic.MultiNvicIntPanel[,0,0,479x142,layout=javax.swing.BoxLayout,alignmentX=0.0,alignmentY=0.0,border=,flags=9,maximumSize=,minimumSize=,preferredSize=]
2023-11-23 00:12:41,728 [INFO] I2cTimingTraitement:330 - 0x00808CD2
2023-11-23 00:13:05,752 [INFO] UtilMem:75 - End SaveConfig() Used Memory: 902150528 Bytes (1073741824)
2023-11-23 00:13:06,917 [INFO] UtilMem:75 - End SaveConfig() Used Memory: 624340160 Bytes (1073741824)
2023-11-23 00:13:09,707 [INFO] UtilMem:75 - End SaveConfig() Used Memory: 793683136 Bytes (1073741824)
2023-11-23 00:13:10,479 [INFO] BlockDiagram:2759 - set Specific Code input for plugin: SYS
2023-11-23 00:13:10,479 [INFO] BlockDiagram:2759 - set Specific Code input for plugin: RCC
2023-11-23 00:13:10,479 [INFO] BlockDiagram:2759 - set Specific Code input for plugin: I2C
2023-11-23 00:13:10,479 [INFO] BlockDiagram:2759 - set Specific Code input for plugin: I2C
2023-11-23 00:13:10,479 [INFO] BlockDiagram:2759 - set Specific Code input for plugin: USB_OTG_FS
2023-11-23 00:13:10,479 [INFO] BlockDiagram:2759 - set Specific Code input for plugin: NVIC
2023-11-23 00:13:10,480 [INFO] BlockDiagram:2759 - set Specific Code input for plugin: USART
2023-11-23 00:13:10,481 [INFO] BlockDiagram:2759 - set Specific Code input for plugin: GPIO
2023-11-23 00:13:10,481 [INFO] BlockDiagram:2759 - set Specific Code input for plugin: ETH
2023-11-23 00:13:10,484 [INFO] CodeGenerator:799 - code generatio: config db path: C:\ST\STM32CubeIDE_1.13.1\STM32CubeIDE\plugins\com.st.stm32cube.common.mx_6.9.1.202307191849\\db\
2023-11-23 00:13:11,201 [INFO] CodeEngine:255 - oldGeneratedFile, C:\Users\yarde\STM32CubeIDE\workspace_1.13.1\Homework_I2C\MXTmpFiles\license.tmp_save
2023-11-23 00:13:11,769 [INFO] CodeEngine:279 - Generated code: C:\Users\yarde\STM32CubeIDE\workspace_1.13.1\Homework_I2C\MXTmpFiles\license.tmp
2023-11-23 00:13:11,924 [INFO] CodeEngine:255 - oldGeneratedFile, C:\Users\yarde\STM32CubeIDE\workspace_1.13.1\Homework_I2C\MXTmpFiles\gpio.tmp_save
2023-11-23 00:13:12,149 [INFO] CodeEngine:279 - Generated code: C:\Users\yarde\STM32CubeIDE\workspace_1.13.1\Homework_I2C\MXTmpFiles\gpio.tmp
2023-11-23 00:13:12,813 [WARN] IPConfigManager:2937 - Warning: the RefConfig PWREx_EnableUSBVoltageDetector is not available in your config.xml file
2023-11-23 00:13:12,865 [INFO] CodeEngine:255 - oldGeneratedFile, C:\Users\yarde\STM32CubeIDE\workspace_1.13.1\Homework_I2C\MXTmpFiles\cortex.tmp_save
2023-11-23 00:13:13,024 [INFO] CodeEngine:279 - Generated code: C:\Users\yarde\STM32CubeIDE\workspace_1.13.1\Homework_I2C\MXTmpFiles\cortex.tmp
2023-11-23 00:13:13,087 [INFO] CodeEngine:255 - oldGeneratedFile, C:\Users\yarde\STM32CubeIDE\workspace_1.13.1\Homework_I2C\Core\Src\stm32f7xx_it.c_save
2023-11-23 00:13:13,268 [INFO] CodeEngine:279 - Generated code: C:\Users\yarde\STM32CubeIDE\workspace_1.13.1\Homework_I2C\Core\Src\stm32f7xx_it.c
2023-11-23 00:13:13,302 [INFO] CodeEngine:255 - oldGeneratedFile, C:\Users\yarde\STM32CubeIDE\workspace_1.13.1\Homework_I2C\Core\Inc\stm32f7xx_it.h_save
2023-11-23 00:13:13,428 [INFO] CodeEngine:279 - Generated code: C:\Users\yarde\STM32CubeIDE\workspace_1.13.1\Homework_I2C\Core\Inc\stm32f7xx_it.h
2023-11-23 00:13:13,480 [INFO] CodeEngine:255 - oldGeneratedFile, C:\Users\yarde\STM32CubeIDE\workspace_1.13.1\Homework_I2C\Core\Src\stm32f7xx_hal_msp.c_save
2023-11-23 00:13:13,750 [INFO] CodeEngine:279 - Generated code: C:\Users\yarde\STM32CubeIDE\workspace_1.13.1\Homework_I2C\Core\Src\stm32f7xx_hal_msp.c
2023-11-23 00:13:13,783 [INFO] CodeEngine:255 - oldGeneratedFile, C:\Users\yarde\STM32CubeIDE\workspace_1.13.1\Homework_I2C\MXTmpFiles\system.tmp_save
2023-11-23 00:13:13,886 [INFO] CodeEngine:279 - Generated code: C:\Users\yarde\STM32CubeIDE\workspace_1.13.1\Homework_I2C\MXTmpFiles\system.tmp
2023-11-23 00:13:13,938 [INFO] CodeEngine:311 - oldGeneratedFile, C:\Users\yarde\STM32CubeIDE\workspace_1.13.1\Homework_I2C\Core\Inc\stm32f7xx_hal_conf.h_save
2023-11-23 00:13:14,076 [INFO] CodeEngine:335 - Generated code: C:\Users\yarde\STM32CubeIDE\workspace_1.13.1\Homework_I2C\Core\Inc\stm32f7xx_hal_conf.h
2023-11-23 00:13:14,183 [WARN] IPConfigManager:3431 - IP not found : USB_OTG
2023-11-23 00:13:14,184 [WARN] CodeGenerator:3760 - IP not found : null
2023-11-23 00:13:14,226 [INFO] CodeEngine:255 - oldGeneratedFile, C:\Users\yarde\STM32CubeIDE\workspace_1.13.1\Homework_I2C\Core\Inc\main.h_save
2023-11-23 00:13:14,375 [INFO] CodeEngine:279 - Generated code: C:\Users\yarde\STM32CubeIDE\workspace_1.13.1\Homework_I2C\Core\Inc\main.h
2023-11-23 00:13:14,411 [INFO] CodeEngine:255 - oldGeneratedFile, C:\Users\yarde\STM32CubeIDE\workspace_1.13.1\Homework_I2C\Core\Src\main.c_save
2023-11-23 00:13:14,686 [INFO] CodeEngine:279 - Generated code: C:\Users\yarde\STM32CubeIDE\workspace_1.13.1\Homework_I2C\Core\Src\main.c
2023-11-23 00:13:15,694 [INFO] ProjectBuilder:3064 - Time for Copy HAL[1] : 492mS.
2023-11-23 00:13:15,706 [INFO] ProjectBuilder:4404 - Project Generator version: 4.1.0
2023-11-23 00:13:16,205 [INFO] ConfigFileManager:1457 - The Die is : DIE449
2023-11-23 00:13:16,227 [INFO] ApiDbMcu:507 - Load IP Config File for FATFS
2023-11-23 00:13:16,245 [INFO] ApiDbMcu:507 - Load IP Config File for FREERTOS
2023-11-23 00:13:16,263 [INFO] ApiDbMcu:507 - Load IP Config File for LIBJPEG
2023-11-23 00:13:16,287 [INFO] ApiDbMcu:507 - Load IP Config File for LWIP
2023-11-23 00:13:16,313 [INFO] ApiDbMcu:507 - Load IP Config File for MBEDTLS
2023-11-23 00:13:16,340 [INFO] ApiDbMcu:507 - Load IP Config File for USB_DEVICE
2023-11-23 00:13:16,360 [INFO] ApiDbMcu:507 - Load IP Config File for USB_HOST
