2024-05-28 18:16:07,593 [INFO] Activator:176 - 


2024-05-28 18:16:07,608 [INFO] Activator:177 - !SESSION log4j initialized
2024-05-28 18:16:37,479 [INFO] LogOutputStream:77 - [STDOUT_REDIRECT] 
2024-05-28 18:16:43,644 [INFO] ApplicationProperties:184 - Using Application install path: C:\ST\STM32CubeIDE_1.13.1\STM32CubeIDE\plugins\com.st.stm32cube.common.mx_6.10.0.202311202037
2024-05-28 18:16:43,677 [INFO] DbMcusXml:78 - Set database path to: C:\ST\STM32CubeIDE_1.13.1\STM32CubeIDE\plugins\com.st.stm32cube.common.mx_6.10.0.202311202037\\db\/mcu/
2024-05-28 18:16:43,677 [INFO] ApiDb:274 - Set plugin database path to: C:\ST\STM32CubeIDE_1.13.1\STM32CubeIDE\plugins\com.st.stm32cube.common.mx_6.10.0.202311202037\\db\/plugins/boardmanager/
2024-05-28 18:16:43,677 [WARN] ApiDb:259 - Overriding images path with different value:  => C:\ST\STM32CubeIDE_1.13.1\STM32CubeIDE\plugins\com.st.stm32cube.common.mx_6.10.0.202311202037\\db\/plugins/mcufinder/images/
2024-05-28 18:16:43,714 [INFO] ApiDb:250 - Set database path to: C:\Users\yarde\.stmcufinder\plugins\mcufinder//mcu/
2024-05-28 18:16:43,719 [INFO] DbMcusAds:125 - Set database path to: C:\Users\yarde\.stmcufinder\plugins\mcufinder//mcu/
2024-05-28 18:16:43,724 [INFO] CrossReferenceDbSqlite:203 - Set database path to: C:\Users\yarde\.stmcufinder\plugins\mcufinder//mcu/cs/
2024-05-28 18:16:44,004 [INFO] RulesReader:64 - Compatibility file has been processed (297 Rules)
2024-05-28 18:16:44,180 [INFO] DbMcusXml:78 - Set database path to: C:\ST\STM32CubeIDE_1.13.1\STM32CubeIDE\plugins\com.st.stm32cube.common.mx_6.10.0.202311202037\\db\/mcu/
2024-05-28 18:16:44,181 [INFO] ApiDb:274 - Set plugin database path to: C:\ST\STM32CubeIDE_1.13.1\STM32CubeIDE\plugins\com.st.stm32cube.common.mx_6.10.0.202311202037\\db\/plugins/boardmanager/
2024-05-28 18:16:44,181 [INFO] ApiDb:261 - Set plugin images path to: C:\ST\STM32CubeIDE_1.13.1\STM32CubeIDE\plugins\com.st.stm32cube.common.mx_6.10.0.202311202037\\db\/plugins/mcufinder/images/
2024-05-28 18:16:44,182 [WARN] DbFile:41 - Overriding database path with different value: C:\Users\yarde\.stmcufinder\plugins\mcufinder/ => C:\Users\yarde\.stmcufinder\plugins\mcufinder
2024-05-28 18:16:44,182 [INFO] ApiDb:250 - Set database path to: C:\Users\yarde\.stmcufinder\plugins\mcufinder//mcu/
2024-05-28 18:16:44,182 [WARN] DbFile:41 - Overriding database path with different value: C:\Users\yarde\.stmcufinder\plugins\mcufinder/ => C:\Users\yarde\.stmcufinder\plugins\mcufinder
2024-05-28 18:16:44,182 [INFO] DbMcusAds:125 - Set database path to: C:\Users\yarde\.stmcufinder\plugins\mcufinder//mcu/
2024-05-28 18:16:44,183 [WARN] DbFile:41 - Overriding database path with different value: C:\Users\yarde\.stmcufinder\plugins\mcufinder/ => C:\Users\yarde\.stmcufinder\plugins\mcufinder
2024-05-28 18:16:44,183 [WARN] DbFile:41 - Overriding database path with different value: C:\Users\yarde\.stmcufinder\plugins\mcufinder/ => C:\Users\yarde\.stmcufinder\plugins\mcufinder
2024-05-28 18:16:44,184 [INFO] CrossReferenceDbSqlite:203 - Set database path to: C:\Users\yarde\.stmcufinder\plugins\mcufinder//mcu/cs/
2024-05-28 18:16:44,420 [INFO] MainPanel:264 - HeapMemory: 268435456
2024-05-28 18:16:45,307 [INFO] DbMcusXml:78 - Set database path to: C:\ST\STM32CubeIDE_1.13.1\STM32CubeIDE\plugins\com.st.stm32cube.common.mx_6.10.0.202311202037\\db\/mcu/
2024-05-28 18:16:45,307 [INFO] ApiDb:274 - Set plugin database path to: C:\ST\STM32CubeIDE_1.13.1\STM32CubeIDE\plugins\com.st.stm32cube.common.mx_6.10.0.202311202037\\db\/plugins/boardmanager/
2024-05-28 18:16:45,307 [INFO] ApiDb:261 - Set plugin images path to: C:\ST\STM32CubeIDE_1.13.1\STM32CubeIDE\plugins\com.st.stm32cube.common.mx_6.10.0.202311202037\\db\/plugins/mcufinder/images/
2024-05-28 18:16:45,307 [WARN] DbFile:41 - Overriding database path with different value: C:\Users\yarde\.stmcufinder\plugins\mcufinder/ => C:\Users\yarde\.stmcufinder\plugins\mcufinder
2024-05-28 18:16:45,307 [INFO] ApiDb:250 - Set database path to: C:\Users\yarde\.stmcufinder\plugins\mcufinder//mcu/
2024-05-28 18:16:45,307 [WARN] DbFile:41 - Overriding database path with different value: C:\Users\yarde\.stmcufinder\plugins\mcufinder/ => C:\Users\yarde\.stmcufinder\plugins\mcufinder
2024-05-28 18:16:45,307 [INFO] DbMcusAds:125 - Set database path to: C:\Users\yarde\.stmcufinder\plugins\mcufinder//mcu/
2024-05-28 18:16:45,307 [WARN] DbFile:41 - Overriding database path with different value: C:\Users\yarde\.stmcufinder\plugins\mcufinder/ => C:\Users\yarde\.stmcufinder\plugins\mcufinder
2024-05-28 18:16:45,307 [WARN] DbFile:41 - Overriding database path with different value: C:\Users\yarde\.stmcufinder\plugins\mcufinder/ => C:\Users\yarde\.stmcufinder\plugins\mcufinder
2024-05-28 18:16:45,307 [INFO] CrossReferenceDbSqlite:203 - Set database path to: C:\Users\yarde\.stmcufinder\plugins\mcufinder//mcu/cs/
2024-05-28 18:16:45,396 [INFO] ApplicationProperties:184 - Using Application install path: C:\ST\STM32CubeIDE_1.13.1\STM32CubeIDE\plugins\com.st.stm32cube.common.mx_6.10.0.202311202037
2024-05-28 18:16:45,400 [INFO] PluginManage:196 - Search for loadable plugins [exclusion list=, ]
2024-05-28 18:16:45,406 [INFO] PluginManage:310 - Check plugin analytics
2024-05-28 18:16:50,508 [INFO] AnalyticsPlugin:253 - Accepted Software Licenses: STM32CubeMX.6.10.0
2024-05-28 18:16:50,508 [INFO] AnalyticsPlugin:255 - Accepted CMSIS Pack Licenses: 
2024-05-28 18:16:50,508 [INFO] AnalyticsPlugin:257 - Accepted Firmware Licenses: FW.F7.1.17.0
2024-05-28 18:16:50,515 [INFO] PluginManage:359 - Loaded plugin analytics (category:tool,tabindex:-1)
2024-05-28 18:16:50,516 [INFO] PluginManage:310 - Check plugin cadmodel
2024-05-28 18:16:50,541 [INFO] CADModel:105 - Init CAD model plugin
2024-05-28 18:16:50,542 [INFO] PluginManage:359 - Loaded plugin cadmodel (category:power,tabindex:5)
2024-05-28 18:16:50,542 [INFO] PluginManage:310 - Check plugin clock
2024-05-28 18:16:50,574 [INFO] PluginManage:359 - Loaded plugin clock (category:base,tabindex:2)
2024-05-28 18:16:50,574 [INFO] PluginManage:310 - Check plugin ddr
2024-05-28 18:16:50,578 [INFO] PluginManage:359 - Loaded plugin ddr (category:tool,tabindex:6)
2024-05-28 18:16:50,578 [INFO] PluginManage:310 - Check plugin filemanager
2024-05-28 18:16:50,806 [INFO] PluginManage:359 - Loaded plugin filemanager (category:base,tabindex:10)
2024-05-28 18:16:50,806 [INFO] PluginManage:310 - Check plugin ipmanager
2024-05-28 18:16:50,835 [INFO] PluginManage:359 - Loaded plugin ipmanager (category:base,tabindex:5)
2024-05-28 18:16:50,836 [INFO] PluginManage:310 - Check plugin lpbam
2024-05-28 18:16:50,883 [INFO] PluginManage:359 - Loaded plugin lpbam (category:base,tabindex:0)
2024-05-28 18:16:50,884 [INFO] PluginManage:310 - Check plugin memorymap
2024-05-28 18:16:50,931 [INFO] PluginManage:359 - Loaded plugin memorymap (category:base,tabindex:4)
2024-05-28 18:16:50,931 [INFO] PluginManage:310 - Check plugin pinoutandconfiguration
2024-05-28 18:16:50,955 [INFO] PluginManage:359 - Loaded plugin pinoutandconfiguration (category:base,tabindex:1)
2024-05-28 18:16:50,956 [INFO] PluginManage:310 - Check plugin pinoutconfig
2024-05-28 18:16:51,150 [WARN] SupportedApi:132 - Cannot load RTOS API schema: s4s-elt-must-match.1: The content of 'definitions' must match (annotation?, (simpleType | complexType)?, (unique | key | keyref)*)). A problem was found starting at: attribute.
2024-05-28 18:16:51,352 [INFO] PluginManage:359 - Loaded plugin pinoutconfig (category:base,tabindex:0)
2024-05-28 18:16:51,352 [INFO] PluginManage:310 - Check plugin power
2024-05-28 18:16:51,381 [INFO] PluginManage:359 - Loaded plugin power (category:power,tabindex:4)
2024-05-28 18:16:51,382 [INFO] PluginManage:310 - Check plugin projectmanager
2024-05-28 18:16:51,403 [INFO] PluginManage:359 - Loaded plugin projectmanager (category:projectmanager,tabindex:3)
2024-05-28 18:16:51,403 [INFO] PluginManage:310 - Check plugin thirdparty
2024-05-28 18:16:52,076 [INFO] PluginManage:359 - Loaded plugin thirdparty (category:base,tabindex:-1)
2024-05-28 18:16:52,076 [WARN] IntegrityCheckThread:84 - waiting for thirdparty lock release [integrity check]
2024-05-28 18:16:52,076 [INFO] PluginManage:310 - Check plugin tools
2024-05-28 18:16:52,076 [INFO] IntegrityCheckThread:86 - entering critical section [integrity check]
2024-05-28 18:16:52,077 [INFO] ThirdPartyUpdaterWithRetryManager:70 - Updater plugin not ready yet. [1/15]
2024-05-28 18:16:52,142 [INFO] PluginManage:359 - Loaded plugin tools (category:base,tabindex:7)
2024-05-28 18:16:52,143 [INFO] PluginManage:310 - Check plugin tutovideos
2024-05-28 18:16:52,460 [INFO] PluginManage:359 - Loaded plugin tutovideos (category:base,tabindex:-1)
2024-05-28 18:16:52,460 [INFO] PluginManage:310 - Check plugin updater
2024-05-28 18:16:52,479 [INFO] PluginManage:359 - Loaded plugin updater (category:base,tabindex:12)
2024-05-28 18:16:52,479 [INFO] PluginManage:310 - Check plugin userauth
2024-05-28 18:16:52,488 [INFO] UserAuth:114 - Init User Auth plugin
2024-05-28 18:16:52,488 [INFO] PluginManage:359 - Loaded plugin userauth (category:base,tabindex:14)
2024-05-28 18:16:52,489 [INFO] PluginManage:283 - PluginManage : Loaded plugins [17]
2024-05-28 18:16:52,905 [INFO] PinOutPanel:1499 - setPackage(No Configuration,No Configuration)
2024-05-28 18:16:53,041 [INFO] CADModel:165 - CPN selected for project level
2024-05-28 18:16:53,041 [INFO] CADModel:114 - Register for checkConnection events
2024-05-28 18:16:53,085 [INFO] IPUIPlugin:80 - create IPUIPlugin
2024-05-28 18:16:53,085 [INFO] PluginManager:220 - loadIPPluginJar : add adc
2024-05-28 18:16:53,145 [INFO] IPUIPlugin:80 - create IPUIPlugin
2024-05-28 18:16:53,146 [INFO] PluginManager:220 - loadIPPluginJar : add aes
2024-05-28 18:16:53,206 [INFO] IPUIPlugin:80 - create IPUIPlugin
2024-05-28 18:16:53,206 [INFO] PluginManager:220 - loadIPPluginJar : add can
2024-05-28 18:16:53,241 [INFO] IPUIPlugin:80 - create IPUIPlugin
2024-05-28 18:16:53,241 [INFO] PluginManager:220 - loadIPPluginJar : add comp
2024-05-28 18:16:53,287 [INFO] IPUIPlugin:80 - create IPUIPlugin
2024-05-28 18:16:53,288 [INFO] PluginManager:220 - loadIPPluginJar : add cryp
2024-05-28 18:16:53,325 [INFO] IPUIPlugin:80 - create IPUIPlugin
2024-05-28 18:16:53,325 [INFO] PluginManager:220 - loadIPPluginJar : add dfsdm
2024-05-28 18:16:53,346 [INFO] IPUIPlugin:80 - create IPUIPlugin
2024-05-28 18:16:53,348 [INFO] PluginManager:220 - loadIPPluginJar : add dma
2024-05-28 18:16:53,417 [INFO] IPUIPlugin:80 - create IPUIPlugin
2024-05-28 18:16:53,418 [INFO] PluginManager:220 - loadIPPluginJar : add dma3
2024-05-28 18:16:53,443 [INFO] IPUIPlugin:80 - create IPUIPlugin
2024-05-28 18:16:53,443 [INFO] PluginManager:220 - loadIPPluginJar : add fatfs
2024-05-28 18:16:53,504 [INFO] IPUIPlugin:80 - create IPUIPlugin
2024-05-28 18:16:53,504 [INFO] PluginManager:220 - loadIPPluginJar : add fmc
2024-05-28 18:16:53,526 [INFO] IPUIPlugin:80 - create IPUIPlugin
2024-05-28 18:16:53,527 [INFO] PluginManager:220 - loadIPPluginJar : add freertos
2024-05-28 18:16:53,552 [INFO] IPUIPlugin:80 - create IPUIPlugin
2024-05-28 18:16:53,552 [INFO] PluginManager:220 - loadIPPluginJar : add genericplugin
2024-05-28 18:16:53,688 [INFO] IPUIPlugin:80 - create IPUIPlugin
2024-05-28 18:16:53,689 [INFO] PluginManager:220 - loadIPPluginJar : add gfxmmu
2024-05-28 18:16:53,884 [INFO] IPUIPlugin:80 - create IPUIPlugin
2024-05-28 18:16:53,884 [INFO] PluginManager:220 - loadIPPluginJar : add gic
2024-05-28 18:16:53,904 [INFO] IPUIPlugin:80 - create IPUIPlugin
2024-05-28 18:16:53,904 [INFO] PluginManager:220 - loadIPPluginJar : add gpio
2024-05-28 18:16:54,035 [INFO] IPUIPlugin:80 - create IPUIPlugin
2024-05-28 18:16:54,035 [INFO] PluginManager:220 - loadIPPluginJar : add gtzc
2024-05-28 18:16:54,082 [INFO] IPUIPlugin:80 - create IPUIPlugin
2024-05-28 18:16:54,083 [INFO] PluginManager:220 - loadIPPluginJar : add hash
2024-05-28 18:16:54,157 [INFO] IPUIPlugin:80 - create IPUIPlugin
2024-05-28 18:16:54,157 [INFO] PluginManager:220 - loadIPPluginJar : add i2c
2024-05-28 18:16:54,211 [INFO] IPUIPlugin:80 - create IPUIPlugin
2024-05-28 18:16:54,211 [INFO] PluginManager:220 - loadIPPluginJar : add i2s
2024-05-28 18:16:54,268 [INFO] IPUIPlugin:80 - create IPUIPlugin
2024-05-28 18:16:54,268 [INFO] PluginManager:220 - loadIPPluginJar : add i3c
2024-05-28 18:16:54,421 [INFO] IPUIPlugin:80 - create IPUIPlugin
2024-05-28 18:16:54,421 [INFO] PluginManager:220 - loadIPPluginJar : add ipddr
2024-05-28 18:16:54,566 [INFO] IPUIPlugin:80 - create IPUIPlugin
2024-05-28 18:16:54,567 [INFO] PluginManager:220 - loadIPPluginJar : add linkedlist
2024-05-28 18:16:54,618 [INFO] IPUIPlugin:80 - create IPUIPlugin
2024-05-28 18:16:54,618 [INFO] PluginManager:220 - loadIPPluginJar : add lorawan
2024-05-28 18:16:54,671 [INFO] IPUIPlugin:80 - create IPUIPlugin
2024-05-28 18:16:54,671 [INFO] PluginManager:220 - loadIPPluginJar : add ltdc
2024-05-28 18:16:54,690 [INFO] IPUIPlugin:80 - create IPUIPlugin
2024-05-28 18:16:54,690 [INFO] PluginManager:220 - loadIPPluginJar : add mdma
2024-05-28 18:16:54,708 [INFO] IPUIPlugin:80 - create IPUIPlugin
2024-05-28 18:16:54,708 [INFO] PluginManager:220 - loadIPPluginJar : add nvic
2024-05-28 18:16:54,759 [INFO] IPUIPlugin:80 - create IPUIPlugin
2024-05-28 18:16:54,759 [INFO] PluginManager:220 - loadIPPluginJar : add opamp
2024-05-28 18:16:54,839 [INFO] IPUIPlugin:80 - create IPUIPlugin
2024-05-28 18:16:54,839 [INFO] PluginManager:220 - loadIPPluginJar : add openamp
2024-05-28 18:16:54,901 [INFO] IPUIPlugin:80 - create IPUIPlugin
2024-05-28 18:16:54,901 [INFO] PluginManager:220 - loadIPPluginJar : add pdm2pcm
2024-05-28 18:16:54,921 [INFO] IPUIPlugin:80 - create IPUIPlugin
2024-05-28 18:16:54,923 [INFO] PluginManager:220 - loadIPPluginJar : add plateformsettings
2024-05-28 18:16:54,950 [INFO] IPUIPlugin:80 - create IPUIPlugin
2024-05-28 18:16:54,950 [INFO] PluginManager:220 - loadIPPluginJar : add quadspi
2024-05-28 18:16:54,967 [INFO] IPUIPlugin:80 - create IPUIPlugin
2024-05-28 18:16:54,967 [INFO] PluginManager:220 - loadIPPluginJar : add resmgrutility
2024-05-28 18:16:55,026 [INFO] IPUIPlugin:80 - create IPUIPlugin
2024-05-28 18:16:55,026 [INFO] PluginManager:220 - loadIPPluginJar : add sai
2024-05-28 18:16:55,076 [INFO] IPUIPlugin:80 - create IPUIPlugin
2024-05-28 18:16:55,077 [INFO] PluginManager:220 - loadIPPluginJar : add spi
2024-05-28 18:16:55,080 [INFO] ThirdPartyUpdaterWithRetryManager:70 - Updater plugin not ready yet. [2/15]
2024-05-28 18:16:55,172 [INFO] IPUIPlugin:80 - create IPUIPlugin
2024-05-28 18:16:55,172 [INFO] PluginManager:220 - loadIPPluginJar : add stm32_wpan
2024-05-28 18:16:55,204 [INFO] IPUIPlugin:80 - create IPUIPlugin
2024-05-28 18:16:55,204 [INFO] PluginManager:220 - loadIPPluginJar : add tim
2024-05-28 18:16:55,277 [INFO] IPUIPlugin:80 - create IPUIPlugin
2024-05-28 18:16:55,278 [INFO] PluginManager:220 - loadIPPluginJar : add touchsensing
2024-05-28 18:16:55,307 [INFO] IPUIPlugin:80 - create IPUIPlugin
2024-05-28 18:16:55,308 [INFO] PluginManager:220 - loadIPPluginJar : add tracer_emb
2024-05-28 18:16:55,338 [INFO] IPUIPlugin:80 - create IPUIPlugin
2024-05-28 18:16:55,338 [INFO] PluginManager:220 - loadIPPluginJar : add ts
2024-05-28 18:16:55,365 [INFO] IPUIPlugin:80 - create IPUIPlugin
2024-05-28 18:16:55,366 [INFO] PluginManager:220 - loadIPPluginJar : add tsc
2024-05-28 18:16:55,394 [INFO] IPUIPlugin:80 - create IPUIPlugin
2024-05-28 18:16:55,394 [INFO] PluginManager:220 - loadIPPluginJar : add ucpd
2024-05-28 18:16:55,452 [INFO] IPUIPlugin:80 - create IPUIPlugin
2024-05-28 18:16:55,453 [INFO] PluginManager:220 - loadIPPluginJar : add usart
2024-05-28 18:16:55,507 [INFO] IPUIPlugin:80 - create IPUIPlugin
2024-05-28 18:16:55,507 [INFO] PluginManager:220 - loadIPPluginJar : add usbx
2024-05-28 18:16:55,695 [INFO] CADModel:165 - CPN selected for project level
2024-05-28 18:16:55,695 [INFO] CADModel:114 - Register for checkConnection events
2024-05-28 18:16:55,695 [FATAL] Updater:308 - Updater called before beeing initialized
2024-05-28 18:16:55,695 [ERROR] CADModel:125 - Updater not yet initialized, retry later 
2024-05-28 18:16:55,978 [INFO] CADModel:165 - CPN selected for project level
2024-05-28 18:16:55,979 [INFO] CADModel:114 - Register for checkConnection events
2024-05-28 18:16:55,979 [FATAL] Updater:308 - Updater called before beeing initialized
2024-05-28 18:16:55,979 [ERROR] CADModel:125 - Updater not yet initialized, retry later 
2024-05-28 18:16:55,986 [FATAL] Updater:308 - Updater called before beeing initialized
2024-05-28 18:16:56,235 [FATAL] Updater:308 - Updater called before beeing initialized
2024-05-28 18:16:56,250 [INFO] DbMcusAds:53 - JSON generation date=Thu May 02 11:37:29 IDT 2024 (1714639049318)
2024-05-28 18:16:56,250 [FATAL] Updater:308 - Updater called before beeing initialized
2024-05-28 18:16:56,401 [WARN] DetailPanel:346 - Failed to get advertising image, set to default
2024-05-28 18:16:56,541 [FATAL] Updater:308 - Updater called before beeing initialized
2024-05-28 18:16:56,544 [FATAL] Updater:308 - Updater called before beeing initialized
2024-05-28 18:16:56,545 [FATAL] Updater:308 - Updater called before beeing initialized
2024-05-28 18:16:56,545 [WARN] DetailPanel:346 - Failed to get advertising image, set to default
2024-05-28 18:16:56,546 [FATAL] Updater:308 - Updater called before beeing initialized
2024-05-28 18:16:56,648 [ERROR] Updater:1120 - MainUpdater not yet initialized. External WinMGr cannot be set.
2024-05-28 18:16:56,662 [INFO] Updater:1056 - Updater Version found : 6.10.0
2024-05-28 18:16:56,691 [INFO] ApplicationProperties:184 - Using Application install path: C:\ST\STM32CubeIDE_1.13.1\STM32CubeIDE\plugins\com.st.stm32cube.common.mx_6.10.0.202311202037
2024-05-28 18:16:57,343 [INFO] MainUpdater:2873 - connection check result : 10
2024-05-28 18:16:57,344 [INFO] MainUpdater:3567 - Updater definition file requires update
2024-05-28 18:16:57,347 [INFO] MainUpdater:290 - Updater Check For Update Now.
2024-05-28 18:16:57,347 [INFO] MicroXplorer:498 - Change Database Version : DB.6.0.100
2024-05-28 18:16:57,369 [INFO] McuFinderGlobals:63 - Set McuFinder mode to 2 (CubeIDE integrated)
2024-05-28 18:16:57,370 [INFO] UserAuth:180 - activating auth plugin
2024-05-28 18:16:57,372 [INFO] UserAuth:404 - Internet connection configuration mode: 1
2024-05-28 18:16:57,407 [INFO] JxBrowserEngine:152 - Initiate JxBrowser Engine with user profile folder
2024-05-28 18:16:57,790 [INFO] ServerAccessManage:473 - Download File updaters.zip
2024-05-28 18:16:57,903 [INFO] FileExtend:240 - Unzip File : updaters.zip
2024-05-28 18:16:57,903 [INFO] FileExtend:255 - Standard Zip Deflate
2024-05-28 18:16:58,132 [WARN] MainUpdater:1194 - Updater busy. Cannot search thirdparties
2024-05-28 18:16:58,132 [INFO] ThirdPartyUpdaterWithRetryManager:96 - Updater plugin is busy. [1/15]
2024-05-28 18:16:58,894 [INFO] ServerAccessManage:473 - Download File PacksControlFlags.xml
2024-05-28 18:16:59,201 [INFO] ServerAccessManage:473 - Download File cubemx.pidx
2024-05-28 18:17:00,285 [INFO] ServerAccessManage:473 - Download File STMicroelectronics.X-CUBE-ALS.pdsc
2024-05-28 18:17:01,170 [WARN] MainUpdater:1194 - Updater busy. Cannot search thirdparties
2024-05-28 18:17:01,170 [INFO] ThirdPartyUpdaterWithRetryManager:96 - Updater plugin is busy. [2/15]
2024-05-28 18:17:02,620 [WARN] PackLoader:240 - Cannot read IP mode file for STMicroelectronics.X-CUBE-ALS.1.0.2
2024-05-28 18:17:02,624 [INFO] PopulateThirdPartyThread:66 - Ending populate Thread
2024-05-28 18:17:02,628 [INFO] ThirdParty:1030 - CMSIS Pack Vendor :STMicroelectronics X-CUBE-ALS 1.0.2
2024-05-28 18:17:02,629 [INFO] LoadServerUpdatesThread:375 - End of LoadServerUpdate Thread
2024-05-28 18:17:02,838 [INFO] CheckServerUpdateThread:120 - End of CheckServer Thread
2024-05-28 18:17:05,272 [WARN] PackLoader:240 - Cannot read IP mode file for STMicroelectronics.FP-SNS-MOTENVWB1.1.4.0
2024-05-28 18:17:05,319 [WARN] PackLoader:240 - Cannot read IP mode file for STMicroelectronics.X-CUBE-SMBUS.2.1.0
2024-05-28 18:17:05,358 [WARN] PackLoader:240 - Cannot read IP mode file for STMicroelectronics.X-CUBE-TOUCHGFX.4.23.0
2024-05-28 18:17:05,369 [INFO] WebApp:161 - Instantiating new browser for Auth
2024-05-28 18:17:05,379 [WARN] PackLoader:240 - Cannot read IP mode file for STMicroelectronics.X-CUBE-TOUCHGFX.4.23.2
2024-05-28 18:17:05,614 [WARN] PackLoader:240 - Cannot read IP mode file for STMicroelectronics.X-CUBE-AZRTOS-F7.1.1.0
2024-05-28 18:17:05,778 [WARN] PackLoader:240 - Cannot read IP mode file for STMicroelectronics.FP-SNS-MOTENV1.4.3.2
2024-05-28 18:17:05,862 [WARN] PackLoader:240 - Cannot read IP mode file for STMicroelectronics.FP-SNS-FLIGHT1.5.0.2
2024-05-28 18:17:05,935 [WARN] PackLoader:240 - Cannot read IP mode file for STMicroelectronics.X-CUBE-DISPLAY.3.0.0
2024-05-28 18:17:05,984 [WARN] PackLoader:240 - Cannot read IP mode file for STMicroelectronics.X-CUBE-BLE1.7.0.0
2024-05-28 18:17:06,016 [WARN] PackLoader:240 - Cannot read IP mode file for emotas.I-CUBE-CANOPEN.1.3.0
2024-05-28 18:17:06,042 [WARN] PackLoader:240 - Cannot read IP mode file for STMicroelectronics.X-CUBE-TOUCHGFX.4.22.0
2024-05-28 18:17:06,062 [WARN] PackLoader:240 - Cannot read IP mode file for STMicroelectronics.X-CUBE-TOUCHGFX.4.22.1
2024-05-28 18:17:06,104 [WARN] PackLoader:240 - Cannot read IP mode file for STMicroelectronics.X-CUBE-BLEMGR.3.1.0
2024-05-28 18:17:06,143 [WARN] PackLoader:240 - Cannot read IP mode file for STMicroelectronics.FP-SNS-SMARTAG2.1.2.0
2024-05-28 18:17:06,187 [INFO] LogOutputStream:77 - [STDOUT_REDIRECT] 1 : Invalid condition id : UX_CORESTACK_Condition cause : null
2024-05-28 18:17:06,188 [INFO] LogOutputStream:77 - [STDOUT_REDIRECT] 1 : Invalid condition id : UX_CORESTACK_Condition cause : null
2024-05-28 18:17:06,191 [INFO] LogOutputStream:77 - [STDOUT_REDIRECT] 1 : Invalid condition id : UX_CORESTACK_Condition cause : null
2024-05-28 18:17:06,195 [INFO] LogOutputStream:77 - [STDOUT_REDIRECT] 1 : Invalid condition id : UX_CORESTACK_Condition cause : null
2024-05-28 18:17:06,197 [INFO] LogOutputStream:77 - [STDOUT_REDIRECT] 1 : Invalid condition id : UX_CORESTACK_Condition cause : null
2024-05-28 18:17:06,197 [WARN] PackLoader:240 - Cannot read IP mode file for STMicroelectronics.X-CUBE-AZRTOS-WL.2.0.0
2024-05-28 18:17:06,240 [WARN] PackLoader:240 - Cannot read IP mode file for STMicroelectronics.FP-SNS-MOTENV1.5.0.0
2024-05-28 18:17:06,262 [WARN] PackLoader:240 - Cannot read IP mode file for WES.I-CUBE-Cesium.1.3.0
2024-05-28 18:17:06,294 [WARN] PackLoader:240 - Cannot read IP mode file for STMicroelectronics.X-CUBE-BLE2.3.3.0
2024-05-28 18:17:06,343 [WARN] PackLoader:240 - Cannot read IP mode file for STMicroelectronics.X-CUBE-TCPP.4.1.0
2024-05-28 18:17:06,388 [WARN] PackLoader:240 - Cannot read IP mode file for STMicroelectronics.X-CUBE-ALGOBUILD.1.3.0
2024-05-28 18:17:06,481 [WARN] PackLoader:240 - Cannot read IP mode file for STMicroelectronics.X-CUBE-AZRTOS-G0.1.1.0
2024-05-28 18:17:06,536 [WARN] PackLoader:240 - Cannot read IP mode file for STMicroelectronics.X-CUBE-SAFEA1.1.2.2
2024-05-28 18:17:06,574 [WARN] PackLoader:240 - Cannot read IP mode file for STMicroelectronics.X-CUBE-NFC4.3.0.0
2024-05-28 18:17:06,611 [WARN] PackLoader:240 - Cannot read IP mode file for STMicroelectronics.X-CUBE-BLEMGR.3.0.0
2024-05-28 18:17:06,642 [WARN] PackLoader:240 - Cannot read IP mode file for STMicroelectronics.FP-ATR-SIGFOX1.3.2.0
2024-05-28 18:17:06,687 [WARN] PackLoader:240 - Cannot read IP mode file for STMicroelectronics.X-CUBE-EEPRMA1.5.1.0
2024-05-28 18:17:06,790 [WARN] PackLoader:240 - Cannot read IP mode file for SEGGER.I-CUBE-embOS.1.3.1
2024-05-28 18:17:07,590 [WARN] PackLoader:240 - Cannot read IP mode file for STMicroelectronics.X-CUBE-ALGOBUILD.1.4.0
2024-05-28 18:17:07,729 [WARN] PackLoader:240 - Cannot read IP mode file for STMicroelectronics.X-CUBE-GNSS1.6.0.0
2024-05-28 18:17:07,869 [WARN] PackLoader:240 - Cannot read IP mode file for STMicroelectronics.X-CUBE-AZRTOS-F4.1.1.0
2024-05-28 18:17:07,913 [WARN] PackLoader:240 - Cannot read IP mode file for wolfSSL.I-CUBE-wolfSSL.5.6.3
2024-05-28 18:17:07,941 [WARN] PackLoader:240 - Cannot read IP mode file for STMicroelectronics.X-CUBE-FREERTOS.1.2.0
2024-05-28 18:17:08,008 [WARN] PackLoader:240 - Cannot read IP mode file for STMicroelectronics.X-CUBE-AZRTOS-L5.2.0.0
2024-05-28 18:17:08,144 [WARN] PackLoader:240 - Cannot read IP mode file for STMicroelectronics.X-CUBE-MEMS1.9.6.0
2024-05-28 18:17:08,307 [INFO] WebApp:780 - Register for checkConnection events
2024-05-28 18:17:08,307 [INFO] WebApp:414 - Apply proxy settings
2024-05-28 18:17:08,308 [INFO] WebApp:499 - Chromium requires no authentication
2024-05-28 18:17:08,326 [INFO] WebApp:442 - Direct internet connection detected
2024-05-28 18:17:08,463 [WARN] PackLoader:240 - Cannot read IP mode file for STMicroelectronics.X-CUBE-EEPRMA1.4.2.0
2024-05-28 18:17:08,529 [WARN] PackLoader:240 - Cannot read IP mode file for STMicroelectronics.X-CUBE-NFC6.3.1.0
2024-05-28 18:17:08,570 [WARN] PackLoader:240 - Cannot read IP mode file for ITTIA_DB.I-CUBE-ITTIADB.8.8.0
2024-05-28 18:17:08,615 [WARN] PackLoader:240 - Cannot read IP mode file for STMicroelectronics.X-CUBE-BLEMGR.2.0.0
2024-05-28 18:17:08,662 [WARN] PackLoader:240 - Cannot read IP mode file for STMicroelectronics.X-CUBE-AI.9.0.0
2024-05-28 18:17:08,738 [WARN] ConditionMgr:438 - getConditionDescription Invalid condition id : UX DEVICE CLASS RTOS Condition cause : null
2024-05-28 18:17:08,738 [WARN] ConditionMgr:438 - getConditionDescription Invalid condition id : UX DEVICE CLASS RTOS Condition cause : null
2024-05-28 18:17:08,745 [WARN] PackLoader:240 - Cannot read IP mode file for STMicroelectronics.X-CUBE-AZRTOS-H7.3.1.0
2024-05-28 18:17:08,751 [WARN] ConditionMgr:1039 - genDependencies : Invalid condition id : UX DEVICE CLASS RTOS Condition cause : null
2024-05-28 18:17:08,752 [WARN] ConditionMgr:1039 - genDependencies : Invalid condition id : UX DEVICE CLASS RTOS Condition cause : null
2024-05-28 18:17:08,753 [WARN] ConditionMgr:1039 - genDependencies : Invalid condition id : UX DEVICE CLASS RTOS Condition cause : null
2024-05-28 18:17:08,754 [WARN] ConditionMgr:1039 - genDependencies : Invalid condition id : UX DEVICE CLASS RTOS Condition cause : null
2024-05-28 18:17:08,754 [WARN] ConditionMgr:1039 - genDependencies : Invalid condition id : UX DEVICE CLASS RTOS Condition cause : null
2024-05-28 18:17:08,792 [WARN] PackLoader:240 - Cannot read IP mode file for STMicroelectronics.X-CUBE-NFC7.1.0.1
2024-05-28 18:17:08,822 [WARN] PackLoader:240 - Cannot read IP mode file for STMicroelectronics.X-CUBE-NFC6.3.0.0
2024-05-28 18:17:08,850 [WARN] PackLoader:240 - Cannot read IP mode file for STMicroelectronics.X-CUBE-EEPRMA1.4.1.0
2024-05-28 18:17:08,874 [WARN] PackLoader:240 - Cannot read IP mode file for STMicroelectronics.X-CUBE-AI.8.1.0
2024-05-28 18:17:08,943 [WARN] ConditionMgr:438 - getConditionDescription Invalid condition id : LAN8742 Phy interface Condition cause : null
2024-05-28 18:17:08,943 [WARN] PackLoader:240 - Cannot read IP mode file for STMicroelectronics.X-CUBE-AZRTOS-L4.2.0.0
2024-05-28 18:17:08,943 [WARN] ConditionMgr:1039 - genDependencies : Invalid condition id : LAN8742 Phy interface Condition cause : null
2024-05-28 18:17:08,943 [WARN] ConditionMgr:1039 - genDependencies : Invalid condition id : LAN8742 Phy interface Condition cause : null
2024-05-28 18:17:08,943 [WARN] ConditionMgr:1039 - genDependencies : Invalid condition id : LAN8742 Phy interface Condition cause : null
2024-05-28 18:17:08,975 [WARN] PackLoader:240 - Cannot read IP mode file for STMicroelectronics.X-CUBE-SFXS2LP1.4.0.0
2024-05-28 18:17:08,990 [INFO] WebApp:192 - Starting web application
2024-05-28 18:17:08,990 [INFO] WebApp:544 - Web application path used C:\ST\STM32CubeIDE_1.13.1\STM32CubeIDE\plugins\com.st.stm32cube.common.mx_6.10.0.202311202037\db\plugins\mcufinder\reactClient1\index.html
2024-05-28 18:17:09,006 [WARN] PackLoader:240 - Cannot read IP mode file for STMicroelectronics.X-CUBE-ISPU.1.1.0
2024-05-28 18:17:09,064 [WARN] ConditionMgr:438 - getConditionDescription Invalid condition id : UX DEVICE CLASS RTOS Condition cause : null
2024-05-28 18:17:09,065 [WARN] ConditionMgr:438 - getConditionDescription Invalid condition id : UX DEVICE CLASS RTOS Condition cause : null
2024-05-28 18:17:09,069 [WARN] PackLoader:240 - Cannot read IP mode file for STMicroelectronics.X-CUBE-AZRTOS-WB.2.0.0
2024-05-28 18:17:09,070 [WARN] ConditionMgr:1039 - genDependencies : Invalid condition id : UX DEVICE CLASS RTOS Condition cause : null
2024-05-28 18:17:09,071 [WARN] ConditionMgr:1039 - genDependencies : Invalid condition id : UX DEVICE CLASS RTOS Condition cause : null
2024-05-28 18:17:09,072 [WARN] ConditionMgr:1039 - genDependencies : Invalid condition id : UX DEVICE CLASS RTOS Condition cause : null
2024-05-28 18:17:09,072 [WARN] ConditionMgr:1039 - genDependencies : Invalid condition id : UX DEVICE CLASS RTOS Condition cause : null
2024-05-28 18:17:09,073 [WARN] ConditionMgr:1039 - genDependencies : Invalid condition id : UX DEVICE CLASS RTOS Condition cause : null
2024-05-28 18:17:09,129 [WARN] PackLoader:240 - Cannot read IP mode file for STMicroelectronics.X-CUBE-SUBG2.5.0.0
2024-05-28 18:17:09,239 [WARN] PackLoader:240 - Cannot read IP mode file for STMicroelectronics.X-CUBE-TOF1.3.3.1
2024-05-28 18:17:09,318 [WARN] PackLoader:240 - Cannot read IP mode file for STMicroelectronics.X-CUBE-AZRTOS-G4.2.0.0
2024-05-28 18:17:09,379 [WARN] PackLoader:240 - Cannot read IP mode file for Infineon.AIROC-Wi-Fi-Bluetooth-STM32.1.5.1
2024-05-28 18:17:09,418 [WARN] PackLoader:240 - Cannot read IP mode file for STMicroelectronics.FP-SNS-MOTENVWB1.1.3.0
2024-05-28 18:17:09,460 [WARN] PackLoader:240 - Cannot read IP mode file for STMicroelectronics.FP-SNS-MOTENVWB1.1.3.1
2024-05-28 18:17:09,499 [WARN] PackLoader:240 - Cannot read IP mode file for STMicroelectronics.X-CUBE-ISPU.2.0.0
2024-05-28 18:17:09,524 [WARN] PackLoader:240 - Cannot read IP mode file for STMicroelectronics.X-CUBE-ALS.1.0.2
2024-05-28 18:17:09,756 [WARN] PackLoader:240 - Cannot read IP mode file for STMicroelectronics.X-CUBE-MEMS1.10.0.0
2024-05-28 18:17:09,947 [WARN] PackLoader:240 - Cannot read IP mode file for STMicroelectronics.X-CUBE-FREERTOS.1.1.0
2024-05-28 18:17:09,971 [WARN] PackLoader:240 - Cannot read IP mode file for portGmbH.I-Cube-SoM-uGOAL.1.1.0
2024-05-28 18:17:09,990 [WARN] PackLoader:240 - Cannot read IP mode file for STMicroelectronics.X-CUBE-ALS.1.0.1
2024-05-28 18:17:10,031 [WARN] PackLoader:240 - Cannot read IP mode file for STMicroelectronics.X-CUBE-AZRTOS-H7RS.1.0.0
2024-05-28 18:17:10,040 [WARN] PackLoader:240 - Cannot read IP mode file for STMicroelectronics.FP-ATR-ASTRA1.2.0.0
2024-05-28 18:17:10,072 [WARN] PackLoader:240 - Cannot read IP mode file for STMicroelectronics.X-CUBE-TOF1.3.4.0
2024-05-28 18:17:10,121 [WARN] PackLoader:240 - Cannot read IP mode file for STMicroelectronics.X-CUBE-TOF1.3.4.1
2024-05-28 18:17:10,190 [WARN] PackLoader:240 - Cannot read IP mode file for STMicroelectronics.X-CUBE-AZRTOS-H7.3.2.0
2024-05-28 18:17:10,193 [INFO] ThirdParty:978 - Integrity check success = true
2024-05-28 18:17:10,193 [INFO] IntegrityCheckThread:100 - exiting critical section [integrity check]
2024-05-28 18:17:10,194 [INFO] IntegrityCheckThread:103 - End integrity checks thread
2024-05-28 18:17:30,765 [ERROR] LogOutputStream:75 - [STDERR_REDIRECT] SLF4J: Failed to load class "org.slf4j.impl.StaticLoggerBinder".
2024-05-28 18:17:30,766 [ERROR] LogOutputStream:75 - [STDERR_REDIRECT] SLF4J: Defaulting to no-operation (NOP) logger implementation
2024-05-28 18:17:30,769 [ERROR] LogOutputStream:75 - [STDERR_REDIRECT] SLF4J: See http://www.slf4j.org/codes.html#StaticLoggerBinder for further details.
2024-05-28 18:18:02,680 [INFO] McuFinderGlobals:63 - Set McuFinder mode to 2 (CubeIDE integrated)
2024-05-28 18:18:02,717 [INFO] MainUpdater:2873 - connection check result : 10
2024-05-28 18:18:02,726 [INFO] MainUpdater:2873 - connection check result : 10
2024-05-28 18:18:02,983 [INFO] MicroXplorer:468 - Change Database Path : 
2024-05-28 18:18:02,983 [INFO] MicroXplorer:498 - Change Database Version : DB.6.0.100
2024-05-28 18:18:02,991 [WARN] ThirdParty:871 - waiting for thirdparty lock release [close project]
2024-05-28 18:18:02,991 [INFO] ThirdParty:873 - entering critical section [close project]
2024-05-28 18:18:02,992 [INFO] ThirdParty:883 - exiting critical section [close project]
2024-05-28 18:18:02,995 [INFO] PinOutPanel:1499 - setPackage(No Configuration,No Configuration)
2024-05-28 18:18:03,001 [INFO] UtilMem:75 - Begin LoadConfig() Used Memory: 512599336 Bytes (802160640)
2024-05-28 18:18:03,003 [INFO] MicroXplorer:468 - Change Database Path : 
2024-05-28 18:18:03,004 [INFO] MicroXplorer:498 - Change Database Version : DB.6.0.100
2024-05-28 18:18:03,004 [INFO] OpenFileManager:312 - Change cursor
2024-05-28 18:18:03,115 [INFO] Mcu:2016 - Initializing MCU STM32F746ZGTx STM32F746ZGTx STM32F746ZGT6
2024-05-28 18:18:09,521 [INFO] Context:659 - Trying to add GPIOservice into a context  which must be forbidden
2024-05-28 18:18:10,956 [INFO] RtosManager:555 - Registered RTOS mode: class=CMSIS, group=RTOS, mode=CMSIS_V1, owner=FREERTOS
2024-05-28 18:18:10,956 [INFO] RtosManager:555 - Registered RTOS mode: class=CMSIS, group=RTOS2, mode=CMSIS_V2, owner=FREERTOS
2024-05-28 18:18:10,956 [INFO] RtosManager:555 - Registered RTOS mode: class=RTOS, group=Core, mode=CMSIS_V1, owner=FREERTOS
2024-05-28 18:18:10,956 [INFO] RtosManager:555 - Registered RTOS mode: class=RTOS, group=Core, mode=CMSIS_V2, owner=FREERTOS
2024-05-28 18:18:10,956 [WARN] ModelIntegratedComponent:184 - Missing modes for component STMicroelectronics:FreeRTOS:0.0.1:STMicroelectronics:RTOS:FreeRTOS:Core:::10.2.0:
2024-05-28 18:18:10,977 [WARN] ModelIntegratedComponent:63 - No mode defined for component null
2024-05-28 18:18:10,977 [WARN] ModelIntegratedComponent:63 - No mode defined for component null
2024-05-28 18:18:10,978 [WARN] ModelIntegratedComponent:63 - No mode defined for component null
2024-05-28 18:18:10,978 [WARN] ModelIntegratedComponent:63 - No mode defined for component null
2024-05-28 18:18:10,978 [WARN] ModelIntegratedComponent:63 - No mode defined for component null
2024-05-28 18:18:10,978 [WARN] ModelIntegratedComponent:63 - No mode defined for component null
2024-05-28 18:18:10,978 [WARN] ModelIntegratedComponent:63 - No mode defined for component null
2024-05-28 18:18:10,978 [WARN] ModelIntegratedComponent:63 - No mode defined for component null
2024-05-28 18:18:10,978 [WARN] ModelIntegratedComponent:63 - No mode defined for component null
2024-05-28 18:18:10,978 [WARN] ModelIntegratedComponent:63 - No mode defined for component null
2024-05-28 18:18:10,978 [WARN] ModelIntegratedComponent:63 - No mode defined for component null
2024-05-28 18:18:10,979 [WARN] ModelIntegratedComponent:63 - No mode defined for component null
2024-05-28 18:18:10,979 [WARN] ModelIntegratedComponent:63 - No mode defined for component null
2024-05-28 18:18:10,979 [WARN] ModelIntegratedComponent:63 - No mode defined for component null
2024-05-28 18:18:10,979 [WARN] ModelIntegratedComponent:63 - No mode defined for component null
2024-05-28 18:18:10,979 [WARN] ModelIntegratedComponent:63 - No mode defined for component null
2024-05-28 18:18:10,979 [WARN] ModelIntegratedComponent:63 - No mode defined for component null
2024-05-28 18:18:10,979 [WARN] ModelIntegratedComponent:63 - No mode defined for component null
2024-05-28 18:18:10,979 [WARN] ModelIntegratedComponent:63 - No mode defined for component null
2024-05-28 18:18:10,980 [WARN] ModelIntegratedComponent:63 - No mode defined for component null
2024-05-28 18:18:10,980 [WARN] ModelIntegratedComponent:63 - No mode defined for component null
2024-05-28 18:18:10,980 [WARN] ModelIntegratedComponent:63 - No mode defined for component null
2024-05-28 18:18:10,980 [WARN] ModelIntegratedComponent:63 - No mode defined for component null
2024-05-28 18:18:10,980 [WARN] ModelIntegratedComponent:63 - No mode defined for component null
2024-05-28 18:18:10,980 [WARN] ModelIntegratedComponent:63 - No mode defined for component null
2024-05-28 18:18:10,980 [WARN] ModelIntegratedComponent:63 - No mode defined for component null
2024-05-28 18:18:10,980 [WARN] ModelIntegratedComponent:63 - No mode defined for component null
2024-05-28 18:18:10,981 [WARN] ModelIntegratedComponent:63 - No mode defined for component null
2024-05-28 18:18:10,981 [WARN] ModelIntegratedComponent:63 - No mode defined for component null
2024-05-28 18:18:10,981 [WARN] ModelIntegratedComponent:63 - No mode defined for component null
2024-05-28 18:18:10,981 [WARN] ModelIntegratedComponent:63 - No mode defined for component null
2024-05-28 18:18:10,981 [WARN] ModelIntegratedComponent:63 - No mode defined for component null
2024-05-28 18:18:10,981 [WARN] ModelIntegratedComponent:63 - No mode defined for component null
2024-05-28 18:18:11,152 [INFO] ThirdPartyModel:298 - Start build external matchings
2024-05-28 18:18:12,148 [INFO] ThirdPartyModel:316 - End build external matchings
2024-05-28 18:18:12,213 [INFO] ImportTextPane:194 - (OptionalMessage_ERROR) IP (DMA) : Parameter (Instance) has Id (USART2_RX) currently not set
2024-05-28 18:18:12,214 [INFO] ImportTextPane:194 - (OptionalMessage_ERROR) IP (DMA) : Parameter (Channel) has Id (USART2_RX) currently not set
2024-05-28 18:18:12,214 [INFO] ImportTextPane:194 - (OptionalMessage_ERROR) IP (DMA) : Parameter (Direction) has Id (USART2_RX) currently not set
2024-05-28 18:18:12,214 [INFO] ImportTextPane:194 - (OptionalMessage_ERROR) IP (DMA) : Parameter (PeriphInc) has Id (USART2_RX) currently not set
2024-05-28 18:18:12,214 [INFO] ImportTextPane:194 - (OptionalMessage_ERROR) IP (DMA) : Parameter (MemInc) has Id (USART2_RX) currently not set
2024-05-28 18:18:12,215 [INFO] ImportTextPane:194 - (OptionalMessage_ERROR) IP (DMA) : Parameter (PeriphDataAlignment) has Id (USART2_RX) currently not set
2024-05-28 18:18:12,215 [INFO] ImportTextPane:194 - (OptionalMessage_ERROR) IP (DMA) : Parameter (MemDataAlignment) has Id (USART2_RX) currently not set
2024-05-28 18:18:12,215 [INFO] ImportTextPane:194 - (OptionalMessage_ERROR) IP (DMA) : Parameter (Mode) has Id (USART2_RX) currently not set
2024-05-28 18:18:12,215 [INFO] ImportTextPane:194 - (OptionalMessage_ERROR) IP (DMA) : Parameter (Priority) has Id (USART2_RX) currently not set
2024-05-28 18:18:12,216 [INFO] ImportTextPane:194 - (OptionalMessage_ERROR) IP (DMA) : Parameter (FIFOMode) has Id (USART2_RX) currently not set
2024-05-28 18:18:12,216 [INFO] ImportTextPane:194 - (OptionalMessage_ERROR) IP (DMA) : Parameter (Instance) has Id (UART5_RX) currently not set
2024-05-28 18:18:12,216 [INFO] ImportTextPane:194 - (OptionalMessage_ERROR) IP (DMA) : Parameter (Channel) has Id (UART5_RX) currently not set
2024-05-28 18:18:12,216 [INFO] ImportTextPane:194 - (OptionalMessage_ERROR) IP (DMA) : Parameter (Direction) has Id (UART5_RX) currently not set
2024-05-28 18:18:12,216 [INFO] ImportTextPane:194 - (OptionalMessage_ERROR) IP (DMA) : Parameter (PeriphInc) has Id (UART5_RX) currently not set
2024-05-28 18:18:12,216 [INFO] ImportTextPane:194 - (OptionalMessage_ERROR) IP (DMA) : Parameter (MemInc) has Id (UART5_RX) currently not set
2024-05-28 18:18:12,216 [INFO] ImportTextPane:194 - (OptionalMessage_ERROR) IP (DMA) : Parameter (PeriphDataAlignment) has Id (UART5_RX) currently not set
2024-05-28 18:18:12,217 [INFO] ImportTextPane:194 - (OptionalMessage_ERROR) IP (DMA) : Parameter (MemDataAlignment) has Id (UART5_RX) currently not set
2024-05-28 18:18:12,217 [INFO] ImportTextPane:194 - (OptionalMessage_ERROR) IP (DMA) : Parameter (Mode) has Id (UART5_RX) currently not set
2024-05-28 18:18:12,217 [INFO] ImportTextPane:194 - (OptionalMessage_ERROR) IP (DMA) : Parameter (Priority) has Id (UART5_RX) currently not set
2024-05-28 18:18:12,217 [INFO] ImportTextPane:194 - (OptionalMessage_ERROR) IP (DMA) : Parameter (FIFOMode) has Id (UART5_RX) currently not set
2024-05-28 18:18:12,217 [INFO] ImportTextPane:194 - (OptionalMessage_ERROR) IP (DMA) : Parameter (Instance) has Id (ADC1) currently not set
2024-05-28 18:18:12,217 [INFO] ImportTextPane:194 - (OptionalMessage_ERROR) IP (DMA) : Parameter (Channel) has Id (ADC1) currently not set
2024-05-28 18:18:12,217 [INFO] ImportTextPane:194 - (OptionalMessage_ERROR) IP (DMA) : Parameter (Direction) has Id (ADC1) currently not set
2024-05-28 18:18:12,218 [INFO] ImportTextPane:194 - (OptionalMessage_ERROR) IP (DMA) : Parameter (PeriphInc) has Id (ADC1) currently not set
2024-05-28 18:18:12,218 [INFO] ImportTextPane:194 - (OptionalMessage_ERROR) IP (DMA) : Parameter (MemInc) has Id (ADC1) currently not set
2024-05-28 18:18:12,218 [INFO] ImportTextPane:194 - (OptionalMessage_ERROR) IP (DMA) : Parameter (PeriphDataAlignment) has Id (ADC1) currently not set
2024-05-28 18:18:12,218 [INFO] ImportTextPane:194 - (OptionalMessage_ERROR) IP (DMA) : Parameter (MemDataAlignment) has Id (ADC1) currently not set
2024-05-28 18:18:12,218 [INFO] ImportTextPane:194 - (OptionalMessage_ERROR) IP (DMA) : Parameter (Mode) has Id (ADC1) currently not set
2024-05-28 18:18:12,218 [INFO] ImportTextPane:194 - (OptionalMessage_ERROR) IP (DMA) : Parameter (Priority) has Id (ADC1) currently not set
2024-05-28 18:18:12,218 [INFO] ImportTextPane:194 - (OptionalMessage_ERROR) IP (DMA) : Parameter (FIFOMode) has Id (ADC1) currently not set
2024-05-28 18:18:12,219 [INFO] ImportTextPane:194 - (OptionalMessage_ERROR) IP (DMA) : Parameter (Instance) has Id (SPI1_RX) currently not set
2024-05-28 18:18:12,219 [INFO] ImportTextPane:194 - (OptionalMessage_ERROR) IP (DMA) : Parameter (Channel) has Id (SPI1_RX) currently not set
2024-05-28 18:18:12,219 [INFO] ImportTextPane:194 - (OptionalMessage_ERROR) IP (DMA) : Parameter (Direction) has Id (SPI1_RX) currently not set
2024-05-28 18:18:12,219 [INFO] ImportTextPane:194 - (OptionalMessage_ERROR) IP (DMA) : Parameter (PeriphInc) has Id (SPI1_RX) currently not set
2024-05-28 18:18:12,219 [INFO] ImportTextPane:194 - (OptionalMessage_ERROR) IP (DMA) : Parameter (MemInc) has Id (SPI1_RX) currently not set
2024-05-28 18:18:12,219 [INFO] ImportTextPane:194 - (OptionalMessage_ERROR) IP (DMA) : Parameter (PeriphDataAlignment) has Id (SPI1_RX) currently not set
2024-05-28 18:18:12,219 [INFO] ImportTextPane:194 - (OptionalMessage_ERROR) IP (DMA) : Parameter (MemDataAlignment) has Id (SPI1_RX) currently not set
2024-05-28 18:18:12,219 [INFO] ImportTextPane:194 - (OptionalMessage_ERROR) IP (DMA) : Parameter (Mode) has Id (SPI1_RX) currently not set
2024-05-28 18:18:12,219 [INFO] ImportTextPane:194 - (OptionalMessage_ERROR) IP (DMA) : Parameter (Priority) has Id (SPI1_RX) currently not set
2024-05-28 18:18:12,219 [INFO] ImportTextPane:194 - (OptionalMessage_ERROR) IP (DMA) : Parameter (FIFOMode) has Id (SPI1_RX) currently not set
2024-05-28 18:18:12,220 [INFO] ImportTextPane:194 - (OptionalMessage_ERROR) IP (DMA) : Parameter (Instance) has Id (SPI1_TX) currently not set
2024-05-28 18:18:12,220 [INFO] ImportTextPane:194 - (OptionalMessage_ERROR) IP (DMA) : Parameter (Channel) has Id (SPI1_TX) currently not set
2024-05-28 18:18:12,220 [INFO] ImportTextPane:194 - (OptionalMessage_ERROR) IP (DMA) : Parameter (Direction) has Id (SPI1_TX) currently not set
2024-05-28 18:18:12,220 [INFO] ImportTextPane:194 - (OptionalMessage_ERROR) IP (DMA) : Parameter (PeriphInc) has Id (SPI1_TX) currently not set
2024-05-28 18:18:12,220 [INFO] ImportTextPane:194 - (OptionalMessage_ERROR) IP (DMA) : Parameter (MemInc) has Id (SPI1_TX) currently not set
2024-05-28 18:18:12,220 [INFO] ImportTextPane:194 - (OptionalMessage_ERROR) IP (DMA) : Parameter (PeriphDataAlignment) has Id (SPI1_TX) currently not set
2024-05-28 18:18:12,220 [INFO] ImportTextPane:194 - (OptionalMessage_ERROR) IP (DMA) : Parameter (MemDataAlignment) has Id (SPI1_TX) currently not set
2024-05-28 18:18:12,220 [INFO] ImportTextPane:194 - (OptionalMessage_ERROR) IP (DMA) : Parameter (Mode) has Id (SPI1_TX) currently not set
2024-05-28 18:18:12,220 [INFO] ImportTextPane:194 - (OptionalMessage_ERROR) IP (DMA) : Parameter (Priority) has Id (SPI1_TX) currently not set
2024-05-28 18:18:12,220 [INFO] ImportTextPane:194 - (OptionalMessage_ERROR) IP (DMA) : Parameter (FIFOMode) has Id (SPI1_TX) currently not set
2024-05-28 18:18:12,221 [INFO] ImportTextPane:194 - (OptionalMessage_ERROR) IP (DMA) : Parameter (Instance) has Id (SPI2_RX) currently not set
2024-05-28 18:18:12,221 [INFO] ImportTextPane:194 - (OptionalMessage_ERROR) IP (DMA) : Parameter (Channel) has Id (SPI2_RX) currently not set
2024-05-28 18:18:12,221 [INFO] ImportTextPane:194 - (OptionalMessage_ERROR) IP (DMA) : Parameter (Direction) has Id (SPI2_RX) currently not set
2024-05-28 18:18:12,221 [INFO] ImportTextPane:194 - (OptionalMessage_ERROR) IP (DMA) : Parameter (PeriphInc) has Id (SPI2_RX) currently not set
2024-05-28 18:18:12,221 [INFO] ImportTextPane:194 - (OptionalMessage_ERROR) IP (DMA) : Parameter (MemInc) has Id (SPI2_RX) currently not set
2024-05-28 18:18:12,221 [INFO] ImportTextPane:194 - (OptionalMessage_ERROR) IP (DMA) : Parameter (PeriphDataAlignment) has Id (SPI2_RX) currently not set
2024-05-28 18:18:12,221 [INFO] ImportTextPane:194 - (OptionalMessage_ERROR) IP (DMA) : Parameter (MemDataAlignment) has Id (SPI2_RX) currently not set
2024-05-28 18:18:12,221 [INFO] ImportTextPane:194 - (OptionalMessage_ERROR) IP (DMA) : Parameter (Mode) has Id (SPI2_RX) currently not set
2024-05-28 18:18:12,221 [INFO] ImportTextPane:194 - (OptionalMessage_ERROR) IP (DMA) : Parameter (Priority) has Id (SPI2_RX) currently not set
2024-05-28 18:18:12,222 [INFO] ImportTextPane:194 - (OptionalMessage_ERROR) IP (DMA) : Parameter (FIFOMode) has Id (SPI2_RX) currently not set
2024-05-28 18:18:12,222 [INFO] ImportTextPane:194 - (OptionalMessage_ERROR) IP (DMA) : Parameter (Instance) has Id (SPI2_TX) currently not set
2024-05-28 18:18:12,222 [INFO] ImportTextPane:194 - (OptionalMessage_ERROR) IP (DMA) : Parameter (Channel) has Id (SPI2_TX) currently not set
2024-05-28 18:18:12,222 [INFO] ImportTextPane:194 - (OptionalMessage_ERROR) IP (DMA) : Parameter (Direction) has Id (SPI2_TX) currently not set
2024-05-28 18:18:12,222 [INFO] ImportTextPane:194 - (OptionalMessage_ERROR) IP (DMA) : Parameter (PeriphInc) has Id (SPI2_TX) currently not set
2024-05-28 18:18:12,222 [INFO] ImportTextPane:194 - (OptionalMessage_ERROR) IP (DMA) : Parameter (MemInc) has Id (SPI2_TX) currently not set
2024-05-28 18:18:12,222 [INFO] ImportTextPane:194 - (OptionalMessage_ERROR) IP (DMA) : Parameter (PeriphDataAlignment) has Id (SPI2_TX) currently not set
2024-05-28 18:18:12,222 [INFO] ImportTextPane:194 - (OptionalMessage_ERROR) IP (DMA) : Parameter (MemDataAlignment) has Id (SPI2_TX) currently not set
2024-05-28 18:18:12,222 [INFO] ImportTextPane:194 - (OptionalMessage_ERROR) IP (DMA) : Parameter (Mode) has Id (SPI2_TX) currently not set
2024-05-28 18:18:12,222 [INFO] ImportTextPane:194 - (OptionalMessage_ERROR) IP (DMA) : Parameter (Priority) has Id (SPI2_TX) currently not set
2024-05-28 18:18:12,222 [INFO] ImportTextPane:194 - (OptionalMessage_ERROR) IP (DMA) : Parameter (FIFOMode) has Id (SPI2_TX) currently not set
2024-05-28 18:18:12,222 [INFO] ImportTextPane:194 - (OptionalMessage_ERROR) IP (DMA) : Parameter (Instance) has Id (I2C2_RX) currently not set
2024-05-28 18:18:12,223 [INFO] ImportTextPane:194 - (OptionalMessage_ERROR) IP (DMA) : Parameter (Channel) has Id (I2C2_RX) currently not set
2024-05-28 18:18:12,223 [INFO] ImportTextPane:194 - (OptionalMessage_ERROR) IP (DMA) : Parameter (Direction) has Id (I2C2_RX) currently not set
2024-05-28 18:18:12,223 [INFO] ImportTextPane:194 - (OptionalMessage_ERROR) IP (DMA) : Parameter (PeriphInc) has Id (I2C2_RX) currently not set
2024-05-28 18:18:12,223 [INFO] ImportTextPane:194 - (OptionalMessage_ERROR) IP (DMA) : Parameter (MemInc) has Id (I2C2_RX) currently not set
2024-05-28 18:18:12,223 [INFO] ImportTextPane:194 - (OptionalMessage_ERROR) IP (DMA) : Parameter (PeriphDataAlignment) has Id (I2C2_RX) currently not set
2024-05-28 18:18:12,223 [INFO] ImportTextPane:194 - (OptionalMessage_ERROR) IP (DMA) : Parameter (MemDataAlignment) has Id (I2C2_RX) currently not set
2024-05-28 18:18:12,223 [INFO] ImportTextPane:194 - (OptionalMessage_ERROR) IP (DMA) : Parameter (Mode) has Id (I2C2_RX) currently not set
2024-05-28 18:18:12,223 [INFO] ImportTextPane:194 - (OptionalMessage_ERROR) IP (DMA) : Parameter (Priority) has Id (I2C2_RX) currently not set
2024-05-28 18:18:12,223 [INFO] ImportTextPane:194 - (OptionalMessage_ERROR) IP (DMA) : Parameter (FIFOMode) has Id (I2C2_RX) currently not set
2024-05-28 18:18:12,223 [INFO] ImportTextPane:194 - (OptionalMessage_ERROR) IP (DMA) : Parameter (Instance) has Id (I2C2_TX) currently not set
2024-05-28 18:18:12,223 [INFO] ImportTextPane:194 - (OptionalMessage_ERROR) IP (DMA) : Parameter (Channel) has Id (I2C2_TX) currently not set
2024-05-28 18:18:12,224 [INFO] ImportTextPane:194 - (OptionalMessage_ERROR) IP (DMA) : Parameter (Direction) has Id (I2C2_TX) currently not set
2024-05-28 18:18:12,224 [INFO] ImportTextPane:194 - (OptionalMessage_ERROR) IP (DMA) : Parameter (PeriphInc) has Id (I2C2_TX) currently not set
2024-05-28 18:18:12,224 [INFO] ImportTextPane:194 - (OptionalMessage_ERROR) IP (DMA) : Parameter (MemInc) has Id (I2C2_TX) currently not set
2024-05-28 18:18:12,224 [INFO] ImportTextPane:194 - (OptionalMessage_ERROR) IP (DMA) : Parameter (PeriphDataAlignment) has Id (I2C2_TX) currently not set
2024-05-28 18:18:12,224 [INFO] ImportTextPane:194 - (OptionalMessage_ERROR) IP (DMA) : Parameter (MemDataAlignment) has Id (I2C2_TX) currently not set
2024-05-28 18:18:12,224 [INFO] ImportTextPane:194 - (OptionalMessage_ERROR) IP (DMA) : Parameter (Mode) has Id (I2C2_TX) currently not set
2024-05-28 18:18:12,224 [INFO] ImportTextPane:194 - (OptionalMessage_ERROR) IP (DMA) : Parameter (Priority) has Id (I2C2_TX) currently not set
2024-05-28 18:18:12,224 [INFO] ImportTextPane:194 - (OptionalMessage_ERROR) IP (DMA) : Parameter (FIFOMode) has Id (I2C2_TX) currently not set
2024-05-28 18:18:12,225 [INFO] ImportTextPane:194 - (OptionalMessage_ERROR) IP (ETH) : Invalid parameter (PHY_Name)
2024-05-28 18:18:12,225 [INFO] ImportTextPane:194 - (OptionalMessage_ERROR) IP (ETH) : Invalid parameter (PHY_Value)
2024-05-28 18:18:12,225 [INFO] ImportTextPane:194 - (OptionalMessage_ERROR) IP (ETH) : Invalid parameter (PhyAddress)
2024-05-28 18:18:12,230 [WARN] IP:2119 - CMSIS_VERSION not found: check if there is a RefParameter without a condition.
2024-05-28 18:18:12,250 [WARN] IP:2119 - LWIP_NETIF_HOSTNAME not found: check if there is a RefParameter without a condition.
2024-05-28 18:18:12,300 [INFO] ImportTextPane:194 - (OptionalMessage_ERROR) IP (RCC) : Invalid parameter (48MHZClocksFreq_Value)
2024-05-28 18:18:12,300 [INFO] ImportTextPane:194 - (OptionalMessage_ERROR) IP (RCC) : Invalid parameter (ADC12outputFreq_Value)
2024-05-28 18:18:12,300 [INFO] ImportTextPane:194 - (OptionalMessage_ERROR) IP (RCC) : Invalid parameter (ADC34outputFreq_Value)
2024-05-28 18:18:12,301 [INFO] ImportTextPane:194 - (OptionalMessage_ERROR) IP (RCC) : Invalid parameter (FamilyName)
2024-05-28 18:18:12,301 [INFO] ImportTextPane:194 - (OptionalMessage_ERROR) IP (RCC) : Invalid parameter (I2SClocksFreq_Value)
2024-05-28 18:18:12,301 [INFO] ImportTextPane:194 - (OptionalMessage_ERROR) IP (RCC) : Parameter (LCDTFToutputFreq_Value) has invalid value (96000000)
2024-05-28 18:18:12,301 [INFO] ImportTextPane:194 - (OptionalMessage_ERROR) IP (RCC) : Invalid parameter (MCOFreq_Value)
2024-05-28 18:18:12,302 [INFO] ImportTextPane:194 - (OptionalMessage_ERROR) IP (RCC) : Invalid parameter (PLLMCOFreq_Value)
2024-05-28 18:18:12,302 [INFO] ImportTextPane:194 - (OptionalMessage_ERROR) IP (RCC) : Invalid parameter (PLLMUL)
2024-05-28 18:18:12,302 [INFO] ImportTextPane:194 - (OptionalMessage_ERROR) IP (RCC) : Invalid parameter (PRESCALERUSB)
2024-05-28 18:18:12,302 [INFO] ImportTextPane:194 - (OptionalMessage_ERROR) IP (RCC) : Invalid parameter (RTCHSEDivFreq_Value)
2024-05-28 18:18:12,303 [INFO] ImportTextPane:194 - (OptionalMessage_ERROR) IP (RCC) : Parameter (SDMMCFreq_Value) has invalid value (72000000)
2024-05-28 18:18:12,303 [INFO] ImportTextPane:194 - (OptionalMessage_ERROR) IP (RCC) : Invalid parameter (SYSCLKSourceVirtual)
2024-05-28 18:18:12,303 [INFO] ImportTextPane:194 - (OptionalMessage_ERROR) IP (RCC) : Invalid parameter (TIM15Freq_Value)
2024-05-28 18:18:12,303 [INFO] ImportTextPane:194 - (OptionalMessage_ERROR) IP (RCC) : Invalid parameter (TIM16Freq_Value)
2024-05-28 18:18:12,303 [INFO] ImportTextPane:194 - (OptionalMessage_ERROR) IP (RCC) : Invalid parameter (TIM17Freq_Value)
2024-05-28 18:18:12,303 [INFO] ImportTextPane:194 - (OptionalMessage_ERROR) IP (RCC) : Invalid parameter (TIM1Freq_Value)
2024-05-28 18:18:12,303 [INFO] ImportTextPane:194 - (OptionalMessage_ERROR) IP (RCC) : Invalid parameter (TIM20Freq_Value)
2024-05-28 18:18:12,303 [INFO] ImportTextPane:194 - (OptionalMessage_ERROR) IP (RCC) : Invalid parameter (TIM2Freq_Value)
2024-05-28 18:18:12,303 [INFO] ImportTextPane:194 - (OptionalMessage_ERROR) IP (RCC) : Invalid parameter (TIM3Freq_Value)
2024-05-28 18:18:12,303 [INFO] ImportTextPane:194 - (OptionalMessage_ERROR) IP (RCC) : Invalid parameter (TIM8Freq_Value)
2024-05-28 18:18:12,304 [INFO] ImportTextPane:194 - (OptionalMessage_ERROR) IP (RCC) : Invalid parameter (VCOOutput2Freq_Value)
2024-05-28 18:18:12,304 [INFO] ImportTextPane:194 - (OptionalMessage_ERROR) IP (RCC) : Invalid parameter (VcooutputI2S)
2024-05-28 18:18:13,373 [INFO] UtilMem:75 - End LoadConfig() Used Memory: 877868664 Bytes (1073741824)
2024-05-28 18:18:13,694 [INFO] ApiDb:581 - Connected to CubeFinder SQLite database (C:\Users\yarde\.stmcufinder\plugins\mcufinder\mcu\cube-finder-db.db)
2024-05-28 18:18:13,892 [INFO] ApiDb:668 - CubeFinder database Data Model version=2.1
2024-05-28 18:18:13,892 [INFO] ApiDb:669 - CubeFinder database Configuration version=3.0.39
2024-05-28 18:18:13,892 [INFO] ApiDb:670 - CubeFinder database generation date=2024-04-15 (1713193726)
2024-05-28 18:18:13,892 [INFO] ApiDb:671 - CubeFinder database FW Pack versions=[FP-ATR-ASTRA1_V2.0.0, FP-SNS-FLIGHT1_V5.0.1, FP-SNS-FLIGHT1_V5.0.2, FP-SNS-MOTENV1_V4.3.1, FP-SNS-MOTENV1_V4.3.2, FP-SNS-MOTENVWB1_V1.3.1, FP-SNS-SMARTAG2_V1.2.0, STM32Cube_FW_C0_V1.1.0, STM32Cube_FW_F4_V1.28.0, STM32Cube_FW_F7_V1.17.0, STM32Cube_FW_G0_V1.6.2, STM32Cube_FW_G4_V1.5.2, STM32Cube_FW_H5_V0.5.1, STM32Cube_FW_H5_V1.1.1, STM32Cube_FW_H5_V1.2.0, STM32Cube_FW_H5_V1.2.0RC4, STM32Cube_FW_H7RS_V1.0.0, STM32Cube_FW_H7RS_V1.0.0RC4, STM32Cube_FW_H7_V1.11.0, STM32Cube_FW_L0_V1.12.2, STM32Cube_FW_L5_V1.5.1, STM32Cube_FW_U0_V1.0.0, STM32Cube_FW_U0_V1.0.0RC1, STM32Cube_FW_U5_V1.3.0RC4, STM32Cube_FW_U5_V1.5.0, STM32Cube_FW_U5_V1.5.0RC1, STM32Cube_FW_WBA_V1.0.0RC1, STM32Cube_FW_WBA_V1.2.0, STM32Cube_FW_WBA_V1.2.0RC2, STM32Cube_FW_WBA_V1.3.0, STM32Cube_FW_WBA_V1.3.0RC1, STM32Cube_FW_WB_V1.15.0RC1, STM32Cube_FW_WB_V1.16.0, STM32Cube_FW_WB_V1.16.0RC2, STM32Cube_FW_WB_V1.18.0, STM32Cube_FW_WB_V1.19.0, STM32Cube_FW_WL_V1.3.0, X-CUBE-ALGOBUILD_V1.3.0, X-CUBE-ALS_V1.0.1, X-CUBE-AZRTOS-F4_V1.1.0, X-CUBE-AZRTOS-F7_V1.1.0, X-CUBE-AZRTOS-G0_V1.1.0, X-CUBE-AZRTOS-G4_V2.0.0, X-CUBE-AZRTOS-H7_V3.2.0, X-CUBE-AZRTOS-L4_V1.0.0, X-CUBE-AZRTOS-L4_V2.0.0, X-CUBE-AZRTOS-L5_V1.1.0, X-CUBE-AZRTOS-WB_V2.0.0, X-CUBE-AZRTOS-WL_V2.0.0, X-CUBE-BLE1_V7.0.0, X-CUBE-BLE2_V3.3.0, X-CUBE-BLEMGR_V3.1.0, X-CUBE-EEPRMA1_V4.1.0, X-CUBE-EEPRMA1_V5.1.0, X-CUBE-FREERTOS_V1.1.0, X-CUBE-GNSS1_V6.0.0, X-CUBE-MEMS1_V10.0.0, X-CUBE-MEMS1_V9.1.0, X-CUBE-MEMS1_V9.4.0, X-CUBE-MEMS1_V9.6.0, X-CUBE-NFC4_V3.0.0, X-CUBE-NFC7_V1.0.1, X-CUBE-SFXS2LP1_V4.0.0, X-CUBE-SUBG2_V5.0.0, X-CUBE-TOF1_V3.4.0]
2024-05-28 18:18:17,284 [INFO] ApiDb:240 - Found 371 in-development CPN: [B-G473E-ZEST1S, B-WB1M-WPAN1, B-WL5M-SUBG1, NUCLEO-C031C6, NUCLEO-H503RB, NUCLEO-H563ZI, NUCLEO-U545RE-Q, NUCLEO-U5A5ZJ-Q, NUCLEO-WBA52CG, NUCLEO-WBA55CG, STEVAL-MKBOXPRO, STEVAL-PROTEUS1, STEVAL-STWINBX1, STM320518-EVAL, STM32C0116-DK, STM32C011D6Y3TR, STM32C011D6Y6TR, STM32C011F4P3, STM32C011F4P6, STM32C011F4U3, STM32C011F4U6TR, STM32C011F6P3, STM32C011F6P6, STM32C011F6U3, STM32C011F6U6TR, STM32C011J4M3, STM32C011J4M6, STM32C011J6M3, STM32C011J6M6, STM32C0316-DK, STM32C031C4T3, STM32C031C4T6, STM32C031C4U3, STM32C031C4U6, STM32C031C6T3, STM32C031C6T6, STM32C031C6U3, STM32C031C6U6, STM32C031F4P3, STM32C031F4P6, STM32C031F6P3, STM32C031F6P6, STM32C031G4U3, STM32C031G4U6, STM32C031G6U3, STM32C031G6U6, STM32C031K4T3, STM32C031K4T6, STM32C031K4U3, STM32C031K4U6, STM32C031K6T3, STM32C031K6T6, STM32C031K6U3, STM32C031K6U6, STM32G071K8TXN, STM32G071K8UXN, STM32G081GBU6N, STM32G081KBT6N, STM32G081KBUXN, STM32G0B1CCT6N, STM32G0B1KCT6, STM32G0B1NEY6TR, STM32G0B1RCT6N, STM32G0C1CCT6, STM32G0C1CCT6N, STM32G0C1CCU6N, STM32G0C1CET6N, STM32G0C1CEU6N, STM32G0C1KCT6, STM32G0C1NEY6TR, STM32G0C1RCI6N, STM32G0C1RCT6N, STM32G0C1REI6N, STM32G0C1RET6N, STM32G0C1VCI6, STM32G0C1VEI6, STM32G471CCT6, STM32G471CCU6, STM32G471CET3, STM32G471CET6, STM32G471CEU3, STM32G471CEU6, STM32G471MCT6, STM32G471MET3, STM32G471MET6, STM32G471MEY6TR, STM32G471QCT6, STM32G471QET3, STM32G471RCT6, STM32G471RET3, STM32G471RET6, STM32G471VCH6, STM32G471VCI6, STM32G471VCT6, STM32G471VEH3, STM32G471VEH6, STM32G471VEI3, STM32G471VEI6, STM32G471VET3, STM32G471VET6, STM32G474CCT6, STM32H503CBT6, STM32H503CBU6, STM32H503EBY6TR, STM32H503KBU6, STM32H503RBT6, STM32H562AGI6, STM32H562AII6, STM32H562IGK6, STM32H562IGT6, STM32H562IIK6, STM32H562IIT6, STM32H562RGT6, STM32H562RGV6, STM32H562RIT6, STM32H562RIV6, STM32H562VGT6, STM32H562VIT6, STM32H562ZGT6, STM32H562ZIT6, STM32H563AGI6, STM32H563AII3Q, STM32H563AII6, STM32H563IGK6, STM32H563IGT6, STM32H563IIK3Q, STM32H563IIK6, STM32H563IIT3Q, STM32H563IIT6, STM32H563MIY3QTR, STM32H563RGT6, STM32H563RGV6, STM32H563RIT6, STM32H563RIV6, STM32H563VGT6, STM32H563VIT3Q, STM32H563VIT6, STM32H563ZGT6, STM32H563ZIT3Q, STM32H563ZIT6, STM32H573AII3Q, STM32H573AII6, STM32H573I-DK, STM32H573IIK3Q, STM32H573IIK6, STM32H573IIT3Q, STM32H573IIT6, STM32H573MIY3QTR, STM32H573RIT6, STM32H573RIV6, STM32H573VIT3Q, STM32H573VIT6, STM32H573ZIT3Q, STM32H573ZIT6, STM32L4R5QGI6STR, STM32MP131AAE3, STM32MP131AAF3, STM32MP131AAG3, STM32MP131CAE3, STM32MP131CAF3, STM32MP131CAG3, STM32MP131DAE7, STM32MP131DAF7, STM32MP131DAG7, STM32MP131FAE7, STM32MP131FAF7, STM32MP131FAG7, STM32MP133AAE3, STM32MP133AAF3, STM32MP133AAG3, STM32MP133CAE3, STM32MP133CAF3, STM32MP133CAG3, STM32MP133DAE7, STM32MP133DAF7, STM32MP133DAG7, STM32MP133FAE7, STM32MP133FAF7, STM32MP133FAG7, STM32MP135AAE3, STM32MP135AAF3, STM32MP135AAG3, STM32MP135CAE3, STM32MP135CAF3, STM32MP135CAG3, STM32MP135DAE7, STM32MP135DAF7, STM32MP135DAG7, STM32MP135F-DK, STM32MP135FAE7, STM32MP135FAF7, STM32MP135FAF7T, STM32MP135FAF7U, STM32MP135FAG7, STM32U535CBT6, STM32U535CBT6Q, STM32U535CBU6, STM32U535CBU6Q, STM32U535CCT6, STM32U535CCT6Q, STM32U535CCU6, STM32U535CCU6Q, STM32U535CET6, STM32U535CET6Q, STM32U535CEU6, STM32U535CEU6Q, STM32U535JEY6QTR, STM32U535NCY6QTR, STM32U535NEY6QTR, STM32U535RBI6, STM32U535RBI6Q, STM32U535RBT6, STM32U535RBT6Q, STM32U535RCI6, STM32U535RCI6Q, STM32U535RCT6, STM32U535RCT6Q, STM32U535REI6, STM32U535REI6Q, STM32U535RET6, STM32U535RET6Q, STM32U535VCI6, STM32U535VCI6Q, STM32U535VCT6, STM32U535VCT6Q, STM32U535VEI6, STM32U535VEI6Q, STM32U535VET6, STM32U535VET6Q, STM32U545CET6, STM32U545CET6Q, STM32U545CEU6, STM32U545CEU6Q, STM32U545JEY6QTR, STM32U545NEY6QTR, STM32U545REI6, STM32U545REI6Q, STM32U545RET6, STM32U545RET6Q, STM32U545VEI6, STM32U545VEI6Q, STM32U545VET6, STM32U545VET6Q, STM32U595AIH6, STM32U595AIH6Q, STM32U595AJH6, STM32U595AJH6Q, STM32U595QII6, STM32U595QII6Q, STM32U595QJI6, STM32U595QJI6Q, STM32U595RIT6, STM32U595RIT6Q, STM32U595RJT6, STM32U595RJT6Q, STM32U595VIT6, STM32U595VIT6Q, STM32U595VJT6, STM32U595VJT6Q, STM32U595ZIT6, STM32U595ZIT6Q, STM32U595ZIY6QTR, STM32U595ZJT6, STM32U595ZJT6Q, STM32U595ZJY6QTR, STM32U599BJY6QTR, STM32U599NIH6Q, STM32U599NJH6Q, STM32U599VIT6Q, STM32U599VJT6, STM32U599VJT6Q, STM32U599ZIT6Q, STM32U599ZIY6QTR, STM32U599ZJT6Q, STM32U599ZJY6QTR, STM32U5A5AJH6, STM32U5A5AJH6Q, STM32U5A5QJI6, STM32U5A5QJI6Q, STM32U5A5RJT6, STM32U5A5RJT6Q, STM32U5A5VJT6, STM32U5A5VJT6Q, STM32U5A5ZJT6, STM32U5A5ZJT6Q, STM32U5A5ZJY6QTR, STM32U5A9BJY6QTR, STM32U5A9J-DK, STM32U5A9NJH6Q, STM32U5A9VJT6Q, STM32U5A9ZJT6Q, STM32U5A9ZJY6QTR, STM32U5F7VIT6, STM32U5F7VIT6Q, STM32U5F7VJT6, STM32U5F7VJT6Q, STM32U5F9BJY6QTR, STM32U5F9NJH6Q, STM32U5F9VIT6Q, STM32U5F9VJT6Q, STM32U5F9ZIJ6QTR, STM32U5F9ZIT6Q, STM32U5F9ZJJ6QTR, STM32U5F9ZJT6Q, STM32U5G7VJT6, STM32U5G7VJT6Q, STM32U5G9BJY6QTR, STM32U5G9J-DK1, STM32U5G9J-DK2, STM32U5G9NJH6Q, STM32U5G9VJT6Q, STM32U5G9ZJJ6QTR, STM32U5G9ZJT6Q, STM32WB1MMCH6, STM32WBA50KEU6, STM32WBA50KEU6TR, STM32WBA50KGU6, STM32WBA50KGU6TR, STM32WBA52CEU6, STM32WBA52CEU6TR, STM32WBA52CEU7, STM32WBA52CEU7TR, STM32WBA52CGU6, STM32WBA52CGU6TR, STM32WBA52CGU6U, STM32WBA52CGU7, STM32WBA52CGU7TR, STM32WBA52KEU6, STM32WBA52KEU6TR, STM32WBA52KGU6, STM32WBA52KGU6TR, STM32WBA54CEU6, STM32WBA54CEU6TR, STM32WBA54CEU7, STM32WBA54CEU7TR, STM32WBA54CGU6, STM32WBA54CGU6TR, STM32WBA54CGU7, STM32WBA54CGU7TR, STM32WBA54KEU6, STM32WBA54KEU6TR, STM32WBA54KEU7, STM32WBA54KEU7TR, STM32WBA54KGU6, STM32WBA54KGU6TR, STM32WBA54KGU7, STM32WBA54KGU7TR, STM32WBA55CEU6, STM32WBA55CEU6TR, STM32WBA55CEU7, STM32WBA55CEU7TR, STM32WBA55CGU6, STM32WBA55CGU6TR, STM32WBA55CGU6U, STM32WBA55CGU7, STM32WBA55CGU7TR, STM32WBA55G-DK1, STM32WBA55HEF6, STM32WBA55HEF7, STM32WBA55HGF6, STM32WBA55HGF7, STM32WBA55UEI6, STM32WBA55UEI6TR, STM32WBA55UEI7, STM32WBA55UEI7TR, STM32WBA55UGI6, STM32WBA55UGI6TR, STM32WBA55UGI7, STM32WBA55UGI7TR, STM32WL5MOCH6, STM32WL5MOCH6TR]
2024-05-28 18:18:17,292 [INFO] DbMcus:218 - Found 4092 MCUs, 4092 are supported
2024-05-28 18:18:17,293 [INFO] ApiDb:423 - Load user favorites file C:\Users\yarde/.stm32cubeide/favorites.mcus.txt: 0 item(s)
2024-05-28 18:18:17,293 [INFO] ApiDb:427 - User favorites MCUs=[]
2024-05-28 18:18:17,293 [INFO] DbMcus:224 - Set 0 / 0 favorites MCUs
2024-05-28 18:18:18,101 [INFO] MicroXplorer:468 - Change Database Path : 
2024-05-28 18:18:18,101 [INFO] MicroXplorer:498 - Change Database Version : DB.6.0.100
2024-05-28 18:18:18,102 [WARN] ThirdParty:833 - waiting for thirdparty lock release [change project]
2024-05-28 18:18:18,102 [INFO] ThirdParty:835 - entering critical section [change project]
2024-05-28 18:18:18,102 [INFO] ThirdParty:1030 - CMSIS Pack Vendor :STMicroelectronics X-CUBE-ISPU 1.1.0
2024-05-28 18:18:18,102 [INFO] ThirdParty:1030 - CMSIS Pack Vendor :STMicroelectronics USBPD 4.1
2024-05-28 18:18:18,102 [INFO] ThirdParty:1030 - CMSIS Pack Vendor :STMicroelectronics X-CUBE-GNSS1 6.0.0
2024-05-28 18:18:18,102 [INFO] ThirdParty:1030 - CMSIS Pack Vendor :STMicroelectronics USB_HOST 2.0.0
2024-05-28 18:18:18,102 [INFO] ThirdParty:1030 - CMSIS Pack Vendor :STMicroelectronics FP-SNS-MOTENVWB1 1.4.0
2024-05-28 18:18:18,102 [INFO] ThirdParty:1030 - CMSIS Pack Vendor :STMicroelectronics X-CUBE-AZRTOS-F4 1.1.0
2024-05-28 18:18:18,102 [INFO] ThirdParty:1030 - CMSIS Pack Vendor :STMicroelectronics LIBJPEG 8.0.0
2024-05-28 18:18:18,102 [INFO] ThirdParty:1030 - CMSIS Pack Vendor :wolfSSL I-CUBE-wolfSSL 5.6.3
2024-05-28 18:18:18,102 [INFO] ThirdParty:1030 - CMSIS Pack Vendor :STMicroelectronics X-CUBE-SMBUS 2.1.0
2024-05-28 18:18:18,102 [INFO] ThirdParty:1030 - CMSIS Pack Vendor :STMicroelectronics USB_DEVICE 3.0.0
2024-05-28 18:18:18,103 [INFO] ThirdParty:1030 - CMSIS Pack Vendor :STMicroelectronics X-CUBE-TCPP 4.1.0
2024-05-28 18:18:18,103 [INFO] ThirdParty:1030 - CMSIS Pack Vendor :STMicroelectronics X-CUBE-FREERTOS 1.2.0
2024-05-28 18:18:18,103 [INFO] ThirdParty:1030 - CMSIS Pack Vendor :STMicroelectronics X-CUBE-AZRTOS-WB 2.0.0
2024-05-28 18:18:18,103 [INFO] ThirdParty:1030 - CMSIS Pack Vendor :STMicroelectronics X-CUBE-TOUCHGFX 4.23.0
2024-05-28 18:18:18,103 [INFO] ThirdParty:1030 - CMSIS Pack Vendor :STMicroelectronics X-CUBE-TOUCHGFX 4.23.2
2024-05-28 18:18:18,103 [INFO] ThirdParty:1030 - CMSIS Pack Vendor :STMicroelectronics X-CUBE-AZRTOS-F7 1.1.0
2024-05-28 18:18:18,103 [INFO] ThirdParty:1030 - CMSIS Pack Vendor :STMicroelectronics X-CUBE-AZRTOS-L5 2.0.0
2024-05-28 18:18:18,103 [INFO] ThirdParty:1030 - CMSIS Pack Vendor :STMicroelectronics USB_DEVICE 2.0.0
2024-05-28 18:18:18,103 [INFO] ThirdParty:1030 - CMSIS Pack Vendor :STMicroelectronics X-CUBE-MEMS1 9.6.0
2024-05-28 18:18:18,103 [INFO] ThirdParty:1030 - CMSIS Pack Vendor :STMicroelectronics X-CUBE-EEPRMA1 4.2.0
2024-05-28 18:18:18,103 [INFO] ThirdParty:1030 - CMSIS Pack Vendor :STMicroelectronics X-CUBE-NFC6 3.1.0
2024-05-28 18:18:18,104 [INFO] ThirdParty:1030 - CMSIS Pack Vendor :ITTIA_DB I-CUBE-ITTIADB 8.8.0
2024-05-28 18:18:18,104 [INFO] ThirdParty:1030 - CMSIS Pack Vendor :STMicroelectronics FP-SNS-MOTENV1 4.3.2
2024-05-28 18:18:18,104 [INFO] ThirdParty:1030 - CMSIS Pack Vendor :STMicroelectronics X-CUBE-ALGOBUILD 1.3.0
2024-05-28 18:18:18,105 [INFO] ThirdParty:1030 - CMSIS Pack Vendor :STMicroelectronics FreeRTOS 0.0.1
2024-05-28 18:18:18,105 [INFO] ThirdParty:1030 - CMSIS Pack Vendor :STMicroelectronics X-CUBE-AZRTOS-G0 1.1.0
2024-05-28 18:18:18,105 [INFO] ThirdParty:1030 - CMSIS Pack Vendor :STMicroelectronics X-CUBE-BLEMGR 2.0.0
2024-05-28 18:18:18,105 [INFO] ThirdParty:1030 - CMSIS Pack Vendor :STMicroelectronics X-CUBE-SAFEA1 1.2.2
2024-05-28 18:18:18,105 [INFO] ThirdParty:1030 - CMSIS Pack Vendor :STMicroelectronics X-CUBE-NFC4 3.0.0
2024-05-28 18:18:18,105 [INFO] ThirdParty:1030 - CMSIS Pack Vendor :STMicroelectronics X-CUBE-SUBG2 5.0.0
2024-05-28 18:18:18,105 [INFO] ThirdParty:1030 - CMSIS Pack Vendor :STMicroelectronics STM32_WPAN 1.0.0
2024-05-28 18:18:18,105 [INFO] ThirdParty:1030 - CMSIS Pack Vendor :STMicroelectronics lwIP 2.0.3
2024-05-28 18:18:18,106 [INFO] ThirdParty:1030 - CMSIS Pack Vendor :STMicroelectronics FP-SNS-FLIGHT1 5.0.2
2024-05-28 18:18:18,106 [INFO] ThirdParty:1030 - CMSIS Pack Vendor :STMicroelectronics USB_HOST 1.0.0
2024-05-28 18:18:18,106 [INFO] ThirdParty:1030 - CMSIS Pack Vendor :STMicroelectronics X-CUBE-TOF1 3.3.1
2024-05-28 18:18:18,106 [INFO] ThirdParty:1030 - CMSIS Pack Vendor :STMicroelectronics X-CUBE-AI 9.0.0
2024-05-28 18:18:18,106 [INFO] ThirdParty:1030 - CMSIS Pack Vendor :STMicroelectronics X-CUBE-AZRTOS-G4 2.0.0
2024-05-28 18:18:18,106 [INFO] ThirdParty:1030 - CMSIS Pack Vendor :STMicroelectronics PDM2PCM 3.1.0
2024-05-28 18:18:18,106 [INFO] ThirdParty:1030 - CMSIS Pack Vendor :STMicroelectronics X-CUBE-AZRTOS-H7 3.1.0
2024-05-28 18:18:18,106 [INFO] ThirdParty:1030 - CMSIS Pack Vendor :Infineon AIROC-Wi-Fi-Bluetooth-STM32 1.5.1
2024-05-28 18:18:18,107 [INFO] ThirdParty:1030 - CMSIS Pack Vendor :STMicroelectronics X-CUBE-BLEMGR 3.0.0
2024-05-28 18:18:18,107 [INFO] ThirdParty:1030 - CMSIS Pack Vendor :STMicroelectronics PDM2PCM 3.3.0
2024-05-28 18:18:18,107 [INFO] ThirdParty:1030 - CMSIS Pack Vendor :STMicroelectronics X-CUBE-DISPLAY 3.0.0
2024-05-28 18:18:18,107 [INFO] ThirdParty:1030 - CMSIS Pack Vendor :STMicroelectronics FP-SNS-MOTENVWB1 1.3.0
2024-05-28 18:18:18,107 [INFO] ThirdParty:1030 - CMSIS Pack Vendor :STMicroelectronics FP-SNS-MOTENVWB1 1.3.1
2024-05-28 18:18:18,107 [INFO] ThirdParty:1030 - CMSIS Pack Vendor :STMicroelectronics X-CUBE-BLE1 7.0.0
2024-05-28 18:18:18,107 [INFO] ThirdParty:1030 - CMSIS Pack Vendor :STMicroelectronics FP-ATR-SIGFOX1 3.2.0
2024-05-28 18:18:18,107 [INFO] ThirdParty:1030 - CMSIS Pack Vendor :STMicroelectronics X-CUBE-ISPU 2.0.0
2024-05-28 18:18:18,107 [INFO] ThirdParty:1030 - CMSIS Pack Vendor :STMicroelectronics X-CUBE-EEPRMA1 5.1.0
2024-05-28 18:18:18,107 [INFO] ThirdParty:1030 - CMSIS Pack Vendor :STMicroelectronics HAL Drivers 0.0.0
2024-05-28 18:18:18,107 [INFO] ThirdParty:1030 - CMSIS Pack Vendor :STMicroelectronics MBEDTLS 2.16.2
2024-05-28 18:18:18,107 [INFO] ThirdParty:1030 - CMSIS Pack Vendor :STMicroelectronics X-CUBE-ALS 1.0.2
2024-05-28 18:18:18,107 [INFO] ThirdParty:1030 - CMSIS Pack Vendor :emotas I-CUBE-CANOPEN 1.3.0
2024-05-28 18:18:18,107 [INFO] ThirdParty:1030 - CMSIS Pack Vendor :STMicroelectronics X-CUBE-MEMS1 10.0.0
2024-05-28 18:18:18,107 [INFO] ThirdParty:1030 - CMSIS Pack Vendor :STMicroelectronics X-CUBE-FREERTOS 1.1.0
2024-05-28 18:18:18,107 [INFO] ThirdParty:1030 - CMSIS Pack Vendor :STMicroelectronics X-CUBE-TOUCHGFX 4.22.0
2024-05-28 18:18:18,108 [INFO] ThirdParty:1030 - CMSIS Pack Vendor :STMicroelectronics X-CUBE-NFC7 1.0.1
2024-05-28 18:18:18,108 [INFO] ThirdParty:1030 - CMSIS Pack Vendor :STMicroelectronics MBEDTLS 2.14.1
2024-05-28 18:18:18,108 [INFO] ThirdParty:1030 - CMSIS Pack Vendor :STMicroelectronics X-CUBE-TOUCHGFX 4.22.1
2024-05-28 18:18:18,108 [INFO] ThirdParty:1030 - CMSIS Pack Vendor :STMicroelectronics X-CUBE-NFC6 3.0.0
2024-05-28 18:18:18,108 [INFO] ThirdParty:1030 - CMSIS Pack Vendor :STMicroelectronics X-CUBE-EEPRMA1 4.1.0
2024-05-28 18:18:18,108 [INFO] ThirdParty:1030 - CMSIS Pack Vendor :portGmbH I-Cube-SoM-uGOAL 1.1.0
2024-05-28 18:18:18,108 [INFO] ThirdParty:1030 - CMSIS Pack Vendor :STMicroelectronics X-CUBE-ALS 1.0.1
2024-05-28 18:18:18,108 [INFO] ThirdParty:1030 - CMSIS Pack Vendor :STMicroelectronics X-CUBE-BLEMGR 3.1.0
2024-05-28 18:18:18,108 [INFO] ThirdParty:1030 - CMSIS Pack Vendor :STMicroelectronics ThreadX 1.0.0
2024-05-28 18:18:18,108 [INFO] ThirdParty:1030 - CMSIS Pack Vendor :STMicroelectronics FP-SNS-SMARTAG2 1.2.0
2024-05-28 18:18:18,108 [INFO] ThirdParty:1030 - CMSIS Pack Vendor :STMicroelectronics X-CUBE-AZRTOS-WL 2.0.0
2024-05-28 18:18:18,108 [INFO] ThirdParty:1030 - CMSIS Pack Vendor :SEGGER I-CUBE-embOS 1.3.1
2024-05-28 18:18:18,108 [INFO] ThirdParty:1030 - CMSIS Pack Vendor :STMicroelectronics X-CUBE-ALGOBUILD 1.4.0
2024-05-28 18:18:18,108 [INFO] ThirdParty:1030 - CMSIS Pack Vendor :STMicroelectronics FP-SNS-MOTENV1 5.0.0
2024-05-28 18:18:18,108 [INFO] ThirdParty:1030 - CMSIS Pack Vendor :STMicroelectronics USB_DEVICE 1.0.0
2024-05-28 18:18:18,108 [INFO] ThirdParty:1030 - CMSIS Pack Vendor :STMicroelectronics X-CUBE-AI 8.1.0
2024-05-28 18:18:18,109 [INFO] ThirdParty:1030 - CMSIS Pack Vendor :STMicroelectronics X-CUBE-AZRTOS-H7RS 1.0.0
2024-05-28 18:18:18,109 [INFO] ThirdParty:1030 - CMSIS Pack Vendor :STMicroelectronics X-CUBE-AZRTOS-L4 2.0.0
2024-05-28 18:18:18,109 [INFO] ThirdParty:1030 - CMSIS Pack Vendor :STMicroelectronics ThreadX 0.0.2
2024-05-28 18:18:18,109 [INFO] ThirdParty:1030 - CMSIS Pack Vendor :WES I-CUBE-Cesium 1.3.0
2024-05-28 18:18:18,109 [INFO] ThirdParty:1030 - CMSIS Pack Vendor :STMicroelectronics FP-ATR-ASTRA1 2.0.0
2024-05-28 18:18:18,109 [INFO] ThirdParty:1030 - CMSIS Pack Vendor :STMicroelectronics lwIP 2.1.2
2024-05-28 18:18:18,109 [INFO] ThirdParty:1030 - CMSIS Pack Vendor :STMicroelectronics X-CUBE-SFXS2LP1 4.0.0
2024-05-28 18:18:18,109 [INFO] ThirdParty:1030 - CMSIS Pack Vendor :STMicroelectronics X-CUBE-BLE2 3.3.0
2024-05-28 18:18:18,109 [INFO] ThirdParty:1030 - CMSIS Pack Vendor :STMicroelectronics X-CUBE-TOF1 3.4.0
2024-05-28 18:18:18,109 [INFO] ThirdParty:1030 - CMSIS Pack Vendor :STMicroelectronics X-CUBE-TOF1 3.4.1
2024-05-28 18:18:18,109 [INFO] ThirdParty:1030 - CMSIS Pack Vendor :STMicroelectronics X-CUBE-AZRTOS-H7 3.2.0
2024-05-28 18:18:18,109 [INFO] ThirdParty:1030 - CMSIS Pack Vendor :STMicroelectronics PDM2PCM 3.2.0
2024-05-28 18:18:18,109 [INFO] ThirdParty:841 - exiting critical section [change project]
2024-05-28 18:18:19,198 [INFO] PinOutPanel:1499 - setPackage(No Configuration,No Configuration)
2024-05-28 18:18:19,201 [INFO] PinOutPanel:1499 - setPackage(STM32F746ZGTx,LQFP144)
2024-05-28 18:18:20,697 [INFO] UtilMem:75 - Before build in PCC Used Memory: 742813096 Bytes (1073741824)
2024-05-28 18:18:21,994 [INFO] UtilMem:75 - After build in PCC Used Memory: 682385408 Bytes (1073741824)
2024-05-28 18:18:22,294 [INFO] ApiDbMcu:508 - Load IP Config File for LWIP
2024-05-28 18:18:22,370 [INFO] IPUIPlugin:80 - create IPUIPlugin
2024-05-28 18:18:22,370 [INFO] IPUIPlugin:80 - create IPUIPlugin
2024-05-28 18:18:22,370 [INFO] IPUIPlugin:80 - create IPUIPlugin
2024-05-28 18:18:22,371 [INFO] IPUIPlugin:80 - create IPUIPlugin
2024-05-28 18:18:22,371 [INFO] IPUIPlugin:80 - create IPUIPlugin
2024-05-28 18:18:22,371 [INFO] IPUIPlugin:80 - create IPUIPlugin
2024-05-28 18:18:22,371 [INFO] IPUIPlugin:80 - create IPUIPlugin
2024-05-28 18:18:22,372 [INFO] IPUIPlugin:80 - create IPUIPlugin
2024-05-28 18:18:22,372 [INFO] IPUIPlugin:80 - create IPUIPlugin
2024-05-28 18:18:22,372 [INFO] IPUIPlugin:80 - create IPUIPlugin
2024-05-28 18:18:22,373 [INFO] IPUIPlugin:80 - create IPUIPlugin
2024-05-28 18:18:22,373 [INFO] IPUIPlugin:80 - create IPUIPlugin
2024-05-28 18:18:22,373 [INFO] IPUIPlugin:80 - create IPUIPlugin
2024-05-28 18:18:22,373 [INFO] IPUIPlugin:80 - create IPUIPlugin
2024-05-28 18:18:22,373 [INFO] IPUIPlugin:80 - create IPUIPlugin
2024-05-28 18:18:22,374 [INFO] IPUIPlugin:80 - create IPUIPlugin
2024-05-28 18:18:22,374 [INFO] IPUIPlugin:80 - create IPUIPlugin
2024-05-28 18:18:22,374 [INFO] IPUIPlugin:80 - create IPUIPlugin
2024-05-28 18:18:22,374 [INFO] IPUIPlugin:80 - create IPUIPlugin
2024-05-28 18:18:22,375 [INFO] IPUIPlugin:80 - create IPUIPlugin
2024-05-28 18:18:22,375 [INFO] IPUIPlugin:80 - create IPUIPlugin
2024-05-28 18:18:22,375 [INFO] IPUIPlugin:80 - create IPUIPlugin
2024-05-28 18:18:22,375 [INFO] IPUIPlugin:80 - create IPUIPlugin
2024-05-28 18:18:22,375 [INFO] IPUIPlugin:80 - create IPUIPlugin
2024-05-28 18:18:22,376 [INFO] IPUIPlugin:80 - create IPUIPlugin
2024-05-28 18:18:22,376 [INFO] IPUIPlugin:80 - create IPUIPlugin
2024-05-28 18:18:22,377 [INFO] IPUIPlugin:80 - create IPUIPlugin
2024-05-28 18:18:22,377 [INFO] IPUIPlugin:80 - create IPUIPlugin
2024-05-28 18:18:22,378 [INFO] IPUIPlugin:80 - create IPUIPlugin
2024-05-28 18:18:22,378 [INFO] IPUIPlugin:80 - create IPUIPlugin
2024-05-28 18:18:22,378 [INFO] IPUIPlugin:80 - create IPUIPlugin
2024-05-28 18:18:22,378 [INFO] IPUIPlugin:80 - create IPUIPlugin
2024-05-28 18:18:22,378 [INFO] IPUIPlugin:80 - create IPUIPlugin
2024-05-28 18:18:22,378 [INFO] IPUIPlugin:80 - create IPUIPlugin
2024-05-28 18:18:22,378 [INFO] IPUIPlugin:80 - create IPUIPlugin
2024-05-28 18:18:22,378 [INFO] IPUIPlugin:80 - create IPUIPlugin
2024-05-28 18:18:22,378 [INFO] IPUIPlugin:80 - create IPUIPlugin
2024-05-28 18:18:22,378 [INFO] IPUIPlugin:80 - create IPUIPlugin
2024-05-28 18:18:22,378 [INFO] IPUIPlugin:80 - create IPUIPlugin
2024-05-28 18:18:22,378 [INFO] IPUIPlugin:80 - create IPUIPlugin
2024-05-28 18:18:22,378 [INFO] IPUIPlugin:80 - create IPUIPlugin
2024-05-28 18:18:22,378 [INFO] IPUIPlugin:80 - create IPUIPlugin
2024-05-28 18:18:22,378 [INFO] IPUIPlugin:80 - create IPUIPlugin
2024-05-28 18:18:22,378 [INFO] IPUIPlugin:80 - create IPUIPlugin
2024-05-28 18:18:22,378 [INFO] IPUIPlugin:80 - create IPUIPlugin
2024-05-28 18:18:22,378 [INFO] IPUIPlugin:80 - create IPUIPlugin
2024-05-28 18:18:22,378 [INFO] IPUIPlugin:80 - create IPUIPlugin
2024-05-28 18:18:22,387 [INFO] IPUIPlugin:80 - create IPUIPlugin
2024-05-28 18:18:22,387 [INFO] IPUIPlugin:80 - create IPUIPlugin
2024-05-28 18:18:22,388 [INFO] IPUIPlugin:80 - create IPUIPlugin
2024-05-28 18:18:22,389 [INFO] IPUIPlugin:80 - create IPUIPlugin
2024-05-28 18:18:22,389 [INFO] IPUIPlugin:80 - create IPUIPlugin
2024-05-28 18:18:22,390 [INFO] IPUIPlugin:80 - create IPUIPlugin
2024-05-28 18:18:22,390 [INFO] IPUIPlugin:80 - create IPUIPlugin
2024-05-28 18:18:22,391 [INFO] IPUIPlugin:80 - create IPUIPlugin
2024-05-28 18:18:22,391 [INFO] IPUIPlugin:80 - create IPUIPlugin
2024-05-28 18:18:22,392 [INFO] IPUIPlugin:80 - create IPUIPlugin
2024-05-28 18:18:22,393 [INFO] IPUIPlugin:80 - create IPUIPlugin
2024-05-28 18:18:22,394 [INFO] IPUIPlugin:80 - create IPUIPlugin
2024-05-28 18:18:22,394 [INFO] IPUIPlugin:80 - create IPUIPlugin
2024-05-28 18:18:22,395 [INFO] IPUIPlugin:80 - create IPUIPlugin
2024-05-28 18:18:22,396 [INFO] IPUIPlugin:80 - create IPUIPlugin
2024-05-28 18:18:22,396 [INFO] IPUIPlugin:80 - create IPUIPlugin
2024-05-28 18:18:22,397 [INFO] IPUIPlugin:80 - create IPUIPlugin
2024-05-28 18:18:22,398 [INFO] IPUIPlugin:80 - create IPUIPlugin
2024-05-28 18:18:22,399 [INFO] IPUIPlugin:80 - create IPUIPlugin
2024-05-28 18:18:22,399 [INFO] IPUIPlugin:80 - create IPUIPlugin
2024-05-28 18:18:22,400 [INFO] IPUIPlugin:80 - create IPUIPlugin
2024-05-28 18:18:22,401 [INFO] IPUIPlugin:80 - create IPUIPlugin
2024-05-28 18:18:22,402 [INFO] IPUIPlugin:80 - create IPUIPlugin
2024-05-28 18:18:22,403 [INFO] IPUIPlugin:80 - create IPUIPlugin
2024-05-28 18:18:22,404 [INFO] IPUIPlugin:80 - create IPUIPlugin
2024-05-28 18:18:22,404 [INFO] IPUIPlugin:80 - create IPUIPlugin
2024-05-28 18:18:22,405 [INFO] IPUIPlugin:80 - create IPUIPlugin
2024-05-28 18:18:22,448 [INFO] ApiDbMcu:508 - Load IP Config File for PDM2PCM
2024-05-28 18:18:22,918 [INFO] CADModel:165 - CPN selected for project levelSTM32F746ZGT6
2024-05-28 18:18:22,918 [INFO] CADModel:114 - Register for checkConnection events
2024-05-28 18:18:22,997 [INFO] OpenFileManager:343 - Restore cursor
2024-05-28 18:18:23,657 [WARN] IP:2119 - CMSIS_VERSION not found: check if there is a RefParameter without a condition.
2024-05-28 18:18:23,664 [WARN] IP:2119 - LWIP_NETIF_HOSTNAME not found: check if there is a RefParameter without a condition.
2024-05-28 18:18:23,743 [WARN] IP:2119 - CMSIS_VERSION not found: check if there is a RefParameter without a condition.
2024-05-28 18:18:23,751 [WARN] IP:2119 - LWIP_NETIF_HOSTNAME not found: check if there is a RefParameter without a condition.
2024-05-28 18:23:13,185 [INFO] ADCParametersView:116 -                Rank 1 : false
2024-05-28 18:23:13,327 [INFO] ADCParametersView:116 -                Rank 1 : false
2024-05-28 18:23:13,327 [INFO] ADCParametersView:116 -                Rank 1 : false
2024-05-28 18:23:13,327 [INFO] ADCParametersView:116 -                Rank 1 : false
2024-05-28 18:23:13,328 [INFO] ADCParametersView:116 -                Rank 1 : false
2024-05-28 18:23:13,328 [INFO] ADCParametersView:116 -                Rank 1 : false
2024-05-28 18:23:13,328 [INFO] ADCParametersView:116 -                Rank 1 : false
2024-05-28 18:23:13,328 [INFO] ADCParametersView:116 -                Rank 1 : false
2024-05-28 18:23:13,328 [INFO] ADCParametersView:116 -                Rank 1 : false
2024-05-28 18:23:13,328 [INFO] ADCParametersView:116 -                Rank 1 : false
2024-05-28 18:23:13,328 [INFO] ADCParametersView:116 -                Rank 1 : false
2024-05-28 18:23:13,328 [INFO] ADCParametersView:116 -                Rank 1 : false
2024-05-28 18:23:13,328 [INFO] ADCParametersView:116 -                Rank 1 : false
2024-05-28 18:23:13,329 [INFO] ADCParametersView:116 -                Rank 1 : false
2024-05-28 18:23:13,329 [INFO] ADCParametersView:116 -                Rank 1 : false
2024-05-28 18:23:13,408 [INFO] ADCParametersView:116 -                Rank 1 : false
