2023-10-24 11:11:31,986 [INFO] NvicIntPanel:101 - NVIC parent = com.st.microxplorer.plugins.ip.nvic.MultiNvicIntPanel[,0,0,0x0,invalid,layout=javax.swing.BoxLayout,alignmentX=0.0,alignmentY=0.0,border=,flags=9,maximumSize=,minimumSize=,preferredSize=]
2023-10-24 11:11:32,253 [INFO] NvicIntPanel:101 - NVIC parent = com.st.microxplorer.plugins.ip.nvic.MultiNvicIntPanel[,0,0,0x0,invalid,layout=javax.swing.BoxLayout,alignmentX=0.0,alignmentY=0.0,border=,flags=9,maximumSize=,minimumSize=,preferredSize=]
2023-10-24 11:11:34,598 [INFO] NvicIntPanel:101 - NVIC parent = com.st.microxplorer.plugins.ip.nvic.MultiNvicIntPanel[,0,0,0x0,invalid,layout=javax.swing.BoxLayout,alignmentX=0.0,alignmentY=0.0,border=,flags=9,maximumSize=,minimumSize=,preferredSize=]
2023-10-24 11:11:58,362 [INFO] NvicIntPanel:101 - NVIC parent = com.st.microxplorer.plugins.ip.nvic.MultiNvicIntPanel[,0,0,0x0,invalid,layout=javax.swing.BoxLayout,alignmentX=0.0,alignmentY=0.0,border=,flags=9,maximumSize=,minimumSize=,preferredSize=]
2023-10-24 11:12:52,505 [INFO] NvicIntPanel:101 - NVIC parent = com.st.microxplorer.plugins.ip.nvic.MultiNvicIntPanel[,0,0,0x0,invalid,layout=javax.swing.BoxLayout,alignmentX=0.0,alignmentY=0.0,border=,flags=9,maximumSize=,minimumSize=,preferredSize=]
2023-10-24 11:13:30,458 [INFO] UtilMem:75 - End SaveConfig() Used Memory: 772686696 Bytes (1073741824)
2023-10-24 11:13:33,926 [INFO] UtilMem:75 - End SaveConfig() Used Memory: 856298672 Bytes (1073741824)
2023-10-24 11:13:34,682 [INFO] BlockDiagram:2759 - set Specific Code input for plugin: SPI
2023-10-24 11:13:34,682 [INFO] BlockDiagram:2759 - set Specific Code input for plugin: SPI
2023-10-24 11:13:34,682 [INFO] BlockDiagram:2759 - set Specific Code input for plugin: SYS
2023-10-24 11:13:34,682 [INFO] BlockDiagram:2759 - set Specific Code input for plugin: RCC
2023-10-24 11:13:34,682 [INFO] BlockDiagram:2759 - set Specific Code input for plugin: USB_OTG_FS
2023-10-24 11:13:34,682 [INFO] BlockDiagram:2759 - set Specific Code input for plugin: NVIC
2023-10-24 11:13:34,682 [INFO] BlockDiagram:2759 - set Specific Code input for plugin: USART
2023-10-24 11:13:34,683 [INFO] BlockDiagram:2759 - set Specific Code input for plugin: GPIO
2023-10-24 11:13:34,683 [INFO] BlockDiagram:2759 - set Specific Code input for plugin: ETH
2023-10-24 11:13:34,685 [INFO] CodeGenerator:799 - code generatio: config db path: C:\ST\STM32CubeIDE_1.13.1\STM32CubeIDE\plugins\com.st.stm32cube.common.mx_6.9.1.202307191849\\db\
2023-10-24 11:13:35,286 [INFO] CodeEngine:255 - oldGeneratedFile, C:\Users\yarde\STM32CubeIDE\workspace_1.13.1\Homework_SPI\MXTmpFiles\license.tmp_save
2023-10-24 11:13:35,512 [INFO] CodeEngine:279 - Generated code: C:\Users\yarde\STM32CubeIDE\workspace_1.13.1\Homework_SPI\MXTmpFiles\license.tmp
2023-10-24 11:13:35,703 [INFO] CodeEngine:255 - oldGeneratedFile, C:\Users\yarde\STM32CubeIDE\workspace_1.13.1\Homework_SPI\MXTmpFiles\gpio.tmp_save
2023-10-24 11:13:35,897 [INFO] CodeEngine:279 - Generated code: C:\Users\yarde\STM32CubeIDE\workspace_1.13.1\Homework_SPI\MXTmpFiles\gpio.tmp
2023-10-24 11:13:36,739 [WARN] IPConfigManager:2937 - Warning: the RefConfig PWREx_EnableUSBVoltageDetector is not available in your config.xml file
2023-10-24 11:13:36,795 [INFO] CodeEngine:255 - oldGeneratedFile, C:\Users\yarde\STM32CubeIDE\workspace_1.13.1\Homework_SPI\MXTmpFiles\cortex.tmp_save
2023-10-24 11:13:37,025 [INFO] CodeEngine:279 - Generated code: C:\Users\yarde\STM32CubeIDE\workspace_1.13.1\Homework_SPI\MXTmpFiles\cortex.tmp
2023-10-24 11:13:37,123 [INFO] CodeEngine:255 - oldGeneratedFile, C:\Users\yarde\STM32CubeIDE\workspace_1.13.1\Homework_SPI\Core\Src\stm32f7xx_it.c_save
2023-10-24 11:13:37,475 [INFO] CodeEngine:279 - Generated code: C:\Users\yarde\STM32CubeIDE\workspace_1.13.1\Homework_SPI\Core\Src\stm32f7xx_it.c
2023-10-24 11:13:37,499 [INFO] CodeEngine:255 - oldGeneratedFile, C:\Users\yarde\STM32CubeIDE\workspace_1.13.1\Homework_SPI\Core\Inc\stm32f7xx_it.h_save
2023-10-24 11:13:37,633 [INFO] CodeEngine:279 - Generated code: C:\Users\yarde\STM32CubeIDE\workspace_1.13.1\Homework_SPI\Core\Inc\stm32f7xx_it.h
2023-10-24 11:13:37,700 [INFO] CodeEngine:255 - oldGeneratedFile, C:\Users\yarde\STM32CubeIDE\workspace_1.13.1\Homework_SPI\Core\Src\stm32f7xx_hal_msp.c_save
2023-10-24 11:13:37,998 [INFO] CodeEngine:279 - Generated code: C:\Users\yarde\STM32CubeIDE\workspace_1.13.1\Homework_SPI\Core\Src\stm32f7xx_hal_msp.c
2023-10-24 11:13:38,024 [INFO] CodeEngine:255 - oldGeneratedFile, C:\Users\yarde\STM32CubeIDE\workspace_1.13.1\Homework_SPI\MXTmpFiles\system.tmp_save
2023-10-24 11:13:38,195 [INFO] CodeEngine:279 - Generated code: C:\Users\yarde\STM32CubeIDE\workspace_1.13.1\Homework_SPI\MXTmpFiles\system.tmp
2023-10-24 11:13:38,262 [INFO] CodeEngine:311 - oldGeneratedFile, C:\Users\yarde\STM32CubeIDE\workspace_1.13.1\Homework_SPI\Core\Inc\stm32f7xx_hal_conf.h_save
2023-10-24 11:13:38,483 [INFO] CodeEngine:335 - Generated code: C:\Users\yarde\STM32CubeIDE\workspace_1.13.1\Homework_SPI\Core\Inc\stm32f7xx_hal_conf.h
2023-10-24 11:13:38,538 [WARN] IPConfigManager:3431 - IP not found : USB_OTG
2023-10-24 11:13:38,540 [WARN] CodeGenerator:3760 - IP not found : null
2023-10-24 11:13:38,597 [INFO] CodeEngine:255 - oldGeneratedFile, C:\Users\yarde\STM32CubeIDE\workspace_1.13.1\Homework_SPI\Core\Inc\main.h_save
2023-10-24 11:13:38,797 [INFO] CodeEngine:279 - Generated code: C:\Users\yarde\STM32CubeIDE\workspace_1.13.1\Homework_SPI\Core\Inc\main.h
2023-10-24 11:13:38,844 [INFO] CodeEngine:255 - oldGeneratedFile, C:\Users\yarde\STM32CubeIDE\workspace_1.13.1\Homework_SPI\Core\Src\main.c_save
2023-10-24 11:13:39,235 [INFO] CodeEngine:279 - Generated code: C:\Users\yarde\STM32CubeIDE\workspace_1.13.1\Homework_SPI\Core\Src\main.c
2023-10-24 11:13:40,955 [INFO] ProjectBuilder:3064 - Time for Copy HAL[1] : 683mS.
2023-10-24 11:13:40,965 [INFO] ProjectBuilder:4404 - Project Generator version: 4.1.0
2023-10-24 11:13:41,619 [INFO] ConfigFileManager:1457 - The Die is : DIE449
2023-10-24 11:13:44,517 [INFO] ProjectBuilder:4626 - Time for Generating toolchain IDE Files: 3552mS.
2023-10-24 11:13:44,519 [INFO] ProjectBuilder:2935 - Time for Copy CMSIS : 2mS.
2023-10-24 11:13:44,546 [INFO] ProjectBuilder:2935 - Time for Copy CMSIS : 1mS.
2023-10-24 20:39:38,766 [INFO] MainUpdater:2868 - connection check result : 10
2023-10-24 20:39:38,777 [INFO] MainUpdater:2868 - connection check result : 10
2023-10-24 20:39:39,019 [INFO] MicroXplorer:468 - Change Database Path : 
2023-10-24 20:39:39,020 [INFO] MicroXplorer:498 - Change Database Version : DB.6.0.91
2023-10-24 20:39:39,167 [WARN] ThirdParty:871 - waiting for thirdparty lock release [close project]
2023-10-24 20:39:39,167 [INFO] ThirdParty:873 - entering critical section [close project]
2023-10-24 20:39:39,169 [INFO] ThirdParty:883 - exiting critical section [close project]
2023-10-24 20:39:39,182 [INFO] PinOutPanel:1499 - setPackage(No Configuration,No Configuration)
2023-10-24 20:39:39,244 [WARN] IpParametersView:151 - Warning: This peripheral hasn't parameters
2023-10-24 20:39:39,273 [WARN] MainPanel:272 - <html><b><center>Warning: This peripheral has no parameters to be configured<br></b></html>
2023-10-24 20:39:39,319 [INFO] UtilMem:75 - Begin LoadConfig() Used Memory: 959239360 Bytes (1073741824)
2023-10-24 20:39:39,430 [INFO] MicroXplorer:468 - Change Database Path : C:/Users/yarde/.stm32cubemx/databases/DB.6.0.60/db/
2023-10-24 20:39:39,430 [INFO] MicroXplorer:498 - Change Database Version : DB.6.0.60
2023-10-24 20:39:41,401 [INFO] OpenFileManager:308 - Change cursor
2023-10-24 20:39:41,491 [INFO] RulesReader:64 - Compatibility file has been processed (282 Rules)
2023-10-24 20:39:41,528 [INFO] Mcu:1946 - Initializing MCU STM32F746ZGTx STM32F746ZGTx STM32F746ZGT6
2023-10-24 20:39:45,276 [INFO] Context:659 - Trying to add GPIOservice into a context  which must be forbidden
2023-10-24 20:39:45,832 [INFO] RtosManager:555 - Registered RTOS mode: class=CMSIS, group=RTOS, mode=CMSIS_V1, owner=FREERTOS
2023-10-24 20:39:45,832 [INFO] RtosManager:555 - Registered RTOS mode: class=CMSIS, group=RTOS2, mode=CMSIS_V2, owner=FREERTOS
2023-10-24 20:39:45,832 [INFO] RtosManager:555 - Registered RTOS mode: class=RTOS, group=Core, mode=CMSIS_V1, owner=FREERTOS
2023-10-24 20:39:45,832 [INFO] RtosManager:555 - Registered RTOS mode: class=RTOS, group=Core, mode=CMSIS_V2, owner=FREERTOS
2023-10-24 20:39:45,832 [WARN] ModelIntegratedComponent:184 - Missing modes for component STMicroelectronics:FreeRTOS:0.0.1:STMicroelectronics:RTOS:FreeRTOS:Core:::10.2.0:
2023-10-24 20:39:45,843 [WARN] ModelIntegratedComponent:63 - No mode defined for component null
2023-10-24 20:39:45,844 [WARN] ModelIntegratedComponent:63 - No mode defined for component null
2023-10-24 20:39:45,844 [WARN] ModelIntegratedComponent:63 - No mode defined for component null
2023-10-24 20:39:45,844 [WARN] ModelIntegratedComponent:63 - No mode defined for component null
2023-10-24 20:39:45,844 [WARN] ModelIntegratedComponent:63 - No mode defined for component null
2023-10-24 20:39:45,844 [WARN] ModelIntegratedComponent:63 - No mode defined for component null
2023-10-24 20:39:45,844 [WARN] ModelIntegratedComponent:63 - No mode defined for component null
2023-10-24 20:39:45,844 [WARN] ModelIntegratedComponent:63 - No mode defined for component null
2023-10-24 20:39:45,844 [WARN] ModelIntegratedComponent:63 - No mode defined for component null
2023-10-24 20:39:45,844 [WARN] ModelIntegratedComponent:63 - No mode defined for component null
2023-10-24 20:39:45,844 [WARN] ModelIntegratedComponent:63 - No mode defined for component null
2023-10-24 20:39:45,844 [WARN] ModelIntegratedComponent:63 - No mode defined for component null
2023-10-24 20:39:45,844 [WARN] ModelIntegratedComponent:63 - No mode defined for component null
2023-10-24 20:39:45,844 [WARN] ModelIntegratedComponent:63 - No mode defined for component null
2023-10-24 20:39:45,844 [WARN] ModelIntegratedComponent:63 - No mode defined for component null
2023-10-24 20:39:45,844 [WARN] ModelIntegratedComponent:63 - No mode defined for component null
2023-10-24 20:39:45,844 [WARN] ModelIntegratedComponent:63 - No mode defined for component null
2023-10-24 20:39:45,844 [WARN] ModelIntegratedComponent:63 - No mode defined for component null
2023-10-24 20:39:45,844 [WARN] ModelIntegratedComponent:63 - No mode defined for component null
2023-10-24 20:39:45,844 [WARN] ModelIntegratedComponent:63 - No mode defined for component null
2023-10-24 20:39:45,844 [WARN] ModelIntegratedComponent:63 - No mode defined for component null
2023-10-24 20:39:45,844 [WARN] ModelIntegratedComponent:63 - No mode defined for component null
2023-10-24 20:39:45,844 [WARN] ModelIntegratedComponent:63 - No mode defined for component null
2023-10-24 20:39:45,844 [WARN] ModelIntegratedComponent:63 - No mode defined for component null
2023-10-24 20:39:45,844 [WARN] ModelIntegratedComponent:63 - No mode defined for component null
2023-10-24 20:39:45,844 [WARN] ModelIntegratedComponent:63 - No mode defined for component null
2023-10-24 20:39:45,844 [WARN] ModelIntegratedComponent:63 - No mode defined for component null
2023-10-24 20:39:45,844 [WARN] ModelIntegratedComponent:63 - No mode defined for component null
2023-10-24 20:39:45,844 [WARN] ModelIntegratedComponent:63 - No mode defined for component null
2023-10-24 20:39:45,844 [WARN] ModelIntegratedComponent:63 - No mode defined for component null
2023-10-24 20:39:45,844 [WARN] ModelIntegratedComponent:63 - No mode defined for component null
2023-10-24 20:39:45,844 [WARN] ModelIntegratedComponent:63 - No mode defined for component null
2023-10-24 20:39:45,845 [WARN] ModelIntegratedComponent:63 - No mode defined for component null
2023-10-24 20:39:45,867 [INFO] ThirdPartyModel:298 - Start build external matchings
2023-10-24 20:39:46,474 [INFO] ThirdPartyModel:316 - End build external matchings
2023-10-24 20:39:46,528 [INFO] ImportTextPane:194 - (OptionalMessage_ERROR) IP (DMA) : Parameter (Instance) has Id (SPI1_RX) currently not set
2023-10-24 20:39:46,529 [INFO] ImportTextPane:194 - (OptionalMessage_ERROR) IP (DMA) : Parameter (Channel) has Id (SPI1_RX) currently not set
2023-10-24 20:39:46,529 [INFO] ImportTextPane:194 - (OptionalMessage_ERROR) IP (DMA) : Parameter (Direction) has Id (SPI1_RX) currently not set
2023-10-24 20:39:46,529 [INFO] ImportTextPane:194 - (OptionalMessage_ERROR) IP (DMA) : Parameter (PeriphInc) has Id (SPI1_RX) currently not set
2023-10-24 20:39:46,529 [INFO] ImportTextPane:194 - (OptionalMessage_ERROR) IP (DMA) : Parameter (MemInc) has Id (SPI1_RX) currently not set
2023-10-24 20:39:46,529 [INFO] ImportTextPane:194 - (OptionalMessage_ERROR) IP (DMA) : Parameter (PeriphDataAlignment) has Id (SPI1_RX) currently not set
2023-10-24 20:39:46,530 [INFO] ImportTextPane:194 - (OptionalMessage_ERROR) IP (DMA) : Parameter (MemDataAlignment) has Id (SPI1_RX) currently not set
2023-10-24 20:39:46,530 [INFO] ImportTextPane:194 - (OptionalMessage_ERROR) IP (DMA) : Parameter (Mode) has Id (SPI1_RX) currently not set
2023-10-24 20:39:46,530 [INFO] ImportTextPane:194 - (OptionalMessage_ERROR) IP (DMA) : Parameter (Priority) has Id (SPI1_RX) currently not set
2023-10-24 20:39:46,530 [INFO] ImportTextPane:194 - (OptionalMessage_ERROR) IP (DMA) : Parameter (FIFOMode) has Id (SPI1_RX) currently not set
2023-10-24 20:39:46,531 [INFO] ImportTextPane:194 - (OptionalMessage_ERROR) IP (RCC) : Invalid parameter (48MHZClocksFreq_Value)
2023-10-24 20:39:46,531 [INFO] ImportTextPane:194 - (OptionalMessage_ERROR) IP (RCC) : Invalid parameter (ADC12outputFreq_Value)
2023-10-24 20:39:46,531 [INFO] ImportTextPane:194 - (OptionalMessage_ERROR) IP (RCC) : Invalid parameter (ADC34outputFreq_Value)
2023-10-24 20:39:46,531 [INFO] ImportTextPane:194 - (OptionalMessage_ERROR) IP (RCC) : Invalid parameter (FamilyName)
2023-10-24 20:39:46,531 [INFO] ImportTextPane:194 - (OptionalMessage_ERROR) IP (RCC) : Invalid parameter (I2SClocksFreq_Value)
2023-10-24 20:39:46,531 [INFO] ImportTextPane:194 - (OptionalMessage_ERROR) IP (RCC) : Parameter (LCDTFToutputFreq_Value) has invalid value (96000000)
2023-10-24 20:39:46,531 [INFO] ImportTextPane:194 - (OptionalMessage_ERROR) IP (RCC) : Invalid parameter (MCOFreq_Value)
2023-10-24 20:39:46,532 [INFO] ImportTextPane:194 - (OptionalMessage_ERROR) IP (RCC) : Invalid parameter (PLLMCOFreq_Value)
2023-10-24 20:39:46,532 [INFO] ImportTextPane:194 - (OptionalMessage_ERROR) IP (RCC) : Invalid parameter (PLLMUL)
2023-10-24 20:39:46,532 [INFO] ImportTextPane:194 - (OptionalMessage_ERROR) IP (RCC) : Invalid parameter (PRESCALERUSB)
2023-10-24 20:39:46,532 [INFO] ImportTextPane:194 - (OptionalMessage_ERROR) IP (RCC) : Invalid parameter (RTCHSEDivFreq_Value)
2023-10-24 20:39:46,532 [INFO] ImportTextPane:194 - (OptionalMessage_ERROR) IP (RCC) : Parameter (SDMMCFreq_Value) has invalid value (72000000)
2023-10-24 20:39:46,532 [INFO] ImportTextPane:194 - (OptionalMessage_ERROR) IP (RCC) : Invalid parameter (SYSCLKSourceVirtual)
2023-10-24 20:39:46,532 [INFO] ImportTextPane:194 - (OptionalMessage_ERROR) IP (RCC) : Invalid parameter (TIM15Freq_Value)
2023-10-24 20:39:46,532 [INFO] ImportTextPane:194 - (OptionalMessage_ERROR) IP (RCC) : Invalid parameter (TIM16Freq_Value)
2023-10-24 20:39:46,532 [INFO] ImportTextPane:194 - (OptionalMessage_ERROR) IP (RCC) : Invalid parameter (TIM17Freq_Value)
2023-10-24 20:39:46,533 [INFO] ImportTextPane:194 - (OptionalMessage_ERROR) IP (RCC) : Invalid parameter (TIM1Freq_Value)
2023-10-24 20:39:46,533 [INFO] ImportTextPane:194 - (OptionalMessage_ERROR) IP (RCC) : Invalid parameter (TIM20Freq_Value)
2023-10-24 20:39:46,533 [INFO] ImportTextPane:194 - (OptionalMessage_ERROR) IP (RCC) : Invalid parameter (TIM2Freq_Value)
2023-10-24 20:39:46,533 [INFO] ImportTextPane:194 - (OptionalMessage_ERROR) IP (RCC) : Invalid parameter (TIM3Freq_Value)
2023-10-24 20:39:46,533 [INFO] ImportTextPane:194 - (OptionalMessage_ERROR) IP (RCC) : Invalid parameter (TIM8Freq_Value)
2023-10-24 20:39:46,533 [INFO] ImportTextPane:194 - (OptionalMessage_ERROR) IP (RCC) : Invalid parameter (VCOOutput2Freq_Value)
2023-10-24 20:39:46,533 [INFO] ImportTextPane:194 - (OptionalMessage_ERROR) IP (RCC) : Invalid parameter (VcooutputI2S)
2023-10-24 20:39:46,977 [INFO] UtilMem:75 - End LoadConfig() Used Memory: 754956856 Bytes (1073741824)
2023-10-24 20:39:47,036 [WARN] ThirdParty:833 - waiting for thirdparty lock release [change project]
2023-10-24 20:39:47,036 [INFO] ThirdParty:835 - entering critical section [change project]
2023-10-24 20:39:47,036 [INFO] ThirdParty:1030 - CMSIS Pack Vendor :STMicroelectronics X-CUBE-ISPU 1.1.0
2023-10-24 20:39:47,036 [INFO] ThirdParty:1030 - CMSIS Pack Vendor :STMicroelectronics USBPD 4.1
2023-10-24 20:39:47,036 [INFO] ThirdParty:1030 - CMSIS Pack Vendor :STMicroelectronics X-CUBE-GNSS1 6.0.0
2023-10-24 20:39:47,036 [INFO] ThirdParty:1030 - CMSIS Pack Vendor :STMicroelectronics USB_HOST 2.0.0
2023-10-24 20:39:47,036 [INFO] ThirdParty:1030 - CMSIS Pack Vendor :STMicroelectronics X-CUBE-AZRTOS-F4 1.1.0
2023-10-24 20:39:47,036 [INFO] ThirdParty:1030 - CMSIS Pack Vendor :STMicroelectronics LIBJPEG 8.0.0
2023-10-24 20:39:47,036 [INFO] ThirdParty:1030 - CMSIS Pack Vendor :wolfSSL I-CUBE-wolfSSL 5.6.3
2023-10-24 20:39:47,036 [INFO] ThirdParty:1030 - CMSIS Pack Vendor :STMicroelectronics X-CUBE-SMBUS 2.1.0
2023-10-24 20:39:47,036 [INFO] ThirdParty:1030 - CMSIS Pack Vendor :STMicroelectronics USB_DEVICE 3.0.0
2023-10-24 20:39:47,036 [INFO] ThirdParty:1030 - CMSIS Pack Vendor :STMicroelectronics X-CUBE-AZRTOS-WB 2.0.0
2023-10-24 20:39:47,036 [INFO] ThirdParty:1030 - CMSIS Pack Vendor :STMicroelectronics X-CUBE-AZRTOS-F7 1.1.0
2023-10-24 20:39:47,036 [INFO] ThirdParty:1030 - CMSIS Pack Vendor :STMicroelectronics X-CUBE-AZRTOS-L5 2.0.0
2023-10-24 20:39:47,036 [INFO] ThirdParty:1030 - CMSIS Pack Vendor :STMicroelectronics USB_DEVICE 2.0.0
2023-10-24 20:39:47,036 [INFO] ThirdParty:1030 - CMSIS Pack Vendor :STMicroelectronics X-CUBE-MEMS1 9.6.0
2023-10-24 20:39:47,037 [INFO] ThirdParty:1030 - CMSIS Pack Vendor :ITTIA_DB I-CUBE-ITTIADB 8.8.0
2023-10-24 20:39:47,037 [INFO] ThirdParty:1030 - CMSIS Pack Vendor :STMicroelectronics FP-SNS-MOTENV1 4.3.2
2023-10-24 20:39:47,037 [INFO] ThirdParty:1030 - CMSIS Pack Vendor :STMicroelectronics X-CUBE-ALGOBUILD 1.3.0
2023-10-24 20:39:47,037 [INFO] ThirdParty:1030 - CMSIS Pack Vendor :STMicroelectronics FreeRTOS 0.0.1
2023-10-24 20:39:47,037 [INFO] ThirdParty:1030 - CMSIS Pack Vendor :STMicroelectronics X-CUBE-AZRTOS-G0 1.1.0
2023-10-24 20:39:47,037 [INFO] ThirdParty:1030 - CMSIS Pack Vendor :STMicroelectronics X-CUBE-BLEMGR 2.0.0
2023-10-24 20:39:47,037 [INFO] ThirdParty:1030 - CMSIS Pack Vendor :STMicroelectronics X-CUBE-NFC4 3.0.0
2023-10-24 20:39:47,037 [INFO] ThirdParty:1030 - CMSIS Pack Vendor :STMicroelectronics X-CUBE-SUBG2 5.0.0
2023-10-24 20:39:47,037 [INFO] ThirdParty:1030 - CMSIS Pack Vendor :STMicroelectronics STM32_WPAN 1.0.0
2023-10-24 20:39:47,037 [INFO] ThirdParty:1030 - CMSIS Pack Vendor :STMicroelectronics lwIP 2.0.3
2023-10-24 20:39:47,037 [INFO] ThirdParty:1030 - CMSIS Pack Vendor :STMicroelectronics FP-SNS-FLIGHT1 5.0.2
2023-10-24 20:39:47,037 [INFO] ThirdParty:1030 - CMSIS Pack Vendor :STMicroelectronics USB_HOST 1.0.0
2023-10-24 20:39:47,037 [INFO] ThirdParty:1030 - CMSIS Pack Vendor :STMicroelectronics X-CUBE-TOF1 3.3.1
2023-10-24 20:39:47,037 [INFO] ThirdParty:1030 - CMSIS Pack Vendor :STMicroelectronics X-CUBE-AZRTOS-G4 2.0.0
2023-10-24 20:39:47,037 [INFO] ThirdParty:1030 - CMSIS Pack Vendor :STMicroelectronics PDM2PCM 3.1.0
2023-10-24 20:39:47,037 [INFO] ThirdParty:1030 - CMSIS Pack Vendor :STMicroelectronics X-CUBE-AZRTOS-H7 3.1.0
2023-10-24 20:39:47,037 [INFO] ThirdParty:1030 - CMSIS Pack Vendor :Infineon AIROC-Wi-Fi-Bluetooth-STM32 1.5.1
2023-10-24 20:39:47,037 [INFO] ThirdParty:1030 - CMSIS Pack Vendor :STMicroelectronics PDM2PCM 3.3.0
2023-10-24 20:39:47,037 [INFO] ThirdParty:1030 - CMSIS Pack Vendor :STMicroelectronics X-CUBE-DISPLAY 3.0.0
2023-10-24 20:39:47,037 [INFO] ThirdParty:1030 - CMSIS Pack Vendor :STMicroelectronics X-CUBE-BLE1 7.0.0
2023-10-24 20:39:47,037 [INFO] ThirdParty:1030 - CMSIS Pack Vendor :STMicroelectronics FP-ATR-SIGFOX1 3.2.0
2023-10-24 20:39:47,037 [INFO] ThirdParty:1030 - CMSIS Pack Vendor :STMicroelectronics HAL Drivers 0.0.0
2023-10-24 20:39:47,037 [INFO] ThirdParty:1030 - CMSIS Pack Vendor :STMicroelectronics MBEDTLS 2.16.2
2023-10-24 20:39:47,038 [INFO] ThirdParty:1030 - CMSIS Pack Vendor :emotas I-CUBE-CANOPEN 1.3.0
2023-10-24 20:39:47,038 [INFO] ThirdParty:1030 - CMSIS Pack Vendor :STMicroelectronics X-CUBE-FREERTOS 1.1.0
2023-10-24 20:39:47,038 [INFO] ThirdParty:1030 - CMSIS Pack Vendor :STMicroelectronics X-CUBE-TOUCHGFX 4.22.0
2023-10-24 20:39:47,038 [INFO] ThirdParty:1030 - CMSIS Pack Vendor :STMicroelectronics X-CUBE-NFC7 1.0.1
2023-10-24 20:39:47,038 [INFO] ThirdParty:1030 - CMSIS Pack Vendor :STMicroelectronics MBEDTLS 2.14.1
2023-10-24 20:39:47,039 [INFO] ThirdParty:1030 - CMSIS Pack Vendor :STMicroelectronics X-CUBE-TOUCHGFX 4.22.1
2023-10-24 20:39:47,039 [INFO] ThirdParty:1030 - CMSIS Pack Vendor :STMicroelectronics X-CUBE-NFC6 3.0.0
2023-10-24 20:39:47,039 [INFO] ThirdParty:1030 - CMSIS Pack Vendor :STMicroelectronics X-CUBE-EEPRMA1 4.1.0
2023-10-24 20:39:47,039 [INFO] ThirdParty:1030 - CMSIS Pack Vendor :portGmbH I-Cube-SoM-uGOAL 1.1.0
2023-10-24 20:39:47,039 [INFO] ThirdParty:1030 - CMSIS Pack Vendor :STMicroelectronics X-CUBE-ALS 1.0.1
2023-10-24 20:39:47,039 [INFO] ThirdParty:1030 - CMSIS Pack Vendor :STMicroelectronics ThreadX 1.0.0
2023-10-24 20:39:47,039 [INFO] ThirdParty:1030 - CMSIS Pack Vendor :STMicroelectronics FP-SNS-SMARTAG2 1.2.0
2023-10-24 20:39:47,039 [INFO] ThirdParty:1030 - CMSIS Pack Vendor :STMicroelectronics X-CUBE-AZRTOS-WL 2.0.0
2023-10-24 20:39:47,039 [INFO] ThirdParty:1030 - CMSIS Pack Vendor :SEGGER I-CUBE-embOS 1.3.1
2023-10-24 20:39:47,039 [INFO] ThirdParty:1030 - CMSIS Pack Vendor :STMicroelectronics USB_DEVICE 1.0.0
2023-10-24 20:39:47,039 [INFO] ThirdParty:1030 - CMSIS Pack Vendor :STMicroelectronics X-CUBE-AI 8.1.0
2023-10-24 20:39:47,039 [INFO] ThirdParty:1030 - CMSIS Pack Vendor :STMicroelectronics X-CUBE-AZRTOS-L4 2.0.0
2023-10-24 20:39:47,039 [INFO] ThirdParty:1030 - CMSIS Pack Vendor :STMicroelectronics ThreadX 0.0.2
2023-10-24 20:39:47,039 [INFO] ThirdParty:1030 - CMSIS Pack Vendor :WES I-CUBE-Cesium 1.3.0
2023-10-24 20:39:47,039 [INFO] ThirdParty:1030 - CMSIS Pack Vendor :STMicroelectronics FP-ATR-ASTRA1 2.0.0
2023-10-24 20:39:47,039 [INFO] ThirdParty:1030 - CMSIS Pack Vendor :STMicroelectronics lwIP 2.1.2
2023-10-24 20:39:47,039 [INFO] ThirdParty:1030 - CMSIS Pack Vendor :STMicroelectronics X-CUBE-SFXS2LP1 4.0.0
2023-10-24 20:39:47,039 [INFO] ThirdParty:1030 - CMSIS Pack Vendor :STMicroelectronics X-CUBE-BLE2 3.3.0
2023-10-24 20:39:47,039 [INFO] ThirdParty:1030 - CMSIS Pack Vendor :STMicroelectronics PDM2PCM 3.2.0
2023-10-24 20:39:47,040 [INFO] ThirdParty:841 - exiting critical section [change project]
2023-10-24 20:39:47,278 [INFO] PinOutPanel:1499 - setPackage(No Configuration,No Configuration)
2023-10-24 20:39:47,282 [INFO] PinOutPanel:1499 - setPackage(STM32F746ZGTx,LQFP144)
2023-10-24 20:39:47,754 [INFO] UtilMem:75 - Before build in PCC Used Memory: 836104424 Bytes (1073741824)
2023-10-24 20:39:48,038 [INFO] UtilMem:75 - After build in PCC Used Memory: 885909736 Bytes (1073741824)
2023-10-24 20:39:48,066 [INFO] IPUIPlugin:80 - create IPUIPlugin
2023-10-24 20:39:48,066 [INFO] IPUIPlugin:80 - create IPUIPlugin
2023-10-24 20:39:48,066 [INFO] IPUIPlugin:80 - create IPUIPlugin
2023-10-24 20:39:48,066 [INFO] IPUIPlugin:80 - create IPUIPlugin
2023-10-24 20:39:48,067 [INFO] IPUIPlugin:80 - create IPUIPlugin
2023-10-24 20:39:48,067 [INFO] IPUIPlugin:80 - create IPUIPlugin
2023-10-24 20:39:48,067 [INFO] IPUIPlugin:80 - create IPUIPlugin
2023-10-24 20:39:48,067 [INFO] IPUIPlugin:80 - create IPUIPlugin
2023-10-24 20:39:48,067 [INFO] IPUIPlugin:80 - create IPUIPlugin
2023-10-24 20:39:48,067 [INFO] IPUIPlugin:80 - create IPUIPlugin
2023-10-24 20:39:48,067 [INFO] IPUIPlugin:80 - create IPUIPlugin
2023-10-24 20:39:48,067 [INFO] IPUIPlugin:80 - create IPUIPlugin
2023-10-24 20:39:48,068 [INFO] IPUIPlugin:80 - create IPUIPlugin
2023-10-24 20:39:48,068 [INFO] IPUIPlugin:80 - create IPUIPlugin
2023-10-24 20:39:48,068 [INFO] IPUIPlugin:80 - create IPUIPlugin
2023-10-24 20:39:48,068 [INFO] IPUIPlugin:80 - create IPUIPlugin
2023-10-24 20:39:48,068 [INFO] IPUIPlugin:80 - create IPUIPlugin
2023-10-24 20:39:48,068 [INFO] IPUIPlugin:80 - create IPUIPlugin
2023-10-24 20:39:48,068 [INFO] IPUIPlugin:80 - create IPUIPlugin
2023-10-24 20:39:48,068 [INFO] IPUIPlugin:80 - create IPUIPlugin
2023-10-24 20:39:48,068 [INFO] IPUIPlugin:80 - create IPUIPlugin
2023-10-24 20:39:48,068 [INFO] IPUIPlugin:80 - create IPUIPlugin
2023-10-24 20:39:48,068 [INFO] IPUIPlugin:80 - create IPUIPlugin
2023-10-24 20:39:48,069 [INFO] IPUIPlugin:80 - create IPUIPlugin
2023-10-24 20:39:48,069 [INFO] IPUIPlugin:80 - create IPUIPlugin
2023-10-24 20:39:48,069 [INFO] IPUIPlugin:80 - create IPUIPlugin
2023-10-24 20:39:48,069 [INFO] IPUIPlugin:80 - create IPUIPlugin
2023-10-24 20:39:48,069 [INFO] IPUIPlugin:80 - create IPUIPlugin
2023-10-24 20:39:48,069 [INFO] IPUIPlugin:80 - create IPUIPlugin
2023-10-24 20:39:48,070 [INFO] IPUIPlugin:80 - create IPUIPlugin
2023-10-24 20:39:48,070 [INFO] IPUIPlugin:80 - create IPUIPlugin
2023-10-24 20:39:48,070 [INFO] IPUIPlugin:80 - create IPUIPlugin
2023-10-24 20:39:48,070 [INFO] IPUIPlugin:80 - create IPUIPlugin
2023-10-24 20:39:48,070 [INFO] IPUIPlugin:80 - create IPUIPlugin
2023-10-24 20:39:48,070 [INFO] IPUIPlugin:80 - create IPUIPlugin
2023-10-24 20:39:48,071 [INFO] IPUIPlugin:80 - create IPUIPlugin
2023-10-24 20:39:48,071 [INFO] IPUIPlugin:80 - create IPUIPlugin
2023-10-24 20:39:48,071 [INFO] IPUIPlugin:80 - create IPUIPlugin
2023-10-24 20:39:48,071 [INFO] IPUIPlugin:80 - create IPUIPlugin
2023-10-24 20:39:48,072 [INFO] IPUIPlugin:80 - create IPUIPlugin
2023-10-24 20:39:48,072 [INFO] IPUIPlugin:80 - create IPUIPlugin
2023-10-24 20:39:48,072 [INFO] IPUIPlugin:80 - create IPUIPlugin
2023-10-24 20:39:48,072 [INFO] IPUIPlugin:80 - create IPUIPlugin
2023-10-24 20:39:48,072 [INFO] IPUIPlugin:80 - create IPUIPlugin
2023-10-24 20:39:48,073 [INFO] IPUIPlugin:80 - create IPUIPlugin
2023-10-24 20:39:48,073 [INFO] IPUIPlugin:80 - create IPUIPlugin
2023-10-24 20:39:48,073 [INFO] IPUIPlugin:80 - create IPUIPlugin
2023-10-24 20:39:48,073 [INFO] IPUIPlugin:80 - create IPUIPlugin
2023-10-24 20:39:48,074 [INFO] IPUIPlugin:80 - create IPUIPlugin
2023-10-24 20:39:48,074 [INFO] IPUIPlugin:80 - create IPUIPlugin
2023-10-24 20:39:48,074 [INFO] IPUIPlugin:80 - create IPUIPlugin
2023-10-24 20:39:48,074 [INFO] IPUIPlugin:80 - create IPUIPlugin
2023-10-24 20:39:48,075 [INFO] IPUIPlugin:80 - create IPUIPlugin
2023-10-24 20:39:48,075 [INFO] IPUIPlugin:80 - create IPUIPlugin
2023-10-24 20:39:48,075 [INFO] IPUIPlugin:80 - create IPUIPlugin
2023-10-24 20:39:48,076 [INFO] IPUIPlugin:80 - create IPUIPlugin
2023-10-24 20:39:48,076 [INFO] IPUIPlugin:80 - create IPUIPlugin
2023-10-24 20:39:48,076 [INFO] IPUIPlugin:80 - create IPUIPlugin
2023-10-24 20:39:48,076 [INFO] IPUIPlugin:80 - create IPUIPlugin
2023-10-24 20:39:48,077 [INFO] IPUIPlugin:80 - create IPUIPlugin
2023-10-24 20:39:48,077 [INFO] IPUIPlugin:80 - create IPUIPlugin
2023-10-24 20:39:48,077 [INFO] IPUIPlugin:80 - create IPUIPlugin
2023-10-24 20:39:48,078 [INFO] IPUIPlugin:80 - create IPUIPlugin
2023-10-24 20:39:48,078 [INFO] IPUIPlugin:80 - create IPUIPlugin
2023-10-24 20:39:48,078 [INFO] IPUIPlugin:80 - create IPUIPlugin
2023-10-24 20:39:48,078 [INFO] IPUIPlugin:80 - create IPUIPlugin
2023-10-24 20:39:48,079 [INFO] IPUIPlugin:80 - create IPUIPlugin
2023-10-24 20:39:48,079 [INFO] IPUIPlugin:80 - create IPUIPlugin
2023-10-24 20:39:48,080 [INFO] IPUIPlugin:80 - create IPUIPlugin
2023-10-24 20:39:48,081 [INFO] IPUIPlugin:80 - create IPUIPlugin
2023-10-24 20:39:48,081 [INFO] IPUIPlugin:80 - create IPUIPlugin
2023-10-24 20:39:48,082 [INFO] IPUIPlugin:80 - create IPUIPlugin
2023-10-24 20:39:48,082 [INFO] IPUIPlugin:80 - create IPUIPlugin
2023-10-24 20:39:48,083 [INFO] IPUIPlugin:80 - create IPUIPlugin
2023-10-24 20:39:48,103 [INFO] ApiDbMcu:507 - Load IP Config File for PDM2PCM
2023-10-24 20:39:48,211 [INFO] CADModel:165 - CPN selected for project levelSTM32F746ZGT6
2023-10-24 20:39:48,211 [INFO] CADModel:114 - Register for checkConnection events
2023-10-24 20:39:48,265 [INFO] OpenFileManager:328 - Restore cursor
2023-10-24 20:39:56,806 [INFO] NvicIntPanel:101 - NVIC parent = com.st.microxplorer.plugins.ip.nvic.MultiNvicIntPanel[,0,0,0x0,invalid,layout=javax.swing.BoxLayout,alignmentX=0.0,alignmentY=0.0,border=,flags=9,maximumSize=,minimumSize=,preferredSize=]
2023-10-24 20:39:58,993 [INFO] NvicIntPanel:101 - NVIC parent = com.st.microxplorer.plugins.ip.nvic.MultiNvicIntPanel[,0,0,0x0,invalid,layout=javax.swing.BoxLayout,alignmentX=0.0,alignmentY=0.0,border=,flags=9,maximumSize=,minimumSize=,preferredSize=]
2023-10-24 20:40:01,372 [INFO] NvicIntPanel:101 - NVIC parent = com.st.microxplorer.plugins.ip.nvic.MultiNvicIntPanel[,0,0,0x0,invalid,layout=javax.swing.BoxLayout,alignmentX=0.0,alignmentY=0.0,border=,flags=9,maximumSize=,minimumSize=,preferredSize=]
2023-10-24 20:41:22,968 [INFO] NvicIntPanel:101 - NVIC parent = com.st.microxplorer.plugins.ip.nvic.MultiNvicIntPanel[,0,0,450x141,layout=javax.swing.BoxLayout,alignmentX=0.0,alignmentY=0.0,border=,flags=9,maximumSize=,minimumSize=,preferredSize=]
2023-10-24 21:16:06,541 [INFO] MainUpdater:2868 - connection check result : 10
2023-10-24 21:16:06,544 [INFO] MainUpdater:2868 - connection check result : 10
2023-10-24 21:16:07,470 [INFO] MicroXplorer:468 - Change Database Path : 
2023-10-24 21:16:07,471 [INFO] MicroXplorer:498 - Change Database Version : DB.6.0.91
2023-10-24 21:16:07,623 [WARN] ThirdParty:871 - waiting for thirdparty lock release [close project]
2023-10-24 21:16:07,623 [INFO] ThirdParty:873 - entering critical section [close project]
2023-10-24 21:16:07,623 [INFO] ThirdParty:883 - exiting critical section [close project]
2023-10-24 21:16:07,643 [INFO] PinOutPanel:1499 - setPackage(No Configuration,No Configuration)
2023-10-24 21:16:07,689 [WARN] IpParametersView:151 - Warning: This peripheral hasn't parameters
2023-10-24 21:16:07,714 [WARN] MainPanel:272 - <html><b><center>Warning: This peripheral has no parameters to be configured<br></b></html>
2023-10-24 21:16:07,748 [INFO] UtilMem:75 - Begin LoadConfig() Used Memory: 816108376 Bytes (1073741824)
2023-10-24 21:16:07,749 [INFO] MicroXplorer:468 - Change Database Path : 
2023-10-24 21:16:07,749 [INFO] MicroXplorer:498 - Change Database Version : DB.6.0.91
2023-10-24 21:16:07,753 [INFO] OpenFileManager:308 - Change cursor
2023-10-24 21:16:07,899 [INFO] Mcu:1946 - Initializing MCU STM32F746ZGTx STM32F746ZGTx STM32F746ZGT6
2023-10-24 21:16:10,566 [INFO] Context:659 - Trying to add GPIOservice into a context  which must be forbidden
2023-10-24 21:16:11,129 [INFO] RtosManager:555 - Registered RTOS mode: class=CMSIS, group=RTOS, mode=CMSIS_V1, owner=FREERTOS
2023-10-24 21:16:11,129 [INFO] RtosManager:555 - Registered RTOS mode: class=CMSIS, group=RTOS2, mode=CMSIS_V2, owner=FREERTOS
2023-10-24 21:16:11,129 [INFO] RtosManager:555 - Registered RTOS mode: class=RTOS, group=Core, mode=CMSIS_V1, owner=FREERTOS
2023-10-24 21:16:11,129 [INFO] RtosManager:555 - Registered RTOS mode: class=RTOS, group=Core, mode=CMSIS_V2, owner=FREERTOS
2023-10-24 21:16:11,129 [WARN] ModelIntegratedComponent:184 - Missing modes for component STMicroelectronics:FreeRTOS:0.0.1:STMicroelectronics:RTOS:FreeRTOS:Core:::10.2.0:
2023-10-24 21:16:11,139 [WARN] ModelIntegratedComponent:63 - No mode defined for component null
2023-10-24 21:16:11,139 [WARN] ModelIntegratedComponent:63 - No mode defined for component null
2023-10-24 21:16:11,139 [WARN] ModelIntegratedComponent:63 - No mode defined for component null
2023-10-24 21:16:11,139 [WARN] ModelIntegratedComponent:63 - No mode defined for component null
2023-10-24 21:16:11,139 [WARN] ModelIntegratedComponent:63 - No mode defined for component null
2023-10-24 21:16:11,139 [WARN] ModelIntegratedComponent:63 - No mode defined for component null
2023-10-24 21:16:11,139 [WARN] ModelIntegratedComponent:63 - No mode defined for component null
2023-10-24 21:16:11,139 [WARN] ModelIntegratedComponent:63 - No mode defined for component null
2023-10-24 21:16:11,139 [WARN] ModelIntegratedComponent:63 - No mode defined for component null
2023-10-24 21:16:11,139 [WARN] ModelIntegratedComponent:63 - No mode defined for component null
2023-10-24 21:16:11,139 [WARN] ModelIntegratedComponent:63 - No mode defined for component null
2023-10-24 21:16:11,139 [WARN] ModelIntegratedComponent:63 - No mode defined for component null
2023-10-24 21:16:11,139 [WARN] ModelIntegratedComponent:63 - No mode defined for component null
2023-10-24 21:16:11,139 [WARN] ModelIntegratedComponent:63 - No mode defined for component null
2023-10-24 21:16:11,139 [WARN] ModelIntegratedComponent:63 - No mode defined for component null
2023-10-24 21:16:11,139 [WARN] ModelIntegratedComponent:63 - No mode defined for component null
2023-10-24 21:16:11,139 [WARN] ModelIntegratedComponent:63 - No mode defined for component null
2023-10-24 21:16:11,139 [WARN] ModelIntegratedComponent:63 - No mode defined for component null
2023-10-24 21:16:11,139 [WARN] ModelIntegratedComponent:63 - No mode defined for component null
2023-10-24 21:16:11,139 [WARN] ModelIntegratedComponent:63 - No mode defined for component null
2023-10-24 21:16:11,139 [WARN] ModelIntegratedComponent:63 - No mode defined for component null
2023-10-24 21:16:11,139 [WARN] ModelIntegratedComponent:63 - No mode defined for component null
2023-10-24 21:16:11,140 [WARN] ModelIntegratedComponent:63 - No mode defined for component null
2023-10-24 21:16:11,140 [WARN] ModelIntegratedComponent:63 - No mode defined for component null
2023-10-24 21:16:11,140 [WARN] ModelIntegratedComponent:63 - No mode defined for component null
2023-10-24 21:16:11,140 [WARN] ModelIntegratedComponent:63 - No mode defined for component null
2023-10-24 21:16:11,140 [WARN] ModelIntegratedComponent:63 - No mode defined for component null
2023-10-24 21:16:11,140 [WARN] ModelIntegratedComponent:63 - No mode defined for component null
2023-10-24 21:16:11,140 [WARN] ModelIntegratedComponent:63 - No mode defined for component null
2023-10-24 21:16:11,140 [WARN] ModelIntegratedComponent:63 - No mode defined for component null
2023-10-24 21:16:11,140 [WARN] ModelIntegratedComponent:63 - No mode defined for component null
2023-10-24 21:16:11,140 [WARN] ModelIntegratedComponent:63 - No mode defined for component null
2023-10-24 21:16:11,140 [WARN] ModelIntegratedComponent:63 - No mode defined for component null
2023-10-24 21:16:11,150 [INFO] ThirdPartyModel:298 - Start build external matchings
2023-10-24 21:16:11,531 [INFO] ThirdPartyModel:316 - End build external matchings
2023-10-24 21:16:11,539 [INFO] ImportTextPane:194 - (OptionalMessage_ERROR) IP (ETH) : Invalid parameter (PHY_Name)
2023-10-24 21:16:11,539 [INFO] ImportTextPane:194 - (OptionalMessage_ERROR) IP (ETH) : Invalid parameter (PHY_Value)
2023-10-24 21:16:11,539 [INFO] ImportTextPane:194 - (OptionalMessage_ERROR) IP (ETH) : Invalid parameter (PhyAddress)
2023-10-24 21:16:11,540 [INFO] ImportTextPane:194 - (OptionalMessage_ERROR) IP (RCC) : Invalid parameter (48MHZClocksFreq_Value)
2023-10-24 21:16:11,540 [INFO] ImportTextPane:194 - (OptionalMessage_ERROR) IP (RCC) : Invalid parameter (ADC12outputFreq_Value)
2023-10-24 21:16:11,540 [INFO] ImportTextPane:194 - (OptionalMessage_ERROR) IP (RCC) : Invalid parameter (ADC34outputFreq_Value)
2023-10-24 21:16:11,542 [INFO] ImportTextPane:194 - (OptionalMessage_ERROR) IP (RCC) : Invalid parameter (FamilyName)
2023-10-24 21:16:11,542 [INFO] ImportTextPane:194 - (OptionalMessage_ERROR) IP (RCC) : Invalid parameter (I2SClocksFreq_Value)
2023-10-24 21:16:11,542 [INFO] ImportTextPane:194 - (OptionalMessage_ERROR) IP (RCC) : Parameter (LCDTFToutputFreq_Value) has invalid value (96000000)
2023-10-24 21:16:11,542 [INFO] ImportTextPane:194 - (OptionalMessage_ERROR) IP (RCC) : Invalid parameter (MCOFreq_Value)
2023-10-24 21:16:11,542 [INFO] ImportTextPane:194 - (OptionalMessage_ERROR) IP (RCC) : Invalid parameter (PLLMCOFreq_Value)
2023-10-24 21:16:11,542 [INFO] ImportTextPane:194 - (OptionalMessage_ERROR) IP (RCC) : Invalid parameter (PLLMUL)
2023-10-24 21:16:11,542 [INFO] ImportTextPane:194 - (OptionalMessage_ERROR) IP (RCC) : Invalid parameter (PRESCALERUSB)
2023-10-24 21:16:11,542 [INFO] ImportTextPane:194 - (OptionalMessage_ERROR) IP (RCC) : Invalid parameter (RTCHSEDivFreq_Value)
2023-10-24 21:16:11,542 [INFO] ImportTextPane:194 - (OptionalMessage_ERROR) IP (RCC) : Parameter (SDMMCFreq_Value) has invalid value (72000000)
2023-10-24 21:16:11,542 [INFO] ImportTextPane:194 - (OptionalMessage_ERROR) IP (RCC) : Invalid parameter (SYSCLKSourceVirtual)
2023-10-24 21:16:11,542 [INFO] ImportTextPane:194 - (OptionalMessage_ERROR) IP (RCC) : Invalid parameter (TIM15Freq_Value)
2023-10-24 21:16:11,542 [INFO] ImportTextPane:194 - (OptionalMessage_ERROR) IP (RCC) : Invalid parameter (TIM16Freq_Value)
2023-10-24 21:16:11,542 [INFO] ImportTextPane:194 - (OptionalMessage_ERROR) IP (RCC) : Invalid parameter (TIM17Freq_Value)
2023-10-24 21:16:11,542 [INFO] ImportTextPane:194 - (OptionalMessage_ERROR) IP (RCC) : Invalid parameter (TIM1Freq_Value)
2023-10-24 21:16:11,542 [INFO] ImportTextPane:194 - (OptionalMessage_ERROR) IP (RCC) : Invalid parameter (TIM20Freq_Value)
2023-10-24 21:16:11,542 [INFO] ImportTextPane:194 - (OptionalMessage_ERROR) IP (RCC) : Invalid parameter (TIM2Freq_Value)
2023-10-24 21:16:11,542 [INFO] ImportTextPane:194 - (OptionalMessage_ERROR) IP (RCC) : Invalid parameter (TIM3Freq_Value)
2023-10-24 21:16:11,542 [INFO] ImportTextPane:194 - (OptionalMessage_ERROR) IP (RCC) : Invalid parameter (TIM8Freq_Value)
2023-10-24 21:16:11,542 [INFO] ImportTextPane:194 - (OptionalMessage_ERROR) IP (RCC) : Invalid parameter (VCOOutput2Freq_Value)
2023-10-24 21:16:11,542 [INFO] ImportTextPane:194 - (OptionalMessage_ERROR) IP (RCC) : Invalid parameter (VcooutputI2S)
2023-10-24 21:16:12,007 [INFO] UtilMem:75 - End LoadConfig() Used Memory: 816623440 Bytes (1073741824)
2023-10-24 21:16:12,066 [WARN] ThirdParty:833 - waiting for thirdparty lock release [change project]
2023-10-24 21:16:12,066 [INFO] ThirdParty:835 - entering critical section [change project]
2023-10-24 21:16:12,066 [INFO] ThirdParty:1030 - CMSIS Pack Vendor :STMicroelectronics X-CUBE-ISPU 1.1.0
2023-10-24 21:16:12,066 [INFO] ThirdParty:1030 - CMSIS Pack Vendor :STMicroelectronics USBPD 4.1
2023-10-24 21:16:12,066 [INFO] ThirdParty:1030 - CMSIS Pack Vendor :STMicroelectronics X-CUBE-GNSS1 6.0.0
2023-10-24 21:16:12,067 [INFO] ThirdParty:1030 - CMSIS Pack Vendor :STMicroelectronics USB_HOST 2.0.0
2023-10-24 21:16:12,067 [INFO] ThirdParty:1030 - CMSIS Pack Vendor :STMicroelectronics X-CUBE-AZRTOS-F4 1.1.0
2023-10-24 21:16:12,067 [INFO] ThirdParty:1030 - CMSIS Pack Vendor :STMicroelectronics LIBJPEG 8.0.0
2023-10-24 21:16:12,067 [INFO] ThirdParty:1030 - CMSIS Pack Vendor :wolfSSL I-CUBE-wolfSSL 5.6.3
2023-10-24 21:16:12,067 [INFO] ThirdParty:1030 - CMSIS Pack Vendor :STMicroelectronics X-CUBE-SMBUS 2.1.0
2023-10-24 21:16:12,067 [INFO] ThirdParty:1030 - CMSIS Pack Vendor :STMicroelectronics USB_DEVICE 3.0.0
2023-10-24 21:16:12,067 [INFO] ThirdParty:1030 - CMSIS Pack Vendor :STMicroelectronics X-CUBE-AZRTOS-WB 2.0.0
2023-10-24 21:16:12,067 [INFO] ThirdParty:1030 - CMSIS Pack Vendor :STMicroelectronics X-CUBE-AZRTOS-F7 1.1.0
2023-10-24 21:16:12,067 [INFO] ThirdParty:1030 - CMSIS Pack Vendor :STMicroelectronics X-CUBE-AZRTOS-L5 2.0.0
2023-10-24 21:16:12,067 [INFO] ThirdParty:1030 - CMSIS Pack Vendor :STMicroelectronics USB_DEVICE 2.0.0
2023-10-24 21:16:12,067 [INFO] ThirdParty:1030 - CMSIS Pack Vendor :STMicroelectronics X-CUBE-MEMS1 9.6.0
2023-10-24 21:16:12,067 [INFO] ThirdParty:1030 - CMSIS Pack Vendor :ITTIA_DB I-CUBE-ITTIADB 8.8.0
2023-10-24 21:16:12,067 [INFO] ThirdParty:1030 - CMSIS Pack Vendor :STMicroelectronics FP-SNS-MOTENV1 4.3.2
2023-10-24 21:16:12,067 [INFO] ThirdParty:1030 - CMSIS Pack Vendor :STMicroelectronics X-CUBE-ALGOBUILD 1.3.0
2023-10-24 21:16:12,067 [INFO] ThirdParty:1030 - CMSIS Pack Vendor :STMicroelectronics FreeRTOS 0.0.1
2023-10-24 21:16:12,067 [INFO] ThirdParty:1030 - CMSIS Pack Vendor :STMicroelectronics X-CUBE-AZRTOS-G0 1.1.0
2023-10-24 21:16:12,067 [INFO] ThirdParty:1030 - CMSIS Pack Vendor :STMicroelectronics X-CUBE-BLEMGR 2.0.0
2023-10-24 21:16:12,067 [INFO] ThirdParty:1030 - CMSIS Pack Vendor :STMicroelectronics X-CUBE-NFC4 3.0.0
2023-10-24 21:16:12,067 [INFO] ThirdParty:1030 - CMSIS Pack Vendor :STMicroelectronics X-CUBE-SUBG2 5.0.0
2023-10-24 21:16:12,067 [INFO] ThirdParty:1030 - CMSIS Pack Vendor :STMicroelectronics STM32_WPAN 1.0.0
2023-10-24 21:16:12,067 [INFO] ThirdParty:1030 - CMSIS Pack Vendor :STMicroelectronics lwIP 2.0.3
2023-10-24 21:16:12,067 [INFO] ThirdParty:1030 - CMSIS Pack Vendor :STMicroelectronics FP-SNS-FLIGHT1 5.0.2
2023-10-24 21:16:12,067 [INFO] ThirdParty:1030 - CMSIS Pack Vendor :STMicroelectronics USB_HOST 1.0.0
2023-10-24 21:16:12,067 [INFO] ThirdParty:1030 - CMSIS Pack Vendor :STMicroelectronics X-CUBE-TOF1 3.3.1
2023-10-24 21:16:12,067 [INFO] ThirdParty:1030 - CMSIS Pack Vendor :STMicroelectronics X-CUBE-AZRTOS-G4 2.0.0
2023-10-24 21:16:12,067 [INFO] ThirdParty:1030 - CMSIS Pack Vendor :STMicroelectronics PDM2PCM 3.1.0
2023-10-24 21:16:12,067 [INFO] ThirdParty:1030 - CMSIS Pack Vendor :STMicroelectronics X-CUBE-AZRTOS-H7 3.1.0
2023-10-24 21:16:12,067 [INFO] ThirdParty:1030 - CMSIS Pack Vendor :Infineon AIROC-Wi-Fi-Bluetooth-STM32 1.5.1
2023-10-24 21:16:12,067 [INFO] ThirdParty:1030 - CMSIS Pack Vendor :STMicroelectronics PDM2PCM 3.3.0
2023-10-24 21:16:12,067 [INFO] ThirdParty:1030 - CMSIS Pack Vendor :STMicroelectronics X-CUBE-DISPLAY 3.0.0
2023-10-24 21:16:12,067 [INFO] ThirdParty:1030 - CMSIS Pack Vendor :STMicroelectronics X-CUBE-BLE1 7.0.0
2023-10-24 21:16:12,067 [INFO] ThirdParty:1030 - CMSIS Pack Vendor :STMicroelectronics FP-ATR-SIGFOX1 3.2.0
2023-10-24 21:16:12,067 [INFO] ThirdParty:1030 - CMSIS Pack Vendor :STMicroelectronics HAL Drivers 0.0.0
2023-10-24 21:16:12,067 [INFO] ThirdParty:1030 - CMSIS Pack Vendor :STMicroelectronics MBEDTLS 2.16.2
2023-10-24 21:16:12,068 [INFO] ThirdParty:1030 - CMSIS Pack Vendor :emotas I-CUBE-CANOPEN 1.3.0
2023-10-24 21:16:12,068 [INFO] ThirdParty:1030 - CMSIS Pack Vendor :STMicroelectronics X-CUBE-FREERTOS 1.1.0
2023-10-24 21:16:12,068 [INFO] ThirdParty:1030 - CMSIS Pack Vendor :STMicroelectronics X-CUBE-TOUCHGFX 4.22.0
2023-10-24 21:16:12,068 [INFO] ThirdParty:1030 - CMSIS Pack Vendor :STMicroelectronics X-CUBE-NFC7 1.0.1
2023-10-24 21:16:12,068 [INFO] ThirdParty:1030 - CMSIS Pack Vendor :STMicroelectronics MBEDTLS 2.14.1
2023-10-24 21:16:12,068 [INFO] ThirdParty:1030 - CMSIS Pack Vendor :STMicroelectronics X-CUBE-TOUCHGFX 4.22.1
2023-10-24 21:16:12,068 [INFO] ThirdParty:1030 - CMSIS Pack Vendor :STMicroelectronics X-CUBE-NFC6 3.0.0
2023-10-24 21:16:12,068 [INFO] ThirdParty:1030 - CMSIS Pack Vendor :STMicroelectronics X-CUBE-EEPRMA1 4.1.0
2023-10-24 21:16:12,068 [INFO] ThirdParty:1030 - CMSIS Pack Vendor :portGmbH I-Cube-SoM-uGOAL 1.1.0
2023-10-24 21:16:12,068 [INFO] ThirdParty:1030 - CMSIS Pack Vendor :STMicroelectronics X-CUBE-ALS 1.0.1
2023-10-24 21:16:12,068 [INFO] ThirdParty:1030 - CMSIS Pack Vendor :STMicroelectronics ThreadX 1.0.0
2023-10-24 21:16:12,068 [INFO] ThirdParty:1030 - CMSIS Pack Vendor :STMicroelectronics FP-SNS-SMARTAG2 1.2.0
2023-10-24 21:16:12,068 [INFO] ThirdParty:1030 - CMSIS Pack Vendor :STMicroelectronics X-CUBE-AZRTOS-WL 2.0.0
2023-10-24 21:16:12,068 [INFO] ThirdParty:1030 - CMSIS Pack Vendor :SEGGER I-CUBE-embOS 1.3.1
2023-10-24 21:16:12,068 [INFO] ThirdParty:1030 - CMSIS Pack Vendor :STMicroelectronics USB_DEVICE 1.0.0
2023-10-24 21:16:12,068 [INFO] ThirdParty:1030 - CMSIS Pack Vendor :STMicroelectronics X-CUBE-AI 8.1.0
2023-10-24 21:16:12,068 [INFO] ThirdParty:1030 - CMSIS Pack Vendor :STMicroelectronics X-CUBE-AZRTOS-L4 2.0.0
2023-10-24 21:16:12,068 [INFO] ThirdParty:1030 - CMSIS Pack Vendor :STMicroelectronics ThreadX 0.0.2
2023-10-24 21:16:12,068 [INFO] ThirdParty:1030 - CMSIS Pack Vendor :WES I-CUBE-Cesium 1.3.0
2023-10-24 21:16:12,068 [INFO] ThirdParty:1030 - CMSIS Pack Vendor :STMicroelectronics FP-ATR-ASTRA1 2.0.0
2023-10-24 21:16:12,068 [INFO] ThirdParty:1030 - CMSIS Pack Vendor :STMicroelectronics lwIP 2.1.2
2023-10-24 21:16:12,068 [INFO] ThirdParty:1030 - CMSIS Pack Vendor :STMicroelectronics X-CUBE-SFXS2LP1 4.0.0
2023-10-24 21:16:12,068 [INFO] ThirdParty:1030 - CMSIS Pack Vendor :STMicroelectronics X-CUBE-BLE2 3.3.0
2023-10-24 21:16:12,068 [INFO] ThirdParty:1030 - CMSIS Pack Vendor :STMicroelectronics PDM2PCM 3.2.0
2023-10-24 21:16:12,069 [INFO] ThirdParty:841 - exiting critical section [change project]
2023-10-24 21:16:12,278 [INFO] PinOutPanel:1499 - setPackage(No Configuration,No Configuration)
2023-10-24 21:16:12,280 [INFO] PinOutPanel:1499 - setPackage(STM32F746ZGTx,LQFP144)
2023-10-24 21:16:12,650 [INFO] UtilMem:75 - Before build in PCC Used Memory: 872581440 Bytes (1073741824)
2023-10-24 21:16:12,859 [INFO] UtilMem:75 - After build in PCC Used Memory: 922913088 Bytes (1073741824)
2023-10-24 21:16:12,891 [INFO] IPUIPlugin:80 - create IPUIPlugin
2023-10-24 21:16:12,891 [INFO] IPUIPlugin:80 - create IPUIPlugin
2023-10-24 21:16:12,892 [INFO] IPUIPlugin:80 - create IPUIPlugin
2023-10-24 21:16:12,892 [INFO] IPUIPlugin:80 - create IPUIPlugin
2023-10-24 21:16:12,892 [INFO] IPUIPlugin:80 - create IPUIPlugin
2023-10-24 21:16:12,892 [INFO] IPUIPlugin:80 - create IPUIPlugin
2023-10-24 21:16:12,892 [INFO] IPUIPlugin:80 - create IPUIPlugin
2023-10-24 21:16:12,892 [INFO] IPUIPlugin:80 - create IPUIPlugin
2023-10-24 21:16:12,892 [INFO] IPUIPlugin:80 - create IPUIPlugin
2023-10-24 21:16:12,892 [INFO] IPUIPlugin:80 - create IPUIPlugin
2023-10-24 21:16:12,893 [INFO] IPUIPlugin:80 - create IPUIPlugin
2023-10-24 21:16:12,893 [INFO] IPUIPlugin:80 - create IPUIPlugin
2023-10-24 21:16:12,893 [INFO] IPUIPlugin:80 - create IPUIPlugin
2023-10-24 21:16:12,893 [INFO] IPUIPlugin:80 - create IPUIPlugin
2023-10-24 21:16:12,893 [INFO] IPUIPlugin:80 - create IPUIPlugin
2023-10-24 21:16:12,893 [INFO] IPUIPlugin:80 - create IPUIPlugin
2023-10-24 21:16:12,893 [INFO] IPUIPlugin:80 - create IPUIPlugin
2023-10-24 21:16:12,893 [INFO] IPUIPlugin:80 - create IPUIPlugin
2023-10-24 21:16:12,893 [INFO] IPUIPlugin:80 - create IPUIPlugin
2023-10-24 21:16:12,893 [INFO] IPUIPlugin:80 - create IPUIPlugin
2023-10-24 21:16:12,894 [INFO] IPUIPlugin:80 - create IPUIPlugin
2023-10-24 21:16:12,894 [INFO] IPUIPlugin:80 - create IPUIPlugin
2023-10-24 21:16:12,894 [INFO] IPUIPlugin:80 - create IPUIPlugin
2023-10-24 21:16:12,894 [INFO] IPUIPlugin:80 - create IPUIPlugin
2023-10-24 21:16:12,894 [INFO] IPUIPlugin:80 - create IPUIPlugin
2023-10-24 21:16:12,894 [INFO] IPUIPlugin:80 - create IPUIPlugin
2023-10-24 21:16:12,894 [INFO] IPUIPlugin:80 - create IPUIPlugin
2023-10-24 21:16:12,895 [INFO] IPUIPlugin:80 - create IPUIPlugin
2023-10-24 21:16:12,895 [INFO] IPUIPlugin:80 - create IPUIPlugin
2023-10-24 21:16:12,895 [INFO] IPUIPlugin:80 - create IPUIPlugin
2023-10-24 21:16:12,895 [INFO] IPUIPlugin:80 - create IPUIPlugin
2023-10-24 21:16:12,896 [INFO] IPUIPlugin:80 - create IPUIPlugin
2023-10-24 21:16:12,896 [INFO] IPUIPlugin:80 - create IPUIPlugin
2023-10-24 21:16:12,896 [INFO] IPUIPlugin:80 - create IPUIPlugin
2023-10-24 21:16:12,896 [INFO] IPUIPlugin:80 - create IPUIPlugin
2023-10-24 21:16:12,896 [INFO] IPUIPlugin:80 - create IPUIPlugin
2023-10-24 21:16:12,897 [INFO] IPUIPlugin:80 - create IPUIPlugin
2023-10-24 21:16:12,897 [INFO] IPUIPlugin:80 - create IPUIPlugin
2023-10-24 21:16:12,898 [INFO] IPUIPlugin:80 - create IPUIPlugin
2023-10-24 21:16:12,898 [INFO] IPUIPlugin:80 - create IPUIPlugin
2023-10-24 21:16:12,899 [INFO] IPUIPlugin:80 - create IPUIPlugin
2023-10-24 21:16:12,899 [INFO] IPUIPlugin:80 - create IPUIPlugin
2023-10-24 21:16:12,900 [INFO] IPUIPlugin:80 - create IPUIPlugin
2023-10-24 21:16:12,900 [INFO] IPUIPlugin:80 - create IPUIPlugin
2023-10-24 21:16:12,900 [INFO] IPUIPlugin:80 - create IPUIPlugin
2023-10-24 21:16:12,901 [INFO] IPUIPlugin:80 - create IPUIPlugin
2023-10-24 21:16:12,901 [INFO] IPUIPlugin:80 - create IPUIPlugin
2023-10-24 21:16:12,901 [INFO] IPUIPlugin:80 - create IPUIPlugin
2023-10-24 21:16:12,902 [INFO] IPUIPlugin:80 - create IPUIPlugin
2023-10-24 21:16:12,902 [INFO] IPUIPlugin:80 - create IPUIPlugin
2023-10-24 21:16:12,903 [INFO] IPUIPlugin:80 - create IPUIPlugin
2023-10-24 21:16:12,903 [INFO] IPUIPlugin:80 - create IPUIPlugin
2023-10-24 21:16:12,904 [INFO] IPUIPlugin:80 - create IPUIPlugin
2023-10-24 21:16:12,904 [INFO] IPUIPlugin:80 - create IPUIPlugin
2023-10-24 21:16:12,905 [INFO] IPUIPlugin:80 - create IPUIPlugin
2023-10-24 21:16:12,905 [INFO] IPUIPlugin:80 - create IPUIPlugin
2023-10-24 21:16:12,905 [INFO] IPUIPlugin:80 - create IPUIPlugin
2023-10-24 21:16:12,906 [INFO] IPUIPlugin:80 - create IPUIPlugin
2023-10-24 21:16:12,906 [INFO] IPUIPlugin:80 - create IPUIPlugin
2023-10-24 21:16:12,906 [INFO] IPUIPlugin:80 - create IPUIPlugin
2023-10-24 21:16:12,907 [INFO] IPUIPlugin:80 - create IPUIPlugin
2023-10-24 21:16:12,907 [INFO] IPUIPlugin:80 - create IPUIPlugin
2023-10-24 21:16:12,908 [INFO] IPUIPlugin:80 - create IPUIPlugin
2023-10-24 21:16:12,908 [INFO] IPUIPlugin:80 - create IPUIPlugin
2023-10-24 21:16:12,908 [INFO] IPUIPlugin:80 - create IPUIPlugin
2023-10-24 21:16:12,908 [INFO] IPUIPlugin:80 - create IPUIPlugin
2023-10-24 21:16:12,909 [INFO] IPUIPlugin:80 - create IPUIPlugin
2023-10-24 21:16:12,909 [INFO] IPUIPlugin:80 - create IPUIPlugin
2023-10-24 21:16:12,909 [INFO] IPUIPlugin:80 - create IPUIPlugin
2023-10-24 21:16:12,910 [INFO] IPUIPlugin:80 - create IPUIPlugin
2023-10-24 21:16:12,910 [INFO] IPUIPlugin:80 - create IPUIPlugin
2023-10-24 21:16:12,910 [INFO] IPUIPlugin:80 - create IPUIPlugin
2023-10-24 21:16:12,911 [INFO] IPUIPlugin:80 - create IPUIPlugin
2023-10-24 21:16:12,911 [INFO] IPUIPlugin:80 - create IPUIPlugin
2023-10-24 21:16:12,931 [INFO] ApiDbMcu:507 - Load IP Config File for PDM2PCM
2023-10-24 21:16:13,029 [INFO] CADModel:165 - CPN selected for project levelSTM32F746ZGT6
2023-10-24 21:16:13,029 [INFO] CADModel:114 - Register for checkConnection events
2023-10-24 21:16:13,086 [INFO] OpenFileManager:328 - Restore cursor
2023-10-24 21:16:13,111 [INFO] ApiDb:581 - Connected to CubeFinder SQLite database (C:\Users\yarde\.stmcufinder\plugins\mcufinder\mcu\cube-finder-db.db)
2023-10-24 21:16:58,205 [INFO] NvicIntPanel:101 - NVIC parent = com.st.microxplorer.plugins.ip.nvic.MultiNvicIntPanel[,0,0,0x0,invalid,layout=javax.swing.BoxLayout,alignmentX=0.0,alignmentY=0.0,border=,flags=9,maximumSize=,minimumSize=,preferredSize=]
2023-10-24 21:18:45,424 [INFO] UtilMem:75 - End SaveConfig() Used Memory: 937198976 Bytes (1073741824)
2023-10-24 21:18:48,190 [INFO] UtilMem:75 - End SaveConfig() Used Memory: 782496216 Bytes (1073741824)
2023-10-24 21:18:48,547 [INFO] BlockDiagram:2759 - set Specific Code input for plugin: SPI
2023-10-24 21:18:48,547 [INFO] BlockDiagram:2759 - set Specific Code input for plugin: SPI
2023-10-24 21:18:48,547 [INFO] BlockDiagram:2759 - set Specific Code input for plugin: SYS
2023-10-24 21:18:48,547 [INFO] BlockDiagram:2759 - set Specific Code input for plugin: RCC
2023-10-24 21:18:48,547 [INFO] BlockDiagram:2759 - set Specific Code input for plugin: USB_OTG_FS
2023-10-24 21:18:48,547 [INFO] BlockDiagram:2759 - set Specific Code input for plugin: NVIC
2023-10-24 21:18:48,547 [INFO] BlockDiagram:2759 - set Specific Code input for plugin: USART
2023-10-24 21:18:48,548 [INFO] BlockDiagram:2759 - set Specific Code input for plugin: GPIO
2023-10-24 21:18:48,548 [INFO] BlockDiagram:2759 - set Specific Code input for plugin: ETH
2023-10-24 21:18:48,549 [INFO] CodeGenerator:799 - code generatio: config db path: C:\ST\STM32CubeIDE_1.13.1\STM32CubeIDE\plugins\com.st.stm32cube.common.mx_6.9.1.202307191849\\db\
2023-10-24 21:18:48,831 [INFO] CodeEngine:255 - oldGeneratedFile, C:\Users\yarde\STM32CubeIDE\workspace_1.13.1\Homework_SPI\MXTmpFiles\license.tmp_save
2023-10-24 21:18:48,958 [INFO] CodeEngine:279 - Generated code: C:\Users\yarde\STM32CubeIDE\workspace_1.13.1\Homework_SPI\MXTmpFiles\license.tmp
2023-10-24 21:18:49,067 [INFO] CodeEngine:255 - oldGeneratedFile, C:\Users\yarde\STM32CubeIDE\workspace_1.13.1\Homework_SPI\MXTmpFiles\gpio.tmp_save
2023-10-24 21:18:49,216 [INFO] CodeEngine:279 - Generated code: C:\Users\yarde\STM32CubeIDE\workspace_1.13.1\Homework_SPI\MXTmpFiles\gpio.tmp
2023-10-24 21:18:49,644 [WARN] IPConfigManager:2937 - Warning: the RefConfig PWREx_EnableUSBVoltageDetector is not available in your config.xml file
2023-10-24 21:18:49,674 [INFO] CodeEngine:255 - oldGeneratedFile, C:\Users\yarde\STM32CubeIDE\workspace_1.13.1\Homework_SPI\MXTmpFiles\cortex.tmp_save
2023-10-24 21:18:49,771 [INFO] CodeEngine:279 - Generated code: C:\Users\yarde\STM32CubeIDE\workspace_1.13.1\Homework_SPI\MXTmpFiles\cortex.tmp
2023-10-24 21:18:49,801 [INFO] CodeEngine:255 - oldGeneratedFile, C:\Users\yarde\STM32CubeIDE\workspace_1.13.1\Homework_SPI\Core\Src\stm32f7xx_it.c_save
2023-10-24 21:18:49,957 [INFO] CodeEngine:279 - Generated code: C:\Users\yarde\STM32CubeIDE\workspace_1.13.1\Homework_SPI\Core\Src\stm32f7xx_it.c
2023-10-24 21:18:49,975 [INFO] CodeEngine:255 - oldGeneratedFile, C:\Users\yarde\STM32CubeIDE\workspace_1.13.1\Homework_SPI\Core\Inc\stm32f7xx_it.h_save
2023-10-24 21:18:50,050 [INFO] CodeEngine:279 - Generated code: C:\Users\yarde\STM32CubeIDE\workspace_1.13.1\Homework_SPI\Core\Inc\stm32f7xx_it.h
2023-10-24 21:18:50,087 [INFO] CodeEngine:255 - oldGeneratedFile, C:\Users\yarde\STM32CubeIDE\workspace_1.13.1\Homework_SPI\Core\Src\stm32f7xx_hal_msp.c_save
2023-10-24 21:18:50,224 [INFO] CodeEngine:279 - Generated code: C:\Users\yarde\STM32CubeIDE\workspace_1.13.1\Homework_SPI\Core\Src\stm32f7xx_hal_msp.c
2023-10-24 21:18:50,231 [INFO] CodeEngine:255 - oldGeneratedFile, C:\Users\yarde\STM32CubeIDE\workspace_1.13.1\Homework_SPI\MXTmpFiles\system.tmp_save
2023-10-24 21:18:50,321 [INFO] CodeEngine:279 - Generated code: C:\Users\yarde\STM32CubeIDE\workspace_1.13.1\Homework_SPI\MXTmpFiles\system.tmp
2023-10-24 21:18:50,349 [INFO] CodeEngine:311 - oldGeneratedFile, C:\Users\yarde\STM32CubeIDE\workspace_1.13.1\Homework_SPI\Core\Inc\stm32f7xx_hal_conf.h_save
2023-10-24 21:18:50,451 [INFO] CodeEngine:335 - Generated code: C:\Users\yarde\STM32CubeIDE\workspace_1.13.1\Homework_SPI\Core\Inc\stm32f7xx_hal_conf.h
2023-10-24 21:18:50,483 [WARN] IPConfigManager:3431 - IP not found : USB_OTG
2023-10-24 21:18:50,484 [WARN] CodeGenerator:3760 - IP not found : null
2023-10-24 21:18:50,514 [INFO] CodeEngine:255 - oldGeneratedFile, C:\Users\yarde\STM32CubeIDE\workspace_1.13.1\Homework_SPI\Core\Inc\main.h_save
2023-10-24 21:18:50,693 [INFO] CodeEngine:279 - Generated code: C:\Users\yarde\STM32CubeIDE\workspace_1.13.1\Homework_SPI\Core\Inc\main.h
2023-10-24 21:18:50,718 [INFO] CodeEngine:255 - oldGeneratedFile, C:\Users\yarde\STM32CubeIDE\workspace_1.13.1\Homework_SPI\Core\Src\main.c_save
2023-10-24 21:18:50,945 [INFO] CodeEngine:279 - Generated code: C:\Users\yarde\STM32CubeIDE\workspace_1.13.1\Homework_SPI\Core\Src\main.c
2023-10-24 21:18:51,840 [INFO] ProjectBuilder:3064 - Time for Copy HAL[1] : 469mS.
2023-10-24 21:18:51,845 [INFO] ProjectBuilder:4404 - Project Generator version: 4.1.0
2023-10-24 21:18:52,217 [INFO] ConfigFileManager:1457 - The Die is : DIE449
2023-10-24 21:18:52,235 [INFO] ApiDbMcu:507 - Load IP Config File for FATFS
2023-10-24 21:18:52,255 [INFO] ApiDbMcu:507 - Load IP Config File for FREERTOS
2023-10-24 21:18:52,269 [INFO] ApiDbMcu:507 - Load IP Config File for LIBJPEG
2023-10-24 21:18:52,285 [INFO] ApiDbMcu:507 - Load IP Config File for LWIP
2023-10-24 21:18:52,301 [INFO] ApiDbMcu:507 - Load IP Config File for MBEDTLS
2023-10-24 21:18:52,326 [INFO] ApiDbMcu:507 - Load IP Config File for USB_DEVICE
2023-10-24 21:18:52,346 [INFO] ApiDbMcu:507 - Load IP Config File for USB_HOST
2023-10-24 21:18:56,444 [INFO] ProjectBuilder:4626 - Time for Generating toolchain IDE Files: 4600mS.
2023-10-24 21:18:56,446 [INFO] ProjectBuilder:2935 - Time for Copy CMSIS : 1mS.
2023-10-24 21:18:56,450 [INFO] ProjectBuilder:2935 - Time for Copy CMSIS : 0mS.
2023-10-24 21:20:32,869 [INFO] NvicIntPanel:101 - NVIC parent = com.st.microxplorer.plugins.ip.nvic.MultiNvicIntPanel[,0,0,450x216,layout=javax.swing.BoxLayout,alignmentX=0.0,alignmentY=0.0,border=,flags=9,maximumSize=,minimumSize=,preferredSize=]
2023-10-24 21:23:56,839 [INFO] UtilMem:75 - End SaveConfig() Used Memory: 873919392 Bytes (1073741824)
2023-10-24 21:23:58,058 [INFO] UtilMem:75 - End SaveConfig() Used Memory: 907996064 Bytes (1073741824)
2023-10-24 21:23:58,316 [INFO] UtilMem:75 - End SaveConfig() Used Memory: 941028256 Bytes (1073741824)
2023-10-24 21:23:58,633 [INFO] BlockDiagram:2759 - set Specific Code input for plugin: SPI
2023-10-24 21:23:58,633 [INFO] BlockDiagram:2759 - set Specific Code input for plugin: SPI
2023-10-24 21:23:58,633 [INFO] BlockDiagram:2759 - set Specific Code input for plugin: SYS
2023-10-24 21:23:58,633 [INFO] BlockDiagram:2759 - set Specific Code input for plugin: RCC
2023-10-24 21:23:58,633 [INFO] BlockDiagram:2759 - set Specific Code input for plugin: USB_OTG_FS
2023-10-24 21:23:58,633 [INFO] BlockDiagram:2759 - set Specific Code input for plugin: NVIC
2023-10-24 21:23:58,633 [INFO] BlockDiagram:2759 - set Specific Code input for plugin: USART
2023-10-24 21:23:58,633 [INFO] BlockDiagram:2759 - set Specific Code input for plugin: GPIO
2023-10-24 21:23:58,633 [INFO] BlockDiagram:2759 - set Specific Code input for plugin: ETH
2023-10-24 21:23:58,635 [INFO] CodeGenerator:799 - code generatio: config db path: C:\ST\STM32CubeIDE_1.13.1\STM32CubeIDE\plugins\com.st.stm32cube.common.mx_6.9.1.202307191849\\db\
2023-10-24 21:23:58,822 [INFO] CodeEngine:255 - oldGeneratedFile, C:\Users\yarde\STM32CubeIDE\workspace_1.13.1\Homework_SPI\MXTmpFiles\license.tmp_save
2023-10-24 21:23:58,958 [INFO] CodeEngine:279 - Generated code: C:\Users\yarde\STM32CubeIDE\workspace_1.13.1\Homework_SPI\MXTmpFiles\license.tmp
2023-10-24 21:23:59,024 [INFO] CodeEngine:255 - oldGeneratedFile, C:\Users\yarde\STM32CubeIDE\workspace_1.13.1\Homework_SPI\MXTmpFiles\gpio.tmp_save
2023-10-24 21:23:59,107 [INFO] CodeEngine:279 - Generated code: C:\Users\yarde\STM32CubeIDE\workspace_1.13.1\Homework_SPI\MXTmpFiles\gpio.tmp
2023-10-24 21:23:59,474 [WARN] IPConfigManager:2937 - Warning: the RefConfig PWREx_EnableUSBVoltageDetector is not available in your config.xml file
2023-10-24 21:23:59,491 [INFO] CodeEngine:255 - oldGeneratedFile, C:\Users\yarde\STM32CubeIDE\workspace_1.13.1\Homework_SPI\MXTmpFiles\cortex.tmp_save
2023-10-24 21:23:59,605 [INFO] CodeEngine:279 - Generated code: C:\Users\yarde\STM32CubeIDE\workspace_1.13.1\Homework_SPI\MXTmpFiles\cortex.tmp
2023-10-24 21:23:59,636 [INFO] CodeEngine:255 - oldGeneratedFile, C:\Users\yarde\STM32CubeIDE\workspace_1.13.1\Homework_SPI\Core\Src\stm32f7xx_it.c_save
2023-10-24 21:23:59,771 [INFO] CodeEngine:279 - Generated code: C:\Users\yarde\STM32CubeIDE\workspace_1.13.1\Homework_SPI\Core\Src\stm32f7xx_it.c
2023-10-24 21:23:59,780 [INFO] CodeEngine:255 - oldGeneratedFile, C:\Users\yarde\STM32CubeIDE\workspace_1.13.1\Homework_SPI\Core\Inc\stm32f7xx_it.h_save
2023-10-24 21:23:59,838 [INFO] CodeEngine:279 - Generated code: C:\Users\yarde\STM32CubeIDE\workspace_1.13.1\Homework_SPI\Core\Inc\stm32f7xx_it.h
2023-10-24 21:23:59,863 [INFO] CodeEngine:255 - oldGeneratedFile, C:\Users\yarde\STM32CubeIDE\workspace_1.13.1\Homework_SPI\Core\Src\stm32f7xx_hal_msp.c_save
2023-10-24 21:23:59,966 [INFO] CodeEngine:279 - Generated code: C:\Users\yarde\STM32CubeIDE\workspace_1.13.1\Homework_SPI\Core\Src\stm32f7xx_hal_msp.c
2023-10-24 21:23:59,975 [INFO] CodeEngine:255 - oldGeneratedFile, C:\Users\yarde\STM32CubeIDE\workspace_1.13.1\Homework_SPI\MXTmpFiles\system.tmp_save
2023-10-24 21:24:00,029 [INFO] CodeEngine:279 - Generated code: C:\Users\yarde\STM32CubeIDE\workspace_1.13.1\Homework_SPI\MXTmpFiles\system.tmp
2023-10-24 21:24:00,052 [INFO] CodeEngine:311 - oldGeneratedFile, C:\Users\yarde\STM32CubeIDE\workspace_1.13.1\Homework_SPI\Core\Inc\stm32f7xx_hal_conf.h_save
2023-10-24 21:24:00,140 [INFO] CodeEngine:335 - Generated code: C:\Users\yarde\STM32CubeIDE\workspace_1.13.1\Homework_SPI\Core\Inc\stm32f7xx_hal_conf.h
2023-10-24 21:24:00,160 [WARN] IPConfigManager:3431 - IP not found : USB_OTG
2023-10-24 21:24:00,160 [WARN] CodeGenerator:3760 - IP not found : null
2023-10-24 21:24:00,178 [INFO] CodeEngine:255 - oldGeneratedFile, C:\Users\yarde\STM32CubeIDE\workspace_1.13.1\Homework_SPI\Core\Inc\main.h_save
2023-10-24 21:24:00,259 [INFO] CodeEngine:279 - Generated code: C:\Users\yarde\STM32CubeIDE\workspace_1.13.1\Homework_SPI\Core\Inc\main.h
2023-10-24 21:24:00,276 [INFO] CodeEngine:255 - oldGeneratedFile, C:\Users\yarde\STM32CubeIDE\workspace_1.13.1\Homework_SPI\Core\Src\main.c_save
2023-10-24 21:24:00,424 [INFO] CodeEngine:279 - Generated code: C:\Users\yarde\STM32CubeIDE\workspace_1.13.1\Homework_SPI\Core\Src\main.c
2023-10-24 21:24:01,233 [INFO] ProjectBuilder:3064 - Time for Copy HAL[1] : 326mS.
2023-10-24 21:24:01,239 [INFO] ProjectBuilder:4404 - Project Generator version: 4.1.0
2023-10-24 21:24:01,461 [INFO] ConfigFileManager:1457 - The Die is : DIE449
2023-10-24 21:24:03,330 [INFO] ProjectBuilder:4626 - Time for Generating toolchain IDE Files: 2092mS.
2023-10-24 21:24:03,332 [INFO] ProjectBuilder:2935 - Time for Copy CMSIS : 1mS.
2023-10-24 21:24:03,340 [INFO] ProjectBuilder:2935 - Time for Copy CMSIS : 0mS.
2023-10-24 21:37:21,579 [INFO] NvicIntPanel:101 - NVIC parent = com.st.microxplorer.plugins.ip.nvic.MultiNvicIntPanel[,0,0,0x0,invalid,layout=javax.swing.BoxLayout,alignmentX=0.0,alignmentY=0.0,border=,flags=9,maximumSize=,minimumSize=,preferredSize=]
2023-10-24 21:37:41,818 [INFO] NvicIntPanel:101 - NVIC parent = com.st.microxplorer.plugins.ip.nvic.MultiNvicIntPanel[,0,0,450x216,layout=javax.swing.BoxLayout,alignmentX=0.0,alignmentY=0.0,border=,flags=9,maximumSize=,minimumSize=,preferredSize=]
2023-10-24 21:37:45,539 [INFO] NvicIntPanel:101 - NVIC parent = com.st.microxplorer.plugins.ip.nvic.MultiNvicIntPanel[,0,0,450x216,layout=javax.swing.BoxLayout,alignmentX=0.0,alignmentY=0.0,border=,flags=9,maximumSize=,minimumSize=,preferredSize=]
2023-10-24 21:38:16,414 [INFO] UtilMem:75 - End SaveConfig() Used Memory: 853780112 Bytes (1073741824)
2023-10-24 21:38:18,320 [INFO] UtilMem:75 - End SaveConfig() Used Memory: 922463888 Bytes (1073741824)
2023-10-24 21:38:18,670 [INFO] BlockDiagram:2759 - set Specific Code input for plugin: SPI
2023-10-24 21:38:18,670 [INFO] BlockDiagram:2759 - set Specific Code input for plugin: SPI
2023-10-24 21:38:18,670 [INFO] BlockDiagram:2759 - set Specific Code input for plugin: SYS
2023-10-24 21:38:18,670 [INFO] BlockDiagram:2759 - set Specific Code input for plugin: RCC
2023-10-24 21:38:18,670 [INFO] BlockDiagram:2759 - set Specific Code input for plugin: USB_OTG_FS
2023-10-24 21:38:18,670 [INFO] BlockDiagram:2759 - set Specific Code input for plugin: NVIC
2023-10-24 21:38:18,670 [INFO] BlockDiagram:2759 - set Specific Code input for plugin: USART
2023-10-24 21:38:18,671 [INFO] BlockDiagram:2759 - set Specific Code input for plugin: GPIO
2023-10-24 21:38:18,671 [INFO] BlockDiagram:2759 - set Specific Code input for plugin: ETH
2023-10-24 21:38:18,672 [INFO] CodeGenerator:799 - code generatio: config db path: C:\ST\STM32CubeIDE_1.13.1\STM32CubeIDE\plugins\com.st.stm32cube.common.mx_6.9.1.202307191849\\db\
2023-10-24 21:38:18,935 [INFO] CodeEngine:255 - oldGeneratedFile, C:\Users\yarde\STM32CubeIDE\workspace_1.13.1\Homework_SPI\MXTmpFiles\license.tmp_save
2023-10-24 21:38:19,036 [INFO] CodeEngine:279 - Generated code: C:\Users\yarde\STM32CubeIDE\workspace_1.13.1\Homework_SPI\MXTmpFiles\license.tmp
2023-10-24 21:38:19,116 [INFO] CodeEngine:255 - oldGeneratedFile, C:\Users\yarde\STM32CubeIDE\workspace_1.13.1\Homework_SPI\MXTmpFiles\gpio.tmp_save
2023-10-24 21:38:19,212 [INFO] CodeEngine:279 - Generated code: C:\Users\yarde\STM32CubeIDE\workspace_1.13.1\Homework_SPI\MXTmpFiles\gpio.tmp
2023-10-24 21:38:19,513 [WARN] IPConfigManager:2937 - Warning: the RefConfig PWREx_EnableUSBVoltageDetector is not available in your config.xml file
2023-10-24 21:38:19,530 [INFO] CodeEngine:255 - oldGeneratedFile, C:\Users\yarde\STM32CubeIDE\workspace_1.13.1\Homework_SPI\MXTmpFiles\cortex.tmp_save
2023-10-24 21:38:19,638 [INFO] CodeEngine:279 - Generated code: C:\Users\yarde\STM32CubeIDE\workspace_1.13.1\Homework_SPI\MXTmpFiles\cortex.tmp
2023-10-24 21:38:19,681 [INFO] CodeEngine:255 - oldGeneratedFile, C:\Users\yarde\STM32CubeIDE\workspace_1.13.1\Homework_SPI\Core\Src\stm32f7xx_it.c_save
2023-10-24 21:38:19,815 [INFO] CodeEngine:279 - Generated code: C:\Users\yarde\STM32CubeIDE\workspace_1.13.1\Homework_SPI\Core\Src\stm32f7xx_it.c
2023-10-24 21:38:19,824 [INFO] CodeEngine:255 - oldGeneratedFile, C:\Users\yarde\STM32CubeIDE\workspace_1.13.1\Homework_SPI\Core\Inc\stm32f7xx_it.h_save
2023-10-24 21:38:19,884 [INFO] CodeEngine:279 - Generated code: C:\Users\yarde\STM32CubeIDE\workspace_1.13.1\Homework_SPI\Core\Inc\stm32f7xx_it.h
2023-10-24 21:38:19,911 [INFO] CodeEngine:255 - oldGeneratedFile, C:\Users\yarde\STM32CubeIDE\workspace_1.13.1\Homework_SPI\Core\Src\stm32f7xx_hal_msp.c_save
2023-10-24 21:38:20,045 [INFO] CodeEngine:279 - Generated code: C:\Users\yarde\STM32CubeIDE\workspace_1.13.1\Homework_SPI\Core\Src\stm32f7xx_hal_msp.c
2023-10-24 21:38:20,052 [INFO] CodeEngine:255 - oldGeneratedFile, C:\Users\yarde\STM32CubeIDE\workspace_1.13.1\Homework_SPI\MXTmpFiles\system.tmp_save
2023-10-24 21:38:20,103 [INFO] CodeEngine:279 - Generated code: C:\Users\yarde\STM32CubeIDE\workspace_1.13.1\Homework_SPI\MXTmpFiles\system.tmp
2023-10-24 21:38:20,124 [INFO] CodeEngine:311 - oldGeneratedFile, C:\Users\yarde\STM32CubeIDE\workspace_1.13.1\Homework_SPI\Core\Inc\stm32f7xx_hal_conf.h_save
2023-10-24 21:38:20,222 [INFO] CodeEngine:335 - Generated code: C:\Users\yarde\STM32CubeIDE\workspace_1.13.1\Homework_SPI\Core\Inc\stm32f7xx_hal_conf.h
2023-10-24 21:38:20,249 [WARN] IPConfigManager:3431 - IP not found : USB_OTG
2023-10-24 21:38:20,250 [WARN] CodeGenerator:3760 - IP not found : null
2023-10-24 21:38:20,269 [INFO] CodeEngine:255 - oldGeneratedFile, C:\Users\yarde\STM32CubeIDE\workspace_1.13.1\Homework_SPI\Core\Inc\main.h_save
2023-10-24 21:38:20,370 [INFO] CodeEngine:279 - Generated code: C:\Users\yarde\STM32CubeIDE\workspace_1.13.1\Homework_SPI\Core\Inc\main.h
2023-10-24 21:38:20,387 [INFO] CodeEngine:255 - oldGeneratedFile, C:\Users\yarde\STM32CubeIDE\workspace_1.13.1\Homework_SPI\Core\Src\main.c_save
2023-10-24 21:38:20,532 [INFO] CodeEngine:279 - Generated code: C:\Users\yarde\STM32CubeIDE\workspace_1.13.1\Homework_SPI\Core\Src\main.c
2023-10-24 21:38:21,288 [INFO] ProjectBuilder:3064 - Time for Copy HAL[1] : 285mS.
2023-10-24 21:38:21,292 [INFO] ProjectBuilder:4404 - Project Generator version: 4.1.0
2023-10-24 21:38:21,507 [INFO] ConfigFileManager:1457 - The Die is : DIE449
2023-10-24 21:38:23,322 [INFO] ProjectBuilder:4626 - Time for Generating toolchain IDE Files: 2029mS.
2023-10-24 21:38:23,323 [INFO] ProjectBuilder:2935 - Time for Copy CMSIS : 1mS.
2023-10-24 21:38:23,329 [INFO] ProjectBuilder:2935 - Time for Copy CMSIS : 0mS.
2023-10-24 23:24:51,840 [INFO] NvicIntPanel:101 - NVIC parent = com.st.microxplorer.plugins.ip.nvic.MultiNvicIntPanel[,0,0,0x0,invalid,layout=javax.swing.BoxLayout,alignmentX=0.0,alignmentY=0.0,border=,flags=9,maximumSize=,minimumSize=,preferredSize=]
2023-10-24 23:25:32,534 [INFO] NvicIntPanel:101 - NVIC parent = com.st.microxplorer.plugins.ip.nvic.MultiNvicIntPanel[,0,0,0x0,invalid,layout=javax.swing.BoxLayout,alignmentX=0.0,alignmentY=0.0,border=,flags=9,maximumSize=,minimumSize=,preferredSize=]
2023-10-24 23:25:45,990 [INFO] NvicIntPanel:101 - NVIC parent = com.st.microxplorer.plugins.ip.nvic.MultiNvicIntPanel[,0,0,0x0,invalid,layout=javax.swing.BoxLayout,alignmentX=0.0,alignmentY=0.0,border=,flags=9,maximumSize=,minimumSize=,preferredSize=]
2023-10-24 23:25:49,294 [INFO] NvicIntPanel:101 - NVIC parent = com.st.microxplorer.plugins.ip.nvic.MultiNvicIntPanel[,0,0,0x0,invalid,layout=javax.swing.BoxLayout,alignmentX=0.0,alignmentY=0.0,border=,flags=9,maximumSize=,minimumSize=,preferredSize=]
2023-10-24 23:25:49,407 [INFO] NvicIntPanel:101 - NVIC parent = com.st.microxplorer.plugins.ip.nvic.MultiNvicIntPanel[,0,0,0x0,invalid,layout=javax.swing.BoxLayout,alignmentX=0.0,alignmentY=0.0,border=,flags=9,maximumSize=,minimumSize=,preferredSize=]
2023-10-24 23:25:58,587 [INFO] NvicIntPanel:101 - NVIC parent = com.st.microxplorer.plugins.ip.nvic.MultiNvicIntPanel[,0,0,0x0,invalid,layout=javax.swing.BoxLayout,alignmentX=0.0,alignmentY=0.0,border=,flags=9,maximumSize=,minimumSize=,preferredSize=]
2023-10-24 23:26:00,341 [INFO] NvicIntPanel:101 - NVIC parent = com.st.microxplorer.plugins.ip.nvic.MultiNvicIntPanel[,0,0,0x0,invalid,layout=javax.swing.BoxLayout,alignmentX=0.0,alignmentY=0.0,border=,flags=9,maximumSize=,minimumSize=,preferredSize=]
2023-10-24 23:26:02,755 [INFO] NvicIntPanel:101 - NVIC parent = com.st.microxplorer.plugins.ip.nvic.MultiNvicIntPanel[,0,0,0x0,invalid,layout=javax.swing.BoxLayout,alignmentX=0.0,alignmentY=0.0,border=,flags=9,maximumSize=,minimumSize=,preferredSize=]
2023-10-24 23:26:05,927 [INFO] NvicIntPanel:101 - NVIC parent = com.st.microxplorer.plugins.ip.nvic.MultiNvicIntPanel[,0,0,0x0,invalid,layout=javax.swing.BoxLayout,alignmentX=0.0,alignmentY=0.0,border=,flags=9,maximumSize=,minimumSize=,preferredSize=]
2023-10-24 23:26:06,084 [INFO] NvicIntPanel:101 - NVIC parent = com.st.microxplorer.plugins.ip.nvic.MultiNvicIntPanel[,0,0,0x0,invalid,layout=javax.swing.BoxLayout,alignmentX=0.0,alignmentY=0.0,border=,flags=9,maximumSize=,minimumSize=,preferredSize=]
2023-10-24 23:26:07,861 [INFO] NvicIntPanel:101 - NVIC parent = com.st.microxplorer.plugins.ip.nvic.MultiNvicIntPanel[,0,0,0x0,invalid,layout=javax.swing.BoxLayout,alignmentX=0.0,alignmentY=0.0,border=,flags=9,maximumSize=,minimumSize=,preferredSize=]
2023-10-24 23:26:07,962 [INFO] NvicIntPanel:101 - NVIC parent = com.st.microxplorer.plugins.ip.nvic.MultiNvicIntPanel[,0,0,0x0,invalid,layout=javax.swing.BoxLayout,alignmentX=0.0,alignmentY=0.0,border=,flags=9,maximumSize=,minimumSize=,preferredSize=]
2023-10-24 23:26:23,682 [INFO] UtilMem:75 - End SaveConfig() Used Memory: 805604672 Bytes (1073741824)
2023-10-24 23:26:25,326 [INFO] UtilMem:75 - End SaveConfig() Used Memory: 820128320 Bytes (1073741824)
2023-10-24 23:26:25,691 [INFO] BlockDiagram:2759 - set Specific Code input for plugin: SPI
2023-10-24 23:26:25,691 [INFO] BlockDiagram:2759 - set Specific Code input for plugin: SPI
2023-10-24 23:26:25,691 [INFO] BlockDiagram:2759 - set Specific Code input for plugin: SYS
2023-10-24 23:26:25,691 [INFO] BlockDiagram:2759 - set Specific Code input for plugin: RCC
2023-10-24 23:26:25,691 [INFO] BlockDiagram:2759 - set Specific Code input for plugin: USB_OTG_FS
2023-10-24 23:26:25,691 [INFO] BlockDiagram:2759 - set Specific Code input for plugin: NVIC
2023-10-24 23:26:25,691 [INFO] BlockDiagram:2759 - set Specific Code input for plugin: USART
2023-10-24 23:26:25,692 [INFO] BlockDiagram:2759 - set Specific Code input for plugin: GPIO
2023-10-24 23:26:25,692 [INFO] BlockDiagram:2759 - set Specific Code input for plugin: ETH
2023-10-24 23:26:25,693 [INFO] CodeGenerator:799 - code generatio: config db path: C:\ST\STM32CubeIDE_1.13.1\STM32CubeIDE\plugins\com.st.stm32cube.common.mx_6.9.1.202307191849\\db\
2023-10-24 23:26:26,048 [INFO] CodeEngine:255 - oldGeneratedFile, C:\Users\yarde\STM32CubeIDE\workspace_1.13.1\Homework_SPI\MXTmpFiles\license.tmp_save
2023-10-24 23:26:26,141 [INFO] CodeEngine:279 - Generated code: C:\Users\yarde\STM32CubeIDE\workspace_1.13.1\Homework_SPI\MXTmpFiles\license.tmp
2023-10-24 23:26:26,251 [INFO] CodeEngine:255 - oldGeneratedFile, C:\Users\yarde\STM32CubeIDE\workspace_1.13.1\Homework_SPI\MXTmpFiles\gpio.tmp_save
2023-10-24 23:26:26,359 [INFO] CodeEngine:279 - Generated code: C:\Users\yarde\STM32CubeIDE\workspace_1.13.1\Homework_SPI\MXTmpFiles\gpio.tmp
2023-10-24 23:26:26,729 [WARN] IPConfigManager:2937 - Warning: the RefConfig PWREx_EnableUSBVoltageDetector is not available in your config.xml file
2023-10-24 23:26:26,753 [INFO] CodeEngine:255 - oldGeneratedFile, C:\Users\yarde\STM32CubeIDE\workspace_1.13.1\Homework_SPI\MXTmpFiles\cortex.tmp_save
2023-10-24 23:26:26,835 [INFO] CodeEngine:279 - Generated code: C:\Users\yarde\STM32CubeIDE\workspace_1.13.1\Homework_SPI\MXTmpFiles\cortex.tmp
2023-10-24 23:26:26,871 [INFO] CodeEngine:255 - oldGeneratedFile, C:\Users\yarde\STM32CubeIDE\workspace_1.13.1\Homework_SPI\Core\Src\stm32f7xx_it.c_save
2023-10-24 23:26:27,016 [INFO] CodeEngine:279 - Generated code: C:\Users\yarde\STM32CubeIDE\workspace_1.13.1\Homework_SPI\Core\Src\stm32f7xx_it.c
2023-10-24 23:26:27,029 [INFO] CodeEngine:255 - oldGeneratedFile, C:\Users\yarde\STM32CubeIDE\workspace_1.13.1\Homework_SPI\Core\Inc\stm32f7xx_it.h_save
2023-10-24 23:26:27,098 [INFO] CodeEngine:279 - Generated code: C:\Users\yarde\STM32CubeIDE\workspace_1.13.1\Homework_SPI\Core\Inc\stm32f7xx_it.h
2023-10-24 23:26:27,134 [INFO] CodeEngine:255 - oldGeneratedFile, C:\Users\yarde\STM32CubeIDE\workspace_1.13.1\Homework_SPI\Core\Src\stm32f7xx_hal_msp.c_save
2023-10-24 23:26:27,248 [INFO] CodeEngine:279 - Generated code: C:\Users\yarde\STM32CubeIDE\workspace_1.13.1\Homework_SPI\Core\Src\stm32f7xx_hal_msp.c
2023-10-24 23:26:27,261 [INFO] CodeEngine:255 - oldGeneratedFile, C:\Users\yarde\STM32CubeIDE\workspace_1.13.1\Homework_SPI\MXTmpFiles\system.tmp_save
2023-10-24 23:26:27,317 [INFO] CodeEngine:279 - Generated code: C:\Users\yarde\STM32CubeIDE\workspace_1.13.1\Homework_SPI\MXTmpFiles\system.tmp
2023-10-24 23:26:27,346 [INFO] CodeEngine:311 - oldGeneratedFile, C:\Users\yarde\STM32CubeIDE\workspace_1.13.1\Homework_SPI\Core\Inc\stm32f7xx_hal_conf.h_save
2023-10-24 23:26:27,429 [INFO] CodeEngine:335 - Generated code: C:\Users\yarde\STM32CubeIDE\workspace_1.13.1\Homework_SPI\Core\Inc\stm32f7xx_hal_conf.h
2023-10-24 23:26:27,452 [WARN] IPConfigManager:3431 - IP not found : USB_OTG
2023-10-24 23:26:27,453 [WARN] CodeGenerator:3760 - IP not found : null
2023-10-24 23:26:27,481 [INFO] CodeEngine:255 - oldGeneratedFile, C:\Users\yarde\STM32CubeIDE\workspace_1.13.1\Homework_SPI\Core\Inc\main.h_save
2023-10-24 23:26:27,579 [INFO] CodeEngine:279 - Generated code: C:\Users\yarde\STM32CubeIDE\workspace_1.13.1\Homework_SPI\Core\Inc\main.h
2023-10-24 23:26:27,605 [INFO] CodeEngine:255 - oldGeneratedFile, C:\Users\yarde\STM32CubeIDE\workspace_1.13.1\Homework_SPI\Core\Src\main.c_save
2023-10-24 23:26:27,768 [INFO] CodeEngine:279 - Generated code: C:\Users\yarde\STM32CubeIDE\workspace_1.13.1\Homework_SPI\Core\Src\main.c
2023-10-24 23:26:28,694 [INFO] ProjectBuilder:3064 - Time for Copy HAL[1] : 373mS.
2023-10-24 23:26:28,699 [INFO] ProjectBuilder:4404 - Project Generator version: 4.1.0
2023-10-24 23:26:28,994 [INFO] ConfigFileManager:1457 - The Die is : DIE449
2023-10-24 23:26:30,966 [INFO] ProjectBuilder:4626 - Time for Generating toolchain IDE Files: 2267mS.
2023-10-24 23:26:30,968 [INFO] ProjectBuilder:2935 - Time for Copy CMSIS : 1mS.
2023-10-24 23:26:30,974 [INFO] ProjectBuilder:2935 - Time for Copy CMSIS : 1mS.
2023-10-24 23:39:45,650 [INFO] NvicIntPanel:101 - NVIC parent = com.st.microxplorer.plugins.ip.nvic.MultiNvicIntPanel[,0,0,0x0,invalid,layout=javax.swing.BoxLayout,alignmentX=0.0,alignmentY=0.0,border=,flags=9,maximumSize=,minimumSize=,preferredSize=]
2023-10-24 23:39:45,748 [INFO] NvicIntPanel:101 - NVIC parent = com.st.microxplorer.plugins.ip.nvic.MultiNvicIntPanel[,0,0,0x0,invalid,layout=javax.swing.BoxLayout,alignmentX=0.0,alignmentY=0.0,border=,flags=9,maximumSize=,minimumSize=,preferredSize=]
2023-10-24 23:39:54,001 [INFO] NvicIntPanel:101 - NVIC parent = com.st.microxplorer.plugins.ip.nvic.MultiNvicIntPanel[,0,0,0x0,invalid,layout=javax.swing.BoxLayout,alignmentX=0.0,alignmentY=0.0,border=,flags=9,maximumSize=,minimumSize=,preferredSize=]
2023-10-24 23:40:02,315 [INFO] NvicIntPanel:101 - NVIC parent = com.st.microxplorer.plugins.ip.nvic.MultiNvicIntPanel[,0,0,0x0,invalid,layout=javax.swing.BoxLayout,alignmentX=0.0,alignmentY=0.0,border=,flags=9,maximumSize=,minimumSize=,preferredSize=]
2023-10-24 23:41:33,701 [INFO] UtilMem:75 - End SaveConfig() Used Memory: 774230096 Bytes (1073741824)
2023-10-24 23:41:35,566 [INFO] UtilMem:75 - End SaveConfig() Used Memory: 892719184 Bytes (1073741824)
2023-10-24 23:41:35,980 [INFO] BlockDiagram:2759 - set Specific Code input for plugin: SPI
2023-10-24 23:41:35,980 [INFO] BlockDiagram:2759 - set Specific Code input for plugin: SPI
2023-10-24 23:41:35,980 [INFO] BlockDiagram:2759 - set Specific Code input for plugin: SPI
2023-10-24 23:41:35,980 [INFO] BlockDiagram:2759 - set Specific Code input for plugin: SYS
2023-10-24 23:41:35,980 [INFO] BlockDiagram:2759 - set Specific Code input for plugin: RCC
2023-10-24 23:41:35,980 [INFO] BlockDiagram:2759 - set Specific Code input for plugin: USB_OTG_FS
2023-10-24 23:41:35,980 [INFO] BlockDiagram:2759 - set Specific Code input for plugin: NVIC
2023-10-24 23:41:35,980 [INFO] BlockDiagram:2759 - set Specific Code input for plugin: USART
2023-10-24 23:41:35,981 [INFO] BlockDiagram:2759 - set Specific Code input for plugin: GPIO
2023-10-24 23:41:35,981 [INFO] BlockDiagram:2759 - set Specific Code input for plugin: ETH
2023-10-24 23:41:35,982 [INFO] CodeGenerator:799 - code generatio: config db path: C:\ST\STM32CubeIDE_1.13.1\STM32CubeIDE\plugins\com.st.stm32cube.common.mx_6.9.1.202307191849\\db\
2023-10-24 23:41:36,185 [INFO] CodeEngine:255 - oldGeneratedFile, C:\Users\yarde\STM32CubeIDE\workspace_1.13.1\Homework_SPI\MXTmpFiles\license.tmp_save
2023-10-24 23:41:36,272 [INFO] CodeEngine:279 - Generated code: C:\Users\yarde\STM32CubeIDE\workspace_1.13.1\Homework_SPI\MXTmpFiles\license.tmp
2023-10-24 23:41:36,339 [INFO] CodeEngine:255 - oldGeneratedFile, C:\Users\yarde\STM32CubeIDE\workspace_1.13.1\Homework_SPI\MXTmpFiles\gpio.tmp_save
2023-10-24 23:41:36,437 [INFO] CodeEngine:279 - Generated code: C:\Users\yarde\STM32CubeIDE\workspace_1.13.1\Homework_SPI\MXTmpFiles\gpio.tmp
2023-10-24 23:41:36,856 [WARN] IPConfigManager:2937 - Warning: the RefConfig PWREx_EnableUSBVoltageDetector is not available in your config.xml file
2023-10-24 23:41:36,873 [INFO] CodeEngine:255 - oldGeneratedFile, C:\Users\yarde\STM32CubeIDE\workspace_1.13.1\Homework_SPI\MXTmpFiles\cortex.tmp_save
2023-10-24 23:41:36,959 [INFO] CodeEngine:279 - Generated code: C:\Users\yarde\STM32CubeIDE\workspace_1.13.1\Homework_SPI\MXTmpFiles\cortex.tmp
2023-10-24 23:41:36,994 [INFO] CodeEngine:255 - oldGeneratedFile, C:\Users\yarde\STM32CubeIDE\workspace_1.13.1\Homework_SPI\Core\Src\stm32f7xx_it.c_save
2023-10-24 23:41:37,157 [INFO] CodeEngine:279 - Generated code: C:\Users\yarde\STM32CubeIDE\workspace_1.13.1\Homework_SPI\Core\Src\stm32f7xx_it.c
2023-10-24 23:41:37,167 [INFO] CodeEngine:255 - oldGeneratedFile, C:\Users\yarde\STM32CubeIDE\workspace_1.13.1\Homework_SPI\Core\Inc\stm32f7xx_it.h_save
2023-10-24 23:41:37,236 [INFO] CodeEngine:279 - Generated code: C:\Users\yarde\STM32CubeIDE\workspace_1.13.1\Homework_SPI\Core\Inc\stm32f7xx_it.h
2023-10-24 23:41:37,265 [INFO] CodeEngine:255 - oldGeneratedFile, C:\Users\yarde\STM32CubeIDE\workspace_1.13.1\Homework_SPI\Core\Src\stm32f7xx_hal_msp.c_save
2023-10-24 23:41:37,406 [INFO] CodeEngine:279 - Generated code: C:\Users\yarde\STM32CubeIDE\workspace_1.13.1\Homework_SPI\Core\Src\stm32f7xx_hal_msp.c
2023-10-24 23:41:37,418 [INFO] CodeEngine:255 - oldGeneratedFile, C:\Users\yarde\STM32CubeIDE\workspace_1.13.1\Homework_SPI\MXTmpFiles\system.tmp_save
2023-10-24 23:41:37,497 [INFO] CodeEngine:279 - Generated code: C:\Users\yarde\STM32CubeIDE\workspace_1.13.1\Homework_SPI\MXTmpFiles\system.tmp
2023-10-24 23:41:37,522 [INFO] CodeEngine:311 - oldGeneratedFile, C:\Users\yarde\STM32CubeIDE\workspace_1.13.1\Homework_SPI\Core\Inc\stm32f7xx_hal_conf.h_save
2023-10-24 23:41:37,656 [INFO] CodeEngine:335 - Generated code: C:\Users\yarde\STM32CubeIDE\workspace_1.13.1\Homework_SPI\Core\Inc\stm32f7xx_hal_conf.h
2023-10-24 23:41:37,690 [WARN] IPConfigManager:3431 - IP not found : USB_OTG
2023-10-24 23:41:37,691 [WARN] CodeGenerator:3760 - IP not found : null
2023-10-24 23:41:37,716 [INFO] CodeEngine:255 - oldGeneratedFile, C:\Users\yarde\STM32CubeIDE\workspace_1.13.1\Homework_SPI\Core\Inc\main.h_save
2023-10-24 23:41:37,825 [INFO] CodeEngine:279 - Generated code: C:\Users\yarde\STM32CubeIDE\workspace_1.13.1\Homework_SPI\Core\Inc\main.h
2023-10-24 23:41:37,848 [INFO] CodeEngine:255 - oldGeneratedFile, C:\Users\yarde\STM32CubeIDE\workspace_1.13.1\Homework_SPI\Core\Src\main.c_save
2023-10-24 23:41:38,011 [INFO] CodeEngine:279 - Generated code: C:\Users\yarde\STM32CubeIDE\workspace_1.13.1\Homework_SPI\Core\Src\main.c
2023-10-24 23:41:38,720 [INFO] ProjectBuilder:3064 - Time for Copy HAL[1] : 285mS.
2023-10-24 23:41:38,724 [INFO] ProjectBuilder:4404 - Project Generator version: 4.1.0
2023-10-24 23:41:38,989 [INFO] ConfigFileManager:1457 - The Die is : DIE449
2023-10-24 23:41:40,910 [INFO] ProjectBuilder:4626 - Time for Generating toolchain IDE Files: 2185mS.
2023-10-24 23:41:40,911 [INFO] ProjectBuilder:2935 - Time for Copy CMSIS : 1mS.
2023-10-24 23:41:40,915 [INFO] ProjectBuilder:2935 - Time for Copy CMSIS : 0mS.
