2024-02-05 13:00:37,271 [INFO] Activator:176 - 


2024-02-05 13:00:37,282 [INFO] Activator:177 - !SESSION log4j initialized
2024-02-05 13:00:51,992 [INFO] LogOutputStream:77 - [STDOUT_REDIRECT] 
2024-02-05 13:01:01,769 [INFO] ApplicationProperties:184 - Using Application install path: C:\ST\STM32CubeIDE_1.13.1\STM32CubeIDE\plugins\com.st.stm32cube.common.mx_6.9.1.202307191849
2024-02-05 13:01:01,802 [INFO] DbMcusXml:78 - Set database path to: C:\ST\STM32CubeIDE_1.13.1\STM32CubeIDE\plugins\com.st.stm32cube.common.mx_6.9.1.202307191849\\db\/mcu/
2024-02-05 13:01:01,802 [INFO] ApiDb:274 - Set plugin database path to: C:\ST\STM32CubeIDE_1.13.1\STM32CubeIDE\plugins\com.st.stm32cube.common.mx_6.9.1.202307191849\\db\/plugins/boardmanager/
2024-02-05 13:01:01,803 [WARN] ApiDb:259 - Overriding images path with different value:  => C:\ST\STM32CubeIDE_1.13.1\STM32CubeIDE\plugins\com.st.stm32cube.common.mx_6.9.1.202307191849\\db\/plugins/mcufinder/images/
2024-02-05 13:01:01,833 [INFO] ApiDb:250 - Set database path to: C:\Users\yarde\.stmcufinder\plugins\mcufinder//mcu/
2024-02-05 13:01:01,834 [INFO] DbMcusAds:125 - Set database path to: C:\Users\yarde\.stmcufinder\plugins\mcufinder//mcu/
2024-02-05 13:01:01,838 [INFO] CrossReferenceDbSqlite:203 - Set database path to: C:\Users\yarde\.stmcufinder\plugins\mcufinder//mcu/cs/
2024-02-05 13:01:02,049 [INFO] RulesReader:64 - Compatibility file has been processed (293 Rules)
2024-02-05 13:01:02,245 [INFO] DbMcusXml:78 - Set database path to: C:\ST\STM32CubeIDE_1.13.1\STM32CubeIDE\plugins\com.st.stm32cube.common.mx_6.9.1.202307191849\\db\/mcu/
2024-02-05 13:01:02,245 [INFO] ApiDb:274 - Set plugin database path to: C:\ST\STM32CubeIDE_1.13.1\STM32CubeIDE\plugins\com.st.stm32cube.common.mx_6.9.1.202307191849\\db\/plugins/boardmanager/
2024-02-05 13:01:02,246 [INFO] ApiDb:261 - Set plugin images path to: C:\ST\STM32CubeIDE_1.13.1\STM32CubeIDE\plugins\com.st.stm32cube.common.mx_6.9.1.202307191849\\db\/plugins/mcufinder/images/
2024-02-05 13:01:02,246 [WARN] DbFile:41 - Overriding database path with different value: C:\Users\yarde\.stmcufinder\plugins\mcufinder/ => C:\Users\yarde\.stmcufinder\plugins\mcufinder
2024-02-05 13:01:02,246 [INFO] ApiDb:250 - Set database path to: C:\Users\yarde\.stmcufinder\plugins\mcufinder//mcu/
2024-02-05 13:01:02,246 [WARN] DbFile:41 - Overriding database path with different value: C:\Users\yarde\.stmcufinder\plugins\mcufinder/ => C:\Users\yarde\.stmcufinder\plugins\mcufinder
2024-02-05 13:01:02,246 [INFO] DbMcusAds:125 - Set database path to: C:\Users\yarde\.stmcufinder\plugins\mcufinder//mcu/
2024-02-05 13:01:02,247 [WARN] DbFile:41 - Overriding database path with different value: C:\Users\yarde\.stmcufinder\plugins\mcufinder/ => C:\Users\yarde\.stmcufinder\plugins\mcufinder
2024-02-05 13:01:02,247 [WARN] DbFile:41 - Overriding database path with different value: C:\Users\yarde\.stmcufinder\plugins\mcufinder/ => C:\Users\yarde\.stmcufinder\plugins\mcufinder
2024-02-05 13:01:02,247 [INFO] CrossReferenceDbSqlite:203 - Set database path to: C:\Users\yarde\.stmcufinder\plugins\mcufinder//mcu/cs/
2024-02-05 13:01:02,431 [INFO] MainPanel:262 - HeapMemory: 268435456
2024-02-05 13:01:02,634 [INFO] DbMcusXml:78 - Set database path to: C:\ST\STM32CubeIDE_1.13.1\STM32CubeIDE\plugins\com.st.stm32cube.common.mx_6.9.1.202307191849\\db\/mcu/
2024-02-05 13:01:02,634 [INFO] ApiDb:274 - Set plugin database path to: C:\ST\STM32CubeIDE_1.13.1\STM32CubeIDE\plugins\com.st.stm32cube.common.mx_6.9.1.202307191849\\db\/plugins/boardmanager/
2024-02-05 13:01:02,635 [INFO] ApiDb:261 - Set plugin images path to: C:\ST\STM32CubeIDE_1.13.1\STM32CubeIDE\plugins\com.st.stm32cube.common.mx_6.9.1.202307191849\\db\/plugins/mcufinder/images/
2024-02-05 13:01:02,637 [WARN] DbFile:41 - Overriding database path with different value: C:\Users\yarde\.stmcufinder\plugins\mcufinder/ => C:\Users\yarde\.stmcufinder\plugins\mcufinder
2024-02-05 13:01:02,637 [INFO] ApiDb:250 - Set database path to: C:\Users\yarde\.stmcufinder\plugins\mcufinder//mcu/
2024-02-05 13:01:02,637 [WARN] DbFile:41 - Overriding database path with different value: C:\Users\yarde\.stmcufinder\plugins\mcufinder/ => C:\Users\yarde\.stmcufinder\plugins\mcufinder
2024-02-05 13:01:02,638 [INFO] DbMcusAds:125 - Set database path to: C:\Users\yarde\.stmcufinder\plugins\mcufinder//mcu/
2024-02-05 13:01:02,638 [WARN] DbFile:41 - Overriding database path with different value: C:\Users\yarde\.stmcufinder\plugins\mcufinder/ => C:\Users\yarde\.stmcufinder\plugins\mcufinder
2024-02-05 13:01:02,638 [WARN] DbFile:41 - Overriding database path with different value: C:\Users\yarde\.stmcufinder\plugins\mcufinder/ => C:\Users\yarde\.stmcufinder\plugins\mcufinder
2024-02-05 13:01:02,639 [INFO] CrossReferenceDbSqlite:203 - Set database path to: C:\Users\yarde\.stmcufinder\plugins\mcufinder//mcu/cs/
2024-02-05 13:01:02,683 [INFO] ApplicationProperties:184 - Using Application install path: C:\ST\STM32CubeIDE_1.13.1\STM32CubeIDE\plugins\com.st.stm32cube.common.mx_6.9.1.202307191849
2024-02-05 13:01:02,688 [INFO] PluginManage:196 - Search for loadable plugins [exclusion list=, ]
2024-02-05 13:01:02,692 [INFO] PluginManage:310 - Check plugin analytics
2024-02-05 13:01:07,648 [INFO] AnalyticsPlugin:253 - Accepted Software Licenses: STM32CubeMX.6.10.0
2024-02-05 13:01:07,648 [INFO] AnalyticsPlugin:255 - Accepted CMSIS Pack Licenses: 
2024-02-05 13:01:07,649 [INFO] AnalyticsPlugin:257 - Accepted Firmware Licenses: FW.F7.1.17.0
2024-02-05 13:01:07,654 [INFO] PluginManage:359 - Loaded plugin analytics (category:tool,tabindex:-1)
2024-02-05 13:01:07,655 [INFO] PluginManage:310 - Check plugin cadmodel
2024-02-05 13:01:07,679 [INFO] CADModel:105 - Init CAD model plugin
2024-02-05 13:01:07,679 [INFO] PluginManage:359 - Loaded plugin cadmodel (category:power,tabindex:5)
2024-02-05 13:01:07,680 [INFO] PluginManage:310 - Check plugin clock
2024-02-05 13:01:07,719 [INFO] PluginManage:359 - Loaded plugin clock (category:base,tabindex:2)
2024-02-05 13:01:07,719 [INFO] PluginManage:310 - Check plugin ddr
2024-02-05 13:01:07,726 [INFO] PluginManage:359 - Loaded plugin ddr (category:tool,tabindex:6)
2024-02-05 13:01:07,726 [INFO] PluginManage:310 - Check plugin filemanager
2024-02-05 13:01:07,969 [INFO] PluginManage:359 - Loaded plugin filemanager (category:base,tabindex:10)
2024-02-05 13:01:07,970 [INFO] PluginManage:310 - Check plugin ipmanager
2024-02-05 13:01:07,987 [INFO] PluginManage:359 - Loaded plugin ipmanager (category:base,tabindex:5)
2024-02-05 13:01:07,987 [INFO] PluginManage:310 - Check plugin lpbam
2024-02-05 13:01:08,015 [INFO] PluginManage:359 - Loaded plugin lpbam (category:base,tabindex:0)
2024-02-05 13:01:08,015 [INFO] PluginManage:310 - Check plugin memorymap
2024-02-05 13:01:08,048 [INFO] PluginManage:359 - Loaded plugin memorymap (category:base,tabindex:4)
2024-02-05 13:01:08,048 [INFO] PluginManage:310 - Check plugin pinoutandconfiguration
2024-02-05 13:01:08,072 [INFO] PluginManage:359 - Loaded plugin pinoutandconfiguration (category:base,tabindex:1)
2024-02-05 13:01:08,072 [INFO] PluginManage:310 - Check plugin pinoutconfig
2024-02-05 13:01:08,218 [WARN] SupportedApi:132 - Cannot load RTOS API schema: s4s-elt-must-match.1: The content of 'definitions' must match (annotation?, (simpleType | complexType)?, (unique | key | keyref)*)). A problem was found starting at: attribute.
2024-02-05 13:01:08,437 [INFO] PluginManage:359 - Loaded plugin pinoutconfig (category:base,tabindex:0)
2024-02-05 13:01:08,437 [INFO] PluginManage:310 - Check plugin power
2024-02-05 13:01:08,469 [INFO] PluginManage:359 - Loaded plugin power (category:power,tabindex:4)
2024-02-05 13:01:08,469 [INFO] PluginManage:310 - Check plugin projectmanager
2024-02-05 13:01:08,492 [INFO] PluginManage:359 - Loaded plugin projectmanager (category:projectmanager,tabindex:3)
2024-02-05 13:01:08,492 [INFO] PluginManage:310 - Check plugin thirdparty
2024-02-05 13:01:09,014 [INFO] PluginManage:359 - Loaded plugin thirdparty (category:base,tabindex:-1)
2024-02-05 13:01:09,014 [WARN] IntegrityCheckThread:84 - waiting for thirdparty lock release [integrity check]
2024-02-05 13:01:09,014 [INFO] PluginManage:310 - Check plugin tools
2024-02-05 13:01:09,015 [INFO] IntegrityCheckThread:86 - entering critical section [integrity check]
2024-02-05 13:01:09,015 [INFO] ThirdPartyUpdaterWithRetryManager:70 - Updater plugin not ready yet. [1/15]
2024-02-05 13:01:09,062 [INFO] PluginManage:359 - Loaded plugin tools (category:base,tabindex:7)
2024-02-05 13:01:09,063 [INFO] PluginManage:310 - Check plugin tutovideos
2024-02-05 13:01:09,378 [INFO] PluginManage:359 - Loaded plugin tutovideos (category:base,tabindex:-1)
2024-02-05 13:01:09,378 [INFO] PluginManage:310 - Check plugin updater
2024-02-05 13:01:09,396 [INFO] PluginManage:359 - Loaded plugin updater (category:base,tabindex:12)
2024-02-05 13:01:09,396 [INFO] PluginManage:310 - Check plugin userauth
2024-02-05 13:01:09,405 [INFO] UserAuth:113 - Init User Auth plugin
2024-02-05 13:01:09,405 [INFO] PluginManage:359 - Loaded plugin userauth (category:base,tabindex:14)
2024-02-05 13:01:09,406 [INFO] PluginManage:283 - PluginManage : Loaded plugins [17]
2024-02-05 13:01:09,783 [INFO] PinOutPanel:1499 - setPackage(No Configuration,No Configuration)
2024-02-05 13:01:09,984 [INFO] CADModel:165 - CPN selected for project level
2024-02-05 13:01:09,985 [INFO] CADModel:114 - Register for checkConnection events
2024-02-05 13:01:10,024 [INFO] IPUIPlugin:80 - create IPUIPlugin
2024-02-05 13:01:10,025 [INFO] PluginManager:220 - loadIPPluginJar : add adc
2024-02-05 13:01:10,078 [INFO] IPUIPlugin:80 - create IPUIPlugin
2024-02-05 13:01:10,078 [INFO] PluginManager:220 - loadIPPluginJar : add aes
2024-02-05 13:01:10,131 [INFO] IPUIPlugin:80 - create IPUIPlugin
2024-02-05 13:01:10,131 [INFO] PluginManager:220 - loadIPPluginJar : add can
2024-02-05 13:01:10,157 [INFO] IPUIPlugin:80 - create IPUIPlugin
2024-02-05 13:01:10,157 [INFO] PluginManager:220 - loadIPPluginJar : add comp
2024-02-05 13:01:10,197 [INFO] IPUIPlugin:80 - create IPUIPlugin
2024-02-05 13:01:10,198 [INFO] PluginManager:220 - loadIPPluginJar : add cryp
2024-02-05 13:01:10,232 [INFO] IPUIPlugin:80 - create IPUIPlugin
2024-02-05 13:01:10,232 [INFO] PluginManager:220 - loadIPPluginJar : add dfsdm
2024-02-05 13:01:10,253 [INFO] IPUIPlugin:80 - create IPUIPlugin
2024-02-05 13:01:10,254 [INFO] PluginManager:220 - loadIPPluginJar : add dma
2024-02-05 13:01:10,324 [INFO] IPUIPlugin:80 - create IPUIPlugin
2024-02-05 13:01:10,324 [INFO] PluginManager:220 - loadIPPluginJar : add dma3
2024-02-05 13:01:10,369 [INFO] IPUIPlugin:80 - create IPUIPlugin
2024-02-05 13:01:10,370 [INFO] PluginManager:220 - loadIPPluginJar : add fatfs
2024-02-05 13:01:10,458 [INFO] IPUIPlugin:80 - create IPUIPlugin
2024-02-05 13:01:10,458 [INFO] PluginManager:220 - loadIPPluginJar : add fmc
2024-02-05 13:01:10,480 [INFO] IPUIPlugin:80 - create IPUIPlugin
2024-02-05 13:01:10,480 [INFO] PluginManager:220 - loadIPPluginJar : add freertos
2024-02-05 13:01:10,518 [INFO] IPUIPlugin:80 - create IPUIPlugin
2024-02-05 13:01:10,519 [INFO] PluginManager:220 - loadIPPluginJar : add genericplugin
2024-02-05 13:01:10,670 [INFO] IPUIPlugin:80 - create IPUIPlugin
2024-02-05 13:01:10,670 [INFO] PluginManager:220 - loadIPPluginJar : add gfxmmu
2024-02-05 13:01:10,899 [INFO] IPUIPlugin:80 - create IPUIPlugin
2024-02-05 13:01:10,899 [INFO] PluginManager:220 - loadIPPluginJar : add gic
2024-02-05 13:01:10,923 [INFO] IPUIPlugin:80 - create IPUIPlugin
2024-02-05 13:01:10,923 [INFO] PluginManager:220 - loadIPPluginJar : add gpio
2024-02-05 13:01:11,051 [INFO] IPUIPlugin:80 - create IPUIPlugin
2024-02-05 13:01:11,051 [INFO] PluginManager:220 - loadIPPluginJar : add gtzc
2024-02-05 13:01:11,100 [INFO] IPUIPlugin:80 - create IPUIPlugin
2024-02-05 13:01:11,100 [INFO] PluginManager:220 - loadIPPluginJar : add hash
2024-02-05 13:01:11,158 [INFO] IPUIPlugin:80 - create IPUIPlugin
2024-02-05 13:01:11,158 [INFO] PluginManager:220 - loadIPPluginJar : add i2c
2024-02-05 13:01:11,205 [INFO] IPUIPlugin:80 - create IPUIPlugin
2024-02-05 13:01:11,205 [INFO] PluginManager:220 - loadIPPluginJar : add i2s
2024-02-05 13:01:11,268 [INFO] IPUIPlugin:80 - create IPUIPlugin
2024-02-05 13:01:11,268 [INFO] PluginManager:220 - loadIPPluginJar : add i3c
2024-02-05 13:01:11,467 [INFO] IPUIPlugin:80 - create IPUIPlugin
2024-02-05 13:01:11,468 [INFO] PluginManager:220 - loadIPPluginJar : add ipddr
2024-02-05 13:01:11,607 [INFO] IPUIPlugin:80 - create IPUIPlugin
2024-02-05 13:01:11,608 [INFO] PluginManager:220 - loadIPPluginJar : add linkedlist
2024-02-05 13:01:11,653 [INFO] IPUIPlugin:80 - create IPUIPlugin
2024-02-05 13:01:11,653 [INFO] PluginManager:220 - loadIPPluginJar : add lorawan
2024-02-05 13:01:11,692 [INFO] IPUIPlugin:80 - create IPUIPlugin
2024-02-05 13:01:11,692 [INFO] PluginManager:220 - loadIPPluginJar : add ltdc
2024-02-05 13:01:11,709 [INFO] IPUIPlugin:80 - create IPUIPlugin
2024-02-05 13:01:11,709 [INFO] PluginManager:220 - loadIPPluginJar : add mdma
2024-02-05 13:01:11,723 [INFO] IPUIPlugin:80 - create IPUIPlugin
2024-02-05 13:01:11,723 [INFO] PluginManager:220 - loadIPPluginJar : add nvic
2024-02-05 13:01:11,761 [INFO] IPUIPlugin:80 - create IPUIPlugin
2024-02-05 13:01:11,761 [INFO] PluginManager:220 - loadIPPluginJar : add opamp
2024-02-05 13:01:11,831 [INFO] IPUIPlugin:80 - create IPUIPlugin
2024-02-05 13:01:11,831 [INFO] PluginManager:220 - loadIPPluginJar : add openamp
2024-02-05 13:01:11,874 [INFO] IPUIPlugin:80 - create IPUIPlugin
2024-02-05 13:01:11,874 [INFO] PluginManager:220 - loadIPPluginJar : add pdm2pcm
2024-02-05 13:01:11,890 [INFO] IPUIPlugin:80 - create IPUIPlugin
2024-02-05 13:01:11,892 [INFO] PluginManager:220 - loadIPPluginJar : add plateformsettings
2024-02-05 13:01:11,913 [INFO] IPUIPlugin:80 - create IPUIPlugin
2024-02-05 13:01:11,913 [INFO] PluginManager:220 - loadIPPluginJar : add quadspi
2024-02-05 13:01:11,926 [INFO] IPUIPlugin:80 - create IPUIPlugin
2024-02-05 13:01:11,926 [INFO] PluginManager:220 - loadIPPluginJar : add resmgrutility
2024-02-05 13:01:11,981 [INFO] IPUIPlugin:80 - create IPUIPlugin
2024-02-05 13:01:11,981 [INFO] PluginManager:220 - loadIPPluginJar : add sai
2024-02-05 13:01:12,016 [INFO] IPUIPlugin:80 - create IPUIPlugin
2024-02-05 13:01:12,016 [INFO] PluginManager:220 - loadIPPluginJar : add spi
2024-02-05 13:01:12,023 [INFO] ThirdPartyUpdaterWithRetryManager:70 - Updater plugin not ready yet. [2/15]
2024-02-05 13:01:12,077 [INFO] IPUIPlugin:80 - create IPUIPlugin
2024-02-05 13:01:12,077 [INFO] PluginManager:220 - loadIPPluginJar : add stm32_wpan
2024-02-05 13:01:12,103 [INFO] IPUIPlugin:80 - create IPUIPlugin
2024-02-05 13:01:12,103 [INFO] PluginManager:220 - loadIPPluginJar : add tim
2024-02-05 13:01:12,159 [INFO] IPUIPlugin:80 - create IPUIPlugin
2024-02-05 13:01:12,159 [INFO] PluginManager:220 - loadIPPluginJar : add touchsensing
2024-02-05 13:01:12,180 [INFO] IPUIPlugin:80 - create IPUIPlugin
2024-02-05 13:01:12,180 [INFO] PluginManager:220 - loadIPPluginJar : add tracer_emb
2024-02-05 13:01:12,204 [INFO] IPUIPlugin:80 - create IPUIPlugin
2024-02-05 13:01:12,204 [INFO] PluginManager:220 - loadIPPluginJar : add ts
2024-02-05 13:01:12,225 [INFO] IPUIPlugin:80 - create IPUIPlugin
2024-02-05 13:01:12,225 [INFO] PluginManager:220 - loadIPPluginJar : add tsc
2024-02-05 13:01:12,245 [INFO] IPUIPlugin:80 - create IPUIPlugin
2024-02-05 13:01:12,245 [INFO] PluginManager:220 - loadIPPluginJar : add ucpd
2024-02-05 13:01:12,287 [INFO] IPUIPlugin:80 - create IPUIPlugin
2024-02-05 13:01:12,287 [INFO] PluginManager:220 - loadIPPluginJar : add usart
2024-02-05 13:01:12,333 [INFO] IPUIPlugin:80 - create IPUIPlugin
2024-02-05 13:01:12,333 [INFO] PluginManager:220 - loadIPPluginJar : add usbx
2024-02-05 13:01:12,515 [INFO] CADModel:165 - CPN selected for project level
2024-02-05 13:01:12,515 [INFO] CADModel:114 - Register for checkConnection events
2024-02-05 13:01:12,515 [FATAL] Updater:308 - Updater called before beeing initialized
2024-02-05 13:01:12,515 [ERROR] CADModel:125 - Updater not yet initialized, retry later 
2024-02-05 13:01:12,758 [INFO] CADModel:165 - CPN selected for project level
2024-02-05 13:01:12,758 [INFO] CADModel:114 - Register for checkConnection events
2024-02-05 13:01:12,758 [FATAL] Updater:308 - Updater called before beeing initialized
2024-02-05 13:01:12,758 [ERROR] CADModel:125 - Updater not yet initialized, retry later 
2024-02-05 13:01:12,763 [FATAL] Updater:308 - Updater called before beeing initialized
2024-02-05 13:01:12,964 [FATAL] Updater:308 - Updater called before beeing initialized
2024-02-05 13:01:12,979 [INFO] DbMcusAds:53 - JSON generation date=Wed Nov 29 12:52:27 IST 2023 (1701255147200)
2024-02-05 13:01:12,979 [FATAL] Updater:308 - Updater called before beeing initialized
2024-02-05 13:01:13,037 [WARN] DetailPanel:346 - Failed to get advertising image, set to default
2024-02-05 13:01:13,162 [FATAL] Updater:308 - Updater called before beeing initialized
2024-02-05 13:01:13,166 [FATAL] Updater:308 - Updater called before beeing initialized
2024-02-05 13:01:13,166 [FATAL] Updater:308 - Updater called before beeing initialized
2024-02-05 13:01:13,166 [WARN] DetailPanel:346 - Failed to get advertising image, set to default
2024-02-05 13:01:13,167 [FATAL] Updater:308 - Updater called before beeing initialized
2024-02-05 13:01:13,263 [ERROR] Updater:1120 - MainUpdater not yet initialized. External WinMGr cannot be set.
2024-02-05 13:01:13,276 [INFO] Updater:1056 - Updater Version found : 6.9.1
2024-02-05 13:01:13,299 [INFO] ApplicationProperties:184 - Using Application install path: C:\ST\STM32CubeIDE_1.13.1\STM32CubeIDE\plugins\com.st.stm32cube.common.mx_6.9.1.202307191849
2024-02-05 13:01:13,417 [INFO] MainUpdater:521 - Copy updater definitions from MX database
2024-02-05 13:01:13,517 [INFO] MainUpdater:2868 - connection check result : 10
2024-02-05 13:01:13,517 [INFO] MainUpdater:3562 - Updater definition file requires update
2024-02-05 13:01:13,519 [INFO] MainUpdater:285 - Updater Check For Update Now.
2024-02-05 13:01:13,520 [INFO] MicroXplorer:498 - Change Database Version : DB.6.0.91
2024-02-05 13:01:13,545 [INFO] McuFinderGlobals:63 - Set McuFinder mode to 2 (CubeIDE integrated)
2024-02-05 13:01:13,545 [INFO] ServerAccessManage:473 - Download File updaters.zip
2024-02-05 13:01:13,546 [INFO] UserAuth:179 - activating auth plugin
2024-02-05 13:01:13,551 [INFO] UserAuth:393 - Internet connection configuration mode: 1
2024-02-05 13:01:13,601 [INFO] JxBrowserEngine:151 - Initiate JxBrowser Engine with user profile folder
2024-02-05 13:01:13,653 [INFO] FileExtend:240 - Unzip File : updaters.zip
2024-02-05 13:01:13,653 [INFO] FileExtend:255 - Standard Zip Deflate
2024-02-05 13:01:14,550 [INFO] ServerAccessManage:473 - Download File PacksControlFlags.xml
2024-02-05 13:01:14,668 [INFO] ServerAccessManage:473 - Download File cubemx.pidx
2024-02-05 13:01:15,027 [WARN] MainUpdater:1189 - Updater busy. Cannot search thirdparties
2024-02-05 13:01:15,028 [INFO] ThirdPartyUpdaterWithRetryManager:96 - Updater plugin is busy. [1/15]
2024-02-05 13:01:15,805 [INFO] ServerAccessManage:473 - Download File STMicroelectronics.X-CUBE-EEPRMA1.pdsc
2024-02-05 13:01:16,284 [ERROR] ServerAccessManage:1089 - Problem, file not found on Server
2024-02-05 13:01:16,673 [ERROR] ServerAccessManage:1089 - Problem, file not found on Server
2024-02-05 13:01:18,028 [WARN] MainUpdater:1189 - Updater busy. Cannot search thirdparties
2024-02-05 13:01:18,028 [INFO] ThirdPartyUpdaterWithRetryManager:96 - Updater plugin is busy. [2/15]
2024-02-05 13:01:18,952 [INFO] WebApp:157 - Instantiating new browser for Auth
2024-02-05 13:01:19,633 [ERROR] ServerAccessManage:1096 - Problem, Http access forbiden
2024-02-05 13:01:19,634 [ERROR] ServerAccessManage:651 - Problem, Http access forbiden : RoweBots.I-CUBE-UNISONRTOS.pdsc.
2024-02-05 13:01:19,973 [WARN] PackLoader:240 - Cannot read IP mode file for STMicroelectronics.X-CUBE-EEPRMA1.5.1.0
2024-02-05 13:01:19,978 [INFO] PopulateThirdPartyThread:66 - Ending populate Thread
2024-02-05 13:01:19,979 [INFO] ThirdParty:1030 - CMSIS Pack Vendor :STMicroelectronics X-CUBE-EEPRMA1 5.1.0
2024-02-05 13:01:19,979 [INFO] LoadServerUpdatesThread:373 - End of LoadServerUpdate Thread
2024-02-05 13:01:20,073 [INFO] WebApp:753 - Register for checkConnection events
2024-02-05 13:01:20,073 [INFO] WebApp:390 - Apply proxy settings
2024-02-05 13:01:20,073 [INFO] WebApp:475 - Chromium requires no authentication
2024-02-05 13:01:20,086 [INFO] WebApp:418 - Direct internet connection detected
2024-02-05 13:01:20,099 [INFO] CheckServerUpdateThread:120 - End of CheckServer Thread
2024-02-05 13:01:20,202 [INFO] MainUpdater:2868 - connection check result : 10
2024-02-05 13:01:20,216 [INFO] MainUpdater:2868 - connection check result : 10
2024-02-05 13:01:20,438 [INFO] WebApp:188 - Starting web application
2024-02-05 13:01:20,438 [INFO] WebApp:520 - Web application path used C:\ST\STM32CubeIDE_1.13.1\STM32CubeIDE\plugins\com.st.stm32cube.common.mx_6.9.1.202307191849\db\plugins\mcufinder\reactClient1\index.html
2024-02-05 13:01:20,495 [INFO] MicroXplorer:468 - Change Database Path : 
2024-02-05 13:01:20,496 [INFO] MicroXplorer:498 - Change Database Version : DB.6.0.91
2024-02-05 13:01:20,504 [WARN] ThirdParty:871 - waiting for thirdparty lock release [close project]
2024-02-05 13:01:21,418 [WARN] PackLoader:240 - Cannot read IP mode file for STMicroelectronics.X-CUBE-SMBUS.2.1.0
2024-02-05 13:01:21,440 [WARN] PackLoader:240 - Cannot read IP mode file for STMicroelectronics.X-CUBE-TOUCHGFX.4.23.0
2024-02-05 13:01:21,510 [WARN] PackLoader:240 - Cannot read IP mode file for STMicroelectronics.X-CUBE-AZRTOS-F7.1.1.0
2024-02-05 13:01:21,557 [WARN] PackLoader:240 - Cannot read IP mode file for STMicroelectronics.FP-SNS-MOTENV1.4.3.2
2024-02-05 13:01:21,572 [WARN] PackLoader:240 - Cannot read IP mode file for STMicroelectronics.FP-SNS-FLIGHT1.5.0.2
2024-02-05 13:01:21,604 [WARN] PackLoader:240 - Cannot read IP mode file for STMicroelectronics.X-CUBE-DISPLAY.3.0.0
2024-02-05 13:01:21,644 [WARN] PackLoader:240 - Cannot read IP mode file for STMicroelectronics.X-CUBE-BLE1.7.0.0
2024-02-05 13:01:21,687 [WARN] PackLoader:240 - Cannot read IP mode file for emotas.I-CUBE-CANOPEN.1.3.0
2024-02-05 13:01:21,715 [WARN] PackLoader:240 - Cannot read IP mode file for STMicroelectronics.X-CUBE-TOUCHGFX.4.22.0
2024-02-05 13:01:21,741 [WARN] PackLoader:240 - Cannot read IP mode file for STMicroelectronics.X-CUBE-TOUCHGFX.4.22.1
2024-02-05 13:01:21,768 [WARN] PackLoader:240 - Cannot read IP mode file for STMicroelectronics.FP-SNS-SMARTAG2.1.2.0
2024-02-05 13:01:21,815 [INFO] LogOutputStream:77 - [STDOUT_REDIRECT] 1 : Invalid condition id : UX_CORESTACK_Condition cause : null
2024-02-05 13:01:21,816 [INFO] LogOutputStream:77 - [STDOUT_REDIRECT] 1 : Invalid condition id : UX_CORESTACK_Condition cause : null
2024-02-05 13:01:21,819 [INFO] LogOutputStream:77 - [STDOUT_REDIRECT] 1 : Invalid condition id : UX_CORESTACK_Condition cause : null
2024-02-05 13:01:21,821 [INFO] LogOutputStream:77 - [STDOUT_REDIRECT] 1 : Invalid condition id : UX_CORESTACK_Condition cause : null
2024-02-05 13:01:21,824 [INFO] LogOutputStream:77 - [STDOUT_REDIRECT] 1 : Invalid condition id : UX_CORESTACK_Condition cause : null
2024-02-05 13:01:21,833 [WARN] PackLoader:240 - Cannot read IP mode file for STMicroelectronics.X-CUBE-AZRTOS-WL.2.0.0
2024-02-05 13:01:21,883 [WARN] PackLoader:240 - Cannot read IP mode file for WES.I-CUBE-Cesium.1.3.0
2024-02-05 13:01:21,910 [WARN] PackLoader:240 - Cannot read IP mode file for STMicroelectronics.X-CUBE-BLE2.3.3.0
2024-02-05 13:01:21,945 [WARN] PackLoader:240 - Cannot read IP mode file for STMicroelectronics.X-CUBE-ALGOBUILD.1.3.0
2024-02-05 13:01:22,003 [WARN] PackLoader:240 - Cannot read IP mode file for STMicroelectronics.X-CUBE-AZRTOS-G0.1.1.0
2024-02-05 13:01:22,046 [WARN] PackLoader:240 - Cannot read IP mode file for STMicroelectronics.X-CUBE-NFC4.3.0.0
2024-02-05 13:01:22,084 [WARN] PackLoader:240 - Cannot read IP mode file for STMicroelectronics.X-CUBE-BLEMGR.3.0.0
2024-02-05 13:01:22,104 [WARN] PackLoader:240 - Cannot read IP mode file for STMicroelectronics.FP-ATR-SIGFOX1.3.2.0
2024-02-05 13:01:22,119 [WARN] PackLoader:240 - Cannot read IP mode file for STMicroelectronics.X-CUBE-EEPRMA1.5.1.0
2024-02-05 13:01:22,193 [WARN] PackLoader:240 - Cannot read IP mode file for SEGGER.I-CUBE-embOS.1.3.1
2024-02-05 13:01:22,299 [WARN] PackLoader:240 - Cannot read IP mode file for STMicroelectronics.X-CUBE-GNSS1.6.0.0
2024-02-05 13:01:22,362 [WARN] PackLoader:240 - Cannot read IP mode file for STMicroelectronics.X-CUBE-AZRTOS-F4.1.1.0
2024-02-05 13:01:22,388 [WARN] PackLoader:240 - Cannot read IP mode file for wolfSSL.I-CUBE-wolfSSL.5.6.3
2024-02-05 13:01:22,452 [WARN] PackLoader:240 - Cannot read IP mode file for STMicroelectronics.X-CUBE-AZRTOS-L5.2.0.0
2024-02-05 13:01:22,745 [WARN] PackLoader:240 - Cannot read IP mode file for STMicroelectronics.X-CUBE-MEMS1.9.6.0
2024-02-05 13:01:23,079 [WARN] PackLoader:240 - Cannot read IP mode file for STMicroelectronics.X-CUBE-EEPRMA1.4.2.0
2024-02-05 13:01:23,116 [WARN] PackLoader:240 - Cannot read IP mode file for ITTIA_DB.I-CUBE-ITTIADB.8.8.0
2024-02-05 13:01:23,145 [WARN] PackLoader:240 - Cannot read IP mode file for STMicroelectronics.X-CUBE-BLEMGR.2.0.0
2024-02-05 13:01:23,200 [WARN] ConditionMgr:438 - getConditionDescription Invalid condition id : UX DEVICE CLASS RTOS Condition cause : null
2024-02-05 13:01:23,201 [WARN] ConditionMgr:438 - getConditionDescription Invalid condition id : UX DEVICE CLASS RTOS Condition cause : null
2024-02-05 13:01:23,206 [WARN] PackLoader:240 - Cannot read IP mode file for STMicroelectronics.X-CUBE-AZRTOS-H7.3.1.0
2024-02-05 13:01:23,208 [WARN] ConditionMgr:1039 - genDependencies : Invalid condition id : UX DEVICE CLASS RTOS Condition cause : null
2024-02-05 13:01:23,212 [WARN] ConditionMgr:1039 - genDependencies : Invalid condition id : UX DEVICE CLASS RTOS Condition cause : null
2024-02-05 13:01:23,216 [WARN] ConditionMgr:1039 - genDependencies : Invalid condition id : UX DEVICE CLASS RTOS Condition cause : null
2024-02-05 13:01:23,217 [WARN] ConditionMgr:1039 - genDependencies : Invalid condition id : UX DEVICE CLASS RTOS Condition cause : null
2024-02-05 13:01:23,217 [WARN] ConditionMgr:1039 - genDependencies : Invalid condition id : UX DEVICE CLASS RTOS Condition cause : null
2024-02-05 13:01:23,272 [WARN] PackLoader:240 - Cannot read IP mode file for STMicroelectronics.X-CUBE-NFC7.1.0.1
2024-02-05 13:01:23,298 [WARN] PackLoader:240 - Cannot read IP mode file for STMicroelectronics.X-CUBE-NFC6.3.0.0
2024-02-05 13:01:23,336 [WARN] PackLoader:240 - Cannot read IP mode file for STMicroelectronics.X-CUBE-EEPRMA1.4.1.0
2024-02-05 13:01:23,401 [WARN] PackLoader:240 - Cannot read IP mode file for STMicroelectronics.X-CUBE-AI.8.1.0
2024-02-05 13:01:23,465 [WARN] ConditionMgr:438 - getConditionDescription Invalid condition id : LAN8742 Phy interface Condition cause : null
2024-02-05 13:01:23,467 [WARN] PackLoader:240 - Cannot read IP mode file for STMicroelectronics.X-CUBE-AZRTOS-L4.2.0.0
2024-02-05 13:01:23,469 [WARN] ConditionMgr:1039 - genDependencies : Invalid condition id : LAN8742 Phy interface Condition cause : null
2024-02-05 13:01:23,469 [WARN] ConditionMgr:1039 - genDependencies : Invalid condition id : LAN8742 Phy interface Condition cause : null
2024-02-05 13:01:23,470 [WARN] ConditionMgr:1039 - genDependencies : Invalid condition id : LAN8742 Phy interface Condition cause : null
2024-02-05 13:01:23,497 [WARN] PackLoader:240 - Cannot read IP mode file for STMicroelectronics.X-CUBE-SFXS2LP1.4.0.0
2024-02-05 13:01:23,530 [WARN] PackLoader:240 - Cannot read IP mode file for STMicroelectronics.X-CUBE-ISPU.1.1.0
2024-02-05 13:01:23,582 [WARN] ConditionMgr:438 - getConditionDescription Invalid condition id : UX DEVICE CLASS RTOS Condition cause : null
2024-02-05 13:01:23,583 [WARN] ConditionMgr:438 - getConditionDescription Invalid condition id : UX DEVICE CLASS RTOS Condition cause : null
2024-02-05 13:01:23,586 [WARN] PackLoader:240 - Cannot read IP mode file for STMicroelectronics.X-CUBE-AZRTOS-WB.2.0.0
2024-02-05 13:01:23,588 [WARN] ConditionMgr:1039 - genDependencies : Invalid condition id : UX DEVICE CLASS RTOS Condition cause : null
2024-02-05 13:01:23,588 [WARN] ConditionMgr:1039 - genDependencies : Invalid condition id : UX DEVICE CLASS RTOS Condition cause : null
2024-02-05 13:01:23,589 [WARN] ConditionMgr:1039 - genDependencies : Invalid condition id : UX DEVICE CLASS RTOS Condition cause : null
2024-02-05 13:01:23,589 [WARN] ConditionMgr:1039 - genDependencies : Invalid condition id : UX DEVICE CLASS RTOS Condition cause : null
2024-02-05 13:01:23,589 [WARN] ConditionMgr:1039 - genDependencies : Invalid condition id : UX DEVICE CLASS RTOS Condition cause : null
2024-02-05 13:01:23,627 [WARN] PackLoader:240 - Cannot read IP mode file for STMicroelectronics.X-CUBE-SUBG2.5.0.0
2024-02-05 13:01:23,674 [WARN] PackLoader:240 - Cannot read IP mode file for STMicroelectronics.X-CUBE-TOF1.3.3.1
2024-02-05 13:01:23,743 [WARN] PackLoader:240 - Cannot read IP mode file for STMicroelectronics.X-CUBE-AZRTOS-G4.2.0.0
2024-02-05 13:01:23,788 [WARN] PackLoader:240 - Cannot read IP mode file for Infineon.AIROC-Wi-Fi-Bluetooth-STM32.1.5.1
2024-02-05 13:01:23,816 [WARN] PackLoader:240 - Cannot read IP mode file for STMicroelectronics.FP-SNS-MOTENVWB1.1.3.0
2024-02-05 13:01:23,824 [WARN] PackLoader:240 - Cannot read IP mode file for STMicroelectronics.FP-SNS-MOTENVWB1.1.3.1
2024-02-05 13:01:23,845 [WARN] PackLoader:240 - Cannot read IP mode file for STMicroelectronics.X-CUBE-ISPU.2.0.0
2024-02-05 13:01:23,969 [WARN] PackLoader:240 - Cannot read IP mode file for STMicroelectronics.X-CUBE-MEMS1.10.0.0
2024-02-05 13:01:24,224 [WARN] PackLoader:240 - Cannot read IP mode file for STMicroelectronics.X-CUBE-FREERTOS.1.1.0
2024-02-05 13:01:24,253 [WARN] PackLoader:240 - Cannot read IP mode file for portGmbH.I-Cube-SoM-uGOAL.1.1.0
2024-02-05 13:01:24,282 [WARN] PackLoader:240 - Cannot read IP mode file for STMicroelectronics.X-CUBE-ALS.1.0.1
2024-02-05 13:01:24,292 [WARN] PackLoader:240 - Cannot read IP mode file for STMicroelectronics.FP-ATR-ASTRA1.2.0.0
2024-02-05 13:01:24,328 [WARN] PackLoader:240 - Cannot read IP mode file for STMicroelectronics.X-CUBE-TOF1.3.4.0
2024-02-05 13:01:24,403 [WARN] PackLoader:240 - Cannot read IP mode file for STMicroelectronics.X-CUBE-AZRTOS-H7.3.2.0
2024-02-05 13:01:24,408 [INFO] ThirdParty:978 - Integrity check success = true
2024-02-05 13:01:24,409 [INFO] IntegrityCheckThread:100 - exiting critical section [integrity check]
2024-02-05 13:01:24,409 [INFO] IntegrityCheckThread:103 - End integrity checks thread
2024-02-05 13:01:24,409 [INFO] ThirdParty:873 - entering critical section [close project]
2024-02-05 13:01:24,411 [INFO] ThirdParty:883 - exiting critical section [close project]
2024-02-05 13:01:24,416 [INFO] PinOutPanel:1499 - setPackage(No Configuration,No Configuration)
2024-02-05 13:01:24,425 [INFO] UtilMem:75 - Begin LoadConfig() Used Memory: 265908088 Bytes (346030080)
2024-02-05 13:01:24,430 [INFO] MicroXplorer:468 - Change Database Path : 
2024-02-05 13:01:24,430 [INFO] MicroXplorer:498 - Change Database Version : DB.6.0.91
2024-02-05 13:01:24,431 [INFO] OpenFileManager:308 - Change cursor
2024-02-05 13:01:24,510 [INFO] Mcu:1946 - Initializing MCU STM32F746ZGTx STM32F746ZGTx STM32F746ZGT6
2024-02-05 13:01:28,404 [INFO] Context:659 - Trying to add GPIOservice into a context  which must be forbidden
2024-02-05 13:01:29,772 [INFO] RtosManager:555 - Registered RTOS mode: class=CMSIS, group=RTOS, mode=CMSIS_V1, owner=FREERTOS
2024-02-05 13:01:29,773 [INFO] RtosManager:555 - Registered RTOS mode: class=CMSIS, group=RTOS2, mode=CMSIS_V2, owner=FREERTOS
2024-02-05 13:01:29,773 [INFO] RtosManager:555 - Registered RTOS mode: class=RTOS, group=Core, mode=CMSIS_V1, owner=FREERTOS
2024-02-05 13:01:29,773 [INFO] RtosManager:555 - Registered RTOS mode: class=RTOS, group=Core, mode=CMSIS_V2, owner=FREERTOS
2024-02-05 13:01:29,773 [WARN] ModelIntegratedComponent:184 - Missing modes for component STMicroelectronics:FreeRTOS:0.0.1:STMicroelectronics:RTOS:FreeRTOS:Core:::10.2.0:
2024-02-05 13:01:29,791 [WARN] ModelIntegratedComponent:63 - No mode defined for component null
2024-02-05 13:01:29,791 [WARN] ModelIntegratedComponent:63 - No mode defined for component null
2024-02-05 13:01:29,791 [WARN] ModelIntegratedComponent:63 - No mode defined for component null
2024-02-05 13:01:29,791 [WARN] ModelIntegratedComponent:63 - No mode defined for component null
2024-02-05 13:01:29,791 [WARN] ModelIntegratedComponent:63 - No mode defined for component null
2024-02-05 13:01:29,791 [WARN] ModelIntegratedComponent:63 - No mode defined for component null
2024-02-05 13:01:29,791 [WARN] ModelIntegratedComponent:63 - No mode defined for component null
2024-02-05 13:01:29,791 [WARN] ModelIntegratedComponent:63 - No mode defined for component null
2024-02-05 13:01:29,791 [WARN] ModelIntegratedComponent:63 - No mode defined for component null
2024-02-05 13:01:29,791 [WARN] ModelIntegratedComponent:63 - No mode defined for component null
2024-02-05 13:01:29,792 [WARN] ModelIntegratedComponent:63 - No mode defined for component null
2024-02-05 13:01:29,792 [WARN] ModelIntegratedComponent:63 - No mode defined for component null
2024-02-05 13:01:29,792 [WARN] ModelIntegratedComponent:63 - No mode defined for component null
2024-02-05 13:01:29,792 [WARN] ModelIntegratedComponent:63 - No mode defined for component null
2024-02-05 13:01:29,792 [WARN] ModelIntegratedComponent:63 - No mode defined for component null
2024-02-05 13:01:29,792 [WARN] ModelIntegratedComponent:63 - No mode defined for component null
2024-02-05 13:01:29,792 [WARN] ModelIntegratedComponent:63 - No mode defined for component null
2024-02-05 13:01:29,792 [WARN] ModelIntegratedComponent:63 - No mode defined for component null
2024-02-05 13:01:29,792 [WARN] ModelIntegratedComponent:63 - No mode defined for component null
2024-02-05 13:01:29,792 [WARN] ModelIntegratedComponent:63 - No mode defined for component null
2024-02-05 13:01:29,792 [WARN] ModelIntegratedComponent:63 - No mode defined for component null
2024-02-05 13:01:29,792 [WARN] ModelIntegratedComponent:63 - No mode defined for component null
2024-02-05 13:01:29,792 [WARN] ModelIntegratedComponent:63 - No mode defined for component null
2024-02-05 13:01:29,793 [WARN] ModelIntegratedComponent:63 - No mode defined for component null
2024-02-05 13:01:29,793 [WARN] ModelIntegratedComponent:63 - No mode defined for component null
2024-02-05 13:01:29,793 [WARN] ModelIntegratedComponent:63 - No mode defined for component null
2024-02-05 13:01:29,793 [WARN] ModelIntegratedComponent:63 - No mode defined for component null
2024-02-05 13:01:29,793 [WARN] ModelIntegratedComponent:63 - No mode defined for component null
2024-02-05 13:01:29,793 [WARN] ModelIntegratedComponent:63 - No mode defined for component null
2024-02-05 13:01:29,793 [WARN] ModelIntegratedComponent:63 - No mode defined for component null
2024-02-05 13:01:29,793 [WARN] ModelIntegratedComponent:63 - No mode defined for component null
2024-02-05 13:01:29,793 [WARN] ModelIntegratedComponent:63 - No mode defined for component null
2024-02-05 13:01:29,794 [WARN] ModelIntegratedComponent:63 - No mode defined for component null
2024-02-05 13:01:29,964 [INFO] ThirdPartyModel:298 - Start build external matchings
2024-02-05 13:01:30,862 [INFO] ThirdPartyModel:316 - End build external matchings
2024-02-05 13:01:30,905 [INFO] ImportTextPane:194 - (OptionalMessage_ERROR) IP (DMA) : Parameter (Instance) has Id (USART2_RX) currently not set
2024-02-05 13:01:30,905 [INFO] ImportTextPane:194 - (OptionalMessage_ERROR) IP (DMA) : Parameter (Channel) has Id (USART2_RX) currently not set
2024-02-05 13:01:30,905 [INFO] ImportTextPane:194 - (OptionalMessage_ERROR) IP (DMA) : Parameter (Direction) has Id (USART2_RX) currently not set
2024-02-05 13:01:30,906 [INFO] ImportTextPane:194 - (OptionalMessage_ERROR) IP (DMA) : Parameter (PeriphInc) has Id (USART2_RX) currently not set
2024-02-05 13:01:30,906 [INFO] ImportTextPane:194 - (OptionalMessage_ERROR) IP (DMA) : Parameter (MemInc) has Id (USART2_RX) currently not set
2024-02-05 13:01:30,906 [INFO] ImportTextPane:194 - (OptionalMessage_ERROR) IP (DMA) : Parameter (PeriphDataAlignment) has Id (USART2_RX) currently not set
2024-02-05 13:01:30,907 [INFO] ImportTextPane:194 - (OptionalMessage_ERROR) IP (DMA) : Parameter (MemDataAlignment) has Id (USART2_RX) currently not set
2024-02-05 13:01:30,907 [INFO] ImportTextPane:194 - (OptionalMessage_ERROR) IP (DMA) : Parameter (Mode) has Id (USART2_RX) currently not set
2024-02-05 13:01:30,907 [INFO] ImportTextPane:194 - (OptionalMessage_ERROR) IP (DMA) : Parameter (Priority) has Id (USART2_RX) currently not set
2024-02-05 13:01:30,907 [INFO] ImportTextPane:194 - (OptionalMessage_ERROR) IP (DMA) : Parameter (FIFOMode) has Id (USART2_RX) currently not set
2024-02-05 13:01:30,907 [INFO] ImportTextPane:194 - (OptionalMessage_ERROR) IP (DMA) : Parameter (Instance) has Id (UART5_RX) currently not set
2024-02-05 13:01:30,907 [INFO] ImportTextPane:194 - (OptionalMessage_ERROR) IP (DMA) : Parameter (Channel) has Id (UART5_RX) currently not set
2024-02-05 13:01:30,907 [INFO] ImportTextPane:194 - (OptionalMessage_ERROR) IP (DMA) : Parameter (Direction) has Id (UART5_RX) currently not set
2024-02-05 13:01:30,907 [INFO] ImportTextPane:194 - (OptionalMessage_ERROR) IP (DMA) : Parameter (PeriphInc) has Id (UART5_RX) currently not set
2024-02-05 13:01:30,908 [INFO] ImportTextPane:194 - (OptionalMessage_ERROR) IP (DMA) : Parameter (MemInc) has Id (UART5_RX) currently not set
2024-02-05 13:01:30,908 [INFO] ImportTextPane:194 - (OptionalMessage_ERROR) IP (DMA) : Parameter (PeriphDataAlignment) has Id (UART5_RX) currently not set
2024-02-05 13:01:30,908 [INFO] ImportTextPane:194 - (OptionalMessage_ERROR) IP (DMA) : Parameter (MemDataAlignment) has Id (UART5_RX) currently not set
2024-02-05 13:01:30,908 [INFO] ImportTextPane:194 - (OptionalMessage_ERROR) IP (DMA) : Parameter (Mode) has Id (UART5_RX) currently not set
2024-02-05 13:01:30,908 [INFO] ImportTextPane:194 - (OptionalMessage_ERROR) IP (DMA) : Parameter (Priority) has Id (UART5_RX) currently not set
2024-02-05 13:01:30,908 [INFO] ImportTextPane:194 - (OptionalMessage_ERROR) IP (DMA) : Parameter (FIFOMode) has Id (UART5_RX) currently not set
2024-02-05 13:01:30,908 [INFO] ImportTextPane:194 - (OptionalMessage_ERROR) IP (DMA) : Parameter (Instance) has Id (SPI1_TX) currently not set
2024-02-05 13:01:30,908 [INFO] ImportTextPane:194 - (OptionalMessage_ERROR) IP (DMA) : Parameter (Channel) has Id (SPI1_TX) currently not set
2024-02-05 13:01:30,908 [INFO] ImportTextPane:194 - (OptionalMessage_ERROR) IP (DMA) : Parameter (Direction) has Id (SPI1_TX) currently not set
2024-02-05 13:01:30,909 [INFO] ImportTextPane:194 - (OptionalMessage_ERROR) IP (DMA) : Parameter (PeriphInc) has Id (SPI1_TX) currently not set
2024-02-05 13:01:30,909 [INFO] ImportTextPane:194 - (OptionalMessage_ERROR) IP (DMA) : Parameter (MemInc) has Id (SPI1_TX) currently not set
2024-02-05 13:01:30,909 [INFO] ImportTextPane:194 - (OptionalMessage_ERROR) IP (DMA) : Parameter (PeriphDataAlignment) has Id (SPI1_TX) currently not set
2024-02-05 13:01:30,909 [INFO] ImportTextPane:194 - (OptionalMessage_ERROR) IP (DMA) : Parameter (MemDataAlignment) has Id (SPI1_TX) currently not set
2024-02-05 13:01:30,910 [INFO] ImportTextPane:194 - (OptionalMessage_ERROR) IP (DMA) : Parameter (Mode) has Id (SPI1_TX) currently not set
2024-02-05 13:01:30,910 [INFO] ImportTextPane:194 - (OptionalMessage_ERROR) IP (DMA) : Parameter (Priority) has Id (SPI1_TX) currently not set
2024-02-05 13:01:30,910 [INFO] ImportTextPane:194 - (OptionalMessage_ERROR) IP (DMA) : Parameter (FIFOMode) has Id (SPI1_TX) currently not set
2024-02-05 13:01:30,910 [INFO] ImportTextPane:194 - (OptionalMessage_ERROR) IP (DMA) : Parameter (Instance) has Id (SPI2_TX) currently not set
2024-02-05 13:01:30,910 [INFO] ImportTextPane:194 - (OptionalMessage_ERROR) IP (DMA) : Parameter (Channel) has Id (SPI2_TX) currently not set
2024-02-05 13:01:30,911 [INFO] ImportTextPane:194 - (OptionalMessage_ERROR) IP (DMA) : Parameter (Direction) has Id (SPI2_TX) currently not set
2024-02-05 13:01:30,911 [INFO] ImportTextPane:194 - (OptionalMessage_ERROR) IP (DMA) : Parameter (PeriphInc) has Id (SPI2_TX) currently not set
2024-02-05 13:01:30,911 [INFO] ImportTextPane:194 - (OptionalMessage_ERROR) IP (DMA) : Parameter (MemInc) has Id (SPI2_TX) currently not set
2024-02-05 13:01:30,911 [INFO] ImportTextPane:194 - (OptionalMessage_ERROR) IP (DMA) : Parameter (PeriphDataAlignment) has Id (SPI2_TX) currently not set
2024-02-05 13:01:30,912 [INFO] ImportTextPane:194 - (OptionalMessage_ERROR) IP (DMA) : Parameter (MemDataAlignment) has Id (SPI2_TX) currently not set
2024-02-05 13:01:30,912 [INFO] ImportTextPane:194 - (OptionalMessage_ERROR) IP (DMA) : Parameter (Mode) has Id (SPI2_TX) currently not set
2024-02-05 13:01:30,912 [INFO] ImportTextPane:194 - (OptionalMessage_ERROR) IP (DMA) : Parameter (Priority) has Id (SPI2_TX) currently not set
2024-02-05 13:01:30,912 [INFO] ImportTextPane:194 - (OptionalMessage_ERROR) IP (DMA) : Parameter (FIFOMode) has Id (SPI2_TX) currently not set
2024-02-05 13:01:30,912 [INFO] ImportTextPane:194 - (OptionalMessage_ERROR) IP (DMA) : Parameter (Instance) has Id (I2C2_TX) currently not set
2024-02-05 13:01:30,912 [INFO] ImportTextPane:194 - (OptionalMessage_ERROR) IP (DMA) : Parameter (Channel) has Id (I2C2_TX) currently not set
2024-02-05 13:01:30,912 [INFO] ImportTextPane:194 - (OptionalMessage_ERROR) IP (DMA) : Parameter (Direction) has Id (I2C2_TX) currently not set
2024-02-05 13:01:30,912 [INFO] ImportTextPane:194 - (OptionalMessage_ERROR) IP (DMA) : Parameter (PeriphInc) has Id (I2C2_TX) currently not set
2024-02-05 13:01:30,912 [INFO] ImportTextPane:194 - (OptionalMessage_ERROR) IP (DMA) : Parameter (MemInc) has Id (I2C2_TX) currently not set
2024-02-05 13:01:30,912 [INFO] ImportTextPane:194 - (OptionalMessage_ERROR) IP (DMA) : Parameter (PeriphDataAlignment) has Id (I2C2_TX) currently not set
2024-02-05 13:01:30,912 [INFO] ImportTextPane:194 - (OptionalMessage_ERROR) IP (DMA) : Parameter (MemDataAlignment) has Id (I2C2_TX) currently not set
2024-02-05 13:01:30,913 [INFO] ImportTextPane:194 - (OptionalMessage_ERROR) IP (DMA) : Parameter (Mode) has Id (I2C2_TX) currently not set
2024-02-05 13:01:30,913 [INFO] ImportTextPane:194 - (OptionalMessage_ERROR) IP (DMA) : Parameter (Priority) has Id (I2C2_TX) currently not set
2024-02-05 13:01:30,913 [INFO] ImportTextPane:194 - (OptionalMessage_ERROR) IP (DMA) : Parameter (FIFOMode) has Id (I2C2_TX) currently not set
2024-02-05 13:01:30,914 [INFO] ImportTextPane:194 - (OptionalMessage_ERROR) IP (ETH) : Invalid parameter (PHY_Name)
2024-02-05 13:01:30,915 [INFO] ImportTextPane:194 - (OptionalMessage_ERROR) IP (ETH) : Invalid parameter (PHY_Value)
2024-02-05 13:01:30,915 [INFO] ImportTextPane:194 - (OptionalMessage_ERROR) IP (ETH) : Invalid parameter (PhyAddress)
2024-02-05 13:01:30,921 [WARN] IP:2114 - CMSIS_VERSION not found: check if there is a RefParameter without a condition.
2024-02-05 13:01:30,933 [WARN] IP:2114 - LWIP_NETIF_HOSTNAME not found: check if there is a RefParameter without a condition.
2024-02-05 13:01:30,987 [INFO] ImportTextPane:194 - (OptionalMessage_ERROR) IP (RCC) : Invalid parameter (48MHZClocksFreq_Value)
2024-02-05 13:01:30,988 [INFO] ImportTextPane:194 - (OptionalMessage_ERROR) IP (RCC) : Invalid parameter (ADC12outputFreq_Value)
2024-02-05 13:01:30,988 [INFO] ImportTextPane:194 - (OptionalMessage_ERROR) IP (RCC) : Invalid parameter (ADC34outputFreq_Value)
2024-02-05 13:01:30,988 [INFO] ImportTextPane:194 - (OptionalMessage_ERROR) IP (RCC) : Invalid parameter (FamilyName)
2024-02-05 13:01:30,988 [INFO] ImportTextPane:194 - (OptionalMessage_ERROR) IP (RCC) : Invalid parameter (I2SClocksFreq_Value)
2024-02-05 13:01:30,989 [INFO] ImportTextPane:194 - (OptionalMessage_ERROR) IP (RCC) : Parameter (LCDTFToutputFreq_Value) has invalid value (96000000)
2024-02-05 13:01:30,989 [INFO] ImportTextPane:194 - (OptionalMessage_ERROR) IP (RCC) : Invalid parameter (MCOFreq_Value)
2024-02-05 13:01:30,989 [INFO] ImportTextPane:194 - (OptionalMessage_ERROR) IP (RCC) : Invalid parameter (PLLMCOFreq_Value)
2024-02-05 13:01:30,989 [INFO] ImportTextPane:194 - (OptionalMessage_ERROR) IP (RCC) : Invalid parameter (PLLMUL)
2024-02-05 13:01:30,990 [INFO] ImportTextPane:194 - (OptionalMessage_ERROR) IP (RCC) : Invalid parameter (PRESCALERUSB)
2024-02-05 13:01:30,990 [INFO] ImportTextPane:194 - (OptionalMessage_ERROR) IP (RCC) : Invalid parameter (RTCHSEDivFreq_Value)
2024-02-05 13:01:30,990 [INFO] ImportTextPane:194 - (OptionalMessage_ERROR) IP (RCC) : Parameter (SDMMCFreq_Value) has invalid value (72000000)
2024-02-05 13:01:30,991 [INFO] ImportTextPane:194 - (OptionalMessage_ERROR) IP (RCC) : Invalid parameter (SYSCLKSourceVirtual)
2024-02-05 13:01:30,991 [INFO] ImportTextPane:194 - (OptionalMessage_ERROR) IP (RCC) : Invalid parameter (TIM15Freq_Value)
2024-02-05 13:01:30,991 [INFO] ImportTextPane:194 - (OptionalMessage_ERROR) IP (RCC) : Invalid parameter (TIM16Freq_Value)
2024-02-05 13:01:30,991 [INFO] ImportTextPane:194 - (OptionalMessage_ERROR) IP (RCC) : Invalid parameter (TIM17Freq_Value)
2024-02-05 13:01:30,991 [INFO] ImportTextPane:194 - (OptionalMessage_ERROR) IP (RCC) : Invalid parameter (TIM1Freq_Value)
2024-02-05 13:01:30,991 [INFO] ImportTextPane:194 - (OptionalMessage_ERROR) IP (RCC) : Invalid parameter (TIM20Freq_Value)
2024-02-05 13:01:30,991 [INFO] ImportTextPane:194 - (OptionalMessage_ERROR) IP (RCC) : Invalid parameter (TIM2Freq_Value)
2024-02-05 13:01:30,991 [INFO] ImportTextPane:194 - (OptionalMessage_ERROR) IP (RCC) : Invalid parameter (TIM3Freq_Value)
2024-02-05 13:01:30,991 [INFO] ImportTextPane:194 - (OptionalMessage_ERROR) IP (RCC) : Invalid parameter (TIM8Freq_Value)
2024-02-05 13:01:30,992 [INFO] ImportTextPane:194 - (OptionalMessage_ERROR) IP (RCC) : Invalid parameter (VCOOutput2Freq_Value)
2024-02-05 13:01:30,992 [INFO] ImportTextPane:194 - (OptionalMessage_ERROR) IP (RCC) : Invalid parameter (VcooutputI2S)
2024-02-05 13:01:31,663 [INFO] UtilMem:75 - End LoadConfig() Used Memory: 356684616 Bytes (426770432)
2024-02-05 13:01:31,911 [INFO] ApiDb:581 - Connected to CubeFinder SQLite database (C:\Users\yarde\.stmcufinder\plugins\mcufinder\mcu\cube-finder-db.db)
2024-02-05 13:01:32,125 [INFO] ApiDb:668 - CubeFinder database Data Model version=2.1
2024-02-05 13:01:32,125 [INFO] ApiDb:669 - CubeFinder database Configuration version=3.0.39
2024-02-05 13:01:32,125 [INFO] ApiDb:670 - CubeFinder database generation date=2023-12-08 (1702028721)
2024-02-05 13:01:32,125 [INFO] ApiDb:671 - CubeFinder database FW Pack versions=[FP-ATR-ASTRA1_V2.0.0, FP-SNS-FLIGHT1_V5.0.1, FP-SNS-FLIGHT1_V5.0.2, FP-SNS-MOTENV1_V4.3.1, FP-SNS-MOTENV1_V4.3.2, FP-SNS-MOTENVWB1_V1.3.1, FP-SNS-SMARTAG2_V1.2.0, STM32Cube_FW_C0_V1.1.0, STM32Cube_FW_F4_V1.28.0, STM32Cube_FW_F7_V1.17.0, STM32Cube_FW_G0_V1.6.1, STM32Cube_FW_G4_V1.5.1, STM32Cube_FW_H5_V0.5.1, STM32Cube_FW_H5_V1.1.1, STM32Cube_FW_H5_V1.2.0RC2, STM32Cube_FW_H7_V1.11.0, STM32Cube_FW_L0_V1.12.2, STM32Cube_FW_L5_V1.5.0, STM32Cube_FW_U5_V1.3.0RC4, STM32Cube_FW_U5_V1.4.0, STM32Cube_FW_WBA_V1.0.0RC1, STM32Cube_FW_WBA_V1.1.0RC1, STM32Cube_FW_WBA_V1.2.0, STM32Cube_FW_WBA_V1.2.0RC2, STM32Cube_FW_WB_V1.15.0RC1, STM32Cube_FW_WB_V1.16.0, STM32Cube_FW_WB_V1.16.0RC2, STM32Cube_FW_WB_V1.18.0, STM32Cube_FW_WL_V1.3.0, X-CUBE-ALGOBUILD_V1.3.0, X-CUBE-ALS_V1.0.1, X-CUBE-AZRTOS-F4_V1.1.0, X-CUBE-AZRTOS-F7_V1.1.0, X-CUBE-AZRTOS-G0_V1.1.0, X-CUBE-AZRTOS-G4_V2.0.0, X-CUBE-AZRTOS-H7_V3.1.0, X-CUBE-AZRTOS-L4_V1.0.0, X-CUBE-AZRTOS-L4_V2.0.0, X-CUBE-AZRTOS-L5_V1.1.0, X-CUBE-AZRTOS-WB_V2.0.0, X-CUBE-AZRTOS-WL_V2.0.0, X-CUBE-BLE1_V7.0.0, X-CUBE-BLE2_V3.3.0, X-CUBE-BLEMGR_V3.0.0, X-CUBE-EEPRMA1_V4.1.0, X-CUBE-EEPRMA1_V4.2.0, X-CUBE-FREERTOS_V1.1.0, X-CUBE-GNSS1_V6.0.0, X-CUBE-MEMS1_V10.0.0, X-CUBE-MEMS1_V9.1.0, X-CUBE-MEMS1_V9.4.0, X-CUBE-MEMS1_V9.6.0, X-CUBE-NFC4_V3.0.0, X-CUBE-NFC7_V1.0.1, X-CUBE-SFXS2LP1_V4.0.0, X-CUBE-SUBG2_V5.0.0, X-CUBE-TOF1_V3.4.0]
2024-02-05 13:01:35,398 [INFO] ApiDb:240 - Found 323 in-development CPN: [B-G473E-ZEST1S, B-WB1M-WPAN1, B-WL5M-SUBG1, NUCLEO-C031C6, NUCLEO-H503RB, NUCLEO-H563ZI, NUCLEO-U545RE-Q, NUCLEO-U5A5ZJ-Q, NUCLEO-WBA52CG, STEVAL-PROTEUS1, STEVAL-SMARTAG2, STEVAL-STWINBX1, STM320518-EVAL, STM32C0116-DK, STM32C011D6Y3TR, STM32C011D6Y6TR, STM32C011F4P3, STM32C011F4P6, STM32C011F4U3, STM32C011F4U6TR, STM32C011F6P3, STM32C011F6P6, STM32C011F6U3, STM32C011F6U6TR, STM32C011J4M3, STM32C011J4M6, STM32C011J6M3, STM32C011J6M6, STM32C0316-DK, STM32C031C4T3, STM32C031C4T6, STM32C031C4U3, STM32C031C4U6, STM32C031C6T3, STM32C031C6T6, STM32C031C6U3, STM32C031C6U6, STM32C031F4P3, STM32C031F4P6, STM32C031F6P3, STM32C031F6P6, STM32C031G4U3, STM32C031G4U6, STM32C031G6U3, STM32C031G6U6, STM32C031K4T3, STM32C031K4T6, STM32C031K4U3, STM32C031K4U6, STM32C031K6T3, STM32C031K6T6, STM32C031K6U3, STM32C031K6U6, STM32G071K8TXN, STM32G071K8UXN, STM32G081GBU6N, STM32G081KBT6N, STM32G081KBUXN, STM32G0B1CCT6N, STM32G0B1KCT6, STM32G0B1NEY6TR, STM32G0B1RCT6N, STM32G0C1CCT6, STM32G0C1CCT6N, STM32G0C1CCU6N, STM32G0C1CET6N, STM32G0C1CEU6N, STM32G0C1KCT6, STM32G0C1NEY6TR, STM32G0C1RCI6N, STM32G0C1RCT6N, STM32G0C1REI6N, STM32G0C1RET6N, STM32G0C1VCI6, STM32G0C1VEI6, STM32G471CCT6, STM32G471CCU6, STM32G471CET3, STM32G471CET6, STM32G471CEU3, STM32G471CEU6, STM32G471MCT6, STM32G471MET3, STM32G471MET6, STM32G471MEY6TR, STM32G471QCT6, STM32G471QET3, STM32G471RCT6, STM32G471RET3, STM32G471RET6, STM32G471VCH6, STM32G471VCI6, STM32G471VCT6, STM32G471VEH3, STM32G471VEH6, STM32G471VEI3, STM32G471VEI6, STM32G471VET3, STM32G471VET6, STM32G474CCT6, STM32H503CBT6, STM32H503CBU6, STM32H503EBY6TR, STM32H503KBU6, STM32H503RBT6, STM32H562AGI6, STM32H562AII6, STM32H562IGK6, STM32H562IGT6, STM32H562IIK6, STM32H562IIT6, STM32H562RGT6, STM32H562RGV6, STM32H562RIT6, STM32H562RIV6, STM32H562VGT6, STM32H562VIT6, STM32H562ZGT6, STM32H562ZIT6, STM32H563AGI6, STM32H563AII3Q, STM32H563AII6, STM32H563IGK6, STM32H563IGT6, STM32H563IIK3Q, STM32H563IIK6, STM32H563IIT3Q, STM32H563IIT6, STM32H563MIY3QTR, STM32H563RGT6, STM32H563RGV6, STM32H563RIT6, STM32H563RIV6, STM32H563VGT6, STM32H563VIT3Q, STM32H563VIT6, STM32H563ZGT6, STM32H563ZIT3Q, STM32H563ZIT6, STM32H573AII3Q, STM32H573AII6, STM32H573I-DK, STM32H573IIK3Q, STM32H573IIK6, STM32H573IIT3Q, STM32H573IIT6, STM32H573MIY3QTR, STM32H573RIT6, STM32H573RIV6, STM32H573VIT3Q, STM32H573VIT6, STM32H573ZIT3Q, STM32H573ZIT6, STM32L4R5QGI6STR, STM32MP131AAE3, STM32MP131AAF3, STM32MP131AAG3, STM32MP131CAE3, STM32MP131CAF3, STM32MP131CAG3, STM32MP131DAE7, STM32MP131DAF7, STM32MP131DAG7, STM32MP131FAE7, STM32MP131FAF7, STM32MP131FAG7, STM32MP133AAE3, STM32MP133AAF3, STM32MP133AAG3, STM32MP133CAE3, STM32MP133CAF3, STM32MP133CAG3, STM32MP133DAE7, STM32MP133DAF7, STM32MP133DAG7, STM32MP133FAE7, STM32MP133FAF7, STM32MP133FAG7, STM32MP135AAE3, STM32MP135AAF3, STM32MP135AAG3, STM32MP135CAE3, STM32MP135CAF3, STM32MP135CAG3, STM32MP135DAE7, STM32MP135DAF7, STM32MP135DAG7, STM32MP135F-DK, STM32MP135FAE7, STM32MP135FAF7, STM32MP135FAF7T, STM32MP135FAF7U, STM32MP135FAG7, STM32U535CBT6, STM32U535CBT6Q, STM32U535CBU6, STM32U535CBU6Q, STM32U535CCT6, STM32U535CCT6Q, STM32U535CCU6, STM32U535CCU6Q, STM32U535CET6, STM32U535CET6Q, STM32U535CEU6, STM32U535CEU6Q, STM32U535JEY6QTR, STM32U535NCY6QTR, STM32U535NEY6QTR, STM32U535RBI6, STM32U535RBI6Q, STM32U535RBT6, STM32U535RBT6Q, STM32U535RCI6, STM32U535RCI6Q, STM32U535RCT6, STM32U535RCT6Q, STM32U535REI6, STM32U535REI6Q, STM32U535RET6, STM32U535RET6Q, STM32U535VCI6, STM32U535VCI6Q, STM32U535VCT6, STM32U535VCT6Q, STM32U535VEI6, STM32U535VEI6Q, STM32U535VET6, STM32U535VET6Q, STM32U545CET6, STM32U545CET6Q, STM32U545CEU6, STM32U545CEU6Q, STM32U545JEY6QTR, STM32U545NEY6QTR, STM32U545REI6, STM32U545REI6Q, STM32U545RET6, STM32U545RET6Q, STM32U545VEI6, STM32U545VEI6Q, STM32U545VET6, STM32U545VET6Q, STM32U595AIH6, STM32U595AIH6Q, STM32U595AJH6, STM32U595AJH6Q, STM32U595QII6, STM32U595QII6Q, STM32U595QJI6, STM32U595QJI6Q, STM32U595RIT6, STM32U595RIT6Q, STM32U595RJT6, STM32U595RJT6Q, STM32U595VIT6, STM32U595VIT6Q, STM32U595VJT6, STM32U595VJT6Q, STM32U595ZIT6, STM32U595ZIT6Q, STM32U595ZIY6QTR, STM32U595ZJT6, STM32U595ZJT6Q, STM32U595ZJY6QTR, STM32U599BJY6QTR, STM32U599NIH6Q, STM32U599NJH6Q, STM32U599VIT6Q, STM32U599VJT6, STM32U599VJT6Q, STM32U599ZIT6Q, STM32U599ZIY6QTR, STM32U599ZJT6Q, STM32U599ZJY6QTR, STM32U5A5AJH6, STM32U5A5AJH6Q, STM32U5A5QJI6, STM32U5A5QJI6Q, STM32U5A5RJT6, STM32U5A5RJT6Q, STM32U5A5VJT6, STM32U5A5VJT6Q, STM32U5A5ZJT6, STM32U5A5ZJT6Q, STM32U5A5ZJY6QTR, STM32U5A9BJY6QTR, STM32U5A9J-DK, STM32U5A9NJH6Q, STM32U5A9VJT6Q, STM32U5A9ZJT6Q, STM32U5A9ZJY6QTR, STM32U5F7VIT6, STM32U5F7VIT6Q, STM32U5F7VJT6, STM32U5F7VJT6Q, STM32U5F9BJY6QTR, STM32U5F9NJH6Q, STM32U5F9VIT6Q, STM32U5F9VJT6Q, STM32U5F9ZIJ6QTR, STM32U5F9ZIT6Q, STM32U5F9ZJJ6QTR, STM32U5F9ZJT6Q, STM32U5G7VJT6, STM32U5G7VJT6Q, STM32U5G9BJY6QTR, STM32U5G9J-DK1, STM32U5G9J-DK2, STM32U5G9NJH6Q, STM32U5G9VJT6Q, STM32U5G9ZJJ6QTR, STM32U5G9ZJT6Q, STM32WB1MMCH6, STM32WBA52CEU6, STM32WBA52CEU6T, STM32WBA52CGU6, STM32WBA52CGU6T, STM32WBA52KEU6, STM32WBA52KEU6T, STM32WBA52KGU6, STM32WBA52KGU6T, STM32WL5MOCH6, STM32WL5MOCH6TR]
2024-02-05 13:01:35,404 [INFO] DbMcus:217 - Found 3882 MCUs, 3882 are supported
2024-02-05 13:01:35,405 [INFO] ApiDb:423 - Load user favorites file C:\Users\yarde/.stm32cubeide/favorites.mcus.txt: 0 item(s)
2024-02-05 13:01:35,405 [INFO] ApiDb:427 - User favorites MCUs=[]
2024-02-05 13:01:35,405 [INFO] DbMcus:223 - Set 0 / 0 favorites MCUs
2024-02-05 13:01:35,963 [WARN] ThirdParty:833 - waiting for thirdparty lock release [change project]
2024-02-05 13:01:35,963 [INFO] ThirdParty:835 - entering critical section [change project]
2024-02-05 13:01:35,963 [INFO] ThirdParty:1030 - CMSIS Pack Vendor :STMicroelectronics X-CUBE-ISPU 1.1.0
2024-02-05 13:01:35,963 [INFO] ThirdParty:1030 - CMSIS Pack Vendor :STMicroelectronics USBPD 4.1
2024-02-05 13:01:35,963 [INFO] ThirdParty:1030 - CMSIS Pack Vendor :STMicroelectronics X-CUBE-GNSS1 6.0.0
2024-02-05 13:01:35,963 [INFO] ThirdParty:1030 - CMSIS Pack Vendor :STMicroelectronics USB_HOST 2.0.0
2024-02-05 13:01:35,963 [INFO] ThirdParty:1030 - CMSIS Pack Vendor :STMicroelectronics X-CUBE-AZRTOS-F4 1.1.0
2024-02-05 13:01:35,964 [INFO] ThirdParty:1030 - CMSIS Pack Vendor :STMicroelectronics LIBJPEG 8.0.0
2024-02-05 13:01:35,964 [INFO] ThirdParty:1030 - CMSIS Pack Vendor :wolfSSL I-CUBE-wolfSSL 5.6.3
2024-02-05 13:01:35,964 [INFO] ThirdParty:1030 - CMSIS Pack Vendor :STMicroelectronics X-CUBE-SMBUS 2.1.0
2024-02-05 13:01:35,964 [INFO] ThirdParty:1030 - CMSIS Pack Vendor :STMicroelectronics USB_DEVICE 3.0.0
2024-02-05 13:01:35,964 [INFO] ThirdParty:1030 - CMSIS Pack Vendor :STMicroelectronics X-CUBE-AZRTOS-WB 2.0.0
2024-02-05 13:01:35,964 [INFO] ThirdParty:1030 - CMSIS Pack Vendor :STMicroelectronics X-CUBE-TOUCHGFX 4.23.0
2024-02-05 13:01:35,964 [INFO] ThirdParty:1030 - CMSIS Pack Vendor :STMicroelectronics X-CUBE-AZRTOS-F7 1.1.0
2024-02-05 13:01:35,964 [INFO] ThirdParty:1030 - CMSIS Pack Vendor :STMicroelectronics X-CUBE-AZRTOS-L5 2.0.0
2024-02-05 13:01:35,964 [INFO] ThirdParty:1030 - CMSIS Pack Vendor :STMicroelectronics USB_DEVICE 2.0.0
2024-02-05 13:01:35,964 [INFO] ThirdParty:1030 - CMSIS Pack Vendor :STMicroelectronics X-CUBE-MEMS1 9.6.0
2024-02-05 13:01:35,965 [INFO] ThirdParty:1030 - CMSIS Pack Vendor :STMicroelectronics X-CUBE-EEPRMA1 4.2.0
2024-02-05 13:01:35,965 [INFO] ThirdParty:1030 - CMSIS Pack Vendor :ITTIA_DB I-CUBE-ITTIADB 8.8.0
2024-02-05 13:01:35,965 [INFO] ThirdParty:1030 - CMSIS Pack Vendor :STMicroelectronics FP-SNS-MOTENV1 4.3.2
2024-02-05 13:01:35,965 [INFO] ThirdParty:1030 - CMSIS Pack Vendor :STMicroelectronics X-CUBE-ALGOBUILD 1.3.0
2024-02-05 13:01:35,965 [INFO] ThirdParty:1030 - CMSIS Pack Vendor :STMicroelectronics FreeRTOS 0.0.1
2024-02-05 13:01:35,965 [INFO] ThirdParty:1030 - CMSIS Pack Vendor :STMicroelectronics X-CUBE-AZRTOS-G0 1.1.0
2024-02-05 13:01:35,965 [INFO] ThirdParty:1030 - CMSIS Pack Vendor :STMicroelectronics X-CUBE-BLEMGR 2.0.0
2024-02-05 13:01:35,965 [INFO] ThirdParty:1030 - CMSIS Pack Vendor :STMicroelectronics X-CUBE-NFC4 3.0.0
2024-02-05 13:01:35,965 [INFO] ThirdParty:1030 - CMSIS Pack Vendor :STMicroelectronics X-CUBE-SUBG2 5.0.0
2024-02-05 13:01:35,965 [INFO] ThirdParty:1030 - CMSIS Pack Vendor :STMicroelectronics STM32_WPAN 1.0.0
2024-02-05 13:01:35,965 [INFO] ThirdParty:1030 - CMSIS Pack Vendor :STMicroelectronics lwIP 2.0.3
2024-02-05 13:01:35,965 [INFO] ThirdParty:1030 - CMSIS Pack Vendor :STMicroelectronics FP-SNS-FLIGHT1 5.0.2
2024-02-05 13:01:35,965 [INFO] ThirdParty:1030 - CMSIS Pack Vendor :STMicroelectronics USB_HOST 1.0.0
2024-02-05 13:01:35,965 [INFO] ThirdParty:1030 - CMSIS Pack Vendor :STMicroelectronics X-CUBE-TOF1 3.3.1
2024-02-05 13:01:35,966 [INFO] ThirdParty:1030 - CMSIS Pack Vendor :STMicroelectronics X-CUBE-AZRTOS-G4 2.0.0
2024-02-05 13:01:35,966 [INFO] ThirdParty:1030 - CMSIS Pack Vendor :STMicroelectronics PDM2PCM 3.1.0
2024-02-05 13:01:35,966 [INFO] ThirdParty:1030 - CMSIS Pack Vendor :STMicroelectronics X-CUBE-AZRTOS-H7 3.1.0
2024-02-05 13:01:35,966 [INFO] ThirdParty:1030 - CMSIS Pack Vendor :Infineon AIROC-Wi-Fi-Bluetooth-STM32 1.5.1
2024-02-05 13:01:35,966 [INFO] ThirdParty:1030 - CMSIS Pack Vendor :STMicroelectronics X-CUBE-BLEMGR 3.0.0
2024-02-05 13:01:35,966 [INFO] ThirdParty:1030 - CMSIS Pack Vendor :STMicroelectronics PDM2PCM 3.3.0
2024-02-05 13:01:35,966 [INFO] ThirdParty:1030 - CMSIS Pack Vendor :STMicroelectronics X-CUBE-DISPLAY 3.0.0
2024-02-05 13:01:35,966 [INFO] ThirdParty:1030 - CMSIS Pack Vendor :STMicroelectronics FP-SNS-MOTENVWB1 1.3.0
2024-02-05 13:01:35,966 [INFO] ThirdParty:1030 - CMSIS Pack Vendor :STMicroelectronics FP-SNS-MOTENVWB1 1.3.1
2024-02-05 13:01:35,966 [INFO] ThirdParty:1030 - CMSIS Pack Vendor :STMicroelectronics X-CUBE-BLE1 7.0.0
2024-02-05 13:01:35,967 [INFO] ThirdParty:1030 - CMSIS Pack Vendor :STMicroelectronics FP-ATR-SIGFOX1 3.2.0
2024-02-05 13:01:35,967 [INFO] ThirdParty:1030 - CMSIS Pack Vendor :STMicroelectronics X-CUBE-ISPU 2.0.0
2024-02-05 13:01:35,967 [INFO] ThirdParty:1030 - CMSIS Pack Vendor :STMicroelectronics X-CUBE-EEPRMA1 5.1.0
2024-02-05 13:01:35,967 [INFO] ThirdParty:1030 - CMSIS Pack Vendor :STMicroelectronics HAL Drivers 0.0.0
2024-02-05 13:01:35,967 [INFO] ThirdParty:1030 - CMSIS Pack Vendor :STMicroelectronics MBEDTLS 2.16.2
2024-02-05 13:01:35,967 [INFO] ThirdParty:1030 - CMSIS Pack Vendor :emotas I-CUBE-CANOPEN 1.3.0
2024-02-05 13:01:35,967 [INFO] ThirdParty:1030 - CMSIS Pack Vendor :STMicroelectronics X-CUBE-MEMS1 10.0.0
2024-02-05 13:01:35,967 [INFO] ThirdParty:1030 - CMSIS Pack Vendor :STMicroelectronics X-CUBE-FREERTOS 1.1.0
2024-02-05 13:01:35,967 [INFO] ThirdParty:1030 - CMSIS Pack Vendor :STMicroelectronics X-CUBE-TOUCHGFX 4.22.0
2024-02-05 13:01:35,967 [INFO] ThirdParty:1030 - CMSIS Pack Vendor :STMicroelectronics X-CUBE-NFC7 1.0.1
2024-02-05 13:01:35,968 [INFO] ThirdParty:1030 - CMSIS Pack Vendor :STMicroelectronics MBEDTLS 2.14.1
2024-02-05 13:01:35,968 [INFO] ThirdParty:1030 - CMSIS Pack Vendor :STMicroelectronics X-CUBE-TOUCHGFX 4.22.1
2024-02-05 13:01:35,968 [INFO] ThirdParty:1030 - CMSIS Pack Vendor :STMicroelectronics X-CUBE-NFC6 3.0.0
2024-02-05 13:01:35,968 [INFO] ThirdParty:1030 - CMSIS Pack Vendor :STMicroelectronics X-CUBE-EEPRMA1 4.1.0
2024-02-05 13:01:35,968 [INFO] ThirdParty:1030 - CMSIS Pack Vendor :portGmbH I-Cube-SoM-uGOAL 1.1.0
2024-02-05 13:01:35,968 [INFO] ThirdParty:1030 - CMSIS Pack Vendor :STMicroelectronics X-CUBE-ALS 1.0.1
2024-02-05 13:01:35,968 [INFO] ThirdParty:1030 - CMSIS Pack Vendor :STMicroelectronics ThreadX 1.0.0
2024-02-05 13:01:35,968 [INFO] ThirdParty:1030 - CMSIS Pack Vendor :STMicroelectronics FP-SNS-SMARTAG2 1.2.0
2024-02-05 13:01:35,968 [INFO] ThirdParty:1030 - CMSIS Pack Vendor :STMicroelectronics X-CUBE-AZRTOS-WL 2.0.0
2024-02-05 13:01:35,968 [INFO] ThirdParty:1030 - CMSIS Pack Vendor :SEGGER I-CUBE-embOS 1.3.1
2024-02-05 13:01:35,968 [INFO] ThirdParty:1030 - CMSIS Pack Vendor :STMicroelectronics USB_DEVICE 1.0.0
2024-02-05 13:01:35,969 [INFO] ThirdParty:1030 - CMSIS Pack Vendor :STMicroelectronics X-CUBE-AI 8.1.0
2024-02-05 13:01:35,969 [INFO] ThirdParty:1030 - CMSIS Pack Vendor :STMicroelectronics X-CUBE-AZRTOS-L4 2.0.0
2024-02-05 13:01:35,969 [INFO] ThirdParty:1030 - CMSIS Pack Vendor :STMicroelectronics ThreadX 0.0.2
2024-02-05 13:01:35,969 [INFO] ThirdParty:1030 - CMSIS Pack Vendor :WES I-CUBE-Cesium 1.3.0
2024-02-05 13:01:35,969 [INFO] ThirdParty:1030 - CMSIS Pack Vendor :STMicroelectronics FP-ATR-ASTRA1 2.0.0
2024-02-05 13:01:35,969 [INFO] ThirdParty:1030 - CMSIS Pack Vendor :STMicroelectronics lwIP 2.1.2
2024-02-05 13:01:35,969 [INFO] ThirdParty:1030 - CMSIS Pack Vendor :STMicroelectronics X-CUBE-SFXS2LP1 4.0.0
2024-02-05 13:01:35,969 [INFO] ThirdParty:1030 - CMSIS Pack Vendor :STMicroelectronics X-CUBE-BLE2 3.3.0
2024-02-05 13:01:35,970 [INFO] ThirdParty:1030 - CMSIS Pack Vendor :STMicroelectronics X-CUBE-TOF1 3.4.0
2024-02-05 13:01:35,970 [INFO] ThirdParty:1030 - CMSIS Pack Vendor :STMicroelectronics X-CUBE-AZRTOS-H7 3.2.0
2024-02-05 13:01:35,970 [INFO] ThirdParty:1030 - CMSIS Pack Vendor :STMicroelectronics PDM2PCM 3.2.0
2024-02-05 13:01:35,970 [INFO] ThirdParty:841 - exiting critical section [change project]
2024-02-05 13:01:36,848 [INFO] PinOutPanel:1499 - setPackage(No Configuration,No Configuration)
2024-02-05 13:01:36,851 [INFO] PinOutPanel:1499 - setPackage(STM32F746ZGTx,LQFP144)
2024-02-05 13:01:38,093 [INFO] UtilMem:75 - Before build in PCC Used Memory: 234114160 Bytes (426770432)
2024-02-05 13:01:39,308 [INFO] UtilMem:75 - After build in PCC Used Memory: 314429880 Bytes (426770432)
2024-02-05 13:01:39,548 [INFO] ApiDbMcu:507 - Load IP Config File for LWIP
2024-02-05 13:01:39,608 [INFO] IPUIPlugin:80 - create IPUIPlugin
2024-02-05 13:01:39,609 [INFO] IPUIPlugin:80 - create IPUIPlugin
2024-02-05 13:01:39,609 [INFO] IPUIPlugin:80 - create IPUIPlugin
2024-02-05 13:01:39,609 [INFO] IPUIPlugin:80 - create IPUIPlugin
2024-02-05 13:01:39,609 [INFO] IPUIPlugin:80 - create IPUIPlugin
2024-02-05 13:01:39,610 [INFO] IPUIPlugin:80 - create IPUIPlugin
2024-02-05 13:01:39,610 [INFO] IPUIPlugin:80 - create IPUIPlugin
2024-02-05 13:01:39,611 [INFO] IPUIPlugin:80 - create IPUIPlugin
2024-02-05 13:01:39,611 [INFO] IPUIPlugin:80 - create IPUIPlugin
2024-02-05 13:01:39,611 [INFO] IPUIPlugin:80 - create IPUIPlugin
2024-02-05 13:01:39,611 [INFO] IPUIPlugin:80 - create IPUIPlugin
2024-02-05 13:01:39,612 [INFO] IPUIPlugin:80 - create IPUIPlugin
2024-02-05 13:01:39,612 [INFO] IPUIPlugin:80 - create IPUIPlugin
2024-02-05 13:01:39,612 [INFO] IPUIPlugin:80 - create IPUIPlugin
2024-02-05 13:01:39,612 [INFO] IPUIPlugin:80 - create IPUIPlugin
2024-02-05 13:01:39,613 [INFO] IPUIPlugin:80 - create IPUIPlugin
2024-02-05 13:01:39,613 [INFO] IPUIPlugin:80 - create IPUIPlugin
2024-02-05 13:01:39,613 [INFO] IPUIPlugin:80 - create IPUIPlugin
2024-02-05 13:01:39,614 [INFO] IPUIPlugin:80 - create IPUIPlugin
2024-02-05 13:01:39,614 [INFO] IPUIPlugin:80 - create IPUIPlugin
2024-02-05 13:01:39,614 [INFO] IPUIPlugin:80 - create IPUIPlugin
2024-02-05 13:01:39,614 [INFO] IPUIPlugin:80 - create IPUIPlugin
2024-02-05 13:01:39,614 [INFO] IPUIPlugin:80 - create IPUIPlugin
2024-02-05 13:01:39,614 [INFO] IPUIPlugin:80 - create IPUIPlugin
2024-02-05 13:01:39,615 [INFO] IPUIPlugin:80 - create IPUIPlugin
2024-02-05 13:01:39,615 [INFO] IPUIPlugin:80 - create IPUIPlugin
2024-02-05 13:01:39,616 [INFO] IPUIPlugin:80 - create IPUIPlugin
2024-02-05 13:01:39,616 [INFO] IPUIPlugin:80 - create IPUIPlugin
2024-02-05 13:01:39,616 [INFO] IPUIPlugin:80 - create IPUIPlugin
2024-02-05 13:01:39,617 [INFO] IPUIPlugin:80 - create IPUIPlugin
2024-02-05 13:01:39,617 [INFO] IPUIPlugin:80 - create IPUIPlugin
2024-02-05 13:01:39,617 [INFO] IPUIPlugin:80 - create IPUIPlugin
2024-02-05 13:01:39,617 [INFO] IPUIPlugin:80 - create IPUIPlugin
2024-02-05 13:01:39,617 [INFO] IPUIPlugin:80 - create IPUIPlugin
2024-02-05 13:01:39,618 [INFO] IPUIPlugin:80 - create IPUIPlugin
2024-02-05 13:01:39,618 [INFO] IPUIPlugin:80 - create IPUIPlugin
2024-02-05 13:01:39,619 [INFO] IPUIPlugin:80 - create IPUIPlugin
2024-02-05 13:01:39,619 [INFO] IPUIPlugin:80 - create IPUIPlugin
2024-02-05 13:01:39,620 [INFO] IPUIPlugin:80 - create IPUIPlugin
2024-02-05 13:01:39,620 [INFO] IPUIPlugin:80 - create IPUIPlugin
2024-02-05 13:01:39,620 [INFO] IPUIPlugin:80 - create IPUIPlugin
2024-02-05 13:01:39,620 [INFO] IPUIPlugin:80 - create IPUIPlugin
2024-02-05 13:01:39,621 [INFO] IPUIPlugin:80 - create IPUIPlugin
2024-02-05 13:01:39,621 [INFO] IPUIPlugin:80 - create IPUIPlugin
2024-02-05 13:01:39,621 [INFO] IPUIPlugin:80 - create IPUIPlugin
2024-02-05 13:01:39,621 [INFO] IPUIPlugin:80 - create IPUIPlugin
2024-02-05 13:01:39,622 [INFO] IPUIPlugin:80 - create IPUIPlugin
2024-02-05 13:01:39,622 [INFO] IPUIPlugin:80 - create IPUIPlugin
2024-02-05 13:01:39,623 [INFO] IPUIPlugin:80 - create IPUIPlugin
2024-02-05 13:01:39,623 [INFO] IPUIPlugin:80 - create IPUIPlugin
2024-02-05 13:01:39,624 [INFO] IPUIPlugin:80 - create IPUIPlugin
2024-02-05 13:01:39,624 [INFO] IPUIPlugin:80 - create IPUIPlugin
2024-02-05 13:01:39,624 [INFO] IPUIPlugin:80 - create IPUIPlugin
2024-02-05 13:01:39,625 [INFO] IPUIPlugin:80 - create IPUIPlugin
2024-02-05 13:01:39,625 [INFO] IPUIPlugin:80 - create IPUIPlugin
2024-02-05 13:01:39,625 [INFO] IPUIPlugin:80 - create IPUIPlugin
2024-02-05 13:01:39,626 [INFO] IPUIPlugin:80 - create IPUIPlugin
2024-02-05 13:01:39,626 [INFO] IPUIPlugin:80 - create IPUIPlugin
2024-02-05 13:01:39,626 [INFO] IPUIPlugin:80 - create IPUIPlugin
2024-02-05 13:01:39,627 [INFO] IPUIPlugin:80 - create IPUIPlugin
2024-02-05 13:01:39,627 [INFO] IPUIPlugin:80 - create IPUIPlugin
2024-02-05 13:01:39,627 [INFO] IPUIPlugin:80 - create IPUIPlugin
2024-02-05 13:01:39,628 [INFO] IPUIPlugin:80 - create IPUIPlugin
2024-02-05 13:01:39,628 [INFO] IPUIPlugin:80 - create IPUIPlugin
2024-02-05 13:01:39,628 [INFO] IPUIPlugin:80 - create IPUIPlugin
2024-02-05 13:01:39,629 [INFO] IPUIPlugin:80 - create IPUIPlugin
2024-02-05 13:01:39,629 [INFO] IPUIPlugin:80 - create IPUIPlugin
2024-02-05 13:01:39,630 [INFO] IPUIPlugin:80 - create IPUIPlugin
2024-02-05 13:01:39,630 [INFO] IPUIPlugin:80 - create IPUIPlugin
2024-02-05 13:01:39,631 [INFO] IPUIPlugin:80 - create IPUIPlugin
2024-02-05 13:01:39,631 [INFO] IPUIPlugin:80 - create IPUIPlugin
2024-02-05 13:01:39,632 [INFO] IPUIPlugin:80 - create IPUIPlugin
2024-02-05 13:01:39,632 [INFO] IPUIPlugin:80 - create IPUIPlugin
2024-02-05 13:01:39,633 [INFO] IPUIPlugin:80 - create IPUIPlugin
2024-02-05 13:01:39,668 [INFO] ApiDbMcu:507 - Load IP Config File for PDM2PCM
2024-02-05 13:01:40,036 [INFO] CADModel:165 - CPN selected for project levelSTM32F746ZGT6
2024-02-05 13:01:40,036 [INFO] CADModel:114 - Register for checkConnection events
2024-02-05 13:01:40,106 [INFO] OpenFileManager:328 - Restore cursor
2024-02-05 13:01:40,466 [WARN] IP:2114 - CMSIS_VERSION not found: check if there is a RefParameter without a condition.
2024-02-05 13:01:40,475 [WARN] IP:2114 - LWIP_NETIF_HOSTNAME not found: check if there is a RefParameter without a condition.
2024-02-05 13:01:40,550 [WARN] IP:2114 - CMSIS_VERSION not found: check if there is a RefParameter without a condition.
2024-02-05 13:01:40,556 [WARN] IP:2114 - LWIP_NETIF_HOSTNAME not found: check if there is a RefParameter without a condition.
2024-02-05 13:01:42,191 [ERROR] LogOutputStream:75 - [STDERR_REDIRECT] SLF4J: Failed to load class "org.slf4j.impl.StaticLoggerBinder".
2024-02-05 13:01:42,192 [ERROR] LogOutputStream:75 - [STDERR_REDIRECT] SLF4J: Defaulting to no-operation (NOP) logger implementation
2024-02-05 13:01:42,195 [ERROR] LogOutputStream:75 - [STDERR_REDIRECT] SLF4J: See http://www.slf4j.org/codes.html#StaticLoggerBinder for further details.
