2023-10-25 00:05:46,417 [INFO] NvicIntPanel:101 - NVIC parent = com.st.microxplorer.plugins.ip.nvic.MultiNvicIntPanel[,0,0,450x216,layout=javax.swing.BoxLayout,alignmentX=0.0,alignmentY=0.0,border=,flags=9,maximumSize=,minimumSize=,preferredSize=]
2023-10-25 00:06:01,364 [INFO] NvicIntPanel:101 - NVIC parent = com.st.microxplorer.plugins.ip.nvic.MultiNvicIntPanel[,0,0,0x0,invalid,layout=javax.swing.BoxLayout,alignmentX=0.0,alignmentY=0.0,border=,flags=9,maximumSize=,minimumSize=,preferredSize=]
2023-10-25 00:06:01,466 [INFO] NvicIntPanel:101 - NVIC parent = com.st.microxplorer.plugins.ip.nvic.MultiNvicIntPanel[,0,0,0x0,invalid,layout=javax.swing.BoxLayout,alignmentX=0.0,alignmentY=0.0,border=,flags=9,maximumSize=,minimumSize=,preferredSize=]
2023-10-25 00:06:05,066 [INFO] NvicIntPanel:101 - NVIC parent = com.st.microxplorer.plugins.ip.nvic.MultiNvicIntPanel[,0,0,0x0,invalid,layout=javax.swing.BoxLayout,alignmentX=0.0,alignmentY=0.0,border=,flags=9,maximumSize=,minimumSize=,preferredSize=]
2023-10-25 00:06:05,199 [INFO] NvicIntPanel:101 - NVIC parent = com.st.microxplorer.plugins.ip.nvic.MultiNvicIntPanel[,0,0,0x0,invalid,layout=javax.swing.BoxLayout,alignmentX=0.0,alignmentY=0.0,border=,flags=9,maximumSize=,minimumSize=,preferredSize=]
2023-10-25 00:06:16,568 [INFO] UtilMem:75 - End SaveConfig() Used Memory: 932639024 Bytes (1073741824)
2023-10-25 00:06:18,048 [INFO] UtilMem:75 - End SaveConfig() Used Memory: 857270792 Bytes (1073741824)
2023-10-25 00:06:19,925 [INFO] UtilMem:75 - End SaveConfig() Used Memory: 773506000 Bytes (1073741824)
2023-10-25 00:06:20,280 [INFO] BlockDiagram:2759 - set Specific Code input for plugin: SPI
2023-10-25 00:06:20,281 [INFO] BlockDiagram:2759 - set Specific Code input for plugin: SPI
2023-10-25 00:06:20,281 [INFO] BlockDiagram:2759 - set Specific Code input for plugin: SPI
2023-10-25 00:06:20,281 [INFO] BlockDiagram:2759 - set Specific Code input for plugin: SYS
2023-10-25 00:06:20,281 [INFO] BlockDiagram:2759 - set Specific Code input for plugin: RCC
2023-10-25 00:06:20,281 [INFO] BlockDiagram:2759 - set Specific Code input for plugin: USB_OTG_FS
2023-10-25 00:06:20,281 [INFO] BlockDiagram:2759 - set Specific Code input for plugin: NVIC
2023-10-25 00:06:20,281 [INFO] BlockDiagram:2759 - set Specific Code input for plugin: USART
2023-10-25 00:06:20,282 [INFO] BlockDiagram:2759 - set Specific Code input for plugin: GPIO
2023-10-25 00:06:20,282 [INFO] BlockDiagram:2759 - set Specific Code input for plugin: ETH
2023-10-25 00:06:20,285 [INFO] CodeGenerator:799 - code generatio: config db path: C:\ST\STM32CubeIDE_1.13.1\STM32CubeIDE\plugins\com.st.stm32cube.common.mx_6.9.1.202307191849\\db\
2023-10-25 00:06:20,574 [INFO] CodeEngine:255 - oldGeneratedFile, C:\Users\yarde\STM32CubeIDE\workspace_1.13.1\Homework_SPI\MXTmpFiles\license.tmp_save
2023-10-25 00:06:20,688 [INFO] CodeEngine:279 - Generated code: C:\Users\yarde\STM32CubeIDE\workspace_1.13.1\Homework_SPI\MXTmpFiles\license.tmp
2023-10-25 00:06:20,794 [INFO] CodeEngine:255 - oldGeneratedFile, C:\Users\yarde\STM32CubeIDE\workspace_1.13.1\Homework_SPI\MXTmpFiles\gpio.tmp_save
2023-10-25 00:06:20,903 [INFO] CodeEngine:279 - Generated code: C:\Users\yarde\STM32CubeIDE\workspace_1.13.1\Homework_SPI\MXTmpFiles\gpio.tmp
2023-10-25 00:06:21,278 [WARN] IPConfigManager:2937 - Warning: the RefConfig PWREx_EnableUSBVoltageDetector is not available in your config.xml file
2023-10-25 00:06:21,302 [INFO] CodeEngine:255 - oldGeneratedFile, C:\Users\yarde\STM32CubeIDE\workspace_1.13.1\Homework_SPI\MXTmpFiles\cortex.tmp_save
2023-10-25 00:06:21,388 [INFO] CodeEngine:279 - Generated code: C:\Users\yarde\STM32CubeIDE\workspace_1.13.1\Homework_SPI\MXTmpFiles\cortex.tmp
2023-10-25 00:06:21,420 [INFO] CodeEngine:255 - oldGeneratedFile, C:\Users\yarde\STM32CubeIDE\workspace_1.13.1\Homework_SPI\Core\Src\stm32f7xx_it.c_save
2023-10-25 00:06:21,568 [INFO] CodeEngine:279 - Generated code: C:\Users\yarde\STM32CubeIDE\workspace_1.13.1\Homework_SPI\Core\Src\stm32f7xx_it.c
2023-10-25 00:06:21,579 [INFO] CodeEngine:255 - oldGeneratedFile, C:\Users\yarde\STM32CubeIDE\workspace_1.13.1\Homework_SPI\Core\Inc\stm32f7xx_it.h_save
2023-10-25 00:06:21,653 [INFO] CodeEngine:279 - Generated code: C:\Users\yarde\STM32CubeIDE\workspace_1.13.1\Homework_SPI\Core\Inc\stm32f7xx_it.h
2023-10-25 00:06:21,680 [INFO] CodeEngine:255 - oldGeneratedFile, C:\Users\yarde\STM32CubeIDE\workspace_1.13.1\Homework_SPI\Core\Src\stm32f7xx_hal_msp.c_save
2023-10-25 00:06:21,806 [INFO] CodeEngine:279 - Generated code: C:\Users\yarde\STM32CubeIDE\workspace_1.13.1\Homework_SPI\Core\Src\stm32f7xx_hal_msp.c
2023-10-25 00:06:21,813 [INFO] CodeEngine:255 - oldGeneratedFile, C:\Users\yarde\STM32CubeIDE\workspace_1.13.1\Homework_SPI\MXTmpFiles\system.tmp_save
2023-10-25 00:06:21,881 [INFO] CodeEngine:279 - Generated code: C:\Users\yarde\STM32CubeIDE\workspace_1.13.1\Homework_SPI\MXTmpFiles\system.tmp
2023-10-25 00:06:21,903 [INFO] CodeEngine:311 - oldGeneratedFile, C:\Users\yarde\STM32CubeIDE\workspace_1.13.1\Homework_SPI\Core\Inc\stm32f7xx_hal_conf.h_save
2023-10-25 00:06:21,994 [INFO] CodeEngine:335 - Generated code: C:\Users\yarde\STM32CubeIDE\workspace_1.13.1\Homework_SPI\Core\Inc\stm32f7xx_hal_conf.h
2023-10-25 00:06:22,018 [WARN] IPConfigManager:3431 - IP not found : USB_OTG
2023-10-25 00:06:22,019 [WARN] CodeGenerator:3760 - IP not found : null
2023-10-25 00:06:22,039 [INFO] CodeEngine:255 - oldGeneratedFile, C:\Users\yarde\STM32CubeIDE\workspace_1.13.1\Homework_SPI\Core\Inc\main.h_save
2023-10-25 00:06:22,115 [INFO] CodeEngine:279 - Generated code: C:\Users\yarde\STM32CubeIDE\workspace_1.13.1\Homework_SPI\Core\Inc\main.h
2023-10-25 00:06:22,134 [INFO] CodeEngine:255 - oldGeneratedFile, C:\Users\yarde\STM32CubeIDE\workspace_1.13.1\Homework_SPI\Core\Src\main.c_save
2023-10-25 00:06:22,306 [INFO] CodeEngine:279 - Generated code: C:\Users\yarde\STM32CubeIDE\workspace_1.13.1\Homework_SPI\Core\Src\main.c
2023-10-25 00:06:23,103 [INFO] ProjectBuilder:3064 - Time for Copy HAL[1] : 346mS.
2023-10-25 00:06:23,107 [INFO] ProjectBuilder:4404 - Project Generator version: 4.1.0
2023-10-25 00:06:23,354 [INFO] ConfigFileManager:1457 - The Die is : DIE449
2023-10-25 00:06:25,200 [INFO] ProjectBuilder:4626 - Time for Generating toolchain IDE Files: 2093mS.
2023-10-25 00:06:25,203 [INFO] ProjectBuilder:2935 - Time for Copy CMSIS : 2mS.
2023-10-25 00:06:25,207 [INFO] ProjectBuilder:2935 - Time for Copy CMSIS : 0mS.
2023-10-25 00:44:57,805 [INFO] MainUpdater:2868 - connection check result : 10
2023-10-25 00:44:57,915 [INFO] McuFinderGlobals:76 - Set McuFinderConnectedMode to true
2023-10-25 00:44:57,925 [INFO] MultiScanPanel:200 - Auto-refresh data requested => check proxy status ongoing
2023-10-25 00:44:57,925 [INFO] FinderPluginLoader:95 - Searching for filters in installed packs
2023-10-25 00:44:58,902 [INFO] LoadUrlFilesThread:185 - End of LoadServerUrlFiles without Thread
2023-10-25 00:44:58,903 [INFO] DetailPanel:341 - Set advertising image to C:/Users/yarde/STM32Cube/Repository/\en.prom-stm32h5-mcu-finder.jpg
2023-10-25 00:45:02,203 [INFO] MultiScanPanel:200 - Auto-refresh data requested => check proxy status ongoing
2023-10-25 00:45:02,248 [INFO] LoadUrlFilesThread:185 - End of LoadServerUrlFiles without Thread
2023-10-25 00:45:02,248 [INFO] DetailPanel:341 - Set advertising image to C:/Users/yarde/STM32Cube/Repository/\en.prom-stm32h5-mcu-finder.jpg
2023-10-25 00:45:38,416 [INFO] MainUpdater:2868 - connection check result : 10
2023-10-25 00:45:38,416 [INFO] MainUpdater:2868 - connection check result : 10
2023-10-25 00:45:38,546 [INFO] MicroXplorer:468 - Change Database Path : 
2023-10-25 00:45:38,546 [INFO] MicroXplorer:498 - Change Database Version : DB.6.0.91
2023-10-25 00:45:38,605 [WARN] ThirdParty:871 - waiting for thirdparty lock release [close project]
2023-10-25 00:45:38,605 [INFO] ThirdParty:873 - entering critical section [close project]
2023-10-25 00:45:38,606 [INFO] ThirdParty:883 - exiting critical section [close project]
2023-10-25 00:45:38,610 [INFO] PinOutPanel:1499 - setPackage(No Configuration,No Configuration)
2023-10-25 00:45:38,625 [WARN] IpParametersView:151 - Warning: This peripheral hasn't parameters
2023-10-25 00:45:38,634 [WARN] MainPanel:272 - <html><b><center>Warning: This peripheral has no parameters to be configured<br></b></html>
2023-10-25 00:45:38,643 [INFO] UtilMem:75 - Begin LoadConfig() Used Memory: 930264320 Bytes (1073741824)
2023-10-25 00:45:38,662 [INFO] MicroXplorer:468 - Change Database Path : 
2023-10-25 00:45:38,662 [INFO] MicroXplorer:498 - Change Database Version : DB.6.0.91
2023-10-25 00:45:38,663 [INFO] OpenFileManager:308 - Change cursor
2023-10-25 00:45:38,694 [INFO] RulesReader:64 - Compatibility file has been processed (293 Rules)
2023-10-25 00:45:38,715 [INFO] Mcu:1946 - Initializing MCU STM32F746ZGTx STM32F746ZGTx STM32F746ZGT6
2023-10-25 00:45:41,198 [INFO] Context:659 - Trying to add GPIOservice into a context  which must be forbidden
2023-10-25 00:45:41,555 [INFO] Rule:228 - rule WakeUp0 Mode is applicable
2023-10-25 00:45:41,555 [INFO] Rule:228 - rule WakeUp0 SIGNAL is applicable
2023-10-25 00:45:41,555 [INFO] Rule:228 - rule WakeUp1 Mode is applicable
2023-10-25 00:45:41,555 [INFO] Rule:228 - rule WakeUp1 SIGNAL is applicable
2023-10-25 00:45:41,555 [INFO] Rule:228 - rule WakeUp2 Mode is applicable
2023-10-25 00:45:41,555 [INFO] Rule:228 - rule WakeUp2 SIGNAL is applicable
2023-10-25 00:45:41,555 [INFO] Rule:228 - rule WakeUp4 Mode is applicable
2023-10-25 00:45:41,555 [INFO] Rule:228 - rule WakeUp4 SIGNAL is applicable
2023-10-25 00:45:41,555 [INFO] Rule:228 - rule WakeUp5 Mode is applicable
2023-10-25 00:45:41,555 [INFO] Rule:228 - rule WakeUp5 SIGNAL is applicable
2023-10-25 00:45:41,556 [INFO] DbConfProperties:307 - Apply Compatibility (0/10 Rules)
2023-10-25 00:45:41,699 [INFO] RtosManager:555 - Registered RTOS mode: class=CMSIS, group=RTOS, mode=CMSIS_V1, owner=FREERTOS
2023-10-25 00:45:41,699 [INFO] RtosManager:555 - Registered RTOS mode: class=CMSIS, group=RTOS2, mode=CMSIS_V2, owner=FREERTOS
2023-10-25 00:45:41,699 [INFO] RtosManager:555 - Registered RTOS mode: class=RTOS, group=Core, mode=CMSIS_V1, owner=FREERTOS
2023-10-25 00:45:41,699 [INFO] RtosManager:555 - Registered RTOS mode: class=RTOS, group=Core, mode=CMSIS_V2, owner=FREERTOS
2023-10-25 00:45:41,699 [WARN] ModelIntegratedComponent:184 - Missing modes for component STMicroelectronics:FreeRTOS:0.0.1:STMicroelectronics:RTOS:FreeRTOS:Core:::10.2.0:
2023-10-25 00:45:41,708 [WARN] ModelIntegratedComponent:63 - No mode defined for component null
2023-10-25 00:45:41,708 [WARN] ModelIntegratedComponent:63 - No mode defined for component null
2023-10-25 00:45:41,708 [WARN] ModelIntegratedComponent:63 - No mode defined for component null
2023-10-25 00:45:41,708 [WARN] ModelIntegratedComponent:63 - No mode defined for component null
2023-10-25 00:45:41,708 [WARN] ModelIntegratedComponent:63 - No mode defined for component null
2023-10-25 00:45:41,708 [WARN] ModelIntegratedComponent:63 - No mode defined for component null
2023-10-25 00:45:41,708 [WARN] ModelIntegratedComponent:63 - No mode defined for component null
2023-10-25 00:45:41,708 [WARN] ModelIntegratedComponent:63 - No mode defined for component null
2023-10-25 00:45:41,708 [WARN] ModelIntegratedComponent:63 - No mode defined for component null
2023-10-25 00:45:41,708 [WARN] ModelIntegratedComponent:63 - No mode defined for component null
2023-10-25 00:45:41,708 [WARN] ModelIntegratedComponent:63 - No mode defined for component null
2023-10-25 00:45:41,708 [WARN] ModelIntegratedComponent:63 - No mode defined for component null
2023-10-25 00:45:41,708 [WARN] ModelIntegratedComponent:63 - No mode defined for component null
2023-10-25 00:45:41,708 [WARN] ModelIntegratedComponent:63 - No mode defined for component null
2023-10-25 00:45:41,708 [WARN] ModelIntegratedComponent:63 - No mode defined for component null
2023-10-25 00:45:41,708 [WARN] ModelIntegratedComponent:63 - No mode defined for component null
2023-10-25 00:45:41,708 [WARN] ModelIntegratedComponent:63 - No mode defined for component null
2023-10-25 00:45:41,708 [WARN] ModelIntegratedComponent:63 - No mode defined for component null
2023-10-25 00:45:41,708 [WARN] ModelIntegratedComponent:63 - No mode defined for component null
2023-10-25 00:45:41,709 [WARN] ModelIntegratedComponent:63 - No mode defined for component null
2023-10-25 00:45:41,709 [WARN] ModelIntegratedComponent:63 - No mode defined for component null
2023-10-25 00:45:41,709 [WARN] ModelIntegratedComponent:63 - No mode defined for component null
2023-10-25 00:45:41,709 [WARN] ModelIntegratedComponent:63 - No mode defined for component null
2023-10-25 00:45:41,709 [WARN] ModelIntegratedComponent:63 - No mode defined for component null
2023-10-25 00:45:41,709 [WARN] ModelIntegratedComponent:63 - No mode defined for component null
2023-10-25 00:45:41,709 [WARN] ModelIntegratedComponent:63 - No mode defined for component null
2023-10-25 00:45:41,709 [WARN] ModelIntegratedComponent:63 - No mode defined for component null
2023-10-25 00:45:41,709 [WARN] ModelIntegratedComponent:63 - No mode defined for component null
2023-10-25 00:45:41,709 [WARN] ModelIntegratedComponent:63 - No mode defined for component null
2023-10-25 00:45:41,709 [WARN] ModelIntegratedComponent:63 - No mode defined for component null
2023-10-25 00:45:41,709 [WARN] ModelIntegratedComponent:63 - No mode defined for component null
2023-10-25 00:45:41,709 [WARN] ModelIntegratedComponent:63 - No mode defined for component null
2023-10-25 00:45:41,709 [WARN] ModelIntegratedComponent:63 - No mode defined for component null
2023-10-25 00:45:41,719 [INFO] ThirdPartyModel:298 - Start build external matchings
2023-10-25 00:45:42,184 [INFO] ThirdPartyModel:316 - End build external matchings
2023-10-25 00:45:42,192 [INFO] ImportTextPane:194 - (OptionalMessage_ERROR) IP (ETH) : Invalid parameter (PHY_Name)
2023-10-25 00:45:42,192 [INFO] ImportTextPane:194 - (OptionalMessage_ERROR) IP (ETH) : Invalid parameter (PHY_Value)
2023-10-25 00:45:42,192 [INFO] ImportTextPane:194 - (OptionalMessage_ERROR) IP (ETH) : Invalid parameter (PhyAddress)
2023-10-25 00:45:42,193 [INFO] ImportTextPane:194 - (OptionalMessage_ERROR) IP (RCC) : Invalid parameter (48MHZClocksFreq_Value)
2023-10-25 00:45:42,193 [INFO] ImportTextPane:194 - (OptionalMessage_ERROR) IP (RCC) : Invalid parameter (ADC12outputFreq_Value)
2023-10-25 00:45:42,193 [INFO] ImportTextPane:194 - (OptionalMessage_ERROR) IP (RCC) : Invalid parameter (ADC34outputFreq_Value)
2023-10-25 00:45:42,193 [INFO] ImportTextPane:194 - (OptionalMessage_ERROR) IP (RCC) : Invalid parameter (FamilyName)
2023-10-25 00:45:42,193 [INFO] ImportTextPane:194 - (OptionalMessage_ERROR) IP (RCC) : Invalid parameter (I2SClocksFreq_Value)
2023-10-25 00:45:42,193 [INFO] ImportTextPane:194 - (OptionalMessage_ERROR) IP (RCC) : Parameter (LCDTFToutputFreq_Value) has invalid value (96000000)
2023-10-25 00:45:42,193 [INFO] ImportTextPane:194 - (OptionalMessage_ERROR) IP (RCC) : Invalid parameter (MCOFreq_Value)
2023-10-25 00:45:42,194 [INFO] ImportTextPane:194 - (OptionalMessage_ERROR) IP (RCC) : Invalid parameter (PLLMCOFreq_Value)
2023-10-25 00:45:42,194 [INFO] ImportTextPane:194 - (OptionalMessage_ERROR) IP (RCC) : Invalid parameter (PLLMUL)
2023-10-25 00:45:42,194 [INFO] ImportTextPane:194 - (OptionalMessage_ERROR) IP (RCC) : Invalid parameter (PRESCALERUSB)
2023-10-25 00:45:42,194 [INFO] ImportTextPane:194 - (OptionalMessage_ERROR) IP (RCC) : Invalid parameter (RTCHSEDivFreq_Value)
2023-10-25 00:45:42,194 [INFO] ImportTextPane:194 - (OptionalMessage_ERROR) IP (RCC) : Parameter (SDMMCFreq_Value) has invalid value (72000000)
2023-10-25 00:45:42,194 [INFO] ImportTextPane:194 - (OptionalMessage_ERROR) IP (RCC) : Invalid parameter (SYSCLKSourceVirtual)
2023-10-25 00:45:42,194 [INFO] ImportTextPane:194 - (OptionalMessage_ERROR) IP (RCC) : Invalid parameter (TIM15Freq_Value)
2023-10-25 00:45:42,194 [INFO] ImportTextPane:194 - (OptionalMessage_ERROR) IP (RCC) : Invalid parameter (TIM16Freq_Value)
2023-10-25 00:45:42,195 [INFO] ImportTextPane:194 - (OptionalMessage_ERROR) IP (RCC) : Invalid parameter (TIM17Freq_Value)
2023-10-25 00:45:42,195 [INFO] ImportTextPane:194 - (OptionalMessage_ERROR) IP (RCC) : Invalid parameter (TIM1Freq_Value)
2023-10-25 00:45:42,195 [INFO] ImportTextPane:194 - (OptionalMessage_ERROR) IP (RCC) : Invalid parameter (TIM20Freq_Value)
2023-10-25 00:45:42,195 [INFO] ImportTextPane:194 - (OptionalMessage_ERROR) IP (RCC) : Invalid parameter (TIM2Freq_Value)
2023-10-25 00:45:42,195 [INFO] ImportTextPane:194 - (OptionalMessage_ERROR) IP (RCC) : Invalid parameter (TIM3Freq_Value)
2023-10-25 00:45:42,195 [INFO] ImportTextPane:194 - (OptionalMessage_ERROR) IP (RCC) : Invalid parameter (TIM8Freq_Value)
2023-10-25 00:45:42,195 [INFO] ImportTextPane:194 - (OptionalMessage_ERROR) IP (RCC) : Invalid parameter (VCOOutput2Freq_Value)
2023-10-25 00:45:42,195 [INFO] ImportTextPane:194 - (OptionalMessage_ERROR) IP (RCC) : Invalid parameter (VcooutputI2S)
2023-10-25 00:45:42,618 [INFO] UtilMem:75 - End LoadConfig() Used Memory: 901945776 Bytes (1073741824)
2023-10-25 00:45:42,648 [WARN] ThirdParty:833 - waiting for thirdparty lock release [change project]
2023-10-25 00:45:42,648 [INFO] ThirdParty:835 - entering critical section [change project]
2023-10-25 00:45:42,649 [INFO] ThirdParty:1030 - CMSIS Pack Vendor :STMicroelectronics X-CUBE-ISPU 1.1.0
2023-10-25 00:45:42,649 [INFO] ThirdParty:1030 - CMSIS Pack Vendor :STMicroelectronics USBPD 4.1
2023-10-25 00:45:42,649 [INFO] ThirdParty:1030 - CMSIS Pack Vendor :STMicroelectronics X-CUBE-GNSS1 6.0.0
2023-10-25 00:45:42,649 [INFO] ThirdParty:1030 - CMSIS Pack Vendor :STMicroelectronics USB_HOST 2.0.0
2023-10-25 00:45:42,649 [INFO] ThirdParty:1030 - CMSIS Pack Vendor :STMicroelectronics X-CUBE-AZRTOS-F4 1.1.0
2023-10-25 00:45:42,649 [INFO] ThirdParty:1030 - CMSIS Pack Vendor :STMicroelectronics LIBJPEG 8.0.0
2023-10-25 00:45:42,649 [INFO] ThirdParty:1030 - CMSIS Pack Vendor :wolfSSL I-CUBE-wolfSSL 5.6.3
2023-10-25 00:45:42,649 [INFO] ThirdParty:1030 - CMSIS Pack Vendor :STMicroelectronics X-CUBE-SMBUS 2.1.0
2023-10-25 00:45:42,649 [INFO] ThirdParty:1030 - CMSIS Pack Vendor :STMicroelectronics USB_DEVICE 3.0.0
2023-10-25 00:45:42,649 [INFO] ThirdParty:1030 - CMSIS Pack Vendor :STMicroelectronics X-CUBE-AZRTOS-WB 2.0.0
2023-10-25 00:45:42,649 [INFO] ThirdParty:1030 - CMSIS Pack Vendor :STMicroelectronics X-CUBE-AZRTOS-F7 1.1.0
2023-10-25 00:45:42,649 [INFO] ThirdParty:1030 - CMSIS Pack Vendor :STMicroelectronics X-CUBE-AZRTOS-L5 2.0.0
2023-10-25 00:45:42,649 [INFO] ThirdParty:1030 - CMSIS Pack Vendor :STMicroelectronics USB_DEVICE 2.0.0
2023-10-25 00:45:42,649 [INFO] ThirdParty:1030 - CMSIS Pack Vendor :STMicroelectronics X-CUBE-MEMS1 9.6.0
2023-10-25 00:45:42,649 [INFO] ThirdParty:1030 - CMSIS Pack Vendor :ITTIA_DB I-CUBE-ITTIADB 8.8.0
2023-10-25 00:45:42,649 [INFO] ThirdParty:1030 - CMSIS Pack Vendor :STMicroelectronics FP-SNS-MOTENV1 4.3.2
2023-10-25 00:45:42,649 [INFO] ThirdParty:1030 - CMSIS Pack Vendor :STMicroelectronics X-CUBE-ALGOBUILD 1.3.0
2023-10-25 00:45:42,649 [INFO] ThirdParty:1030 - CMSIS Pack Vendor :STMicroelectronics FreeRTOS 0.0.1
2023-10-25 00:45:42,649 [INFO] ThirdParty:1030 - CMSIS Pack Vendor :STMicroelectronics X-CUBE-AZRTOS-G0 1.1.0
2023-10-25 00:45:42,649 [INFO] ThirdParty:1030 - CMSIS Pack Vendor :STMicroelectronics X-CUBE-BLEMGR 2.0.0
2023-10-25 00:45:42,649 [INFO] ThirdParty:1030 - CMSIS Pack Vendor :STMicroelectronics X-CUBE-NFC4 3.0.0
2023-10-25 00:45:42,649 [INFO] ThirdParty:1030 - CMSIS Pack Vendor :STMicroelectronics X-CUBE-SUBG2 5.0.0
2023-10-25 00:45:42,649 [INFO] ThirdParty:1030 - CMSIS Pack Vendor :STMicroelectronics STM32_WPAN 1.0.0
2023-10-25 00:45:42,649 [INFO] ThirdParty:1030 - CMSIS Pack Vendor :STMicroelectronics lwIP 2.0.3
2023-10-25 00:45:42,650 [INFO] ThirdParty:1030 - CMSIS Pack Vendor :STMicroelectronics FP-SNS-FLIGHT1 5.0.2
2023-10-25 00:45:42,650 [INFO] ThirdParty:1030 - CMSIS Pack Vendor :STMicroelectronics USB_HOST 1.0.0
2023-10-25 00:45:42,650 [INFO] ThirdParty:1030 - CMSIS Pack Vendor :STMicroelectronics X-CUBE-TOF1 3.3.1
2023-10-25 00:45:42,650 [INFO] ThirdParty:1030 - CMSIS Pack Vendor :STMicroelectronics X-CUBE-AZRTOS-G4 2.0.0
2023-10-25 00:45:42,650 [INFO] ThirdParty:1030 - CMSIS Pack Vendor :STMicroelectronics PDM2PCM 3.1.0
2023-10-25 00:45:42,650 [INFO] ThirdParty:1030 - CMSIS Pack Vendor :STMicroelectronics X-CUBE-AZRTOS-H7 3.1.0
2023-10-25 00:45:42,650 [INFO] ThirdParty:1030 - CMSIS Pack Vendor :Infineon AIROC-Wi-Fi-Bluetooth-STM32 1.5.1
2023-10-25 00:45:42,650 [INFO] ThirdParty:1030 - CMSIS Pack Vendor :STMicroelectronics PDM2PCM 3.3.0
2023-10-25 00:45:42,650 [INFO] ThirdParty:1030 - CMSIS Pack Vendor :STMicroelectronics X-CUBE-DISPLAY 3.0.0
2023-10-25 00:45:42,650 [INFO] ThirdParty:1030 - CMSIS Pack Vendor :STMicroelectronics X-CUBE-BLE1 7.0.0
2023-10-25 00:45:42,650 [INFO] ThirdParty:1030 - CMSIS Pack Vendor :STMicroelectronics FP-ATR-SIGFOX1 3.2.0
2023-10-25 00:45:42,650 [INFO] ThirdParty:1030 - CMSIS Pack Vendor :STMicroelectronics HAL Drivers 0.0.0
2023-10-25 00:45:42,650 [INFO] ThirdParty:1030 - CMSIS Pack Vendor :STMicroelectronics MBEDTLS 2.16.2
2023-10-25 00:45:42,650 [INFO] ThirdParty:1030 - CMSIS Pack Vendor :emotas I-CUBE-CANOPEN 1.3.0
2023-10-25 00:45:42,650 [INFO] ThirdParty:1030 - CMSIS Pack Vendor :STMicroelectronics X-CUBE-FREERTOS 1.1.0
2023-10-25 00:45:42,650 [INFO] ThirdParty:1030 - CMSIS Pack Vendor :STMicroelectronics X-CUBE-TOUCHGFX 4.22.0
2023-10-25 00:45:42,650 [INFO] ThirdParty:1030 - CMSIS Pack Vendor :STMicroelectronics X-CUBE-NFC7 1.0.1
2023-10-25 00:45:42,650 [INFO] ThirdParty:1030 - CMSIS Pack Vendor :STMicroelectronics MBEDTLS 2.14.1
2023-10-25 00:45:42,650 [INFO] ThirdParty:1030 - CMSIS Pack Vendor :STMicroelectronics X-CUBE-TOUCHGFX 4.22.1
2023-10-25 00:45:42,650 [INFO] ThirdParty:1030 - CMSIS Pack Vendor :STMicroelectronics X-CUBE-NFC6 3.0.0
2023-10-25 00:45:42,650 [INFO] ThirdParty:1030 - CMSIS Pack Vendor :STMicroelectronics X-CUBE-EEPRMA1 4.1.0
2023-10-25 00:45:42,650 [INFO] ThirdParty:1030 - CMSIS Pack Vendor :portGmbH I-Cube-SoM-uGOAL 1.1.0
2023-10-25 00:45:42,650 [INFO] ThirdParty:1030 - CMSIS Pack Vendor :STMicroelectronics X-CUBE-ALS 1.0.1
2023-10-25 00:45:42,651 [INFO] ThirdParty:1030 - CMSIS Pack Vendor :STMicroelectronics ThreadX 1.0.0
2023-10-25 00:45:42,651 [INFO] ThirdParty:1030 - CMSIS Pack Vendor :STMicroelectronics FP-SNS-SMARTAG2 1.2.0
2023-10-25 00:45:42,651 [INFO] ThirdParty:1030 - CMSIS Pack Vendor :STMicroelectronics X-CUBE-AZRTOS-WL 2.0.0
2023-10-25 00:45:42,651 [INFO] ThirdParty:1030 - CMSIS Pack Vendor :SEGGER I-CUBE-embOS 1.3.1
2023-10-25 00:45:42,651 [INFO] ThirdParty:1030 - CMSIS Pack Vendor :STMicroelectronics USB_DEVICE 1.0.0
2023-10-25 00:45:42,651 [INFO] ThirdParty:1030 - CMSIS Pack Vendor :STMicroelectronics X-CUBE-AI 8.1.0
2023-10-25 00:45:42,651 [INFO] ThirdParty:1030 - CMSIS Pack Vendor :STMicroelectronics X-CUBE-AZRTOS-L4 2.0.0
2023-10-25 00:45:42,651 [INFO] ThirdParty:1030 - CMSIS Pack Vendor :STMicroelectronics ThreadX 0.0.2
2023-10-25 00:45:42,651 [INFO] ThirdParty:1030 - CMSIS Pack Vendor :WES I-CUBE-Cesium 1.3.0
2023-10-25 00:45:42,651 [INFO] ThirdParty:1030 - CMSIS Pack Vendor :STMicroelectronics FP-ATR-ASTRA1 2.0.0
2023-10-25 00:45:42,651 [INFO] ThirdParty:1030 - CMSIS Pack Vendor :STMicroelectronics lwIP 2.1.2
2023-10-25 00:45:42,651 [INFO] ThirdParty:1030 - CMSIS Pack Vendor :STMicroelectronics X-CUBE-SFXS2LP1 4.0.0
2023-10-25 00:45:42,651 [INFO] ThirdParty:1030 - CMSIS Pack Vendor :STMicroelectronics X-CUBE-BLE2 3.3.0
2023-10-25 00:45:42,651 [INFO] ThirdParty:1030 - CMSIS Pack Vendor :STMicroelectronics PDM2PCM 3.2.0
2023-10-25 00:45:42,651 [INFO] ThirdParty:841 - exiting critical section [change project]
2023-10-25 00:45:42,916 [INFO] PinOutPanel:1499 - setPackage(No Configuration,No Configuration)
2023-10-25 00:45:42,919 [INFO] PinOutPanel:1499 - setPackage(STM32F746ZGTx,LQFP144)
2023-10-25 00:45:43,303 [INFO] UtilMem:75 - Before build in PCC Used Memory: 967354904 Bytes (1073741824)
2023-10-25 00:45:43,541 [INFO] UtilMem:75 - After build in PCC Used Memory: 921386792 Bytes (1073741824)
2023-10-25 00:45:43,572 [INFO] IPUIPlugin:80 - create IPUIPlugin
2023-10-25 00:45:43,572 [INFO] IPUIPlugin:80 - create IPUIPlugin
2023-10-25 00:45:43,572 [INFO] IPUIPlugin:80 - create IPUIPlugin
2023-10-25 00:45:43,572 [INFO] IPUIPlugin:80 - create IPUIPlugin
2023-10-25 00:45:43,572 [INFO] IPUIPlugin:80 - create IPUIPlugin
2023-10-25 00:45:43,572 [INFO] IPUIPlugin:80 - create IPUIPlugin
2023-10-25 00:45:43,572 [INFO] IPUIPlugin:80 - create IPUIPlugin
2023-10-25 00:45:43,572 [INFO] IPUIPlugin:80 - create IPUIPlugin
2023-10-25 00:45:43,572 [INFO] IPUIPlugin:80 - create IPUIPlugin
2023-10-25 00:45:43,573 [INFO] IPUIPlugin:80 - create IPUIPlugin
2023-10-25 00:45:43,573 [INFO] IPUIPlugin:80 - create IPUIPlugin
2023-10-25 00:45:43,573 [INFO] IPUIPlugin:80 - create IPUIPlugin
2023-10-25 00:45:43,573 [INFO] IPUIPlugin:80 - create IPUIPlugin
2023-10-25 00:45:43,573 [INFO] IPUIPlugin:80 - create IPUIPlugin
2023-10-25 00:45:43,573 [INFO] IPUIPlugin:80 - create IPUIPlugin
2023-10-25 00:45:43,573 [INFO] IPUIPlugin:80 - create IPUIPlugin
2023-10-25 00:45:43,573 [INFO] IPUIPlugin:80 - create IPUIPlugin
2023-10-25 00:45:43,573 [INFO] IPUIPlugin:80 - create IPUIPlugin
2023-10-25 00:45:43,573 [INFO] IPUIPlugin:80 - create IPUIPlugin
2023-10-25 00:45:43,574 [INFO] IPUIPlugin:80 - create IPUIPlugin
2023-10-25 00:45:43,574 [INFO] IPUIPlugin:80 - create IPUIPlugin
2023-10-25 00:45:43,574 [INFO] IPUIPlugin:80 - create IPUIPlugin
2023-10-25 00:45:43,574 [INFO] IPUIPlugin:80 - create IPUIPlugin
2023-10-25 00:45:43,574 [INFO] IPUIPlugin:80 - create IPUIPlugin
2023-10-25 00:45:43,574 [INFO] IPUIPlugin:80 - create IPUIPlugin
2023-10-25 00:45:43,574 [INFO] IPUIPlugin:80 - create IPUIPlugin
2023-10-25 00:45:43,574 [INFO] IPUIPlugin:80 - create IPUIPlugin
2023-10-25 00:45:43,574 [INFO] IPUIPlugin:80 - create IPUIPlugin
2023-10-25 00:45:43,575 [INFO] IPUIPlugin:80 - create IPUIPlugin
2023-10-25 00:45:43,575 [INFO] IPUIPlugin:80 - create IPUIPlugin
2023-10-25 00:45:43,575 [INFO] IPUIPlugin:80 - create IPUIPlugin
2023-10-25 00:45:43,576 [INFO] IPUIPlugin:80 - create IPUIPlugin
2023-10-25 00:45:43,576 [INFO] IPUIPlugin:80 - create IPUIPlugin
2023-10-25 00:45:43,576 [INFO] IPUIPlugin:80 - create IPUIPlugin
2023-10-25 00:45:43,576 [INFO] IPUIPlugin:80 - create IPUIPlugin
2023-10-25 00:45:43,576 [INFO] IPUIPlugin:80 - create IPUIPlugin
2023-10-25 00:45:43,577 [INFO] IPUIPlugin:80 - create IPUIPlugin
2023-10-25 00:45:43,577 [INFO] IPUIPlugin:80 - create IPUIPlugin
2023-10-25 00:45:43,577 [INFO] IPUIPlugin:80 - create IPUIPlugin
2023-10-25 00:45:43,578 [INFO] IPUIPlugin:80 - create IPUIPlugin
2023-10-25 00:45:43,578 [INFO] IPUIPlugin:80 - create IPUIPlugin
2023-10-25 00:45:43,578 [INFO] IPUIPlugin:80 - create IPUIPlugin
2023-10-25 00:45:43,578 [INFO] IPUIPlugin:80 - create IPUIPlugin
2023-10-25 00:45:43,579 [INFO] IPUIPlugin:80 - create IPUIPlugin
2023-10-25 00:45:43,579 [INFO] IPUIPlugin:80 - create IPUIPlugin
2023-10-25 00:45:43,579 [INFO] IPUIPlugin:80 - create IPUIPlugin
2023-10-25 00:45:43,579 [INFO] IPUIPlugin:80 - create IPUIPlugin
2023-10-25 00:45:43,579 [INFO] IPUIPlugin:80 - create IPUIPlugin
2023-10-25 00:45:43,580 [INFO] IPUIPlugin:80 - create IPUIPlugin
2023-10-25 00:45:43,580 [INFO] IPUIPlugin:80 - create IPUIPlugin
2023-10-25 00:45:43,580 [INFO] IPUIPlugin:80 - create IPUIPlugin
2023-10-25 00:45:43,581 [INFO] IPUIPlugin:80 - create IPUIPlugin
2023-10-25 00:45:43,581 [INFO] IPUIPlugin:80 - create IPUIPlugin
2023-10-25 00:45:43,581 [INFO] IPUIPlugin:80 - create IPUIPlugin
2023-10-25 00:45:43,582 [INFO] IPUIPlugin:80 - create IPUIPlugin
2023-10-25 00:45:43,582 [INFO] IPUIPlugin:80 - create IPUIPlugin
2023-10-25 00:45:43,582 [INFO] IPUIPlugin:80 - create IPUIPlugin
2023-10-25 00:45:43,583 [INFO] IPUIPlugin:80 - create IPUIPlugin
2023-10-25 00:45:43,583 [INFO] IPUIPlugin:80 - create IPUIPlugin
2023-10-25 00:45:43,584 [INFO] IPUIPlugin:80 - create IPUIPlugin
2023-10-25 00:45:43,584 [INFO] IPUIPlugin:80 - create IPUIPlugin
2023-10-25 00:45:43,585 [INFO] IPUIPlugin:80 - create IPUIPlugin
2023-10-25 00:45:43,585 [INFO] IPUIPlugin:80 - create IPUIPlugin
2023-10-25 00:45:43,586 [INFO] IPUIPlugin:80 - create IPUIPlugin
2023-10-25 00:45:43,586 [INFO] IPUIPlugin:80 - create IPUIPlugin
2023-10-25 00:45:43,587 [INFO] IPUIPlugin:80 - create IPUIPlugin
2023-10-25 00:45:43,587 [INFO] IPUIPlugin:80 - create IPUIPlugin
2023-10-25 00:45:43,588 [INFO] IPUIPlugin:80 - create IPUIPlugin
2023-10-25 00:45:43,588 [INFO] IPUIPlugin:80 - create IPUIPlugin
2023-10-25 00:45:43,589 [INFO] IPUIPlugin:80 - create IPUIPlugin
2023-10-25 00:45:43,589 [INFO] IPUIPlugin:80 - create IPUIPlugin
2023-10-25 00:45:43,590 [INFO] IPUIPlugin:80 - create IPUIPlugin
2023-10-25 00:45:43,591 [INFO] IPUIPlugin:80 - create IPUIPlugin
2023-10-25 00:45:43,591 [INFO] IPUIPlugin:80 - create IPUIPlugin
2023-10-25 00:45:43,628 [INFO] ApiDbMcu:507 - Load IP Config File for PDM2PCM
2023-10-25 00:45:43,712 [INFO] CADModel:165 - CPN selected for project levelSTM32F746ZGT6
2023-10-25 00:45:43,712 [INFO] CADModel:114 - Register for checkConnection events
2023-10-25 00:45:43,767 [INFO] OpenFileManager:328 - Restore cursor
2023-10-25 00:45:44,342 [INFO] UtilMem:75 - End SaveConfig() Used Memory: 881813656 Bytes (1073741824)
2023-10-25 00:45:44,454 [INFO] UtilMem:75 - End SaveConfig() Used Memory: 910475184 Bytes (1073741824)
2023-10-25 00:45:44,727 [INFO] BlockDiagram:2759 - set Specific Code input for plugin: SYS
2023-10-25 00:45:44,727 [INFO] BlockDiagram:2759 - set Specific Code input for plugin: RCC
2023-10-25 00:45:44,727 [INFO] BlockDiagram:2759 - set Specific Code input for plugin: USB_OTG_FS
2023-10-25 00:45:44,727 [INFO] BlockDiagram:2759 - set Specific Code input for plugin: NVIC
2023-10-25 00:45:44,727 [INFO] BlockDiagram:2759 - set Specific Code input for plugin: USART
2023-10-25 00:45:44,728 [INFO] BlockDiagram:2759 - set Specific Code input for plugin: GPIO
2023-10-25 00:45:44,728 [INFO] BlockDiagram:2759 - set Specific Code input for plugin: ETH
2023-10-25 00:45:44,729 [INFO] CodeGenerator:799 - code generatio: config db path: C:\ST\STM32CubeIDE_1.13.1\STM32CubeIDE\plugins\com.st.stm32cube.common.mx_6.9.1.202307191849\\db\
2023-10-25 00:45:45,002 [INFO] CodeEngine:255 - oldGeneratedFile, C:\Users\yarde\STM32CubeIDE\workspace_1.13.1\Homework_I2C\MXTmpFiles\license.tmp_save
2023-10-25 00:45:45,102 [INFO] CodeEngine:279 - Generated code: C:\Users\yarde\STM32CubeIDE\workspace_1.13.1\Homework_I2C\MXTmpFiles\license.tmp
2023-10-25 00:45:45,197 [INFO] CodeEngine:255 - oldGeneratedFile, C:\Users\yarde\STM32CubeIDE\workspace_1.13.1\Homework_I2C\MXTmpFiles\gpio.tmp_save
2023-10-25 00:45:45,320 [INFO] CodeEngine:279 - Generated code: C:\Users\yarde\STM32CubeIDE\workspace_1.13.1\Homework_I2C\MXTmpFiles\gpio.tmp
2023-10-25 00:45:45,634 [WARN] IPConfigManager:2937 - Warning: the RefConfig PWREx_EnableUSBVoltageDetector is not available in your config.xml file
2023-10-25 00:45:45,651 [INFO] CodeEngine:255 - oldGeneratedFile, C:\Users\yarde\STM32CubeIDE\workspace_1.13.1\Homework_I2C\MXTmpFiles\cortex.tmp_save
2023-10-25 00:45:45,754 [INFO] CodeEngine:279 - Generated code: C:\Users\yarde\STM32CubeIDE\workspace_1.13.1\Homework_I2C\MXTmpFiles\cortex.tmp
2023-10-25 00:45:45,781 [INFO] CodeEngine:255 - oldGeneratedFile, C:\Users\yarde\STM32CubeIDE\workspace_1.13.1\Homework_I2C\Core\Src\stm32f7xx_it.c_save
2023-10-25 00:45:45,962 [INFO] CodeEngine:279 - Generated code: C:\Users\yarde\STM32CubeIDE\workspace_1.13.1\Homework_I2C\Core\Src\stm32f7xx_it.c
2023-10-25 00:45:45,968 [INFO] CodeEngine:255 - oldGeneratedFile, C:\Users\yarde\STM32CubeIDE\workspace_1.13.1\Homework_I2C\Core\Inc\stm32f7xx_it.h_save
2023-10-25 00:45:46,034 [INFO] CodeEngine:279 - Generated code: C:\Users\yarde\STM32CubeIDE\workspace_1.13.1\Homework_I2C\Core\Inc\stm32f7xx_it.h
2023-10-25 00:45:46,049 [INFO] CodeEngine:255 - oldGeneratedFile, C:\Users\yarde\STM32CubeIDE\workspace_1.13.1\Homework_I2C\Core\Src\stm32f7xx_hal_msp.c_save
2023-10-25 00:45:46,162 [INFO] CodeEngine:279 - Generated code: C:\Users\yarde\STM32CubeIDE\workspace_1.13.1\Homework_I2C\Core\Src\stm32f7xx_hal_msp.c
2023-10-25 00:45:46,172 [INFO] CodeEngine:255 - oldGeneratedFile, C:\Users\yarde\STM32CubeIDE\workspace_1.13.1\Homework_I2C\MXTmpFiles\system.tmp_save
2023-10-25 00:45:46,224 [INFO] CodeEngine:279 - Generated code: C:\Users\yarde\STM32CubeIDE\workspace_1.13.1\Homework_I2C\MXTmpFiles\system.tmp
2023-10-25 00:45:46,238 [INFO] CodeEngine:311 - oldGeneratedFile, C:\Users\yarde\STM32CubeIDE\workspace_1.13.1\Homework_I2C\Core\Inc\stm32f7xx_hal_conf.h_save
2023-10-25 00:45:46,340 [INFO] CodeEngine:335 - Generated code: C:\Users\yarde\STM32CubeIDE\workspace_1.13.1\Homework_I2C\Core\Inc\stm32f7xx_hal_conf.h
2023-10-25 00:45:46,380 [WARN] IPConfigManager:3431 - IP not found : USB_OTG
2023-10-25 00:45:46,381 [WARN] CodeGenerator:3760 - IP not found : null
2023-10-25 00:45:46,391 [INFO] CodeEngine:255 - oldGeneratedFile, C:\Users\yarde\STM32CubeIDE\workspace_1.13.1\Homework_I2C\Core\Inc\main.h_save
2023-10-25 00:45:46,527 [INFO] CodeEngine:279 - Generated code: C:\Users\yarde\STM32CubeIDE\workspace_1.13.1\Homework_I2C\Core\Inc\main.h
2023-10-25 00:45:46,534 [INFO] CodeEngine:255 - oldGeneratedFile, C:\Users\yarde\STM32CubeIDE\workspace_1.13.1\Homework_I2C\Core\Src\main.c_save
2023-10-25 00:45:46,661 [INFO] CodeEngine:279 - Generated code: C:\Users\yarde\STM32CubeIDE\workspace_1.13.1\Homework_I2C\Core\Src\main.c
2023-10-25 00:45:47,380 [INFO] ProjectBuilder:3064 - Time for Copy HAL[1] : 251mS.
2023-10-25 00:45:47,387 [INFO] ProjectBuilder:4404 - Project Generator version: 4.1.0
2023-10-25 00:45:48,423 [INFO] ConfigFileManager:1457 - The Die is : DIE449
2023-10-25 00:45:48,439 [INFO] ApiDbMcu:507 - Load IP Config File for FATFS
2023-10-25 00:45:48,457 [INFO] ApiDbMcu:507 - Load IP Config File for FREERTOS
2023-10-25 00:45:48,471 [INFO] ApiDbMcu:507 - Load IP Config File for LIBJPEG
2023-10-25 00:45:48,490 [INFO] ApiDbMcu:507 - Load IP Config File for LWIP
2023-10-25 00:45:48,510 [INFO] ApiDbMcu:507 - Load IP Config File for MBEDTLS
2023-10-25 00:45:48,534 [INFO] ApiDbMcu:507 - Load IP Config File for USB_DEVICE
2023-10-25 00:45:48,548 [INFO] ApiDbMcu:507 - Load IP Config File for USB_HOST
2023-10-25 00:45:52,648 [INFO] ProjectBuilder:4626 - Time for Generating toolchain IDE Files: 5260mS.
2023-10-25 00:45:52,649 [INFO] ProjectBuilder:2935 - Time for Copy CMSIS : 1mS.
2023-10-25 00:45:52,655 [INFO] ProjectBuilder:2935 - Time for Copy CMSIS : 0mS.
2023-10-25 00:45:53,766 [INFO] McuFinderGlobals:76 - Set McuFinderConnectedMode to true
2023-10-25 00:45:53,770 [INFO] ApiDb:448 - Save user favorites file C:\Users\yarde/.stm32cubeide/favorites.mcus.txt: 0 item(s)
2023-10-25 00:45:53,770 [INFO] ApiDb:452 - User favorites MCUs=[]
2023-10-25 00:45:53,772 [INFO] ApiDb:448 - Save user favorites file C:\Users\yarde/.stm32cubeide/favorites.boards.txt: 0 item(s)
2023-10-25 00:45:53,773 [INFO] ApiDb:452 - User favorites Boards=[]
2023-10-25 00:52:41,656 [INFO] I2cTimingTraitement:330 - 0x00808CD2
2023-10-25 00:54:33,354 [INFO] I2cTimingTraitement:330 - 0x00808CD2
2023-10-25 00:54:36,146 [INFO] I2cTimingTraitement:330 - 0x00808CD2
2023-10-25 00:55:37,344 [INFO] NvicIntPanel:101 - NVIC parent = com.st.microxplorer.plugins.ip.nvic.MultiNvicIntPanel[,0,0,450x254,layout=javax.swing.BoxLayout,alignmentX=0.0,alignmentY=0.0,border=,flags=9,maximumSize=,minimumSize=,preferredSize=]
2023-10-25 00:55:45,633 [INFO] I2cTimingTraitement:330 - 0x00808CD2
2023-10-25 00:55:45,665 [INFO] NvicIntPanel:101 - NVIC parent = com.st.microxplorer.plugins.ip.nvic.MultiNvicIntPanel[,0,0,0x0,invalid,layout=javax.swing.BoxLayout,alignmentX=0.0,alignmentY=0.0,border=,flags=9,maximumSize=,minimumSize=,preferredSize=]
2023-10-25 00:56:08,739 [INFO] I2cTimingTraitement:330 - 0x00808CD2
2023-10-25 00:56:10,270 [INFO] I2cTimingTraitement:330 - 0x00808CD2
2023-10-25 00:56:55,550 [INFO] I2cTimingTraitement:330 - 0x00808CD2
2023-10-25 00:57:54,066 [INFO] I2cTimingTraitement:330 - 0x00808CD2
2023-10-25 00:58:04,252 [INFO] NvicIntPanel:101 - NVIC parent = com.st.microxplorer.plugins.ip.nvic.MultiNvicIntPanel[,0,0,450x254,layout=javax.swing.BoxLayout,alignmentX=0.0,alignmentY=0.0,border=,flags=9,maximumSize=,minimumSize=,preferredSize=]
2023-10-25 00:58:06,930 [INFO] I2cTimingTraitement:330 - 0x00808CD2
2023-10-25 00:58:06,952 [INFO] NvicIntPanel:101 - NVIC parent = com.st.microxplorer.plugins.ip.nvic.MultiNvicIntPanel[,0,0,0x0,invalid,layout=javax.swing.BoxLayout,alignmentX=0.0,alignmentY=0.0,border=,flags=9,maximumSize=,minimumSize=,preferredSize=]
2023-10-25 00:58:08,429 [INFO] NvicIntPanel:101 - NVIC parent = com.st.microxplorer.plugins.ip.nvic.MultiNvicIntPanel[,0,0,0x0,invalid,layout=javax.swing.BoxLayout,alignmentX=0.0,alignmentY=0.0,border=,flags=9,maximumSize=,minimumSize=,preferredSize=]
2023-10-25 00:59:50,896 [INFO] I2cTimingTraitement:330 - 0x00808CD2
2023-10-25 01:03:50,666 [INFO] UtilMem:75 - End SaveConfig() Used Memory: 891548280 Bytes (1073741824)
2023-10-25 01:03:53,404 [INFO] UtilMem:75 - End SaveConfig() Used Memory: 901261856 Bytes (1073741824)
2023-10-25 01:03:53,804 [INFO] BlockDiagram:2759 - set Specific Code input for plugin: SYS
2023-10-25 01:03:53,804 [INFO] BlockDiagram:2759 - set Specific Code input for plugin: RCC
2023-10-25 01:03:53,804 [INFO] BlockDiagram:2759 - set Specific Code input for plugin: I2C
2023-10-25 01:03:53,804 [INFO] BlockDiagram:2759 - set Specific Code input for plugin: I2C
2023-10-25 01:03:53,804 [INFO] BlockDiagram:2759 - set Specific Code input for plugin: USB_OTG_FS
2023-10-25 01:03:53,804 [INFO] BlockDiagram:2759 - set Specific Code input for plugin: NVIC
2023-10-25 01:03:53,804 [INFO] BlockDiagram:2759 - set Specific Code input for plugin: USART
2023-10-25 01:03:53,805 [INFO] BlockDiagram:2759 - set Specific Code input for plugin: GPIO
2023-10-25 01:03:53,805 [INFO] BlockDiagram:2759 - set Specific Code input for plugin: ETH
2023-10-25 01:03:53,809 [INFO] CodeGenerator:799 - code generatio: config db path: C:\ST\STM32CubeIDE_1.13.1\STM32CubeIDE\plugins\com.st.stm32cube.common.mx_6.9.1.202307191849\\db\
2023-10-25 01:03:54,037 [INFO] CodeEngine:255 - oldGeneratedFile, C:\Users\yarde\STM32CubeIDE\workspace_1.13.1\Homework_I2C\MXTmpFiles\license.tmp_save
2023-10-25 01:03:54,164 [INFO] CodeEngine:279 - Generated code: C:\Users\yarde\STM32CubeIDE\workspace_1.13.1\Homework_I2C\MXTmpFiles\license.tmp
2023-10-25 01:03:54,207 [INFO] CodeEngine:255 - oldGeneratedFile, C:\Users\yarde\STM32CubeIDE\workspace_1.13.1\Homework_I2C\MXTmpFiles\gpio.tmp_save
2023-10-25 01:03:54,331 [INFO] CodeEngine:279 - Generated code: C:\Users\yarde\STM32CubeIDE\workspace_1.13.1\Homework_I2C\MXTmpFiles\gpio.tmp
2023-10-25 01:03:54,677 [WARN] IPConfigManager:2937 - Warning: the RefConfig PWREx_EnableUSBVoltageDetector is not available in your config.xml file
2023-10-25 01:03:54,697 [INFO] CodeEngine:255 - oldGeneratedFile, C:\Users\yarde\STM32CubeIDE\workspace_1.13.1\Homework_I2C\MXTmpFiles\cortex.tmp_save
2023-10-25 01:03:54,810 [INFO] CodeEngine:279 - Generated code: C:\Users\yarde\STM32CubeIDE\workspace_1.13.1\Homework_I2C\MXTmpFiles\cortex.tmp
2023-10-25 01:03:54,847 [INFO] CodeEngine:255 - oldGeneratedFile, C:\Users\yarde\STM32CubeIDE\workspace_1.13.1\Homework_I2C\Core\Src\stm32f7xx_it.c_save
2023-10-25 01:03:55,013 [INFO] CodeEngine:279 - Generated code: C:\Users\yarde\STM32CubeIDE\workspace_1.13.1\Homework_I2C\Core\Src\stm32f7xx_it.c
2023-10-25 01:03:55,027 [INFO] CodeEngine:255 - oldGeneratedFile, C:\Users\yarde\STM32CubeIDE\workspace_1.13.1\Homework_I2C\Core\Inc\stm32f7xx_it.h_save
2023-10-25 01:03:55,130 [INFO] CodeEngine:279 - Generated code: C:\Users\yarde\STM32CubeIDE\workspace_1.13.1\Homework_I2C\Core\Inc\stm32f7xx_it.h
2023-10-25 01:03:55,160 [INFO] CodeEngine:255 - oldGeneratedFile, C:\Users\yarde\STM32CubeIDE\workspace_1.13.1\Homework_I2C\Core\Src\stm32f7xx_hal_msp.c_save
2023-10-25 01:03:55,347 [INFO] CodeEngine:279 - Generated code: C:\Users\yarde\STM32CubeIDE\workspace_1.13.1\Homework_I2C\Core\Src\stm32f7xx_hal_msp.c
2023-10-25 01:03:55,360 [INFO] CodeEngine:255 - oldGeneratedFile, C:\Users\yarde\STM32CubeIDE\workspace_1.13.1\Homework_I2C\MXTmpFiles\system.tmp_save
2023-10-25 01:03:55,446 [INFO] CodeEngine:279 - Generated code: C:\Users\yarde\STM32CubeIDE\workspace_1.13.1\Homework_I2C\MXTmpFiles\system.tmp
2023-10-25 01:03:55,471 [INFO] CodeEngine:311 - oldGeneratedFile, C:\Users\yarde\STM32CubeIDE\workspace_1.13.1\Homework_I2C\Core\Inc\stm32f7xx_hal_conf.h_save
2023-10-25 01:03:55,594 [INFO] CodeEngine:335 - Generated code: C:\Users\yarde\STM32CubeIDE\workspace_1.13.1\Homework_I2C\Core\Inc\stm32f7xx_hal_conf.h
2023-10-25 01:03:55,624 [WARN] IPConfigManager:3431 - IP not found : USB_OTG
2023-10-25 01:03:55,625 [WARN] CodeGenerator:3760 - IP not found : null
2023-10-25 01:03:55,645 [INFO] CodeEngine:255 - oldGeneratedFile, C:\Users\yarde\STM32CubeIDE\workspace_1.13.1\Homework_I2C\Core\Inc\main.h_save
2023-10-25 01:03:55,782 [INFO] CodeEngine:279 - Generated code: C:\Users\yarde\STM32CubeIDE\workspace_1.13.1\Homework_I2C\Core\Inc\main.h
2023-10-25 01:03:55,802 [INFO] CodeEngine:255 - oldGeneratedFile, C:\Users\yarde\STM32CubeIDE\workspace_1.13.1\Homework_I2C\Core\Src\main.c_save
2023-10-25 01:03:55,938 [INFO] CodeEngine:279 - Generated code: C:\Users\yarde\STM32CubeIDE\workspace_1.13.1\Homework_I2C\Core\Src\main.c
2023-10-25 01:03:56,624 [INFO] ProjectBuilder:3064 - Time for Copy HAL[1] : 307mS.
2023-10-25 01:03:56,629 [INFO] ProjectBuilder:4404 - Project Generator version: 4.1.0
2023-10-25 01:03:57,426 [INFO] ConfigFileManager:1457 - The Die is : DIE449
2023-10-25 01:03:58,751 [INFO] ProjectBuilder:4626 - Time for Generating toolchain IDE Files: 2122mS.
2023-10-25 01:03:58,753 [INFO] ProjectBuilder:2935 - Time for Copy CMSIS : 1mS.
2023-10-25 01:03:58,757 [INFO] ProjectBuilder:2935 - Time for Copy CMSIS : 0mS.
2023-10-25 01:21:10,386 [INFO] I2cTimingTraitement:330 - 0x00808CD2
2023-10-25 01:21:15,802 [INFO] I2cTimingTraitement:330 - 0x00808CD2
2023-10-25 01:21:25,954 [INFO] NvicIntPanel:101 - NVIC parent = com.st.microxplorer.plugins.ip.nvic.MultiNvicIntPanel[,0,0,0x0,invalid,layout=javax.swing.BoxLayout,alignmentX=0.0,alignmentY=0.0,border=,flags=9,maximumSize=,minimumSize=,preferredSize=]
2023-10-25 01:21:26,004 [INFO] I2cTimingTraitement:330 - 0x00808CD2
2023-10-25 01:21:26,089 [INFO] I2cTimingTraitement:330 - 0x00808CD2
2023-10-25 01:21:43,532 [INFO] NvicIntPanel:101 - NVIC parent = com.st.microxplorer.plugins.ip.nvic.MultiNvicIntPanel[,0,0,0x0,invalid,layout=javax.swing.BoxLayout,alignmentX=0.0,alignmentY=0.0,border=,flags=9,maximumSize=,minimumSize=,preferredSize=]
2023-10-25 01:21:43,579 [INFO] I2cTimingTraitement:330 - 0x00808CD2
2023-10-25 01:22:39,730 [INFO] NvicIntPanel:101 - NVIC parent = com.st.microxplorer.plugins.ip.nvic.MultiNvicIntPanel[,0,0,0x0,invalid,layout=javax.swing.BoxLayout,alignmentX=0.0,alignmentY=0.0,border=,flags=9,maximumSize=,minimumSize=,preferredSize=]
2023-10-25 01:22:39,774 [INFO] I2cTimingTraitement:330 - 0x00301739
2023-10-25 01:22:39,828 [INFO] NvicIntPanel:101 - NVIC parent = com.st.microxplorer.plugins.ip.nvic.MultiNvicIntPanel[,0,0,0x0,invalid,layout=javax.swing.BoxLayout,alignmentX=0.0,alignmentY=0.0,border=,flags=9,maximumSize=,minimumSize=,preferredSize=]
2023-10-25 01:22:42,282 [INFO] NvicIntPanel:101 - NVIC parent = com.st.microxplorer.plugins.ip.nvic.MultiNvicIntPanel[,0,0,0x0,invalid,layout=javax.swing.BoxLayout,alignmentX=0.0,alignmentY=0.0,border=,flags=9,maximumSize=,minimumSize=,preferredSize=]
2023-10-25 01:22:42,332 [INFO] I2cTimingTraitement:330 - 0x00100515
2023-10-25 01:22:42,404 [INFO] NvicIntPanel:101 - NVIC parent = com.st.microxplorer.plugins.ip.nvic.MultiNvicIntPanel[,0,0,0x0,invalid,layout=javax.swing.BoxLayout,alignmentX=0.0,alignmentY=0.0,border=,flags=9,maximumSize=,minimumSize=,preferredSize=]
2023-10-25 01:22:47,321 [INFO] NvicIntPanel:101 - NVIC parent = com.st.microxplorer.plugins.ip.nvic.MultiNvicIntPanel[,0,0,0x0,invalid,layout=javax.swing.BoxLayout,alignmentX=0.0,alignmentY=0.0,border=,flags=9,maximumSize=,minimumSize=,preferredSize=]
2023-10-25 01:22:47,368 [INFO] I2cTimingTraitement:330 - 0x00808CD2
2023-10-25 01:22:47,424 [INFO] NvicIntPanel:101 - NVIC parent = com.st.microxplorer.plugins.ip.nvic.MultiNvicIntPanel[,0,0,0x0,invalid,layout=javax.swing.BoxLayout,alignmentX=0.0,alignmentY=0.0,border=,flags=9,maximumSize=,minimumSize=,preferredSize=]
2023-10-25 01:22:57,762 [INFO] I2cTimingTraitement:330 - 0x00808CD2
2023-10-25 01:23:03,283 [INFO] I2cTimingTraitement:330 - 0x00808CD2
2023-10-25 01:23:11,921 [INFO] UtilMem:75 - End SaveConfig() Used Memory: 824026952 Bytes (1073741824)
2023-10-25 01:23:14,442 [INFO] UtilMem:75 - End SaveConfig() Used Memory: 956126272 Bytes (1073741824)
2023-10-25 01:23:14,766 [INFO] BlockDiagram:2759 - set Specific Code input for plugin: SYS
2023-10-25 01:23:14,767 [INFO] BlockDiagram:2759 - set Specific Code input for plugin: RCC
2023-10-25 01:23:14,767 [INFO] BlockDiagram:2759 - set Specific Code input for plugin: I2C
2023-10-25 01:23:14,767 [INFO] BlockDiagram:2759 - set Specific Code input for plugin: I2C
2023-10-25 01:23:14,767 [INFO] BlockDiagram:2759 - set Specific Code input for plugin: USB_OTG_FS
2023-10-25 01:23:14,767 [INFO] BlockDiagram:2759 - set Specific Code input for plugin: NVIC
2023-10-25 01:23:14,767 [INFO] BlockDiagram:2759 - set Specific Code input for plugin: USART
2023-10-25 01:23:14,767 [INFO] BlockDiagram:2759 - set Specific Code input for plugin: GPIO
2023-10-25 01:23:14,767 [INFO] BlockDiagram:2759 - set Specific Code input for plugin: ETH
2023-10-25 01:23:14,768 [INFO] CodeGenerator:799 - code generatio: config db path: C:\ST\STM32CubeIDE_1.13.1\STM32CubeIDE\plugins\com.st.stm32cube.common.mx_6.9.1.202307191849\\db\
2023-10-25 01:23:15,073 [INFO] CodeEngine:255 - oldGeneratedFile, C:\Users\yarde\STM32CubeIDE\workspace_1.13.1\Homework_I2C\MXTmpFiles\license.tmp_save
2023-10-25 01:23:15,168 [INFO] CodeEngine:279 - Generated code: C:\Users\yarde\STM32CubeIDE\workspace_1.13.1\Homework_I2C\MXTmpFiles\license.tmp
2023-10-25 01:23:15,232 [INFO] CodeEngine:255 - oldGeneratedFile, C:\Users\yarde\STM32CubeIDE\workspace_1.13.1\Homework_I2C\MXTmpFiles\gpio.tmp_save
2023-10-25 01:23:15,349 [INFO] CodeEngine:279 - Generated code: C:\Users\yarde\STM32CubeIDE\workspace_1.13.1\Homework_I2C\MXTmpFiles\gpio.tmp
2023-10-25 01:23:15,625 [WARN] IPConfigManager:2937 - Warning: the RefConfig PWREx_EnableUSBVoltageDetector is not available in your config.xml file
2023-10-25 01:23:15,642 [INFO] CodeEngine:255 - oldGeneratedFile, C:\Users\yarde\STM32CubeIDE\workspace_1.13.1\Homework_I2C\MXTmpFiles\cortex.tmp_save
2023-10-25 01:23:15,727 [INFO] CodeEngine:279 - Generated code: C:\Users\yarde\STM32CubeIDE\workspace_1.13.1\Homework_I2C\MXTmpFiles\cortex.tmp
2023-10-25 01:23:15,753 [INFO] CodeEngine:255 - oldGeneratedFile, C:\Users\yarde\STM32CubeIDE\workspace_1.13.1\Homework_I2C\Core\Src\stm32f7xx_it.c_save
2023-10-25 01:23:15,892 [INFO] CodeEngine:279 - Generated code: C:\Users\yarde\STM32CubeIDE\workspace_1.13.1\Homework_I2C\Core\Src\stm32f7xx_it.c
2023-10-25 01:23:15,901 [INFO] CodeEngine:255 - oldGeneratedFile, C:\Users\yarde\STM32CubeIDE\workspace_1.13.1\Homework_I2C\Core\Inc\stm32f7xx_it.h_save
2023-10-25 01:23:15,961 [INFO] CodeEngine:279 - Generated code: C:\Users\yarde\STM32CubeIDE\workspace_1.13.1\Homework_I2C\Core\Inc\stm32f7xx_it.h
2023-10-25 01:23:15,989 [INFO] CodeEngine:255 - oldGeneratedFile, C:\Users\yarde\STM32CubeIDE\workspace_1.13.1\Homework_I2C\Core\Src\stm32f7xx_hal_msp.c_save
2023-10-25 01:23:16,138 [INFO] CodeEngine:279 - Generated code: C:\Users\yarde\STM32CubeIDE\workspace_1.13.1\Homework_I2C\Core\Src\stm32f7xx_hal_msp.c
2023-10-25 01:23:16,144 [INFO] CodeEngine:255 - oldGeneratedFile, C:\Users\yarde\STM32CubeIDE\workspace_1.13.1\Homework_I2C\MXTmpFiles\system.tmp_save
2023-10-25 01:23:16,209 [INFO] CodeEngine:279 - Generated code: C:\Users\yarde\STM32CubeIDE\workspace_1.13.1\Homework_I2C\MXTmpFiles\system.tmp
2023-10-25 01:23:16,233 [INFO] CodeEngine:311 - oldGeneratedFile, C:\Users\yarde\STM32CubeIDE\workspace_1.13.1\Homework_I2C\Core\Inc\stm32f7xx_hal_conf.h_save
2023-10-25 01:23:16,334 [INFO] CodeEngine:335 - Generated code: C:\Users\yarde\STM32CubeIDE\workspace_1.13.1\Homework_I2C\Core\Inc\stm32f7xx_hal_conf.h
2023-10-25 01:23:16,359 [WARN] IPConfigManager:3431 - IP not found : USB_OTG
2023-10-25 01:23:16,359 [WARN] CodeGenerator:3760 - IP not found : null
2023-10-25 01:23:16,379 [INFO] CodeEngine:255 - oldGeneratedFile, C:\Users\yarde\STM32CubeIDE\workspace_1.13.1\Homework_I2C\Core\Inc\main.h_save
2023-10-25 01:23:16,471 [INFO] CodeEngine:279 - Generated code: C:\Users\yarde\STM32CubeIDE\workspace_1.13.1\Homework_I2C\Core\Inc\main.h
2023-10-25 01:23:16,485 [INFO] CodeEngine:255 - oldGeneratedFile, C:\Users\yarde\STM32CubeIDE\workspace_1.13.1\Homework_I2C\Core\Src\main.c_save
2023-10-25 01:23:16,667 [INFO] CodeEngine:279 - Generated code: C:\Users\yarde\STM32CubeIDE\workspace_1.13.1\Homework_I2C\Core\Src\main.c
2023-10-25 01:23:17,313 [INFO] ProjectBuilder:3064 - Time for Copy HAL[1] : 234mS.
2023-10-25 01:23:17,318 [INFO] ProjectBuilder:4404 - Project Generator version: 4.1.0
2023-10-25 01:23:18,048 [INFO] ConfigFileManager:1457 - The Die is : DIE449
2023-10-25 01:23:19,885 [INFO] ProjectBuilder:4626 - Time for Generating toolchain IDE Files: 2568mS.
2023-10-25 01:23:19,886 [INFO] ProjectBuilder:2935 - Time for Copy CMSIS : 1mS.
2023-10-25 01:23:19,891 [INFO] ProjectBuilder:2935 - Time for Copy CMSIS : 1mS.
2023-10-25 01:45:44,791 [INFO] I2cTimingTraitement:330 - 0x00808CD2
2023-10-25 01:45:45,782 [INFO] I2cTimingTraitement:330 - 0x00808CD2
2023-10-25 01:46:19,800 [INFO] I2cTimingTraitement:330 - 0x00808CD2
2023-10-25 01:47:10,900 [INFO] I2cTimingTraitement:330 - 0x00808CD2
2023-10-25 01:47:33,218 [INFO] NvicIntPanel:101 - NVIC parent = com.st.microxplorer.plugins.ip.nvic.MultiNvicIntPanel[,0,0,450x273,layout=javax.swing.BoxLayout,alignmentX=0.0,alignmentY=0.0,border=,flags=9,maximumSize=,minimumSize=,preferredSize=]
2023-10-25 01:47:40,594 [INFO] I2cTimingTraitement:330 - 0x00808CD2
2023-10-25 01:47:51,632 [INFO] UtilMem:75 - End SaveConfig() Used Memory: 898661888 Bytes (1073741824)
2023-10-25 01:48:14,823 [INFO] UtilMem:75 - End SaveConfig() Used Memory: 842784744 Bytes (1073741824)
2023-10-25 01:48:15,262 [INFO] BlockDiagram:2759 - set Specific Code input for plugin: SYS
2023-10-25 01:48:15,262 [INFO] BlockDiagram:2759 - set Specific Code input for plugin: RCC
2023-10-25 01:48:15,262 [INFO] BlockDiagram:2759 - set Specific Code input for plugin: I2C
2023-10-25 01:48:15,262 [INFO] BlockDiagram:2759 - set Specific Code input for plugin: I2C
2023-10-25 01:48:15,262 [INFO] BlockDiagram:2759 - set Specific Code input for plugin: USB_OTG_FS
2023-10-25 01:48:15,262 [INFO] BlockDiagram:2759 - set Specific Code input for plugin: NVIC
2023-10-25 01:48:15,262 [INFO] BlockDiagram:2759 - set Specific Code input for plugin: USART
2023-10-25 01:48:15,264 [INFO] BlockDiagram:2759 - set Specific Code input for plugin: GPIO
2023-10-25 01:48:15,264 [INFO] BlockDiagram:2759 - set Specific Code input for plugin: ETH
2023-10-25 01:48:15,269 [INFO] CodeGenerator:799 - code generatio: config db path: C:\ST\STM32CubeIDE_1.13.1\STM32CubeIDE\plugins\com.st.stm32cube.common.mx_6.9.1.202307191849\\db\
2023-10-25 01:48:15,603 [INFO] CodeEngine:255 - oldGeneratedFile, C:\Users\yarde\STM32CubeIDE\workspace_1.13.1\Homework_I2C\MXTmpFiles\license.tmp_save
2023-10-25 01:48:15,804 [INFO] CodeEngine:279 - Generated code: C:\Users\yarde\STM32CubeIDE\workspace_1.13.1\Homework_I2C\MXTmpFiles\license.tmp
2023-10-25 01:48:15,873 [INFO] CodeEngine:255 - oldGeneratedFile, C:\Users\yarde\STM32CubeIDE\workspace_1.13.1\Homework_I2C\MXTmpFiles\gpio.tmp_save
2023-10-25 01:48:16,086 [INFO] CodeEngine:279 - Generated code: C:\Users\yarde\STM32CubeIDE\workspace_1.13.1\Homework_I2C\MXTmpFiles\gpio.tmp
2023-10-25 01:48:16,410 [WARN] IPConfigManager:2937 - Warning: the RefConfig PWREx_EnableUSBVoltageDetector is not available in your config.xml file
2023-10-25 01:48:16,437 [INFO] CodeEngine:255 - oldGeneratedFile, C:\Users\yarde\STM32CubeIDE\workspace_1.13.1\Homework_I2C\MXTmpFiles\cortex.tmp_save
2023-10-25 01:48:16,586 [INFO] CodeEngine:279 - Generated code: C:\Users\yarde\STM32CubeIDE\workspace_1.13.1\Homework_I2C\MXTmpFiles\cortex.tmp
2023-10-25 01:48:16,644 [INFO] CodeEngine:255 - oldGeneratedFile, C:\Users\yarde\STM32CubeIDE\workspace_1.13.1\Homework_I2C\Core\Src\stm32f7xx_it.c_save
2023-10-25 01:48:16,908 [INFO] CodeEngine:279 - Generated code: C:\Users\yarde\STM32CubeIDE\workspace_1.13.1\Homework_I2C\Core\Src\stm32f7xx_it.c
2023-10-25 01:48:16,922 [INFO] CodeEngine:255 - oldGeneratedFile, C:\Users\yarde\STM32CubeIDE\workspace_1.13.1\Homework_I2C\Core\Inc\stm32f7xx_it.h_save
2023-10-25 01:48:17,005 [INFO] CodeEngine:279 - Generated code: C:\Users\yarde\STM32CubeIDE\workspace_1.13.1\Homework_I2C\Core\Inc\stm32f7xx_it.h
2023-10-25 01:48:17,050 [INFO] CodeEngine:255 - oldGeneratedFile, C:\Users\yarde\STM32CubeIDE\workspace_1.13.1\Homework_I2C\Core\Src\stm32f7xx_hal_msp.c_save
2023-10-25 01:48:17,304 [INFO] CodeEngine:279 - Generated code: C:\Users\yarde\STM32CubeIDE\workspace_1.13.1\Homework_I2C\Core\Src\stm32f7xx_hal_msp.c
2023-10-25 01:48:17,327 [INFO] CodeEngine:255 - oldGeneratedFile, C:\Users\yarde\STM32CubeIDE\workspace_1.13.1\Homework_I2C\MXTmpFiles\system.tmp_save
2023-10-25 01:48:17,452 [INFO] CodeEngine:279 - Generated code: C:\Users\yarde\STM32CubeIDE\workspace_1.13.1\Homework_I2C\MXTmpFiles\system.tmp
2023-10-25 01:48:17,495 [INFO] CodeEngine:311 - oldGeneratedFile, C:\Users\yarde\STM32CubeIDE\workspace_1.13.1\Homework_I2C\Core\Inc\stm32f7xx_hal_conf.h_save
2023-10-25 01:48:17,672 [INFO] CodeEngine:335 - Generated code: C:\Users\yarde\STM32CubeIDE\workspace_1.13.1\Homework_I2C\Core\Inc\stm32f7xx_hal_conf.h
2023-10-25 01:48:17,717 [WARN] IPConfigManager:3431 - IP not found : USB_OTG
2023-10-25 01:48:17,718 [WARN] CodeGenerator:3760 - IP not found : null
2023-10-25 01:48:17,749 [INFO] CodeEngine:255 - oldGeneratedFile, C:\Users\yarde\STM32CubeIDE\workspace_1.13.1\Homework_I2C\Core\Inc\main.h_save
2023-10-25 01:48:17,879 [INFO] CodeEngine:279 - Generated code: C:\Users\yarde\STM32CubeIDE\workspace_1.13.1\Homework_I2C\Core\Inc\main.h
2023-10-25 01:48:17,910 [INFO] CodeEngine:255 - oldGeneratedFile, C:\Users\yarde\STM32CubeIDE\workspace_1.13.1\Homework_I2C\Core\Src\main.c_save
2023-10-25 01:48:18,224 [INFO] CodeEngine:279 - Generated code: C:\Users\yarde\STM32CubeIDE\workspace_1.13.1\Homework_I2C\Core\Src\main.c
2023-10-25 01:48:19,142 [INFO] ProjectBuilder:3064 - Time for Copy HAL[1] : 425mS.
2023-10-25 01:48:19,148 [INFO] ProjectBuilder:4404 - Project Generator version: 4.1.0
2023-10-25 01:48:20,135 [INFO] ConfigFileManager:1457 - The Die is : DIE449
2023-10-25 01:48:23,303 [INFO] ProjectBuilder:4626 - Time for Generating toolchain IDE Files: 4155mS.
2023-10-25 01:48:23,308 [INFO] ProjectBuilder:2935 - Time for Copy CMSIS : 1mS.
2023-10-25 01:48:23,318 [INFO] ProjectBuilder:2935 - Time for Copy CMSIS : 0mS.
2023-10-25 01:58:39,123 [INFO] MainUpdater:2868 - connection check result : 10
2023-10-25 01:58:39,123 [INFO] MainUpdater:2868 - connection check result : 10
2023-10-25 01:58:39,240 [INFO] I2cTimingTraitement:330 - 0x00808CD2
2023-10-25 01:58:39,268 [INFO] I2cTimingTraitement:330 - 0x00808CD2
2023-10-25 01:58:39,272 [INFO] MicroXplorer:468 - Change Database Path : 
2023-10-25 01:58:39,272 [INFO] MicroXplorer:498 - Change Database Version : DB.6.0.91
2023-10-25 01:58:39,291 [WARN] ThirdParty:871 - waiting for thirdparty lock release [close project]
2023-10-25 01:58:39,291 [INFO] ThirdParty:873 - entering critical section [close project]
2023-10-25 01:58:39,291 [INFO] ThirdParty:883 - exiting critical section [close project]
2023-10-25 01:58:39,295 [INFO] PinOutPanel:1499 - setPackage(No Configuration,No Configuration)
2023-10-25 01:58:39,300 [WARN] IpParametersView:151 - Warning: This peripheral hasn't parameters
2023-10-25 01:58:39,305 [WARN] MainPanel:272 - <html><b><center>Warning: This peripheral has no parameters to be configured<br></b></html>
2023-10-25 01:58:39,310 [INFO] UtilMem:75 - Begin LoadConfig() Used Memory: 906000672 Bytes (1073741824)
2023-10-25 01:58:41,647 [INFO] ServerAccessManage:473 - Download File stm32cube_db_v6030.zip
2023-10-25 01:58:44,018 [INFO] FileExtend:240 - Unzip File : stm32cube_db_v6030.zip
2023-10-25 01:58:44,018 [INFO] FileExtend:255 - Standard Zip Deflate
2023-10-25 01:59:08,300 [INFO] LoadServerPackagesThread:196 - End of LoadServerPackages Thread
2023-10-25 01:59:08,637 [INFO] CheckServerUpdateThread:120 - End of CheckServer Thread
2023-10-25 01:59:19,627 [INFO] McuFinderGlobals:63 - Set McuFinder mode to 2 (CubeIDE integrated)
2023-10-25 01:59:19,627 [INFO] UserAuth:179 - activating auth plugin
2023-10-25 01:59:19,633 [INFO] UserAuth:393 - Internet connection configuration mode: 1
