2023-10-23 14:41:59,551 [INFO] McuFinderGlobals:63 - Set McuFinder mode to 2 (CubeIDE integrated)
2023-10-23 14:42:00,846 [INFO] MainUpdater:2868 - connection check result : 10
2023-10-23 14:42:00,857 [INFO] MainUpdater:2868 - connection check result : 10
2023-10-23 14:42:01,184 [INFO] MicroXplorer:468 - Change Database Path : 
2023-10-23 14:42:01,186 [INFO] MicroXplorer:498 - Change Database Version : DB.6.0.91
2023-10-23 14:42:01,193 [WARN] ThirdParty:871 - waiting for thirdparty lock release [close project]
2023-10-23 14:42:01,193 [INFO] ThirdParty:873 - entering critical section [close project]
2023-10-23 14:42:01,225 [INFO] ThirdParty:883 - exiting critical section [close project]
2023-10-23 14:42:01,234 [INFO] PinOutPanel:1499 - setPackage(No Configuration,No Configuration)
2023-10-23 14:42:01,257 [INFO] UtilMem:75 - Begin LoadConfig() Used Memory: 621089072 Bytes (1066401792)
2023-10-23 14:42:01,260 [INFO] MicroXplorer:468 - Change Database Path : 
2023-10-23 14:42:01,260 [INFO] MicroXplorer:498 - Change Database Version : DB.6.0.91
2023-10-23 14:42:01,260 [INFO] OpenFileManager:308 - Change cursor
2023-10-23 14:42:01,354 [INFO] Mcu:1946 - Initializing MCU STM32F746ZGTx STM32F746ZGTx STM32F746ZGT6
2023-10-23 14:42:04,822 [INFO] Context:659 - Trying to add GPIOservice into a context  which must be forbidden
2023-10-23 14:42:05,992 [INFO] RtosManager:555 - Registered RTOS mode: class=CMSIS, group=RTOS, mode=CMSIS_V1, owner=FREERTOS
2023-10-23 14:42:05,992 [INFO] RtosManager:555 - Registered RTOS mode: class=CMSIS, group=RTOS2, mode=CMSIS_V2, owner=FREERTOS
2023-10-23 14:42:05,992 [INFO] RtosManager:555 - Registered RTOS mode: class=RTOS, group=Core, mode=CMSIS_V1, owner=FREERTOS
2023-10-23 14:42:05,992 [INFO] RtosManager:555 - Registered RTOS mode: class=RTOS, group=Core, mode=CMSIS_V2, owner=FREERTOS
2023-10-23 14:42:05,993 [WARN] ModelIntegratedComponent:184 - Missing modes for component STMicroelectronics:FreeRTOS:0.0.1:STMicroelectronics:RTOS:FreeRTOS:Core:::10.2.0:
2023-10-23 14:42:06,021 [WARN] ModelIntegratedComponent:63 - No mode defined for component null
2023-10-23 14:42:06,021 [WARN] ModelIntegratedComponent:63 - No mode defined for component null
2023-10-23 14:42:06,022 [WARN] ModelIntegratedComponent:63 - No mode defined for component null
2023-10-23 14:42:06,022 [WARN] ModelIntegratedComponent:63 - No mode defined for component null
2023-10-23 14:42:06,022 [WARN] ModelIntegratedComponent:63 - No mode defined for component null
2023-10-23 14:42:06,022 [WARN] ModelIntegratedComponent:63 - No mode defined for component null
2023-10-23 14:42:06,022 [WARN] ModelIntegratedComponent:63 - No mode defined for component null
2023-10-23 14:42:06,022 [WARN] ModelIntegratedComponent:63 - No mode defined for component null
2023-10-23 14:42:06,022 [WARN] ModelIntegratedComponent:63 - No mode defined for component null
2023-10-23 14:42:06,022 [WARN] ModelIntegratedComponent:63 - No mode defined for component null
2023-10-23 14:42:06,022 [WARN] ModelIntegratedComponent:63 - No mode defined for component null
2023-10-23 14:42:06,023 [WARN] ModelIntegratedComponent:63 - No mode defined for component null
2023-10-23 14:42:06,023 [WARN] ModelIntegratedComponent:63 - No mode defined for component null
2023-10-23 14:42:06,023 [WARN] ModelIntegratedComponent:63 - No mode defined for component null
2023-10-23 14:42:06,023 [WARN] ModelIntegratedComponent:63 - No mode defined for component null
2023-10-23 14:42:06,023 [WARN] ModelIntegratedComponent:63 - No mode defined for component null
2023-10-23 14:42:06,023 [WARN] ModelIntegratedComponent:63 - No mode defined for component null
2023-10-23 14:42:06,023 [WARN] ModelIntegratedComponent:63 - No mode defined for component null
2023-10-23 14:42:06,023 [WARN] ModelIntegratedComponent:63 - No mode defined for component null
2023-10-23 14:42:06,023 [WARN] ModelIntegratedComponent:63 - No mode defined for component null
2023-10-23 14:42:06,023 [WARN] ModelIntegratedComponent:63 - No mode defined for component null
2023-10-23 14:42:06,023 [WARN] ModelIntegratedComponent:63 - No mode defined for component null
2023-10-23 14:42:06,023 [WARN] ModelIntegratedComponent:63 - No mode defined for component null
2023-10-23 14:42:06,023 [WARN] ModelIntegratedComponent:63 - No mode defined for component null
2023-10-23 14:42:06,024 [WARN] ModelIntegratedComponent:63 - No mode defined for component null
2023-10-23 14:42:06,024 [WARN] ModelIntegratedComponent:63 - No mode defined for component null
2023-10-23 14:42:06,024 [WARN] ModelIntegratedComponent:63 - No mode defined for component null
2023-10-23 14:42:06,024 [WARN] ModelIntegratedComponent:63 - No mode defined for component null
2023-10-23 14:42:06,024 [WARN] ModelIntegratedComponent:63 - No mode defined for component null
2023-10-23 14:42:06,024 [WARN] ModelIntegratedComponent:63 - No mode defined for component null
2023-10-23 14:42:06,024 [WARN] ModelIntegratedComponent:63 - No mode defined for component null
2023-10-23 14:42:06,024 [WARN] ModelIntegratedComponent:63 - No mode defined for component null
2023-10-23 14:42:06,024 [WARN] ModelIntegratedComponent:63 - No mode defined for component null
2023-10-23 14:42:06,058 [INFO] ThirdPartyModel:298 - Start build external matchings
2023-10-23 14:42:06,622 [INFO] ThirdPartyModel:316 - End build external matchings
2023-10-23 14:42:06,640 [INFO] ImportTextPane:194 - (OptionalMessage_ERROR) IP (ETH) : Invalid parameter (PHY_Name)
2023-10-23 14:42:06,640 [INFO] ImportTextPane:194 - (OptionalMessage_ERROR) IP (ETH) : Invalid parameter (PHY_Value)
2023-10-23 14:42:06,640 [INFO] ImportTextPane:194 - (OptionalMessage_ERROR) IP (ETH) : Invalid parameter (PhyAddress)
2023-10-23 14:42:06,643 [INFO] ImportTextPane:194 - (OptionalMessage_ERROR) IP (RCC) : Invalid parameter (48MHZClocksFreq_Value)
2023-10-23 14:42:06,643 [INFO] ImportTextPane:194 - (OptionalMessage_ERROR) IP (RCC) : Invalid parameter (ADC12outputFreq_Value)
2023-10-23 14:42:06,643 [INFO] ImportTextPane:194 - (OptionalMessage_ERROR) IP (RCC) : Invalid parameter (ADC34outputFreq_Value)
2023-10-23 14:42:06,644 [INFO] ImportTextPane:194 - (OptionalMessage_ERROR) IP (RCC) : Invalid parameter (FamilyName)
2023-10-23 14:42:06,644 [INFO] ImportTextPane:194 - (OptionalMessage_ERROR) IP (RCC) : Invalid parameter (I2SClocksFreq_Value)
2023-10-23 14:42:06,645 [INFO] ImportTextPane:194 - (OptionalMessage_ERROR) IP (RCC) : Parameter (LCDTFToutputFreq_Value) has invalid value (96000000)
2023-10-23 14:42:06,645 [INFO] ImportTextPane:194 - (OptionalMessage_ERROR) IP (RCC) : Invalid parameter (MCOFreq_Value)
2023-10-23 14:42:06,647 [INFO] ImportTextPane:194 - (OptionalMessage_ERROR) IP (RCC) : Invalid parameter (PLLMCOFreq_Value)
2023-10-23 14:42:06,647 [INFO] ImportTextPane:194 - (OptionalMessage_ERROR) IP (RCC) : Invalid parameter (PLLMUL)
2023-10-23 14:42:06,648 [INFO] ImportTextPane:194 - (OptionalMessage_ERROR) IP (RCC) : Invalid parameter (PRESCALERUSB)
2023-10-23 14:42:06,648 [INFO] ImportTextPane:194 - (OptionalMessage_ERROR) IP (RCC) : Invalid parameter (RTCHSEDivFreq_Value)
2023-10-23 14:42:06,648 [INFO] ImportTextPane:194 - (OptionalMessage_ERROR) IP (RCC) : Parameter (SDMMCFreq_Value) has invalid value (72000000)
2023-10-23 14:42:06,648 [INFO] ImportTextPane:194 - (OptionalMessage_ERROR) IP (RCC) : Invalid parameter (SYSCLKSourceVirtual)
2023-10-23 14:42:06,648 [INFO] ImportTextPane:194 - (OptionalMessage_ERROR) IP (RCC) : Invalid parameter (TIM15Freq_Value)
2023-10-23 14:42:06,648 [INFO] ImportTextPane:194 - (OptionalMessage_ERROR) IP (RCC) : Invalid parameter (TIM16Freq_Value)
2023-10-23 14:42:06,649 [INFO] ImportTextPane:194 - (OptionalMessage_ERROR) IP (RCC) : Invalid parameter (TIM17Freq_Value)
2023-10-23 14:42:06,649 [INFO] ImportTextPane:194 - (OptionalMessage_ERROR) IP (RCC) : Invalid parameter (TIM1Freq_Value)
2023-10-23 14:42:06,649 [INFO] ImportTextPane:194 - (OptionalMessage_ERROR) IP (RCC) : Invalid parameter (TIM20Freq_Value)
2023-10-23 14:42:06,649 [INFO] ImportTextPane:194 - (OptionalMessage_ERROR) IP (RCC) : Invalid parameter (TIM2Freq_Value)
2023-10-23 14:42:06,649 [INFO] ImportTextPane:194 - (OptionalMessage_ERROR) IP (RCC) : Invalid parameter (TIM3Freq_Value)
2023-10-23 14:42:06,649 [INFO] ImportTextPane:194 - (OptionalMessage_ERROR) IP (RCC) : Invalid parameter (TIM8Freq_Value)
2023-10-23 14:42:06,650 [INFO] ImportTextPane:194 - (OptionalMessage_ERROR) IP (RCC) : Invalid parameter (VCOOutput2Freq_Value)
2023-10-23 14:42:06,650 [INFO] ImportTextPane:194 - (OptionalMessage_ERROR) IP (RCC) : Invalid parameter (VcooutputI2S)
2023-10-23 14:42:07,308 [INFO] UtilMem:75 - End LoadConfig() Used Memory: 835968112 Bytes (1073741824)
2023-10-23 14:42:07,555 [INFO] ApiDb:581 - Connected to CubeFinder SQLite database (C:\Users\yarde\.stmcufinder\plugins\mcufinder\mcu\cube-finder-db.db)
2023-10-23 14:42:07,729 [INFO] ApiDb:668 - CubeFinder database Data Model version=2.1
2023-10-23 14:42:07,729 [INFO] ApiDb:669 - CubeFinder database Configuration version=3.0.37
2023-10-23 14:42:07,731 [INFO] ApiDb:670 - CubeFinder database generation date=2023-08-09 (1691586011)
2023-10-23 14:42:07,732 [INFO] ApiDb:671 - CubeFinder database FW Pack versions=[FP-ATR-ASTRA1_V2.0.0, FP-SNS-FLIGHT1_V5.0.1, FP-SNS-FLIGHT1_V5.0.2, FP-SNS-MOTENV1_V4.3.1, FP-SNS-MOTENV1_V4.3.2, STM32Cube_FW_C0_V1.1.0, STM32Cube_FW_F4_V1.27.1, STM32Cube_FW_F7_V1.17.0, STM32Cube_FW_G0_V1.6.1, STM32Cube_FW_G4_V1.5.1, STM32Cube_FW_H5_V0.5.1, STM32Cube_FW_H5_V1.1.0, STM32Cube_FW_H7_V1.11.0, STM32Cube_FW_L0_V1.12.2, STM32Cube_FW_L5_V1.5.0, STM32Cube_FW_U5_V1.3.0, STM32Cube_FW_U5_V1.3.0RC4, STM32Cube_FW_WBA_V1.0.0RC1, STM32Cube_FW_WBA_V1.1.0, STM32Cube_FW_WBA_V1.1.0RC1, STM32Cube_FW_WB_V1.15.0RC1, STM32Cube_FW_WB_V1.16.0, STM32Cube_FW_WB_V1.16.0RC2, STM32Cube_FW_WB_V1.17.0, STM32Cube_FW_WL_V1.3.0, X-CUBE-ALGOBUILD_V1.3.0, X-CUBE-ALS_V1.0.1, X-CUBE-AZRTOS-F4_V1.1.0, X-CUBE-AZRTOS-F7_V1.1.0, X-CUBE-AZRTOS-G0_V1.1.0, X-CUBE-AZRTOS-G4_V2.0.0, X-CUBE-AZRTOS-H7_V3.1.0, X-CUBE-AZRTOS-L4_V1.0.0, X-CUBE-AZRTOS-L4_V2.0.0, X-CUBE-AZRTOS-L5_V1.1.0, X-CUBE-AZRTOS-WB_V1.1.0, X-CUBE-AZRTOS-WL_V2.0.0, X-CUBE-BLE1_V7.0.0, X-CUBE-BLE2_V3.3.0, X-CUBE-BLEMGR_V2.0.0, X-CUBE-EEPRMA1_V4.1.0, X-CUBE-FREERTOS_V1.1.0, X-CUBE-GNSS1_V6.0.0, X-CUBE-MEMS1_V9.1.0, X-CUBE-MEMS1_V9.4.0, X-CUBE-MEMS1_V9.6.0, X-CUBE-NFC4_V3.0.0, X-CUBE-NFC7_V1.0.0, X-CUBE-SFXS2LP1_V4.0.0, X-CUBE-SUBG2_V5.0.0, X-CUBE-TOF1_V3.3.1]
2023-10-23 14:42:10,358 [INFO] ApiDb:240 - Found 323 in-development CPN: [B-G473E-ZEST1S, B-WB1M-WPAN1, B-WL5M-SUBG1, NUCLEO-C031C6, NUCLEO-H503RB, NUCLEO-H563ZI, NUCLEO-U545RE-Q, NUCLEO-U5A5ZJ-Q, NUCLEO-WBA52CG, STEVAL-PROTEUS1, STEVAL-SMARTAG2, STEVAL-STWINBX1, STM320518-EVAL, STM32C0116-DK, STM32C011D6Y3TR, STM32C011D6Y6TR, STM32C011F4P3, STM32C011F4P6, STM32C011F4U3, STM32C011F4U6TR, STM32C011F6P3, STM32C011F6P6, STM32C011F6U3, STM32C011F6U6TR, STM32C011J4M3, STM32C011J4M6, STM32C011J6M3, STM32C011J6M6, STM32C0316-DK, STM32C031C4T3, STM32C031C4T6, STM32C031C4U3, STM32C031C4U6, STM32C031C6T3, STM32C031C6T6, STM32C031C6U3, STM32C031C6U6, STM32C031F4P3, STM32C031F4P6, STM32C031F6P3, STM32C031F6P6, STM32C031G4U3, STM32C031G4U6, STM32C031G6U3, STM32C031G6U6, STM32C031K4T3, STM32C031K4T6, STM32C031K4U3, STM32C031K4U6, STM32C031K6T3, STM32C031K6T6, STM32C031K6U3, STM32C031K6U6, STM32G071K8TXN, STM32G071K8UXN, STM32G081GBU6N, STM32G081KBT6N, STM32G081KBUXN, STM32G0B1CCT6N, STM32G0B1KCT6, STM32G0B1NEY6TR, STM32G0B1RCT6N, STM32G0C1CCT6, STM32G0C1CCT6N, STM32G0C1CCU6N, STM32G0C1CET6N, STM32G0C1CEU6N, STM32G0C1KCT6, STM32G0C1NEY6TR, STM32G0C1RCI6N, STM32G0C1RCT6N, STM32G0C1REI6N, STM32G0C1RET6N, STM32G0C1VCI6, STM32G0C1VEI6, STM32G471CCT6, STM32G471CCU6, STM32G471CET3, STM32G471CET6, STM32G471CEU3, STM32G471CEU6, STM32G471MCT6, STM32G471MET3, STM32G471MET6, STM32G471MEY6TR, STM32G471QCT6, STM32G471QET3, STM32G471RCT6, STM32G471RET3, STM32G471RET6, STM32G471VCH6, STM32G471VCI6, STM32G471VCT6, STM32G471VEH3, STM32G471VEH6, STM32G471VEI3, STM32G471VEI6, STM32G471VET3, STM32G471VET6, STM32G474CCT6, STM32H503CBT6, STM32H503CBU6, STM32H503EBY6TR, STM32H503KBU6, STM32H503RBT6, STM32H562AGI6, STM32H562AII6, STM32H562IGK6, STM32H562IGT6, STM32H562IIK6, STM32H562IIT6, STM32H562RGT6, STM32H562RGV6, STM32H562RIT6, STM32H562RIV6, STM32H562VGT6, STM32H562VIT6, STM32H562ZGT6, STM32H562ZIT6, STM32H563AGI6, STM32H563AII3Q, STM32H563AII6, STM32H563IGK6, STM32H563IGT6, STM32H563IIK3Q, STM32H563IIK6, STM32H563IIT3Q, STM32H563IIT6, STM32H563MIY3QTR, STM32H563RGT6, STM32H563RGV6, STM32H563RIT6, STM32H563RIV6, STM32H563VGT6, STM32H563VIT3Q, STM32H563VIT6, STM32H563ZGT6, STM32H563ZIT3Q, STM32H563ZIT6, STM32H573AII3Q, STM32H573AII6, STM32H573I-DK, STM32H573IIK3Q, STM32H573IIK6, STM32H573IIT3Q, STM32H573IIT6, STM32H573MIY3QTR, STM32H573RIT6, STM32H573RIV6, STM32H573VIT3Q, STM32H573VIT6, STM32H573ZIT3Q, STM32H573ZIT6, STM32L4R5QGI6STR, STM32MP131AAE3, STM32MP131AAF3, STM32MP131AAG3, STM32MP131CAE3, STM32MP131CAF3, STM32MP131CAG3, STM32MP131DAE7, STM32MP131DAF7, STM32MP131DAG7, STM32MP131FAE7, STM32MP131FAF7, STM32MP131FAG7, STM32MP133AAE3, STM32MP133AAF3, STM32MP133AAG3, STM32MP133CAE3, STM32MP133CAF3, STM32MP133CAG3, STM32MP133DAE7, STM32MP133DAF7, STM32MP133DAG7, STM32MP133FAE7, STM32MP133FAF7, STM32MP133FAG7, STM32MP135AAE3, STM32MP135AAF3, STM32MP135AAG3, STM32MP135CAE3, STM32MP135CAF3, STM32MP135CAG3, STM32MP135DAE7, STM32MP135DAF7, STM32MP135DAG7, STM32MP135F-DK, STM32MP135FAE7, STM32MP135FAF7, STM32MP135FAF7T, STM32MP135FAF7U, STM32MP135FAG7, STM32U535CBT6, STM32U535CBT6Q, STM32U535CBU6, STM32U535CBU6Q, STM32U535CCT6, STM32U535CCT6Q, STM32U535CCU6, STM32U535CCU6Q, STM32U535CET6, STM32U535CET6Q, STM32U535CEU6, STM32U535CEU6Q, STM32U535JEY6QTR, STM32U535NCY6QTR, STM32U535NEY6QTR, STM32U535RBI6, STM32U535RBI6Q, STM32U535RBT6, STM32U535RBT6Q, STM32U535RCI6, STM32U535RCI6Q, STM32U535RCT6, STM32U535RCT6Q, STM32U535REI6, STM32U535REI6Q, STM32U535RET6, STM32U535RET6Q, STM32U535VCI6, STM32U535VCI6Q, STM32U535VCT6, STM32U535VCT6Q, STM32U535VEI6, STM32U535VEI6Q, STM32U535VET6, STM32U535VET6Q, STM32U545CET6, STM32U545CET6Q, STM32U545CEU6, STM32U545CEU6Q, STM32U545JEY6QTR, STM32U545NEY6QTR, STM32U545REI6, STM32U545REI6Q, STM32U545RET6, STM32U545RET6Q, STM32U545VEI6, STM32U545VEI6Q, STM32U545VET6, STM32U545VET6Q, STM32U595AIH6, STM32U595AIH6Q, STM32U595AJH6, STM32U595AJH6Q, STM32U595QII6, STM32U595QII6Q, STM32U595QJI6, STM32U595QJI6Q, STM32U595RIT6, STM32U595RIT6Q, STM32U595RJT6, STM32U595RJT6Q, STM32U595VIT6, STM32U595VIT6Q, STM32U595VJT6, STM32U595VJT6Q, STM32U595ZIT6, STM32U595ZIT6Q, STM32U595ZIY6QTR, STM32U595ZJT6, STM32U595ZJT6Q, STM32U595ZJY6QTR, STM32U599BJY6QTR, STM32U599NIH6Q, STM32U599NJH6Q, STM32U599VIT6Q, STM32U599VJT6, STM32U599VJT6Q, STM32U599ZIT6Q, STM32U599ZIY6QTR, STM32U599ZJT6Q, STM32U599ZJY6QTR, STM32U5A5AJH6, STM32U5A5AJH6Q, STM32U5A5QJI6, STM32U5A5QJI6Q, STM32U5A5RJT6, STM32U5A5RJT6Q, STM32U5A5VJT6, STM32U5A5VJT6Q, STM32U5A5ZJT6, STM32U5A5ZJT6Q, STM32U5A5ZJY6QTR, STM32U5A9BJY6QTR, STM32U5A9J-DK, STM32U5A9NJH6Q, STM32U5A9VJT6Q, STM32U5A9ZJT6Q, STM32U5A9ZJY6QTR, STM32U5F7VIT6, STM32U5F7VIT6Q, STM32U5F7VJT6, STM32U5F7VJT6Q, STM32U5F9BJY6QTR, STM32U5F9NJH6Q, STM32U5F9VIT6Q, STM32U5F9VJT6Q, STM32U5F9ZIJ6QTR, STM32U5F9ZIT6Q, STM32U5F9ZJJ6QTR, STM32U5F9ZJT6Q, STM32U5G7VJT6, STM32U5G7VJT6Q, STM32U5G9BJY6QTR, STM32U5G9J-DK1, STM32U5G9J-DK2, STM32U5G9NJH6Q, STM32U5G9VJT6Q, STM32U5G9ZJJ6QTR, STM32U5G9ZJT6Q, STM32WB1MMCH6, STM32WBA52CEU6, STM32WBA52CEU6T, STM32WBA52CGU6, STM32WBA52CGU6T, STM32WBA52KEU6, STM32WBA52KEU6T, STM32WBA52KGU6, STM32WBA52KGU6T, STM32WL5MOCH6, STM32WL5MOCH6TR]
2023-10-23 14:42:10,364 [INFO] DbMcus:217 - Found 3848 MCUs, 3848 are supported
2023-10-23 14:42:10,365 [INFO] ApiDb:423 - Load user favorites file C:\Users\yarde/.stm32cubeide/favorites.mcus.txt: 0 item(s)
2023-10-23 14:42:10,366 [INFO] ApiDb:427 - User favorites MCUs=[]
2023-10-23 14:42:10,366 [INFO] DbMcus:223 - Set 0 / 0 favorites MCUs
2023-10-23 14:42:10,912 [WARN] ThirdParty:833 - waiting for thirdparty lock release [change project]
2023-10-23 14:42:10,912 [INFO] ThirdParty:835 - entering critical section [change project]
2023-10-23 14:42:10,912 [INFO] ThirdParty:1030 - CMSIS Pack Vendor :STMicroelectronics X-CUBE-ISPU 1.1.0
2023-10-23 14:42:10,912 [INFO] ThirdParty:1030 - CMSIS Pack Vendor :STMicroelectronics USBPD 4.1
2023-10-23 14:42:10,912 [INFO] ThirdParty:1030 - CMSIS Pack Vendor :STMicroelectronics X-CUBE-GNSS1 6.0.0
2023-10-23 14:42:10,912 [INFO] ThirdParty:1030 - CMSIS Pack Vendor :STMicroelectronics USB_HOST 2.0.0
2023-10-23 14:42:10,913 [INFO] ThirdParty:1030 - CMSIS Pack Vendor :STMicroelectronics X-CUBE-AZRTOS-F4 1.1.0
2023-10-23 14:42:10,913 [INFO] ThirdParty:1030 - CMSIS Pack Vendor :STMicroelectronics LIBJPEG 8.0.0
2023-10-23 14:42:10,913 [INFO] ThirdParty:1030 - CMSIS Pack Vendor :wolfSSL I-CUBE-wolfSSL 5.6.3
2023-10-23 14:42:10,913 [INFO] ThirdParty:1030 - CMSIS Pack Vendor :STMicroelectronics X-CUBE-SMBUS 2.1.0
2023-10-23 14:42:10,913 [INFO] ThirdParty:1030 - CMSIS Pack Vendor :STMicroelectronics USB_DEVICE 3.0.0
2023-10-23 14:42:10,913 [INFO] ThirdParty:1030 - CMSIS Pack Vendor :STMicroelectronics X-CUBE-AZRTOS-WB 2.0.0
2023-10-23 14:42:10,913 [INFO] ThirdParty:1030 - CMSIS Pack Vendor :STMicroelectronics X-CUBE-AZRTOS-F7 1.1.0
2023-10-23 14:42:10,913 [INFO] ThirdParty:1030 - CMSIS Pack Vendor :STMicroelectronics X-CUBE-AZRTOS-L5 2.0.0
2023-10-23 14:42:10,913 [INFO] ThirdParty:1030 - CMSIS Pack Vendor :STMicroelectronics USB_DEVICE 2.0.0
2023-10-23 14:42:10,913 [INFO] ThirdParty:1030 - CMSIS Pack Vendor :STMicroelectronics X-CUBE-MEMS1 9.6.0
2023-10-23 14:42:10,913 [INFO] ThirdParty:1030 - CMSIS Pack Vendor :ITTIA_DB I-CUBE-ITTIADB 8.8.0
2023-10-23 14:42:10,913 [INFO] ThirdParty:1030 - CMSIS Pack Vendor :STMicroelectronics FP-SNS-MOTENV1 4.3.2
2023-10-23 14:42:10,913 [INFO] ThirdParty:1030 - CMSIS Pack Vendor :STMicroelectronics X-CUBE-ALGOBUILD 1.3.0
2023-10-23 14:42:10,914 [INFO] ThirdParty:1030 - CMSIS Pack Vendor :STMicroelectronics FreeRTOS 0.0.1
2023-10-23 14:42:10,914 [INFO] ThirdParty:1030 - CMSIS Pack Vendor :STMicroelectronics X-CUBE-AZRTOS-G0 1.1.0
2023-10-23 14:42:10,914 [INFO] ThirdParty:1030 - CMSIS Pack Vendor :STMicroelectronics X-CUBE-BLEMGR 2.0.0
2023-10-23 14:42:10,914 [INFO] ThirdParty:1030 - CMSIS Pack Vendor :STMicroelectronics X-CUBE-NFC4 3.0.0
2023-10-23 14:42:10,914 [INFO] ThirdParty:1030 - CMSIS Pack Vendor :STMicroelectronics X-CUBE-SUBG2 5.0.0
2023-10-23 14:42:10,914 [INFO] ThirdParty:1030 - CMSIS Pack Vendor :STMicroelectronics STM32_WPAN 1.0.0
2023-10-23 14:42:10,914 [INFO] ThirdParty:1030 - CMSIS Pack Vendor :STMicroelectronics lwIP 2.0.3
2023-10-23 14:42:10,914 [INFO] ThirdParty:1030 - CMSIS Pack Vendor :STMicroelectronics FP-SNS-FLIGHT1 5.0.2
2023-10-23 14:42:10,914 [INFO] ThirdParty:1030 - CMSIS Pack Vendor :STMicroelectronics USB_HOST 1.0.0
2023-10-23 14:42:10,914 [INFO] ThirdParty:1030 - CMSIS Pack Vendor :STMicroelectronics X-CUBE-TOF1 3.3.1
2023-10-23 14:42:10,914 [INFO] ThirdParty:1030 - CMSIS Pack Vendor :STMicroelectronics X-CUBE-AZRTOS-G4 2.0.0
2023-10-23 14:42:10,914 [INFO] ThirdParty:1030 - CMSIS Pack Vendor :STMicroelectronics PDM2PCM 3.1.0
2023-10-23 14:42:10,914 [INFO] ThirdParty:1030 - CMSIS Pack Vendor :STMicroelectronics X-CUBE-AZRTOS-H7 3.1.0
2023-10-23 14:42:10,914 [INFO] ThirdParty:1030 - CMSIS Pack Vendor :Infineon AIROC-Wi-Fi-Bluetooth-STM32 1.5.1
2023-10-23 14:42:10,914 [INFO] ThirdParty:1030 - CMSIS Pack Vendor :STMicroelectronics PDM2PCM 3.3.0
2023-10-23 14:42:10,914 [INFO] ThirdParty:1030 - CMSIS Pack Vendor :STMicroelectronics X-CUBE-DISPLAY 3.0.0
2023-10-23 14:42:10,915 [INFO] ThirdParty:1030 - CMSIS Pack Vendor :STMicroelectronics X-CUBE-BLE1 7.0.0
2023-10-23 14:42:10,915 [INFO] ThirdParty:1030 - CMSIS Pack Vendor :STMicroelectronics FP-ATR-SIGFOX1 3.2.0
2023-10-23 14:42:10,915 [INFO] ThirdParty:1030 - CMSIS Pack Vendor :STMicroelectronics HAL Drivers 0.0.0
2023-10-23 14:42:10,915 [INFO] ThirdParty:1030 - CMSIS Pack Vendor :STMicroelectronics MBEDTLS 2.16.2
2023-10-23 14:42:10,915 [INFO] ThirdParty:1030 - CMSIS Pack Vendor :emotas I-CUBE-CANOPEN 1.3.0
2023-10-23 14:42:10,915 [INFO] ThirdParty:1030 - CMSIS Pack Vendor :STMicroelectronics X-CUBE-FREERTOS 1.1.0
2023-10-23 14:42:10,915 [INFO] ThirdParty:1030 - CMSIS Pack Vendor :STMicroelectronics X-CUBE-TOUCHGFX 4.22.0
2023-10-23 14:42:10,915 [INFO] ThirdParty:1030 - CMSIS Pack Vendor :STMicroelectronics X-CUBE-NFC7 1.0.1
2023-10-23 14:42:10,915 [INFO] ThirdParty:1030 - CMSIS Pack Vendor :STMicroelectronics MBEDTLS 2.14.1
2023-10-23 14:42:10,915 [INFO] ThirdParty:1030 - CMSIS Pack Vendor :STMicroelectronics X-CUBE-TOUCHGFX 4.22.1
2023-10-23 14:42:10,915 [INFO] ThirdParty:1030 - CMSIS Pack Vendor :STMicroelectronics X-CUBE-NFC6 3.0.0
2023-10-23 14:42:10,915 [INFO] ThirdParty:1030 - CMSIS Pack Vendor :STMicroelectronics X-CUBE-EEPRMA1 4.1.0
2023-10-23 14:42:10,915 [INFO] ThirdParty:1030 - CMSIS Pack Vendor :portGmbH I-Cube-SoM-uGOAL 1.1.0
2023-10-23 14:42:10,915 [INFO] ThirdParty:1030 - CMSIS Pack Vendor :STMicroelectronics X-CUBE-ALS 1.0.1
2023-10-23 14:42:10,915 [INFO] ThirdParty:1030 - CMSIS Pack Vendor :STMicroelectronics ThreadX 1.0.0
2023-10-23 14:42:10,915 [INFO] ThirdParty:1030 - CMSIS Pack Vendor :STMicroelectronics FP-SNS-SMARTAG2 1.2.0
2023-10-23 14:42:10,915 [INFO] ThirdParty:1030 - CMSIS Pack Vendor :STMicroelectronics X-CUBE-AZRTOS-WL 2.0.0
2023-10-23 14:42:10,916 [INFO] ThirdParty:1030 - CMSIS Pack Vendor :SEGGER I-CUBE-embOS 1.3.1
2023-10-23 14:42:10,916 [INFO] ThirdParty:1030 - CMSIS Pack Vendor :STMicroelectronics USB_DEVICE 1.0.0
2023-10-23 14:42:10,916 [INFO] ThirdParty:1030 - CMSIS Pack Vendor :STMicroelectronics X-CUBE-AI 8.1.0
2023-10-23 14:42:10,916 [INFO] ThirdParty:1030 - CMSIS Pack Vendor :STMicroelectronics X-CUBE-AZRTOS-L4 2.0.0
2023-10-23 14:42:10,916 [INFO] ThirdParty:1030 - CMSIS Pack Vendor :STMicroelectronics ThreadX 0.0.2
2023-10-23 14:42:10,916 [INFO] ThirdParty:1030 - CMSIS Pack Vendor :WES I-CUBE-Cesium 1.3.0
2023-10-23 14:42:10,916 [INFO] ThirdParty:1030 - CMSIS Pack Vendor :STMicroelectronics FP-ATR-ASTRA1 2.0.0
2023-10-23 14:42:10,916 [INFO] ThirdParty:1030 - CMSIS Pack Vendor :STMicroelectronics lwIP 2.1.2
2023-10-23 14:42:10,916 [INFO] ThirdParty:1030 - CMSIS Pack Vendor :STMicroelectronics X-CUBE-SFXS2LP1 4.0.0
2023-10-23 14:42:10,916 [INFO] ThirdParty:1030 - CMSIS Pack Vendor :STMicroelectronics X-CUBE-BLE2 3.3.0
2023-10-23 14:42:10,916 [INFO] ThirdParty:1030 - CMSIS Pack Vendor :STMicroelectronics PDM2PCM 3.2.0
2023-10-23 14:42:10,916 [INFO] ThirdParty:841 - exiting critical section [change project]
2023-10-23 14:42:11,673 [INFO] PinOutPanel:1499 - setPackage(No Configuration,No Configuration)
2023-10-23 14:42:11,678 [INFO] PinOutPanel:1499 - setPackage(STM32F746ZGTx,LQFP144)
2023-10-23 14:42:12,912 [INFO] UtilMem:75 - Before build in PCC Used Memory: 668908704 Bytes (1073741824)
2023-10-23 14:42:14,234 [INFO] UtilMem:75 - After build in PCC Used Memory: 748084400 Bytes (1073741824)
2023-10-23 14:42:14,311 [INFO] IPUIPlugin:80 - create IPUIPlugin
2023-10-23 14:42:14,312 [INFO] IPUIPlugin:80 - create IPUIPlugin
2023-10-23 14:42:14,312 [INFO] IPUIPlugin:80 - create IPUIPlugin
2023-10-23 14:42:14,312 [INFO] IPUIPlugin:80 - create IPUIPlugin
2023-10-23 14:42:14,312 [INFO] IPUIPlugin:80 - create IPUIPlugin
2023-10-23 14:42:14,314 [INFO] IPUIPlugin:80 - create IPUIPlugin
2023-10-23 14:42:14,314 [INFO] IPUIPlugin:80 - create IPUIPlugin
2023-10-23 14:42:14,314 [INFO] IPUIPlugin:80 - create IPUIPlugin
2023-10-23 14:42:14,315 [INFO] IPUIPlugin:80 - create IPUIPlugin
2023-10-23 14:42:14,315 [INFO] IPUIPlugin:80 - create IPUIPlugin
2023-10-23 14:42:14,315 [INFO] IPUIPlugin:80 - create IPUIPlugin
2023-10-23 14:42:14,316 [INFO] IPUIPlugin:80 - create IPUIPlugin
2023-10-23 14:42:14,316 [INFO] IPUIPlugin:80 - create IPUIPlugin
2023-10-23 14:42:14,316 [INFO] IPUIPlugin:80 - create IPUIPlugin
2023-10-23 14:42:14,317 [INFO] IPUIPlugin:80 - create IPUIPlugin
2023-10-23 14:42:14,317 [INFO] IPUIPlugin:80 - create IPUIPlugin
2023-10-23 14:42:14,318 [INFO] IPUIPlugin:80 - create IPUIPlugin
2023-10-23 14:42:14,318 [INFO] IPUIPlugin:80 - create IPUIPlugin
2023-10-23 14:42:14,318 [INFO] IPUIPlugin:80 - create IPUIPlugin
2023-10-23 14:42:14,318 [INFO] IPUIPlugin:80 - create IPUIPlugin
2023-10-23 14:42:14,319 [INFO] IPUIPlugin:80 - create IPUIPlugin
2023-10-23 14:42:14,319 [INFO] IPUIPlugin:80 - create IPUIPlugin
2023-10-23 14:42:14,319 [INFO] IPUIPlugin:80 - create IPUIPlugin
2023-10-23 14:42:14,319 [INFO] IPUIPlugin:80 - create IPUIPlugin
2023-10-23 14:42:14,320 [INFO] IPUIPlugin:80 - create IPUIPlugin
2023-10-23 14:42:14,321 [INFO] IPUIPlugin:80 - create IPUIPlugin
2023-10-23 14:42:14,321 [INFO] IPUIPlugin:80 - create IPUIPlugin
2023-10-23 14:42:14,321 [INFO] IPUIPlugin:80 - create IPUIPlugin
2023-10-23 14:42:14,322 [INFO] IPUIPlugin:80 - create IPUIPlugin
2023-10-23 14:42:14,322 [INFO] IPUIPlugin:80 - create IPUIPlugin
2023-10-23 14:42:14,323 [INFO] IPUIPlugin:80 - create IPUIPlugin
2023-10-23 14:42:14,323 [INFO] IPUIPlugin:80 - create IPUIPlugin
2023-10-23 14:42:14,324 [INFO] IPUIPlugin:80 - create IPUIPlugin
2023-10-23 14:42:14,324 [INFO] IPUIPlugin:80 - create IPUIPlugin
2023-10-23 14:42:14,325 [INFO] IPUIPlugin:80 - create IPUIPlugin
2023-10-23 14:42:14,325 [INFO] IPUIPlugin:80 - create IPUIPlugin
2023-10-23 14:42:14,326 [INFO] IPUIPlugin:80 - create IPUIPlugin
2023-10-23 14:42:14,326 [INFO] IPUIPlugin:80 - create IPUIPlugin
2023-10-23 14:42:14,327 [INFO] IPUIPlugin:80 - create IPUIPlugin
2023-10-23 14:42:14,328 [INFO] IPUIPlugin:80 - create IPUIPlugin
2023-10-23 14:42:14,329 [INFO] IPUIPlugin:80 - create IPUIPlugin
2023-10-23 14:42:14,329 [INFO] IPUIPlugin:80 - create IPUIPlugin
2023-10-23 14:42:14,330 [INFO] IPUIPlugin:80 - create IPUIPlugin
2023-10-23 14:42:14,330 [INFO] IPUIPlugin:80 - create IPUIPlugin
2023-10-23 14:42:14,331 [INFO] IPUIPlugin:80 - create IPUIPlugin
2023-10-23 14:42:14,331 [INFO] IPUIPlugin:80 - create IPUIPlugin
2023-10-23 14:42:14,332 [INFO] IPUIPlugin:80 - create IPUIPlugin
2023-10-23 14:42:14,332 [INFO] IPUIPlugin:80 - create IPUIPlugin
2023-10-23 14:42:14,333 [INFO] IPUIPlugin:80 - create IPUIPlugin
2023-10-23 14:42:14,333 [INFO] IPUIPlugin:80 - create IPUIPlugin
2023-10-23 14:42:14,334 [INFO] IPUIPlugin:80 - create IPUIPlugin
2023-10-23 14:42:14,335 [INFO] IPUIPlugin:80 - create IPUIPlugin
2023-10-23 14:42:14,336 [INFO] IPUIPlugin:80 - create IPUIPlugin
2023-10-23 14:42:14,336 [INFO] IPUIPlugin:80 - create IPUIPlugin
2023-10-23 14:42:14,337 [INFO] IPUIPlugin:80 - create IPUIPlugin
2023-10-23 14:42:14,337 [INFO] IPUIPlugin:80 - create IPUIPlugin
2023-10-23 14:42:14,338 [INFO] IPUIPlugin:80 - create IPUIPlugin
2023-10-23 14:42:14,338 [INFO] IPUIPlugin:80 - create IPUIPlugin
2023-10-23 14:42:14,339 [INFO] IPUIPlugin:80 - create IPUIPlugin
2023-10-23 14:42:14,340 [INFO] IPUIPlugin:80 - create IPUIPlugin
2023-10-23 14:42:14,340 [INFO] IPUIPlugin:80 - create IPUIPlugin
2023-10-23 14:42:14,341 [INFO] IPUIPlugin:80 - create IPUIPlugin
2023-10-23 14:42:14,342 [INFO] IPUIPlugin:80 - create IPUIPlugin
2023-10-23 14:42:14,343 [INFO] IPUIPlugin:80 - create IPUIPlugin
2023-10-23 14:42:14,344 [INFO] IPUIPlugin:80 - create IPUIPlugin
2023-10-23 14:42:14,344 [INFO] IPUIPlugin:80 - create IPUIPlugin
2023-10-23 14:42:14,345 [INFO] IPUIPlugin:80 - create IPUIPlugin
2023-10-23 14:42:14,346 [INFO] IPUIPlugin:80 - create IPUIPlugin
2023-10-23 14:42:14,347 [INFO] IPUIPlugin:80 - create IPUIPlugin
2023-10-23 14:42:14,348 [INFO] IPUIPlugin:80 - create IPUIPlugin
2023-10-23 14:42:14,349 [INFO] IPUIPlugin:80 - create IPUIPlugin
2023-10-23 14:42:14,350 [INFO] IPUIPlugin:80 - create IPUIPlugin
2023-10-23 14:42:14,351 [INFO] IPUIPlugin:80 - create IPUIPlugin
2023-10-23 14:42:14,352 [INFO] IPUIPlugin:80 - create IPUIPlugin
2023-10-23 14:42:14,497 [INFO] ApiDbMcu:507 - Load IP Config File for PDM2PCM
2023-10-23 14:42:14,910 [INFO] CADModel:165 - CPN selected for project levelSTM32F746ZGT6
2023-10-23 14:42:14,910 [INFO] CADModel:114 - Register for checkConnection events
2023-10-23 14:42:14,967 [INFO] OpenFileManager:328 - Restore cursor
2023-10-23 14:42:41,349 [INFO] NvicIntPanel:101 - NVIC parent = com.st.microxplorer.plugins.ip.nvic.MultiNvicIntPanel[,0,0,450x134,layout=javax.swing.BoxLayout,alignmentX=0.0,alignmentY=0.0,border=,flags=9,maximumSize=,minimumSize=,preferredSize=]
2023-10-23 14:42:58,315 [INFO] ADCParametersView:116 -                Rank 1 : false
2023-10-23 14:42:58,443 [INFO] ADCParametersView:116 -                Rank 1 : false
2023-10-23 14:42:58,444 [INFO] ADCParametersView:116 -                Rank 1 : false
2023-10-23 14:42:58,444 [INFO] ADCParametersView:116 -                Rank 1 : false
2023-10-23 14:42:58,444 [INFO] ADCParametersView:116 -                Rank 1 : false
2023-10-23 14:42:58,444 [INFO] ADCParametersView:116 -                Rank 1 : false
2023-10-23 14:42:58,444 [INFO] ADCParametersView:116 -                Rank 1 : false
2023-10-23 14:42:58,445 [INFO] ADCParametersView:116 -                Rank 1 : false
2023-10-23 14:42:58,445 [INFO] ADCParametersView:116 -                Rank 1 : false
2023-10-23 14:42:58,445 [INFO] ADCParametersView:116 -                Rank 1 : false
2023-10-23 14:42:58,445 [INFO] ADCParametersView:116 -                Rank 1 : false
2023-10-23 14:42:58,445 [INFO] ADCParametersView:116 -                Rank 1 : false
2023-10-23 14:42:58,445 [INFO] ADCParametersView:116 -                Rank 1 : false
2023-10-23 14:42:58,445 [INFO] ADCParametersView:116 -                Rank 1 : false
2023-10-23 14:42:58,445 [INFO] ADCParametersView:116 -                Rank 1 : false
2023-10-23 14:42:58,515 [INFO] ADCParametersView:116 -                Rank 1 : false
2023-10-23 14:43:04,872 [INFO] ParamManager:896 - [Generic UI] PropertyChangeEvent: TAB_STATUS_CHANGED , "dont care", "never mind"
2023-10-23 14:43:04,876 [INFO] ADCParametersView:116 -                Rank 1 : false
2023-10-23 14:43:04,876 [INFO] ADCParametersView:116 -                Rank 1 : false
2023-10-23 14:43:04,876 [INFO] ADCParametersView:116 -                Rank 1 : false
2023-10-23 14:43:04,876 [INFO] ADCParametersView:116 -                Rank 1 : false
2023-10-23 14:43:04,877 [INFO] ADCParametersView:116 -                Rank 1 : false
2023-10-23 14:43:04,877 [INFO] ADCParametersView:116 -                Rank 1 : false
2023-10-23 14:43:04,877 [INFO] ADCParametersView:116 -                Rank 1 : false
2023-10-23 14:43:04,877 [INFO] ADCParametersView:116 -                Rank 1 : false
2023-10-23 14:43:04,877 [INFO] ADCParametersView:116 -                Rank 1 : false
2023-10-23 14:43:04,877 [INFO] ADCParametersView:116 -                Rank 1 : false
2023-10-23 14:43:04,877 [INFO] ADCParametersView:116 -                Rank 1 : false
2023-10-23 14:43:04,878 [INFO] ADCParametersView:116 -                Rank 1 : false
2023-10-23 14:43:04,878 [INFO] ADCParametersView:116 -                Rank 1 : false
2023-10-23 14:43:04,878 [INFO] ADCParametersView:116 -                Rank 1 : false
2023-10-23 14:43:04,895 [INFO] ParamManager:896 - [Generic UI] PropertyChangeEvent: TAB_STATUS_CHANGED , "dont care", "never mind"
2023-10-23 14:43:04,901 [INFO] ADCParametersView:116 -                Rank 1 : false
2023-10-23 14:43:04,936 [INFO] ADCParametersView:116 -                Rank 1 : false
2023-10-23 14:43:04,936 [INFO] ADCParametersView:116 -                Rank 1 : false
2023-10-23 14:43:04,936 [INFO] ADCParametersView:116 -                Rank 1 : false
2023-10-23 14:43:04,936 [INFO] ADCParametersView:116 -                Rank 1 : false
2023-10-23 14:43:04,937 [INFO] ADCParametersView:116 -                Rank 1 : false
2023-10-23 14:43:04,937 [INFO] ADCParametersView:116 -                Rank 1 : false
2023-10-23 14:43:04,937 [INFO] ADCParametersView:116 -                Rank 1 : false
2023-10-23 14:43:04,937 [INFO] ADCParametersView:116 -                Rank 1 : false
2023-10-23 14:43:04,937 [INFO] ADCParametersView:116 -                Rank 1 : false
2023-10-23 14:43:04,937 [INFO] ADCParametersView:116 -                Rank 1 : false
2023-10-23 14:43:04,937 [INFO] ADCParametersView:116 -                Rank 1 : false
2023-10-23 14:43:04,937 [INFO] ADCParametersView:116 -                Rank 1 : false
2023-10-23 14:43:04,938 [INFO] ADCParametersView:116 -                Rank 1 : false
2023-10-23 14:43:04,938 [INFO] ADCParametersView:116 -                Rank 1 : false
2023-10-23 14:43:04,954 [INFO] ADCParametersView:116 -                Rank 1 : false
2023-10-23 14:43:05,165 [INFO] NvicIntPanel:101 - NVIC parent = com.st.microxplorer.plugins.ip.nvic.MultiNvicIntPanel[,0,0,0x0,invalid,layout=javax.swing.BoxLayout,alignmentX=0.0,alignmentY=0.0,border=,flags=9,maximumSize=,minimumSize=,preferredSize=]
2023-10-23 14:43:05,389 [INFO] NvicIntPanel:101 - NVIC parent = com.st.microxplorer.plugins.ip.nvic.MultiNvicIntPanel[,0,0,0x0,invalid,layout=javax.swing.BoxLayout,alignmentX=0.0,alignmentY=0.0,border=,flags=9,maximumSize=,minimumSize=,preferredSize=]
2023-10-23 14:43:05,509 [INFO] ADCParametersView:116 -                Rank 1 : false
2023-10-23 14:43:05,510 [INFO] ADCParametersView:116 -                Rank 1 : false
2023-10-23 14:43:05,510 [INFO] ADCParametersView:116 -                Rank 1 : false
2023-10-23 14:43:05,510 [INFO] ADCParametersView:116 -                Rank 1 : false
2023-10-23 14:43:05,511 [INFO] ADCParametersView:116 -                Rank 1 : false
2023-10-23 14:43:05,511 [INFO] ADCParametersView:116 -                Rank 1 : false
2023-10-23 14:43:05,511 [INFO] ADCParametersView:116 -                Rank 1 : false
2023-10-23 14:43:05,511 [INFO] ADCParametersView:116 -                Rank 1 : false
2023-10-23 14:43:05,511 [INFO] ADCParametersView:116 -                Rank 1 : false
2023-10-23 14:43:05,511 [INFO] ADCParametersView:116 -                Rank 1 : false
2023-10-23 14:43:05,512 [INFO] ADCParametersView:116 -                Rank 1 : false
2023-10-23 14:43:05,512 [INFO] ADCParametersView:116 -                Rank 1 : false
2023-10-23 14:43:05,512 [INFO] ADCParametersView:116 -                Rank 1 : false
2023-10-23 14:43:05,512 [INFO] ADCParametersView:116 -                Rank 1 : false
2023-10-23 14:43:05,575 [INFO] ADCParametersView:116 -                Rank 1 : false
2023-10-23 14:43:05,692 [INFO] ADCParametersView:116 -                Rank 1 : false
2023-10-23 14:43:05,693 [INFO] ADCParametersView:116 -                Rank 1 : false
2023-10-23 14:43:05,693 [INFO] ADCParametersView:116 -                Rank 1 : false
2023-10-23 14:43:05,693 [INFO] ADCParametersView:116 -                Rank 1 : false
2023-10-23 14:43:05,693 [INFO] ADCParametersView:116 -                Rank 1 : false
2023-10-23 14:43:05,694 [INFO] ADCParametersView:116 -                Rank 1 : false
2023-10-23 14:43:05,694 [INFO] ADCParametersView:116 -                Rank 1 : false
2023-10-23 14:43:05,694 [INFO] ADCParametersView:116 -                Rank 1 : false
2023-10-23 14:43:05,694 [INFO] ADCParametersView:116 -                Rank 1 : false
2023-10-23 14:43:05,694 [INFO] ADCParametersView:116 -                Rank 1 : false
2023-10-23 14:43:05,695 [INFO] ADCParametersView:116 -                Rank 1 : false
2023-10-23 14:43:05,695 [INFO] ADCParametersView:116 -                Rank 1 : false
2023-10-23 14:43:05,695 [INFO] ADCParametersView:116 -                Rank 1 : false
2023-10-23 14:43:05,695 [INFO] ADCParametersView:116 -                Rank 1 : false
2023-10-23 14:43:05,770 [INFO] ADCParametersView:116 -                Rank 1 : false
2023-10-23 14:43:08,095 [INFO] ParamManager:896 - [Generic UI] PropertyChangeEvent: TAB_STATUS_CHANGED , "dont care", "never mind"
2023-10-23 14:43:08,101 [INFO] ADCParametersView:116 -                Rank 1 : false
2023-10-23 14:43:08,101 [INFO] ADCParametersView:116 -                Rank 1 : false
2023-10-23 14:43:08,102 [INFO] ADCParametersView:116 -                Rank 1 : false
2023-10-23 14:43:08,102 [INFO] ADCParametersView:116 -                Rank 1 : false
2023-10-23 14:43:08,102 [INFO] ADCParametersView:116 -                Rank 1 : false
2023-10-23 14:43:08,102 [INFO] ADCParametersView:116 -                Rank 1 : false
2023-10-23 14:43:08,102 [INFO] ADCParametersView:116 -                Rank 1 : false
2023-10-23 14:43:08,102 [INFO] ADCParametersView:116 -                Rank 1 : false
2023-10-23 14:43:08,102 [INFO] ADCParametersView:116 -                Rank 1 : false
2023-10-23 14:43:08,103 [INFO] ADCParametersView:116 -                Rank 1 : false
2023-10-23 14:43:08,103 [INFO] ADCParametersView:116 -                Rank 1 : false
2023-10-23 14:43:08,103 [INFO] ADCParametersView:116 -                Rank 1 : false
2023-10-23 14:43:08,103 [INFO] ADCParametersView:116 -                Rank 1 : false
2023-10-23 14:43:08,103 [INFO] ADCParametersView:116 -                Rank 1 : false
2023-10-23 14:43:08,124 [INFO] ParamManager:896 - [Generic UI] PropertyChangeEvent: TAB_STATUS_CHANGED , "dont care", "never mind"
2023-10-23 14:43:08,132 [INFO] ADCParametersView:116 -                Rank 1 : false
2023-10-23 14:43:08,174 [INFO] ADCParametersView:116 -                Rank 1 : false
2023-10-23 14:43:08,175 [INFO] ADCParametersView:116 -                Rank 1 : false
2023-10-23 14:43:08,175 [INFO] ADCParametersView:116 -                Rank 1 : false
2023-10-23 14:43:08,175 [INFO] ADCParametersView:116 -                Rank 1 : false
2023-10-23 14:43:08,175 [INFO] ADCParametersView:116 -                Rank 1 : false
2023-10-23 14:43:08,175 [INFO] ADCParametersView:116 -                Rank 1 : false
2023-10-23 14:43:08,175 [INFO] ADCParametersView:116 -                Rank 1 : false
2023-10-23 14:43:08,176 [INFO] ADCParametersView:116 -                Rank 1 : false
2023-10-23 14:43:08,176 [INFO] ADCParametersView:116 -                Rank 1 : false
2023-10-23 14:43:08,176 [INFO] ADCParametersView:116 -                Rank 1 : false
2023-10-23 14:43:08,176 [INFO] ADCParametersView:116 -                Rank 1 : false
2023-10-23 14:43:08,176 [INFO] ADCParametersView:116 -                Rank 1 : false
2023-10-23 14:43:08,176 [INFO] ADCParametersView:116 -                Rank 1 : false
2023-10-23 14:43:08,176 [INFO] ADCParametersView:116 -                Rank 1 : false
2023-10-23 14:43:08,200 [INFO] ADCParametersView:116 -                Rank 1 : false
2023-10-23 14:43:08,472 [INFO] NvicIntPanel:101 - NVIC parent = com.st.microxplorer.plugins.ip.nvic.MultiNvicIntPanel[,0,0,0x0,invalid,layout=javax.swing.BoxLayout,alignmentX=0.0,alignmentY=0.0,border=,flags=9,maximumSize=,minimumSize=,preferredSize=]
2023-10-23 14:43:08,715 [INFO] NvicIntPanel:101 - NVIC parent = com.st.microxplorer.plugins.ip.nvic.MultiNvicIntPanel[,0,0,0x0,invalid,layout=javax.swing.BoxLayout,alignmentX=0.0,alignmentY=0.0,border=,flags=9,maximumSize=,minimumSize=,preferredSize=]
2023-10-23 14:43:08,878 [INFO] ADCParametersView:116 -                Rank 1 : false
2023-10-23 14:43:08,878 [INFO] ADCParametersView:116 -                Rank 1 : false
2023-10-23 14:43:08,878 [INFO] ADCParametersView:116 -                Rank 1 : false
2023-10-23 14:43:08,878 [INFO] ADCParametersView:116 -                Rank 1 : false
2023-10-23 14:43:08,879 [INFO] ADCParametersView:116 -                Rank 1 : false
2023-10-23 14:43:08,879 [INFO] ADCParametersView:116 -                Rank 1 : false
2023-10-23 14:43:08,879 [INFO] ADCParametersView:116 -                Rank 1 : false
2023-10-23 14:43:08,879 [INFO] ADCParametersView:116 -                Rank 1 : false
2023-10-23 14:43:08,879 [INFO] ADCParametersView:116 -                Rank 1 : false
2023-10-23 14:43:08,879 [INFO] ADCParametersView:116 -                Rank 1 : false
2023-10-23 14:43:08,879 [INFO] ADCParametersView:116 -                Rank 1 : false
2023-10-23 14:43:08,880 [INFO] ADCParametersView:116 -                Rank 1 : false
2023-10-23 14:43:08,880 [INFO] ADCParametersView:116 -                Rank 1 : false
2023-10-23 14:43:08,880 [INFO] ADCParametersView:116 -                Rank 1 : false
2023-10-23 14:43:08,964 [INFO] ADCParametersView:116 -                Rank 1 : false
2023-10-23 14:43:09,080 [INFO] ADCParametersView:116 -                Rank 1 : false
2023-10-23 14:43:09,081 [INFO] ADCParametersView:116 -                Rank 1 : false
2023-10-23 14:43:09,081 [INFO] ADCParametersView:116 -                Rank 1 : false
2023-10-23 14:43:09,081 [INFO] ADCParametersView:116 -                Rank 1 : false
2023-10-23 14:43:09,081 [INFO] ADCParametersView:116 -                Rank 1 : false
2023-10-23 14:43:09,081 [INFO] ADCParametersView:116 -                Rank 1 : false
2023-10-23 14:43:09,082 [INFO] ADCParametersView:116 -                Rank 1 : false
2023-10-23 14:43:09,082 [INFO] ADCParametersView:116 -                Rank 1 : false
2023-10-23 14:43:09,082 [INFO] ADCParametersView:116 -                Rank 1 : false
2023-10-23 14:43:09,082 [INFO] ADCParametersView:116 -                Rank 1 : false
2023-10-23 14:43:09,082 [INFO] ADCParametersView:116 -                Rank 1 : false
2023-10-23 14:43:09,083 [INFO] ADCParametersView:116 -                Rank 1 : false
2023-10-23 14:43:09,083 [INFO] ADCParametersView:116 -                Rank 1 : false
2023-10-23 14:43:09,083 [INFO] ADCParametersView:116 -                Rank 1 : false
2023-10-23 14:43:09,163 [INFO] ADCParametersView:116 -                Rank 1 : false
2023-10-23 14:43:36,697 [INFO] ADCParametersView:116 -                Rank 1 : false
2023-10-23 14:43:36,698 [INFO] ADCParametersView:116 -                Rank 1 : false
2023-10-23 14:43:36,698 [INFO] ADCParametersView:116 -                Rank 1 : false
2023-10-23 14:43:36,699 [INFO] ADCParametersView:116 -                Rank 1 : false
2023-10-23 14:43:36,699 [INFO] ADCParametersView:116 -                Rank 1 : false
2023-10-23 14:43:36,699 [INFO] ADCParametersView:116 -                Rank 1 : false
2023-10-23 14:43:36,700 [INFO] ADCParametersView:116 -                Rank 1 : false
2023-10-23 14:43:36,700 [INFO] ADCParametersView:116 -                Rank 1 : false
2023-10-23 14:43:36,701 [INFO] ADCParametersView:116 -                Rank 1 : false
2023-10-23 14:43:36,701 [INFO] ADCParametersView:116 -                Rank 1 : false
2023-10-23 14:43:36,701 [INFO] ADCParametersView:116 -                Rank 1 : false
2023-10-23 14:43:36,702 [INFO] ADCParametersView:116 -                Rank 1 : false
2023-10-23 14:43:36,702 [INFO] ADCParametersView:116 -                Rank 1 : false
2023-10-23 14:43:36,702 [INFO] ADCParametersView:116 -                Rank 1 : false
2023-10-23 14:43:36,744 [INFO] ADCParametersView:116 -                Rank 1 : false
2023-10-23 14:44:12,194 [INFO] NvicIntPanel:101 - NVIC parent = com.st.microxplorer.plugins.ip.nvic.MultiNvicIntPanel[,0,0,450x134,layout=javax.swing.BoxLayout,alignmentX=0.0,alignmentY=0.0,border=,flags=9,maximumSize=,minimumSize=,preferredSize=]
2023-10-23 14:44:17,238 [INFO] ADCParametersView:116 -                Rank 1 : false
2023-10-23 14:44:17,239 [INFO] ADCParametersView:116 -                Rank 1 : false
2023-10-23 14:44:17,239 [INFO] ADCParametersView:116 -                Rank 1 : false
2023-10-23 14:44:17,240 [INFO] ADCParametersView:116 -                Rank 1 : false
2023-10-23 14:44:17,240 [INFO] ADCParametersView:116 -                Rank 1 : false
2023-10-23 14:44:17,240 [INFO] ADCParametersView:116 -                Rank 1 : false
2023-10-23 14:44:17,241 [INFO] ADCParametersView:116 -                Rank 1 : false
2023-10-23 14:44:17,241 [INFO] ADCParametersView:116 -                Rank 1 : false
2023-10-23 14:44:17,242 [INFO] ADCParametersView:116 -                Rank 1 : false
2023-10-23 14:44:17,242 [INFO] ADCParametersView:116 -                Rank 1 : false
2023-10-23 14:44:17,242 [INFO] ADCParametersView:116 -                Rank 1 : false
2023-10-23 14:44:17,242 [INFO] ADCParametersView:116 -                Rank 1 : false
2023-10-23 14:44:17,243 [INFO] ADCParametersView:116 -                Rank 1 : false
2023-10-23 14:44:17,243 [INFO] ADCParametersView:116 -                Rank 1 : false
2023-10-23 14:44:17,318 [INFO] ADCParametersView:116 -                Rank 1 : false
2023-10-23 14:44:42,704 [INFO] ADCParametersView:116 -                Rank 1 : false
2023-10-23 14:44:42,709 [INFO] ADCParametersView:116 -                Rank 1 : false
2023-10-23 14:44:42,709 [INFO] ADCParametersView:116 -                Rank 1 : false
2023-10-23 14:44:42,709 [INFO] ADCParametersView:116 -                Rank 1 : false
2023-10-23 14:44:42,709 [INFO] ADCParametersView:116 -                Rank 1 : false
2023-10-23 14:44:42,710 [INFO] ADCParametersView:116 -                Rank 1 : false
2023-10-23 14:44:42,710 [INFO] ADCParametersView:116 -                Rank 1 : false
2023-10-23 14:44:42,710 [INFO] ADCParametersView:116 -                Rank 1 : false
2023-10-23 14:44:42,710 [INFO] ADCParametersView:116 -                Rank 1 : false
2023-10-23 14:44:42,710 [INFO] ADCParametersView:116 -                Rank 1 : false
2023-10-23 14:44:42,710 [INFO] ADCParametersView:116 -                Rank 1 : false
2023-10-23 14:44:42,710 [INFO] ADCParametersView:116 -                Rank 1 : false
2023-10-23 14:44:42,710 [INFO] ADCParametersView:116 -                Rank 1 : false
2023-10-23 14:44:42,710 [INFO] ADCParametersView:116 -                Rank 1 : false
2023-10-23 14:44:42,721 [INFO] ADCParametersView:116 -                Rank 1 : false
2023-10-23 14:44:42,747 [INFO] ADCParametersView:116 -                Rank 1 : false
2023-10-23 14:44:42,748 [INFO] ADCParametersView:116 -                Rank 1 : false
2023-10-23 14:44:42,748 [INFO] ADCParametersView:116 -                Rank 1 : false
2023-10-23 14:44:42,749 [INFO] ADCParametersView:116 -                Rank 1 : false
2023-10-23 14:44:42,749 [INFO] ADCParametersView:116 -                Rank 1 : false
2023-10-23 14:44:42,749 [INFO] ADCParametersView:116 -                Rank 1 : false
2023-10-23 14:44:42,749 [INFO] ADCParametersView:116 -                Rank 1 : false
2023-10-23 14:44:42,749 [INFO] ADCParametersView:116 -                Rank 1 : false
2023-10-23 14:44:42,749 [INFO] ADCParametersView:116 -                Rank 1 : false
2023-10-23 14:44:42,749 [INFO] ADCParametersView:116 -                Rank 1 : false
2023-10-23 14:44:42,749 [INFO] ADCParametersView:116 -                Rank 1 : false
2023-10-23 14:44:42,749 [INFO] ADCParametersView:116 -                Rank 1 : false
2023-10-23 14:44:42,749 [INFO] ADCParametersView:116 -                Rank 1 : false
2023-10-23 14:44:42,749 [INFO] ADCParametersView:116 -                Rank 1 : false
2023-10-23 14:44:42,762 [INFO] ADCParametersView:116 -                Rank 1 : false
2023-10-23 14:44:42,830 [INFO] ADCParametersView:116 -                Rank 1 : false
2023-10-23 14:44:42,832 [INFO] ADCParametersView:116 -                Rank 1 : false
2023-10-23 14:44:42,832 [INFO] ADCParametersView:116 -                Rank 1 : false
2023-10-23 14:44:42,832 [INFO] ADCParametersView:116 -                Rank 1 : false
2023-10-23 14:44:42,832 [INFO] ADCParametersView:116 -                Rank 1 : false
2023-10-23 14:44:42,832 [INFO] ADCParametersView:116 -                Rank 1 : false
2023-10-23 14:44:42,832 [INFO] ADCParametersView:116 -                Rank 1 : false
2023-10-23 14:44:42,832 [INFO] ADCParametersView:116 -                Rank 1 : false
2023-10-23 14:44:42,832 [INFO] ADCParametersView:116 -                Rank 1 : false
2023-10-23 14:44:42,832 [INFO] ADCParametersView:116 -                Rank 1 : false
2023-10-23 14:44:42,833 [INFO] ADCParametersView:116 -                Rank 1 : false
2023-10-23 14:44:42,833 [INFO] ADCParametersView:116 -                Rank 1 : false
2023-10-23 14:44:42,833 [INFO] ADCParametersView:116 -                Rank 1 : false
2023-10-23 14:44:42,833 [INFO] ADCParametersView:116 -                Rank 1 : false
2023-10-23 14:44:42,883 [INFO] ADCParametersView:116 -                Rank 1 : false
2023-10-23 14:48:56,019 [INFO] UtilMem:75 - End SaveConfig() Used Memory: 849075792 Bytes (1073741824)
2023-10-23 14:48:58,089 [INFO] UtilMem:75 - End SaveConfig() Used Memory: 906696840 Bytes (1073741824)
2023-10-23 14:48:58,974 [INFO] BlockDiagram:2759 - set Specific Code input for plugin: SYS
2023-10-23 14:48:58,974 [INFO] BlockDiagram:2759 - set Specific Code input for plugin: ADC
2023-10-23 14:48:58,975 [INFO] BlockDiagram:2759 - set Specific Code input for plugin: RCC
2023-10-23 14:48:58,975 [INFO] BlockDiagram:2759 - set Specific Code input for plugin: USB_OTG_FS
2023-10-23 14:48:58,975 [INFO] BlockDiagram:2759 - set Specific Code input for plugin: NVIC
2023-10-23 14:48:58,975 [INFO] BlockDiagram:2759 - set Specific Code input for plugin: USART
2023-10-23 14:48:58,975 [INFO] BlockDiagram:2759 - set Specific Code input for plugin: DAC
2023-10-23 14:48:58,977 [INFO] BlockDiagram:2759 - set Specific Code input for plugin: GPIO
2023-10-23 14:48:58,977 [INFO] BlockDiagram:2759 - set Specific Code input for plugin: ETH
2023-10-23 14:48:58,979 [INFO] CodeGenerator:799 - code generatio: config db path: C:\ST\STM32CubeIDE_1.13.1\STM32CubeIDE\plugins\com.st.stm32cube.common.mx_6.9.1.202307191849\\db\
2023-10-23 14:48:59,462 [INFO] CodeEngine:255 - oldGeneratedFile, C:\Users\yarde\Desktop\Homework7- DAC_ADC\MXTmpFiles\license.tmp_save
2023-10-23 14:49:00,401 [INFO] CodeEngine:279 - Generated code: C:\Users\yarde\Desktop\Homework7- DAC_ADC\MXTmpFiles\license.tmp
2023-10-23 14:49:00,624 [INFO] CodeEngine:255 - oldGeneratedFile, C:\Users\yarde\Desktop\Homework7- DAC_ADC\MXTmpFiles\gpio.tmp_save
2023-10-23 14:49:00,869 [INFO] CodeEngine:279 - Generated code: C:\Users\yarde\Desktop\Homework7- DAC_ADC\MXTmpFiles\gpio.tmp
2023-10-23 14:49:02,147 [WARN] IPConfigManager:2937 - Warning: the RefConfig PWREx_EnableUSBVoltageDetector is not available in your config.xml file
2023-10-23 14:49:02,178 [INFO] CodeEngine:255 - oldGeneratedFile, C:\Users\yarde\Desktop\Homework7- DAC_ADC\MXTmpFiles\cortex.tmp_save
2023-10-23 14:49:02,302 [INFO] CodeEngine:279 - Generated code: C:\Users\yarde\Desktop\Homework7- DAC_ADC\MXTmpFiles\cortex.tmp
2023-10-23 14:49:02,357 [INFO] CodeEngine:255 - oldGeneratedFile, C:\Users\yarde\Desktop\Homework7- DAC_ADC\Core\Src\stm32f7xx_it.c_save
2023-10-23 14:49:02,543 [INFO] CodeEngine:279 - Generated code: C:\Users\yarde\Desktop\Homework7- DAC_ADC\Core\Src\stm32f7xx_it.c
2023-10-23 14:49:02,561 [INFO] CodeEngine:255 - oldGeneratedFile, C:\Users\yarde\Desktop\Homework7- DAC_ADC\Core\Inc\stm32f7xx_it.h_save
2023-10-23 14:49:02,725 [INFO] CodeEngine:279 - Generated code: C:\Users\yarde\Desktop\Homework7- DAC_ADC\Core\Inc\stm32f7xx_it.h
2023-10-23 14:49:02,778 [INFO] CodeEngine:255 - oldGeneratedFile, C:\Users\yarde\Desktop\Homework7- DAC_ADC\Core\Src\stm32f7xx_hal_msp.c_save
2023-10-23 14:49:03,026 [INFO] CodeEngine:279 - Generated code: C:\Users\yarde\Desktop\Homework7- DAC_ADC\Core\Src\stm32f7xx_hal_msp.c
2023-10-23 14:49:03,055 [INFO] CodeEngine:255 - oldGeneratedFile, C:\Users\yarde\Desktop\Homework7- DAC_ADC\MXTmpFiles\system.tmp_save
2023-10-23 14:49:03,167 [INFO] CodeEngine:279 - Generated code: C:\Users\yarde\Desktop\Homework7- DAC_ADC\MXTmpFiles\system.tmp
2023-10-23 14:49:03,225 [INFO] CodeEngine:311 - oldGeneratedFile, C:\Users\yarde\Desktop\Homework7- DAC_ADC\Core\Inc\stm32f7xx_hal_conf.h_save
2023-10-23 14:49:03,503 [INFO] CodeEngine:335 - Generated code: C:\Users\yarde\Desktop\Homework7- DAC_ADC\Core\Inc\stm32f7xx_hal_conf.h
2023-10-23 14:49:03,571 [WARN] IPConfigManager:3431 - IP not found : USB_OTG
2023-10-23 14:49:03,573 [WARN] CodeGenerator:3760 - IP not found : null
2023-10-23 14:49:03,628 [INFO] CodeEngine:255 - oldGeneratedFile, C:\Users\yarde\Desktop\Homework7- DAC_ADC\Core\Inc\main.h_save
2023-10-23 14:49:03,834 [INFO] CodeEngine:279 - Generated code: C:\Users\yarde\Desktop\Homework7- DAC_ADC\Core\Inc\main.h
2023-10-23 14:49:03,915 [INFO] CodeEngine:255 - oldGeneratedFile, C:\Users\yarde\Desktop\Homework7- DAC_ADC\Core\Src\main.c_save
2023-10-23 14:49:04,415 [INFO] CodeEngine:279 - Generated code: C:\Users\yarde\Desktop\Homework7- DAC_ADC\Core\Src\main.c
2023-10-23 14:49:05,717 [INFO] ProjectBuilder:3064 - Time for Copy HAL[1] : 494mS.
2023-10-23 14:49:05,730 [INFO] ProjectBuilder:4404 - Project Generator version: 4.1.0
2023-10-23 14:49:06,177 [INFO] ConfigFileManager:1457 - The Die is : DIE449
2023-10-23 14:49:06,198 [INFO] ApiDbMcu:507 - Load IP Config File for FATFS
2023-10-23 14:49:06,211 [INFO] ApiDbMcu:507 - Load IP Config File for FREERTOS
2023-10-23 14:49:06,220 [INFO] ApiDbMcu:507 - Load IP Config File for LIBJPEG
2023-10-23 14:49:06,237 [INFO] ApiDbMcu:507 - Load IP Config File for LWIP
2023-10-23 14:49:06,269 [INFO] ApiDbMcu:507 - Load IP Config File for MBEDTLS
2023-10-23 14:49:06,320 [INFO] ApiDbMcu:507 - Load IP Config File for USB_DEVICE
2023-10-23 14:49:06,346 [INFO] ApiDbMcu:507 - Load IP Config File for USB_HOST
