13:17:43 **** Build of configuration Debug for project DAC_TO_ADC ****
make -j8 all 
arm-none-eabi-gcc -mcpu=cortex-m7 -g3 -DDEBUG -c -I../ -x assembler-with-cpp -MMD -MP -MF"Startup/startup_stm32f746zgtx.d" -MT"Startup/startup_stm32f746zgtx.o" --specs=nano.specs -mfpu=fpv5-sp-d16 -mfloat-abi=hard -mthumb -o "Startup/startup_stm32f746zgtx.o" "../Startup/startup_stm32f746zgtx.s"
arm-none-eabi-gcc "../Src/main.c" -mcpu=cortex-m7 -std=gnu11 -g3 -DUSE_HAL_DRIVER -DSTM32F746xx -DDEBUG -c -I../Inc -I../Drivers/CMSIS/Include -I../Drivers/CMSIS/Device/ST/STM32F7xx/Include -I../Drivers/STM32F7xx_HAL_Driver/Inc -I../Drivers/STM32F7xx_HAL_Driver/Inc/Legacy -O0 -ffunction-sections -fdata-sections -Wall -fstack-usage -fcyclomatic-complexity -MMD -MP -MF"Src/main.d" -MT"Src/main.o" --specs=nano.specs -mfpu=fpv5-sp-d16 -mfloat-abi=hard -mthumb -o "Src/main.o"
arm-none-eabi-gcc "../Src/stm32f7xx_hal_msp.c" -mcpu=cortex-m7 -std=gnu11 -g3 -DUSE_HAL_DRIVER -DSTM32F746xx -DDEBUG -c -I../Inc -I../Drivers/CMSIS/Include -I../Drivers/CMSIS/Device/ST/STM32F7xx/Include -I../Drivers/STM32F7xx_HAL_Driver/Inc -I../Drivers/STM32F7xx_HAL_Driver/Inc/Legacy -O0 -ffunction-sections -fdata-sections -Wall -fstack-usage -fcyclomatic-complexity -MMD -MP -MF"Src/stm32f7xx_hal_msp.d" -MT"Src/stm32f7xx_hal_msp.o" --specs=nano.specs -mfpu=fpv5-sp-d16 -mfloat-abi=hard -mthumb -o "Src/stm32f7xx_hal_msp.o"
arm-none-eabi-gcc "../Src/stm32f7xx_it.c" -mcpu=cortex-m7 -std=gnu11 -g3 -DUSE_HAL_DRIVER -DSTM32F746xx -DDEBUG -c -I../Inc -I../Drivers/CMSIS/Include -I../Drivers/CMSIS/Device/ST/STM32F7xx/Include -I../Drivers/STM32F7xx_HAL_Driver/Inc -I../Drivers/STM32F7xx_HAL_Driver/Inc/Legacy -O0 -ffunction-sections -fdata-sections -Wall -fstack-usage -fcyclomatic-complexity -MMD -MP -MF"Src/stm32f7xx_it.d" -MT"Src/stm32f7xx_it.o" --specs=nano.specs -mfpu=fpv5-sp-d16 -mfloat-abi=hard -mthumb -o "Src/stm32f7xx_it.o"
arm-none-eabi-gcc "../Src/syscalls.c" -mcpu=cortex-m7 -std=gnu11 -g3 -DUSE_HAL_DRIVER -DSTM32F746xx -DDEBUG -c -I../Inc -I../Drivers/CMSIS/Include -I../Drivers/CMSIS/Device/ST/STM32F7xx/Include -I../Drivers/STM32F7xx_HAL_Driver/Inc -I../Drivers/STM32F7xx_HAL_Driver/Inc/Legacy -O0 -ffunction-sections -fdata-sections -Wall -fstack-usage -fcyclomatic-complexity -MMD -MP -MF"Src/syscalls.d" -MT"Src/syscalls.o" --specs=nano.specs -mfpu=fpv5-sp-d16 -mfloat-abi=hard -mthumb -o "Src/syscalls.o"
arm-none-eabi-gcc "../Src/sysmem.c" -mcpu=cortex-m7 -std=gnu11 -g3 -DUSE_HAL_DRIVER -DSTM32F746xx -DDEBUG -c -I../Inc -I../Drivers/CMSIS/Include -I../Drivers/CMSIS/Device/ST/STM32F7xx/Include -I../Drivers/STM32F7xx_HAL_Driver/Inc -I../Drivers/STM32F7xx_HAL_Driver/Inc/Legacy -O0 -ffunction-sections -fdata-sections -Wall -fstack-usage -fcyclomatic-complexity -MMD -MP -MF"Src/sysmem.d" -MT"Src/sysmem.o" --specs=nano.specs -mfpu=fpv5-sp-d16 -mfloat-abi=hard -mthumb -o "Src/sysmem.o"
arm-none-eabi-gcc "../Src/system_stm32f7xx.c" -mcpu=cortex-m7 -std=gnu11 -g3 -DUSE_HAL_DRIVER -DSTM32F746xx -DDEBUG -c -I../Inc -I../Drivers/CMSIS/Include -I../Drivers/CMSIS/Device/ST/STM32F7xx/Include -I../Drivers/STM32F7xx_HAL_Driver/Inc -I../Drivers/STM32F7xx_HAL_Driver/Inc/Legacy -O0 -ffunction-sections -fdata-sections -Wall -fstack-usage -fcyclomatic-complexity -MMD -MP -MF"Src/system_stm32f7xx.d" -MT"Src/system_stm32f7xx.o" --specs=nano.specs -mfpu=fpv5-sp-d16 -mfloat-abi=hard -mthumb -o "Src/system_stm32f7xx.o"
arm-none-eabi-gcc "../Drivers/STM32F7xx_HAL_Driver/Src/stm32f7xx_hal.c" -mcpu=cortex-m7 -std=gnu11 -g3 -DUSE_HAL_DRIVER -DSTM32F746xx -DDEBUG -c -I../Inc -I../Drivers/CMSIS/Include -I../Drivers/CMSIS/Device/ST/STM32F7xx/Include -I../Drivers/STM32F7xx_HAL_Driver/Inc -I../Drivers/STM32F7xx_HAL_Driver/Inc/Legacy -O0 -ffunction-sections -fdata-sections -Wall -fstack-usage -fcyclomatic-complexity -MMD -MP -MF"Drivers/STM32F7xx_HAL_Driver/Src/stm32f7xx_hal.d" -MT"Drivers/STM32F7xx_HAL_Driver/Src/stm32f7xx_hal.o" --specs=nano.specs -mfpu=fpv5-sp-d16 -mfloat-abi=hard -mthumb -o "Drivers/STM32F7xx_HAL_Driver/Src/stm32f7xx_hal.o"
../Src/sysmem.c:63:1: error: unknown type name 'caddr_t'
   63 | caddr_t _sbrk(int incr)
      | ^~~~~~~
../Src/sysmem.c: In function '_sbrk':
../Src/sysmem.c:76:25: error: 'caddr_t' undeclared (first use in this function)
   76 |                 return (caddr_t) -1;
      |                         ^~~~~~~
../Src/sysmem.c:76:25: note: each undeclared identifier is reported only once for each function it appears in
../Src/sysmem.c:81:25: error: expected ';' before 'prev_heap_end'
   81 |         return (caddr_t) prev_heap_end;
      |                         ^~~~~~~~~~~~~~
      |                         ;
../Src/sysmem.c:67:15: warning: variable 'prev_heap_end' set but not used [-Wunused-but-set-variable]
   67 |         char *prev_heap_end;
      |               ^~~~~~~~~~~~~
../Src/sysmem.c:82:1: warning: control reaches end of non-void function [-Wreturn-type]
   82 | }
      | ^
make: *** [Src/subdir.mk:34: Src/sysmem.o] Error 1
make: *** Waiting for unfinished jobs....
"make -j8 all" terminated with exit code 2. Build might be incomplete.

13:17:46 Build Failed. 5 errors, 2 warnings. (took 2s.593ms)

