02:09:33 **** Incremental Build of configuration Debug for project FinalProject ****
make -j8 all 
arm-none-eabi-gcc "../UUT/timer_testing/Src/timer_testing.c" -mcpu=cortex-m7 -std=gnu11 -g3 -DDEBUG -DUSE_HAL_DRIVER -DSTM32F746xx -c -I../Core/Inc -I"C:/Users/yarde/STM32CubeIDE/workspace_1.13.1/FinalProject/UUT/timer_testing/Inc" -I"C:/Users/yarde/STM32CubeIDE/workspace_1.13.1/FinalProject/UUT/server/Inc" -I"C:/Users/yarde/STM32CubeIDE/workspace_1.13.1/FinalProject/UUT/Testing_Program/Inc" -I../Drivers/STM32F7xx_HAL_Driver/Inc -I../Drivers/STM32F7xx_HAL_Driver/Inc/Legacy -I../Drivers/CMSIS/Device/ST/STM32F7xx/Include -I../Drivers/CMSIS/Include -I../LWIP/App -I../LWIP/Target -I../Middlewares/Third_Party/LwIP/src/include -I../Middlewares/Third_Party/LwIP/system -I../Drivers/BSP/Components/lan8742 -I../Middlewares/Third_Party/LwIP/src/include/netif/ppp -I../Middlewares/Third_Party/LwIP/src/include/lwip -I../Middlewares/Third_Party/LwIP/src/include/lwip/apps -I../Middlewares/Third_Party/LwIP/src/include/lwip/priv -I../Middlewares/Third_Party/LwIP/src/include/lwip/prot -I../Middlewares/Third_Party/LwIP/src/include/netif -I../Middlewares/Third_Party/LwIP/src/include/compat/posix -I../Middlewares/Third_Party/LwIP/src/include/compat/posix/arpa -I../Middlewares/Third_Party/LwIP/src/include/compat/posix/net -I../Middlewares/Third_Party/LwIP/src/include/compat/posix/sys -I../Middlewares/Third_Party/LwIP/src/include/compat/stdc -I../Middlewares/Third_Party/LwIP/system/arch -O0 -ffunction-sections -fdata-sections -Wall -fstack-usage -fcyclomatic-complexity -MMD -MP -MF"UUT/timer_testing/Src/timer_testing.d" -MT"UUT/timer_testing/Src/timer_testing.o" --specs=nano.specs -mfpu=fpv5-sp-d16 -mfloat-abi=hard -mthumb -o "UUT/timer_testing/Src/timer_testing.o"
arm-none-eabi-gcc "../UUT/server/Src/Server.c" -mcpu=cortex-m7 -std=gnu11 -g3 -DDEBUG -DUSE_HAL_DRIVER -DSTM32F746xx -c -I../Core/Inc -I"C:/Users/yarde/STM32CubeIDE/workspace_1.13.1/FinalProject/UUT/timer_testing/Inc" -I"C:/Users/yarde/STM32CubeIDE/workspace_1.13.1/FinalProject/UUT/server/Inc" -I"C:/Users/yarde/STM32CubeIDE/workspace_1.13.1/FinalProject/UUT/Testing_Program/Inc" -I../Drivers/STM32F7xx_HAL_Driver/Inc -I../Drivers/STM32F7xx_HAL_Driver/Inc/Legacy -I../Drivers/CMSIS/Device/ST/STM32F7xx/Include -I../Drivers/CMSIS/Include -I../LWIP/App -I../LWIP/Target -I../Middlewares/Third_Party/LwIP/src/include -I../Middlewares/Third_Party/LwIP/system -I../Drivers/BSP/Components/lan8742 -I../Middlewares/Third_Party/LwIP/src/include/netif/ppp -I../Middlewares/Third_Party/LwIP/src/include/lwip -I../Middlewares/Third_Party/LwIP/src/include/lwip/apps -I../Middlewares/Third_Party/LwIP/src/include/lwip/priv -I../Middlewares/Third_Party/LwIP/src/include/lwip/prot -I../Middlewares/Third_Party/LwIP/src/include/netif -I../Middlewares/Third_Party/LwIP/src/include/compat/posix -I../Middlewares/Third_Party/LwIP/src/include/compat/posix/arpa -I../Middlewares/Third_Party/LwIP/src/include/compat/posix/net -I../Middlewares/Third_Party/LwIP/src/include/compat/posix/sys -I../Middlewares/Third_Party/LwIP/src/include/compat/stdc -I../Middlewares/Third_Party/LwIP/system/arch -O0 -ffunction-sections -fdata-sections -Wall -fstack-usage -fcyclomatic-complexity -MMD -MP -MF"UUT/server/Src/Server.d" -MT"UUT/server/Src/Server.o" --specs=nano.specs -mfpu=fpv5-sp-d16 -mfloat-abi=hard -mthumb -o "UUT/server/Src/Server.o"
arm-none-eabi-gcc "../UUT/Testing_Program/Src/Parsing.c" -mcpu=cortex-m7 -std=gnu11 -g3 -DDEBUG -DUSE_HAL_DRIVER -DSTM32F746xx -c -I../Core/Inc -I"C:/Users/yarde/STM32CubeIDE/workspace_1.13.1/FinalProject/UUT/timer_testing/Inc" -I"C:/Users/yarde/STM32CubeIDE/workspace_1.13.1/FinalProject/UUT/server/Inc" -I"C:/Users/yarde/STM32CubeIDE/workspace_1.13.1/FinalProject/UUT/Testing_Program/Inc" -I../Drivers/STM32F7xx_HAL_Driver/Inc -I../Drivers/STM32F7xx_HAL_Driver/Inc/Legacy -I../Drivers/CMSIS/Device/ST/STM32F7xx/Include -I../Drivers/CMSIS/Include -I../LWIP/App -I../LWIP/Target -I../Middlewares/Third_Party/LwIP/src/include -I../Middlewares/Third_Party/LwIP/system -I../Drivers/BSP/Components/lan8742 -I../Middlewares/Third_Party/LwIP/src/include/netif/ppp -I../Middlewares/Third_Party/LwIP/src/include/lwip -I../Middlewares/Third_Party/LwIP/src/include/lwip/apps -I../Middlewares/Third_Party/LwIP/src/include/lwip/priv -I../Middlewares/Third_Party/LwIP/src/include/lwip/prot -I../Middlewares/Third_Party/LwIP/src/include/netif -I../Middlewares/Third_Party/LwIP/src/include/compat/posix -I../Middlewares/Third_Party/LwIP/src/include/compat/posix/arpa -I../Middlewares/Third_Party/LwIP/src/include/compat/posix/net -I../Middlewares/Third_Party/LwIP/src/include/compat/posix/sys -I../Middlewares/Third_Party/LwIP/src/include/compat/stdc -I../Middlewares/Third_Party/LwIP/system/arch -O0 -ffunction-sections -fdata-sections -Wall -fstack-usage -fcyclomatic-complexity -MMD -MP -MF"UUT/Testing_Program/Src/Parsing.d" -MT"UUT/Testing_Program/Src/Parsing.o" --specs=nano.specs -mfpu=fpv5-sp-d16 -mfloat-abi=hard -mthumb -o "UUT/Testing_Program/Src/Parsing.o"
arm-none-eabi-gcc "../UUT/Testing_Program/Src/Testing_Program.c" -mcpu=cortex-m7 -std=gnu11 -g3 -DDEBUG -DUSE_HAL_DRIVER -DSTM32F746xx -c -I../Core/Inc -I"C:/Users/yarde/STM32CubeIDE/workspace_1.13.1/FinalProject/UUT/timer_testing/Inc" -I"C:/Users/yarde/STM32CubeIDE/workspace_1.13.1/FinalProject/UUT/server/Inc" -I"C:/Users/yarde/STM32CubeIDE/workspace_1.13.1/FinalProject/UUT/Testing_Program/Inc" -I../Drivers/STM32F7xx_HAL_Driver/Inc -I../Drivers/STM32F7xx_HAL_Driver/Inc/Legacy -I../Drivers/CMSIS/Device/ST/STM32F7xx/Include -I../Drivers/CMSIS/Include -I../LWIP/App -I../LWIP/Target -I../Middlewares/Third_Party/LwIP/src/include -I../Middlewares/Third_Party/LwIP/system -I../Drivers/BSP/Components/lan8742 -I../Middlewares/Third_Party/LwIP/src/include/netif/ppp -I../Middlewares/Third_Party/LwIP/src/include/lwip -I../Middlewares/Third_Party/LwIP/src/include/lwip/apps -I../Middlewares/Third_Party/LwIP/src/include/lwip/priv -I../Middlewares/Third_Party/LwIP/src/include/lwip/prot -I../Middlewares/Third_Party/LwIP/src/include/netif -I../Middlewares/Third_Party/LwIP/src/include/compat/posix -I../Middlewares/Third_Party/LwIP/src/include/compat/posix/arpa -I../Middlewares/Third_Party/LwIP/src/include/compat/posix/net -I../Middlewares/Third_Party/LwIP/src/include/compat/posix/sys -I../Middlewares/Third_Party/LwIP/src/include/compat/stdc -I../Middlewares/Third_Party/LwIP/system/arch -O0 -ffunction-sections -fdata-sections -Wall -fstack-usage -fcyclomatic-complexity -MMD -MP -MF"UUT/Testing_Program/Src/Testing_Program.d" -MT"UUT/Testing_Program/Src/Testing_Program.o" --specs=nano.specs -mfpu=fpv5-sp-d16 -mfloat-abi=hard -mthumb -o "UUT/Testing_Program/Src/Testing_Program.o"
arm-none-eabi-gcc "../Middlewares/Third_Party/LwIP/src/netif/ppp/auth.c" -mcpu=cortex-m7 -std=gnu11 -g3 -DDEBUG -DUSE_HAL_DRIVER -DSTM32F746xx -c -I../Core/Inc -I"C:/Users/yarde/STM32CubeIDE/workspace_1.13.1/FinalProject/UUT/timer_testing/Inc" -I"C:/Users/yarde/STM32CubeIDE/workspace_1.13.1/FinalProject/UUT/server/Inc" -I"C:/Users/yarde/STM32CubeIDE/workspace_1.13.1/FinalProject/UUT/Testing_Program/Inc" -I../Drivers/STM32F7xx_HAL_Driver/Inc -I../Drivers/STM32F7xx_HAL_Driver/Inc/Legacy -I../Drivers/CMSIS/Device/ST/STM32F7xx/Include -I../Drivers/CMSIS/Include -I../LWIP/App -I../LWIP/Target -I../Middlewares/Third_Party/LwIP/src/include -I../Middlewares/Third_Party/LwIP/system -I../Drivers/BSP/Components/lan8742 -I../Middlewares/Third_Party/LwIP/src/include/netif/ppp -I../Middlewares/Third_Party/LwIP/src/include/lwip -I../Middlewares/Third_Party/LwIP/src/include/lwip/apps -I../Middlewares/Third_Party/LwIP/src/include/lwip/priv -I../Middlewares/Third_Party/LwIP/src/include/lwip/prot -I../Middlewares/Third_Party/LwIP/src/include/netif -I../Middlewares/Third_Party/LwIP/src/include/compat/posix -I../Middlewares/Third_Party/LwIP/src/include/compat/posix/arpa -I../Middlewares/Third_Party/LwIP/src/include/compat/posix/net -I../Middlewares/Third_Party/LwIP/src/include/compat/posix/sys -I../Middlewares/Third_Party/LwIP/src/include/compat/stdc -I../Middlewares/Third_Party/LwIP/system/arch -O0 -ffunction-sections -fdata-sections -Wall -fstack-usage -fcyclomatic-complexity -MMD -MP -MF"Middlewares/Third_Party/LwIP/src/netif/ppp/auth.d" -MT"Middlewares/Third_Party/LwIP/src/netif/ppp/auth.o" --specs=nano.specs -mfpu=fpv5-sp-d16 -mfloat-abi=hard -mthumb -o "Middlewares/Third_Party/LwIP/src/netif/ppp/auth.o"
arm-none-eabi-gcc "../Middlewares/Third_Party/LwIP/src/netif/ppp/ccp.c" -mcpu=cortex-m7 -std=gnu11 -g3 -DDEBUG -DUSE_HAL_DRIVER -DSTM32F746xx -c -I../Core/Inc -I"C:/Users/yarde/STM32CubeIDE/workspace_1.13.1/FinalProject/UUT/timer_testing/Inc" -I"C:/Users/yarde/STM32CubeIDE/workspace_1.13.1/FinalProject/UUT/server/Inc" -I"C:/Users/yarde/STM32CubeIDE/workspace_1.13.1/FinalProject/UUT/Testing_Program/Inc" -I../Drivers/STM32F7xx_HAL_Driver/Inc -I../Drivers/STM32F7xx_HAL_Driver/Inc/Legacy -I../Drivers/CMSIS/Device/ST/STM32F7xx/Include -I../Drivers/CMSIS/Include -I../LWIP/App -I../LWIP/Target -I../Middlewares/Third_Party/LwIP/src/include -I../Middlewares/Third_Party/LwIP/system -I../Drivers/BSP/Components/lan8742 -I../Middlewares/Third_Party/LwIP/src/include/netif/ppp -I../Middlewares/Third_Party/LwIP/src/include/lwip -I../Middlewares/Third_Party/LwIP/src/include/lwip/apps -I../Middlewares/Third_Party/LwIP/src/include/lwip/priv -I../Middlewares/Third_Party/LwIP/src/include/lwip/prot -I../Middlewares/Third_Party/LwIP/src/include/netif -I../Middlewares/Third_Party/LwIP/src/include/compat/posix -I../Middlewares/Third_Party/LwIP/src/include/compat/posix/arpa -I../Middlewares/Third_Party/LwIP/src/include/compat/posix/net -I../Middlewares/Third_Party/LwIP/src/include/compat/posix/sys -I../Middlewares/Third_Party/LwIP/src/include/compat/stdc -I../Middlewares/Third_Party/LwIP/system/arch -O0 -ffunction-sections -fdata-sections -Wall -fstack-usage -fcyclomatic-complexity -MMD -MP -MF"Middlewares/Third_Party/LwIP/src/netif/ppp/ccp.d" -MT"Middlewares/Third_Party/LwIP/src/netif/ppp/ccp.o" --specs=nano.specs -mfpu=fpv5-sp-d16 -mfloat-abi=hard -mthumb -o "Middlewares/Third_Party/LwIP/src/netif/ppp/ccp.o"
arm-none-eabi-gcc "../Middlewares/Third_Party/LwIP/src/netif/ppp/chap-md5.c" -mcpu=cortex-m7 -std=gnu11 -g3 -DDEBUG -DUSE_HAL_DRIVER -DSTM32F746xx -c -I../Core/Inc -I"C:/Users/yarde/STM32CubeIDE/workspace_1.13.1/FinalProject/UUT/timer_testing/Inc" -I"C:/Users/yarde/STM32CubeIDE/workspace_1.13.1/FinalProject/UUT/server/Inc" -I"C:/Users/yarde/STM32CubeIDE/workspace_1.13.1/FinalProject/UUT/Testing_Program/Inc" -I../Drivers/STM32F7xx_HAL_Driver/Inc -I../Drivers/STM32F7xx_HAL_Driver/Inc/Legacy -I../Drivers/CMSIS/Device/ST/STM32F7xx/Include -I../Drivers/CMSIS/Include -I../LWIP/App -I../LWIP/Target -I../Middlewares/Third_Party/LwIP/src/include -I../Middlewares/Third_Party/LwIP/system -I../Drivers/BSP/Components/lan8742 -I../Middlewares/Third_Party/LwIP/src/include/netif/ppp -I../Middlewares/Third_Party/LwIP/src/include/lwip -I../Middlewares/Third_Party/LwIP/src/include/lwip/apps -I../Middlewares/Third_Party/LwIP/src/include/lwip/priv -I../Middlewares/Third_Party/LwIP/src/include/lwip/prot -I../Middlewares/Third_Party/LwIP/src/include/netif -I../Middlewares/Third_Party/LwIP/src/include/compat/posix -I../Middlewares/Third_Party/LwIP/src/include/compat/posix/arpa -I../Middlewares/Third_Party/LwIP/src/include/compat/posix/net -I../Middlewares/Third_Party/LwIP/src/include/compat/posix/sys -I../Middlewares/Third_Party/LwIP/src/include/compat/stdc -I../Middlewares/Third_Party/LwIP/system/arch -O0 -ffunction-sections -fdata-sections -Wall -fstack-usage -fcyclomatic-complexity -MMD -MP -MF"Middlewares/Third_Party/LwIP/src/netif/ppp/chap-md5.d" -MT"Middlewares/Third_Party/LwIP/src/netif/ppp/chap-md5.o" --specs=nano.specs -mfpu=fpv5-sp-d16 -mfloat-abi=hard -mthumb -o "Middlewares/Third_Party/LwIP/src/netif/ppp/chap-md5.o"
arm-none-eabi-gcc "../Middlewares/Third_Party/LwIP/src/netif/ppp/chap-new.c" -mcpu=cortex-m7 -std=gnu11 -g3 -DDEBUG -DUSE_HAL_DRIVER -DSTM32F746xx -c -I../Core/Inc -I"C:/Users/yarde/STM32CubeIDE/workspace_1.13.1/FinalProject/UUT/timer_testing/Inc" -I"C:/Users/yarde/STM32CubeIDE/workspace_1.13.1/FinalProject/UUT/server/Inc" -I"C:/Users/yarde/STM32CubeIDE/workspace_1.13.1/FinalProject/UUT/Testing_Program/Inc" -I../Drivers/STM32F7xx_HAL_Driver/Inc -I../Drivers/STM32F7xx_HAL_Driver/Inc/Legacy -I../Drivers/CMSIS/Device/ST/STM32F7xx/Include -I../Drivers/CMSIS/Include -I../LWIP/App -I../LWIP/Target -I../Middlewares/Third_Party/LwIP/src/include -I../Middlewares/Third_Party/LwIP/system -I../Drivers/BSP/Components/lan8742 -I../Middlewares/Third_Party/LwIP/src/include/netif/ppp -I../Middlewares/Third_Party/LwIP/src/include/lwip -I../Middlewares/Third_Party/LwIP/src/include/lwip/apps -I../Middlewares/Third_Party/LwIP/src/include/lwip/priv -I../Middlewares/Third_Party/LwIP/src/include/lwip/prot -I../Middlewares/Third_Party/LwIP/src/include/netif -I../Middlewares/Third_Party/LwIP/src/include/compat/posix -I../Middlewares/Third_Party/LwIP/src/include/compat/posix/arpa -I../Middlewares/Third_Party/LwIP/src/include/compat/posix/net -I../Middlewares/Third_Party/LwIP/src/include/compat/posix/sys -I../Middlewares/Third_Party/LwIP/src/include/compat/stdc -I../Middlewares/Third_Party/LwIP/system/arch -O0 -ffunction-sections -fdata-sections -Wall -fstack-usage -fcyclomatic-complexity -MMD -MP -MF"Middlewares/Third_Party/LwIP/src/netif/ppp/chap-new.d" -MT"Middlewares/Third_Party/LwIP/src/netif/ppp/chap-new.o" --specs=nano.specs -mfpu=fpv5-sp-d16 -mfloat-abi=hard -mthumb -o "Middlewares/Third_Party/LwIP/src/netif/ppp/chap-new.o"
../UUT/timer_testing/Src/timer_testing.c:10:8: error: unknown type name 'RTC_HandleTypeDef'
   10 | extern RTC_HandleTypeDef hrtc;
      |        ^~~~~~~~~~~~~~~~~
../UUT/timer_testing/Src/timer_testing.c:11:8: error: unknown type name 'TIM_HandleTypeDef'
   11 | extern TIM_HandleTypeDef htim6;
      |        ^~~~~~~~~~~~~~~~~
../UUT/timer_testing/Src/timer_testing.c:12:8: error: unknown type name 'UART_HandleTypeDef'
   12 | extern UART_HandleTypeDef huart3;
      |        ^~~~~~~~~~~~~~~~~~
../UUT/Testing_Program/Src/Parsing.c: In function 'Parsing':
../UUT/Testing_Program/Src/Parsing.c:8:16: warning: passing argument 1 of 'memcpy' discards 'const' qualifier from pointer target type [-Wdiscarded-qualifiers]
    8 |         memcpy((const uint8_t*)client_to_server_packet->TestID,(const uint8_t*)incoming_buf,(size_t)4);
      |                ^~~~~~~~~~~~~~~~~~~~~~~~~~~~~~~~~~~~~~~~~~~~~~~
In file included from ../UUT/Testing_Program/Src/Parsing.c:3:
C:\ST\STM32CubeIDE_1.13.1\STM32CubeIDE\plugins\com.st.stm32cube.ide.mcu.externaltools.gnu-tools-for-stm32.11.3.rel1.win32_1.1.100.202309141235\tools\bin/../lib/gcc/arm-none-eabi/11.3.1/../../../../arm-none-eabi/include/string.h:31:18: note: expected 'void * restrict' but argument is of type 'const uint8_t *' {aka 'const unsigned char *'}
   31 | void *   memcpy (void *__restrict, const void *__restrict, size_t);
      |                  ^
../UUT/Testing_Program/Src/Parsing.c:9:16: warning: passing argument 1 of 'memcpy' discards 'const' qualifier from pointer target type [-Wdiscarded-qualifiers]
    9 |         memcpy((const uint8_t*)&(client_to_server_packet->Peripheral),(const uint8_t*)(incoming_buf+4),(size_t)1);// check if its write to pass Peripheral like this
      |                ^~~~~~~~~~~~~~~~~~~~~~~~~~~~~~~~~~~~~~~~~~~~~~~~~~~~~~
In file included from ../UUT/Testing_Program/Src/Parsing.c:3:
C:\ST\STM32CubeIDE_1.13.1\STM32CubeIDE\plugins\com.st.stm32cube.ide.mcu.externaltools.gnu-tools-for-stm32.11.3.rel1.win32_1.1.100.202309141235\tools\bin/../lib/gcc/arm-none-eabi/11.3.1/../../../../arm-none-eabi/include/string.h:31:18: note: expected 'void * restrict' but argument is of type 'const uint8_t *' {aka 'const unsigned char *'}
   31 | void *   memcpy (void *__restrict, const void *__restrict, size_t);
      |                  ^
../UUT/Testing_Program/Src/Parsing.c:10:16: warning: passing argument 1 of 'memcpy' discards 'const' qualifier from pointer target type [-Wdiscarded-qualifiers]
   10 |         memcpy((const uint8_t*)&(client_to_server_packet->iter_num),(const uint8_t*)(incoming_buf+5),(size_t)1);
      |                ^~~~~~~~~~~~~~~~~~~~~~~~~~~~~~~~~~~~~~~~~~~~~~~~~~~~
In file included from ../UUT/Testing_Program/Src/Parsing.c:3:
C:\ST\STM32CubeIDE_1.13.1\STM32CubeIDE\plugins\com.st.stm32cube.ide.mcu.externaltools.gnu-tools-for-stm32.11.3.rel1.win32_1.1.100.202309141235\tools\bin/../lib/gcc/arm-none-eabi/11.3.1/../../../../arm-none-eabi/include/string.h:31:18: note: expected 'void * restrict' but argument is of type 'const uint8_t *' {aka 'const unsigned char *'}
   31 | void *   memcpy (void *__restrict, const void *__restrict, size_t);
      |                  ^
../UUT/Testing_Program/Src/Parsing.c:11:16: warning: passing argument 1 of 'memcpy' discards 'const' qualifier from pointer target type [-Wdiscarded-qualifiers]
   11 |         memcpy((const uint8_t*)&(client_to_server_packet->pattern_len),(const uint8_t*)(incoming_buf+6),(size_t)1);
      |                ^~~~~~~~~~~~~~~~~~~~~~~~~~~~~~~~~~~~~~~~~~~~~~~~~~~~~~~
In file included from ../UUT/Testing_Program/Src/Parsing.c:3:
C:\ST\STM32CubeIDE_1.13.1\STM32CubeIDE\plugins\com.st.stm32cube.ide.mcu.externaltools.gnu-tools-for-stm32.11.3.rel1.win32_1.1.100.202309141235\tools\bin/../lib/gcc/arm-none-eabi/11.3.1/../../../../arm-none-eabi/include/string.h:31:18: note: expected 'void * restrict' but argument is of type 'const uint8_t *' {aka 'const unsigned char *'}
   31 | void *   memcpy (void *__restrict, const void *__restrict, size_t);
      |                  ^
../UUT/timer_testing/Src/timer_testing.c: In function 'timer_testing':
../UUT/timer_testing/Src/timer_testing.c:21:9: error: unknown type name 'RTC_TimeTypeDef'; did you mean 'ETH_TimeTypeDef'?
   21 |         RTC_TimeTypeDef Time;
      |         ^~~~~~~~~~~~~~~
      |         ETH_TimeTypeDef
../UUT/timer_testing/Src/timer_testing.c:27:14: error: request for member 'Instance' in something not a structure or union
   27 |         htim6.Instance->ARR = (interval_sec*72*10^6/(htim6.Init.Prescaler+1))-1; // SET TIMER ACCORDING TO USER SECONDS INPUT INTERVAL
      |              ^
../UUT/Testing_Program/Src/Parsing.c:12:16: warning: passing argument 1 of 'memcpy' discards 'const' qualifier from pointer target type [-Wdiscarded-qualifiers]
   12 |         memcpy((const uint8_t*)client_to_server_packet->str,(const uint8_t*)(incoming_buf+7),(size_t)MAX_MSG_SIZE); //check again
      |                ^~~~~~~~~~~~~~~~~~~~~~~~~~~~~~~~~~~~~~~~~~~~
In file included from ../UUT/Testing_Program/Src/Parsing.c:3:
C:\ST\STM32CubeIDE_1.13.1\STM32CubeIDE\plugins\com.st.stm32cube.ide.mcu.externaltools.gnu-tools-for-stm32.11.3.rel1.win32_1.1.100.202309141235\tools\bin/../lib/gcc/arm-none-eabi/11.3.1/../../../../arm-none-eabi/include/string.h:31:18: note: expected 'void * restrict' but argument is of type 'const uint8_t *' {aka 'const unsigned char *'}
   31 | void *   memcpy (void *__restrict, const void *__restrict, size_t);
      |                  ^
../UUT/timer_testing/Src/timer_testing.c:27:59: error: request for member 'Init' in something not a structure or union
   27 |         htim6.Instance->ARR = (interval_sec*72*10^6/(htim6.Init.Prescaler+1))-1; // SET TIMER ACCORDING TO USER SECONDS INPUT INTERVAL
      |                                                           ^
../UUT/timer_testing/Src/timer_testing.c:29:9: warning: implicit declaration of function 'HAL_RTC_GetTime'; did you mean 'HAL_I2C_GetMode'? [-Wimplicit-function-declaration]
   29 |         HAL_RTC_GetTime(RT, &Time, RTC_FORMAT_BIN);
      |         ^~~~~~~~~~~~~~~
      |         HAL_I2C_GetMode
../UUT/timer_testing/Src/timer_testing.c:29:36: error: 'RTC_FORMAT_BIN' undeclared (first use in this function); did you mean 'FORMAT_BIN'?
   29 |         HAL_RTC_GetTime(RT, &Time, RTC_FORMAT_BIN);
      |                                    ^~~~~~~~~~~~~~
      |                                    FORMAT_BIN
../UUT/timer_testing/Src/timer_testing.c:29:36: note: each undeclared identifier is reported only once for each function it appears in
../UUT/timer_testing/Src/timer_testing.c:34:67: error: request for member 'Hours' in something not a structure or union
   34 |         printf("first sample current Time: %02d:%02d:%02d\n", Time.Hours, Time.Minutes, Time.Seconds);
      |                                                                   ^
../UUT/timer_testing/Src/timer_testing.c:34:79: error: request for member 'Minutes' in something not a structure or union
   34 |         printf("first sample current Time: %02d:%02d:%02d\n", Time.Hours, Time.Minutes, Time.Seconds);
      |                                                                               ^
../UUT/timer_testing/Src/timer_testing.c:34:93: error: request for member 'Seconds' in something not a structure or union
   34 |         printf("first sample current Time: %02d:%02d:%02d\n", Time.Hours, Time.Minutes, Time.Seconds);
      |                                                                                             ^
../UUT/timer_testing/Src/timer_testing.c:35:40: error: request for member 'Hours' in something not a structure or union
   35 |         uint32_t first_sample_time=Time.Hours*3600+Time.Minutes*60+Time.Seconds;
      |                                        ^
../UUT/timer_testing/Src/timer_testing.c:35:56: error: request for member 'Minutes' in something not a structure or union
   35 |         uint32_t first_sample_time=Time.Hours*3600+Time.Minutes*60+Time.Seconds;
      |                                                        ^
../UUT/timer_testing/Src/timer_testing.c:35:72: error: request for member 'Seconds' in something not a structure or union
   35 |         uint32_t first_sample_time=Time.Hours*3600+Time.Minutes*60+Time.Seconds;
      |                                                                        ^
../UUT/server/Src/Server.c: In function 'udp_receive_callback':
../UUT/server/Src/Server.c:34:9: warning: implicit declaration of function 'memcpy' [-Wimplicit-function-declaration]
   34 |         memcpy(incoming_buffer, p->payload, p->len);
      |         ^~~~~~
../UUT/server/Src/Server.c:5:1: note: include '<string.h>' or provide a declaration of 'memcpy'
    4 | #include "Server.h"
  +++ |+#include <string.h>
    5 | #include "udp.h"
../UUT/server/Src/Server.c:34:9: warning: incompatible implicit declaration of built-in function 'memcpy' [-Wbuiltin-declaration-mismatch]
   34 |         memcpy(incoming_buffer, p->payload, p->len);
      |         ^~~~~~
../UUT/server/Src/Server.c:34:9: note: include '<string.h>' or provide a declaration of 'memcpy'
../UUT/server/Src/Server.c: In function 'send_packet':
../UUT/server/Src/Server.c:54:5: warning: incompatible implicit declaration of built-in function 'memcpy' [-Wbuiltin-declaration-mismatch]
   54 |     memcpy(p->payload, payload, payload_len);
      |     ^~~~~~
../UUT/server/Src/Server.c:54:5: note: include '<string.h>' or provide a declaration of 'memcpy'
../UUT/Testing_Program/Src/Testing_Program.c: In function 'Testing_Program':
../UUT/Testing_Program/Src/Testing_Program.c:58:25: warning: implicit declaration of function 'Parsing' [-Wimplicit-function-declaration]
   58 |                         Parsing(&client_to_server_packet, incoming_buffer);
      |                         ^~~~~~~
../UUT/Testing_Program/Src/Testing_Program.c:142:80: warning: argument to 'sizeof' in 'memset' call is the same expression as the destination; did you mean to remove the addressof? [-Wsizeof-pointer-memaccess]
  142 |                     memset((packet_to_client*)&server_to_client_packet,0,sizeof(&server_to_client_packet));
      |                                                                                ^
../UUT/Testing_Program/Src/Testing_Program.c:143:82: warning: argument to 'sizeof' in 'memset' call is the same expression as the destination; did you mean to remove the addressof? [-Wsizeof-pointer-memaccess]
  143 |                     memset((packet_from_client*)&client_to_server_packet,0,sizeof(&client_to_server_packet));
arm-none-eabi-gcc "../Middlewares/Third_Party/LwIP/src/netif/ppp/chap_ms.c" -mcpu=cortex-m7 -std=gnu11 -g3 -DDEBUG -DUSE_HAL_DRIVER -DSTM32F746xx -c -I../Core/Inc -I"C:/Users/yarde/STM32CubeIDE/workspace_1.13.1/FinalProject/UUT/timer_testing/Inc" -I"C:/Users/yarde/STM32CubeIDE/workspace_1.13.1/FinalProject/UUT/server/Inc" -I"C:/Users/yarde/STM32CubeIDE/workspace_1.13.1/FinalProject/UUT/Testing_Program/Inc" -I../Drivers/STM32F7xx_HAL_Driver/Inc -I../Drivers/STM32F7xx_HAL_Driver/Inc/Legacy -I../Drivers/CMSIS/Device/ST/STM32F7xx/Include -I../Drivers/CMSIS/Include -I../LWIP/App -I../LWIP/Target -I../Middlewares/Third_Party/LwIP/src/include -I../Middlewares/Third_Party/LwIP/system -I../Drivers/BSP/Components/lan8742 -I../Middlewares/Third_Party/LwIP/src/include/netif/ppp -I../Middlewares/Third_Party/LwIP/src/include/lwip -I../Middlewares/Third_Party/LwIP/src/include/lwip/apps -I../Middlewares/Third_Party/LwIP/src/include/lwip/priv -I../Middlewares/Third_Party/LwIP/src/include/lwip/prot -I../Middlewares/Third_Party/LwIP/src/include/netif -I../Middlewares/Third_Party/LwIP/src/include/compat/posix -I../Middlewares/Third_Party/LwIP/src/include/compat/posix/arpa -I../Middlewares/Third_Party/LwIP/src/include/compat/posix/net -I../Middlewares/Third_Party/LwIP/src/include/compat/posix/sys -I../Middlewares/Third_Party/LwIP/src/include/compat/stdc -I../Middlewares/Third_Party/LwIP/system/arch -O0 -ffunction-sections -fdata-sections -Wall -fstack-usage -fcyclomatic-complexity -MMD -MP -MF"Middlewares/Third_Party/LwIP/src/netif/ppp/chap_ms.d" -MT"Middlewares/Third_Party/LwIP/src/netif/ppp/chap_ms.o" --specs=nano.specs -mfpu=fpv5-sp-d16 -mfloat-abi=hard -mthumb -o "Middlewares/Third_Party/LwIP/src/netif/ppp/chap_ms.o"
      |                                                                                  ^
../UUT/Testing_Program/Src/Testing_Program.c:139:27: warning: unused variable 'error' [-Wunused-variable]
  139 |                     err_t error= send_packet( upcb, (const void*) &client_to_server_packet, (u16_t) 5, (const ip_addr_t*)&dest_ipaddr, (u16_t) dest_port);
      |                           ^~~~~
arm-none-eabi-gcc "../Middlewares/Third_Party/LwIP/src/netif/ppp/demand.c" -mcpu=cortex-m7 -std=gnu11 -g3 -DDEBUG -DUSE_HAL_DRIVER -DSTM32F746xx -c -I../Core/Inc -I"C:/Users/yarde/STM32CubeIDE/workspace_1.13.1/FinalProject/UUT/timer_testing/Inc" -I"C:/Users/yarde/STM32CubeIDE/workspace_1.13.1/FinalProject/UUT/server/Inc" -I"C:/Users/yarde/STM32CubeIDE/workspace_1.13.1/FinalProject/UUT/Testing_Program/Inc" -I../Drivers/STM32F7xx_HAL_Driver/Inc -I../Drivers/STM32F7xx_HAL_Driver/Inc/Legacy -I../Drivers/CMSIS/Device/ST/STM32F7xx/Include -I../Drivers/CMSIS/Include -I../LWIP/App -I../LWIP/Target -I../Middlewares/Third_Party/LwIP/src/include -I../Middlewares/Third_Party/LwIP/system -I../Drivers/BSP/Components/lan8742 -I../Middlewares/Third_Party/LwIP/src/include/netif/ppp -I../Middlewares/Third_Party/LwIP/src/include/lwip -I../Middlewares/Third_Party/LwIP/src/include/lwip/apps -I../Middlewares/Third_Party/LwIP/src/include/lwip/priv -I../Middlewares/Third_Party/LwIP/src/include/lwip/prot -I../Middlewares/Third_Party/LwIP/src/include/netif -I../Middlewares/Third_Party/LwIP/src/include/compat/posix -I../Middlewares/Third_Party/LwIP/src/include/compat/posix/arpa -I../Middlewares/Third_Party/LwIP/src/include/compat/posix/net -I../Middlewares/Third_Party/LwIP/src/include/compat/posix/sys -I../Middlewares/Third_Party/LwIP/src/include/compat/stdc -I../Middlewares/Third_Party/LwIP/system/arch -O0 -ffunction-sections -fdata-sections -Wall -fstack-usage -fcyclomatic-complexity -MMD -MP -MF"Middlewares/Third_Party/LwIP/src/netif/ppp/demand.d" -MT"Middlewares/Third_Party/LwIP/src/netif/ppp/demand.o" --specs=nano.specs -mfpu=fpv5-sp-d16 -mfloat-abi=hard -mthumb -o "Middlewares/Third_Party/LwIP/src/netif/ppp/demand.o"
../UUT/timer_testing/Src/timer_testing.c:36:9: warning: implicit declaration of function 'HAL_TIM_Base_Start'; did you mean 'HAL_DMA_Start'? [-Wimplicit-function-declaration]
   36 |         HAL_TIM_Base_Start(TIME);
      |         ^~~~~~~~~~~~~~~~~~
      |         HAL_DMA_Start
../UUT/timer_testing/Src/timer_testing.c:40:84: error: request for member 'Hours' in something not a structure or union
   40 |                         printf("second sample current Time: %02d:%02d:%02d\n", Time.Hours, Time.Minutes, Time.Seconds);
      |                                                                                    ^
../UUT/timer_testing/Src/timer_testing.c:40:96: error: request for member 'Minutes' in something not a structure or union
   40 |                         printf("second sample current Time: %02d:%02d:%02d\n", Time.Hours, Time.Minutes, Time.Seconds);
      |                                                                                                ^
../UUT/timer_testing/Src/timer_testing.c:40:110: error: request for member 'Seconds' in something not a structure or union
   40 |                         printf("second sample current Time: %02d:%02d:%02d\n", Time.Hours, Time.Minutes, Time.Seconds);
      |                                                                                                              ^
../UUT/timer_testing/Src/timer_testing.c:42:57: error: request for member 'Hours' in something not a structure or union
   42 |                         uint32_t second_sample_time=Time.Hours*3600+Time.Minutes*60+Time.Seconds;
      |                                                         ^
../UUT/timer_testing/Src/timer_testing.c:42:73: error: request for member 'Minutes' in something not a structure or union
   42 |                         uint32_t second_sample_time=Time.Hours*3600+Time.Minutes*60+Time.Seconds;
      |                                                                         ^
../UUT/timer_testing/Src/timer_testing.c:42:89: error: request for member 'Seconds' in something not a structure or union
   42 |                         uint32_t second_sample_time=Time.Hours*3600+Time.Minutes*60+Time.Seconds;
      |                                                                                         ^
../UUT/timer_testing/Src/timer_testing.c:44:44: warning: format '%d' expects argument of type 'int', but argument 2 has type 'uint32_t' {aka 'long unsigned int'} [-Wformat=]
   44 |                         printf("interval: %d\n",delta);
      |                                           ~^    ~~~~~
      |                                            |    |
      |                                            int  uint32_t {aka long unsigned int}
      |                                           %ld
arm-none-eabi-gcc "../Middlewares/Third_Party/LwIP/src/netif/ppp/eap.c" -mcpu=cortex-m7 -std=gnu11 -g3 -DDEBUG -DUSE_HAL_DRIVER -DSTM32F746xx -c -I../Core/Inc -I"C:/Users/yarde/STM32CubeIDE/workspace_1.13.1/FinalProject/UUT/timer_testing/Inc" -I"C:/Users/yarde/STM32CubeIDE/workspace_1.13.1/FinalProject/UUT/server/Inc" -I"C:/Users/yarde/STM32CubeIDE/workspace_1.13.1/FinalProject/UUT/Testing_Program/Inc" -I../Drivers/STM32F7xx_HAL_Driver/Inc -I../Drivers/STM32F7xx_HAL_Driver/Inc/Legacy -I../Drivers/CMSIS/Device/ST/STM32F7xx/Include -I../Drivers/CMSIS/Include -I../LWIP/App -I../LWIP/Target -I../Middlewares/Third_Party/LwIP/src/include -I../Middlewares/Third_Party/LwIP/system -I../Drivers/BSP/Components/lan8742 -I../Middlewares/Third_Party/LwIP/src/include/netif/ppp -I../Middlewares/Third_Party/LwIP/src/include/lwip -I../Middlewares/Third_Party/LwIP/src/include/lwip/apps -I../Middlewares/Third_Party/LwIP/src/include/lwip/priv -I../Middlewares/Third_Party/LwIP/src/include/lwip/prot -I../Middlewares/Third_Party/LwIP/src/include/netif -I../Middlewares/Third_Party/LwIP/src/include/compat/posix -I../Middlewares/Third_Party/LwIP/src/include/compat/posix/arpa -I../Middlewares/Third_Party/LwIP/src/include/compat/posix/net -I../Middlewares/Third_Party/LwIP/src/include/compat/posix/sys -I../Middlewares/Third_Party/LwIP/src/include/compat/stdc -I../Middlewares/Third_Party/LwIP/system/arch -O0 -ffunction-sections -fdata-sections -Wall -fstack-usage -fcyclomatic-complexity -MMD -MP -MF"Middlewares/Third_Party/LwIP/src/netif/ppp/eap.d" -MT"Middlewares/Third_Party/LwIP/src/netif/ppp/eap.o" --specs=nano.specs -mfpu=fpv5-sp-d16 -mfloat-abi=hard -mthumb -o "Middlewares/Third_Party/LwIP/src/netif/ppp/eap.o"
arm-none-eabi-gcc "../Middlewares/Third_Party/LwIP/src/netif/ppp/ecp.c" -mcpu=cortex-m7 -std=gnu11 -g3 -DDEBUG -DUSE_HAL_DRIVER -DSTM32F746xx -c -I../Core/Inc -I"C:/Users/yarde/STM32CubeIDE/workspace_1.13.1/FinalProject/UUT/timer_testing/Inc" -I"C:/Users/yarde/STM32CubeIDE/workspace_1.13.1/FinalProject/UUT/server/Inc" -I"C:/Users/yarde/STM32CubeIDE/workspace_1.13.1/FinalProject/UUT/Testing_Program/Inc" -I../Drivers/STM32F7xx_HAL_Driver/Inc -I../Drivers/STM32F7xx_HAL_Driver/Inc/Legacy -I../Drivers/CMSIS/Device/ST/STM32F7xx/Include -I../Drivers/CMSIS/Include -I../LWIP/App -I../LWIP/Target -I../Middlewares/Third_Party/LwIP/src/include -I../Middlewares/Third_Party/LwIP/system -I../Drivers/BSP/Components/lan8742 -I../Middlewares/Third_Party/LwIP/src/include/netif/ppp -I../Middlewares/Third_Party/LwIP/src/include/lwip -I../Middlewares/Third_Party/LwIP/src/include/lwip/apps -I../Middlewares/Third_Party/LwIP/src/include/lwip/priv -I../Middlewares/Third_Party/LwIP/src/include/lwip/prot -I../Middlewares/Third_Party/LwIP/src/include/netif -I../Middlewares/Third_Party/LwIP/src/include/compat/posix -I../Middlewares/Third_Party/LwIP/src/include/compat/posix/arpa -I../Middlewares/Third_Party/LwIP/src/include/compat/posix/net -I../Middlewares/Third_Party/LwIP/src/include/compat/posix/sys -I../Middlewares/Third_Party/LwIP/src/include/compat/stdc -I../Middlewares/Third_Party/LwIP/system/arch -O0 -ffunction-sections -fdata-sections -Wall -fstack-usage -fcyclomatic-complexity -MMD -MP -MF"Middlewares/Third_Party/LwIP/src/netif/ppp/ecp.d" -MT"Middlewares/Third_Party/LwIP/src/netif/ppp/ecp.o" --specs=nano.specs -mfpu=fpv5-sp-d16 -mfloat-abi=hard -mthumb -o "Middlewares/Third_Party/LwIP/src/netif/ppp/ecp.o"
make: *** [UUT/timer_testing/Src/subdir.mk:19: UUT/timer_testing/Src/timer_testing.o] Error 1
make: *** Waiting for unfinished jobs....
"make -j8 all" terminated with exit code 2. Build might be incomplete.

02:09:41 Build Failed. 21 errors, 15 warnings. (took 7s.264ms)

